[Info][Sat Jan 23 00:25:06 2021]: > Broadcasted message: "Pense duas vezes antes de usar qualquer tipo de bot ou hack no seu personagem, isto não será tolerado e seu personagem será deletado. Jogue limpo.".

[Info][Sat Jan 23 00:25:06 2021]: > Broadcasted message: "Think twice before using any bot or hack on your character, it will not be tolerated and your character will be deleted. Play nice.".

[Info][Sat Jan 23 01:10:07 2021]: > Broadcasted message: "Você precisa de alguma informação sobre o jogo? Acesse agora: http://www.PokeNordic.com/blogCategories/1-tutorials".

[Info][Sat Jan 23 01:10:07 2021]: > Broadcasted message: "Do you need any information about the game? Visit now: http://www.PokeNordic.com/blogCategories/1-tutorials".

[Info][Sat Jan 23 01:55:08 2021]: > Broadcasted message: "Gostou do jogo? Então comece a divulga-lo agora mesmo! Chame seus amigos para jogar! Assim você se diverte muito mais e ajuda a manter o projeto!".

[Info][Sat Jan 23 01:55:08 2021]: > Broadcasted message: "Did you like the game? Then start to publish it right now! Call your friends to play! So you enjoy a lot more and helps keep the project!".

[Info][Sat Jan 23 02:40:09 2021]: > Broadcasted message: "Nunca coloque os dados de sua conta em qualquer site que não seja o oficial do Pokenordic (http://www.PokeNordic.com)! Cuide de sua conta!".

[Info][Sat Jan 23 02:40:09 2021]: > Broadcasted message: "Never put your account information at any site other than the official Pokenordic (http://www.PokeNordic.com)! Take care of your account!".

[Info][Sat Jan 23 03:25:10 2021]: > Broadcasted message: "Fique por dentro do que aconteceu nas últimas rodadas dos torneios do Pokenordic! Acesse: http://www.PokeNordic.com/TournamentHistories/view".

[Info][Sat Jan 23 03:25:10 2021]: > Broadcasted message: "Stay tunned of what happened in the later rounds of Pokenordic tournaments! Visit now: http://www.PokeNordic.com/TournamentHistories/view".

[Info][Sat Jan 23 04:10:11 2021]: > Broadcasted message: "Fique por dentro das novidades, dê sua opinião e participe do desenvolvimento do jogo! Acesse: http://forum.PokeNordic.com/".

[Info][Sat Jan 23 04:10:11 2021]: > Broadcasted message: "Check out the news, give your opinion and participate in the development of the game! Access: http://forum.PokeNordic.com/".

[Info][Sat Jan 23 04:55:12 2021]: > Broadcasted message: "Você quer deixar alguma mensagem, comentário ou sugestão para os desenvolvedores do Pokenordic? Acesse: http://www.PokeNordic.com/accounts/sendFeedback".

[Info][Sat Jan 23 04:55:12 2021]: > Broadcasted message: "You want to leave a message, comment or suggestion to the Pokenordic developers? Visit now: http://www.PokeNordic.com/accounts/sendFeedback".

[Info][Sat Jan 23 05:40:13 2021]: > Broadcasted message: "Jamais informe os dados da sua conta em qualquer site que não seja o PokeNordic.com, a equipe não da itens ou pokemons.".

[Info][Sat Jan 23 05:40:13 2021]: > Broadcasted message: "Never let the data of your account on any site other than PokeNordic.com, the staff not give any item or pokemon.".

[Info][Sat Jan 23 06:21:27 2021]: Planting random seeds...

[Info][Sat Jan 23 06:21:28 2021]: Planting random seeds...

[Info][Sat Jan 23 06:21:29 2021]: Planting random seeds...

[Info][Sat Jan 23 06:21:30 2021]: Planting random seeds...

[Info][Sat Jan 23 06:21:31 2021]: Planting random seeds...

[Info][Sat Jan 23 06:21:31 2021]: Planting random seeds...

[Info][Sat Jan 23 06:21:32 2021]: Planting random seeds...

[Info][Sat Jan 23 06:21:54 2021]: Planting random seeds...

[Info][Sat Jan 23 06:21:58 2021]: Planting random seeds...

[Info][Sat Jan 23 06:23:07 2021]: Planting random seeds...

[Info][Sat Jan 23 06:23:08 2021]: Planting random seeds...

[Info][Sat Jan 23 06:23:09 2021]: Planting random seeds...

[Info][Sat Jan 23 06:23:10 2021]: Planting random seeds...

[Info][Sat Jan 23 06:23:10 2021]: Planting random seeds...

[Info][Sat Jan 23 06:23:11 2021]: Planting random seeds...

[Info][Sat Jan 23 06:23:12 2021]: Planting random seeds...

[Info][Sat Jan 23 06:23:33 2021]: Planting random seeds...

[Info][Sat Jan 23 06:23:38 2021]: Planting random seeds...

[Info][Sat Jan 23 06:28:06 2021]: Planting random seeds...

[Info][Sat Jan 23 06:28:07 2021]: Planting random seeds...

[Info][Sat Jan 23 06:28:08 2021]: Planting random seeds...

[Info][Sat Jan 23 06:28:08 2021]: Planting random seeds...

[Info][Sat Jan 23 06:28:09 2021]: Planting random seeds...

[Info][Sat Jan 23 06:28:10 2021]: Planting random seeds...

[Info][Sat Jan 23 06:28:11 2021]: Planting random seeds...

[Info][Sat Jan 23 06:28:32 2021]: Planting random seeds...

[Info][Sat Jan 23 06:28:37 2021]: Planting random seeds...

[Info][Sat Jan 23 07:13:12 2021]: > Broadcasted message: "Jamais informe os dados da sua conta em qualquer site que não seja o PokeNordic.com, a equipe não da itens ou pokemons.".

[Info][Sat Jan 23 07:13:12 2021]: > Broadcasted message: "Never let the data of your account on any site other than PokeNordic.com, the staff not give any item or pokemon.".

[Info][Sat Jan 23 07:27:27 2021]: > Broadcasted message: "NEWEST Pokemon League Champion: Reeke!".

[Info][Sat Jan 23 07:58:13 2021]: > Broadcasted message: "Pense duas vezes antes de usar qualquer tipo de bot ou hack no seu personagem, isto não será tolerado e seu personagem será deletado. Jogue limpo.".

[Info][Sat Jan 23 07:58:13 2021]: > Broadcasted message: "Think twice before using any bot or hack on your character, it will not be tolerated and your character will be deleted. Play nice.".

[Info][Sat Jan 23 08:43:14 2021]: > Broadcasted message: "Você precisa de alguma informação sobre o jogo? Acesse agora: http://www.PokeNordic.com/blogCategories/1-tutorials".

[Info][Sat Jan 23 08:43:14 2021]: > Broadcasted message: "Do you need any information about the game? Visit now: http://www.PokeNordic.com/blogCategories/1-tutorials".

[Info][Sat Jan 23 09:28:15 2021]: > Broadcasted message: "Gostou do jogo? Então comece a divulga-lo agora mesmo! Chame seus amigos para jogar! Assim você se diverte muito mais e ajuda a manter o projeto!".

[Info][Sat Jan 23 09:28:15 2021]: > Broadcasted message: "Did you like the game? Then start to publish it right now! Call your friends to play! So you enjoy a lot more and helps keep the project!".

[Info][Sat Jan 23 10:13:16 2021]: > Broadcasted message: "Nunca coloque os dados de sua conta em qualquer site que não seja o oficial do Pokenordic (http://www.PokeNordic.com)! Cuide de sua conta!".

[Info][Sat Jan 23 10:13:16 2021]: > Broadcasted message: "Never put your account information at any site other than the official Pokenordic (http://www.PokeNordic.com)! Take care of your account!".

[Info][Sat Jan 23 10:58:17 2021]: > Broadcasted message: "Fique por dentro do que aconteceu nas últimas rodadas dos torneios do Pokenordic! Acesse: http://www.PokeNordic.com/TournamentHistories/view".

[Info][Sat Jan 23 10:58:17 2021]: > Broadcasted message: "Stay tunned of what happened in the later rounds of Pokenordic tournaments! Visit now: http://www.PokeNordic.com/TournamentHistories/view".

[Info][Sat Jan 23 11:43:18 2021]: > Broadcasted message: "Fique por dentro das novidades, dê sua opinião e participe do desenvolvimento do jogo! Acesse: http://forum.PokeNordic.com/".

[Info][Sat Jan 23 11:43:18 2021]: > Broadcasted message: "Check out the news, give your opinion and participate in the development of the game! Access: http://forum.PokeNordic.com/".

[Info][Sat Jan 23 12:28:19 2021]: > Broadcasted message: "Você quer deixar alguma mensagem, comentário ou sugestão para os desenvolvedores do Pokenordic? Acesse: http://www.PokeNordic.com/accounts/sendFeedback".

[Info][Sat Jan 23 12:28:19 2021]: > Broadcasted message: "You want to leave a message, comment or suggestion to the Pokenordic developers? Visit now: http://www.PokeNordic.com/accounts/sendFeedback".

[Info][Sat Jan 23 12:45:41 2021]: Planting random seeds...

[Info][Sat Jan 23 12:45:42 2021]: Planting random seeds...

[Info][Sat Jan 23 12:45:43 2021]: Planting random seeds...

[Info][Sat Jan 23 12:45:43 2021]: Planting random seeds...

[Info][Sat Jan 23 12:45:44 2021]: Planting random seeds...

[Info][Sat Jan 23 12:45:45 2021]: Planting random seeds...

[Info][Sat Jan 23 12:45:46 2021]: Planting random seeds...

[Info][Sat Jan 23 12:46:07 2021]: Planting random seeds...

[Info][Sat Jan 23 12:46:11 2021]: Planting random seeds...

[Info][Sat Jan 23 13:30:47 2021]: > Broadcasted message: "Jamais informe os dados da sua conta em qualquer site que não seja o PokeNordic.com, a equipe não da itens ou pokemons.".

[Info][Sat Jan 23 13:30:47 2021]: > Broadcasted message: "Never let the data of your account on any site other than PokeNordic.com, the staff not give any item or pokemon.".

[Info][Sat Jan 23 14:15:48 2021]: > Broadcasted message: "Pense duas vezes antes de usar qualquer tipo de bot ou hack no seu personagem, isto não será tolerado e seu personagem será deletado. Jogue limpo.".

[Info][Sat Jan 23 14:15:48 2021]: > Broadcasted message: "Think twice before using any bot or hack on your character, it will not be tolerated and your character will be deleted. Play nice.".

[Info][Sat Jan 23 15:00:49 2021]: > Broadcasted message: "Você precisa de alguma informação sobre o jogo? Acesse agora: http://www.PokeNordic.com/blogCategories/1-tutorials".

[Info][Sat Jan 23 15:00:49 2021]: > Broadcasted message: "Do you need any information about the game? Visit now: http://www.PokeNordic.com/blogCategories/1-tutorials".

[Info][Sat Jan 23 15:45:50 2021]: > Broadcasted message: "Gostou do jogo? Então comece a divulga-lo agora mesmo! Chame seus amigos para jogar! Assim você se diverte muito mais e ajuda a manter o projeto!".

[Info][Sat Jan 23 15:45:50 2021]: > Broadcasted message: "Did you like the game? Then start to publish it right now! Call your friends to play! So you enjoy a lot more and helps keep the project!".

[Info][Sat Jan 23 16:30:51 2021]: > Broadcasted message: "Nunca coloque os dados de sua conta em qualquer site que não seja o oficial do Pokenordic (http://www.PokeNordic.com)! Cuide de sua conta!".

[Info][Sat Jan 23 16:30:51 2021]: > Broadcasted message: "Never put your account information at any site other than the official Pokenordic (http://www.PokeNordic.com)! Take care of your account!".

[Info][Sat Jan 23 17:15:52 2021]: > Broadcasted message: "Fique por dentro do que aconteceu nas últimas rodadas dos torneios do Pokenordic! Acesse: http://www.PokeNordic.com/TournamentHistories/view".

[Info][Sat Jan 23 17:15:52 2021]: > Broadcasted message: "Stay tunned of what happened in the later rounds of Pokenordic tournaments! Visit now: http://www.PokeNordic.com/TournamentHistories/view".

[Info][Sat Jan 23 18:00:53 2021]: > Broadcasted message: "Fique por dentro das novidades, dê sua opinião e participe do desenvolvimento do jogo! Acesse: http://forum.PokeNordic.com/".

[Info][Sat Jan 23 18:00:53 2021]: > Broadcasted message: "Check out the news, give your opinion and participate in the development of the game! Access: http://forum.PokeNordic.com/".

[Info][Sat Jan 23 18:45:54 2021]: > Broadcasted message: "Você quer deixar alguma mensagem, comentário ou sugestão para os desenvolvedores do Pokenordic? Acesse: http://www.PokeNordic.com/accounts/sendFeedback".

[Info][Sat Jan 23 18:45:54 2021]: > Broadcasted message: "You want to leave a message, comment or suggestion to the Pokenordic developers? Visit now: http://www.PokeNordic.com/accounts/sendFeedback".

[Info][Sat Jan 23 21:07:21 2021]: Planting random seeds...

[Info][Sat Jan 23 21:07:22 2021]: Planting random seeds...

[Info][Sat Jan 23 21:07:23 2021]: Planting random seeds...

[Info][Sat Jan 23 21:07:23 2021]: Planting random seeds...

[Info][Sat Jan 23 21:07:24 2021]: Planting random seeds...

[Info][Sat Jan 23 21:07:25 2021]: Planting random seeds...

[Info][Sat Jan 23 21:07:26 2021]: Planting random seeds...

[Info][Sat Jan 23 21:07:47 2021]: Planting random seeds...

[Info][Sat Jan 23 21:07:51 2021]: Planting random seeds...

[Info][Sat Jan 23 21:17:44 2021]: Planting random seeds...

[Info][Sat Jan 23 21:17:45 2021]: Planting random seeds...

[Info][Sat Jan 23 21:17:46 2021]: Planting random seeds...

[Info][Sat Jan 23 21:17:46 2021]: Planting random seeds...

[Info][Sat Jan 23 21:17:47 2021]: Planting random seeds...

[Info][Sat Jan 23 21:17:48 2021]: Planting random seeds...

[Info][Sat Jan 23 21:17:49 2021]: Planting random seeds...

[Info][Sat Jan 23 21:18:10 2021]: Planting random seeds...

[Info][Sat Jan 23 21:18:15 2021]: Planting random seeds...

[Info][Sat Jan 23 22:02:50 2021]: > Broadcasted message: "Jamais informe os dados da sua conta em qualquer site que não seja o PokeNordic.com, a equipe não da itens ou pokemons.".

[Info][Sat Jan 23 22:02:50 2021]: > Broadcasted message: "Never let the data of your account on any site other than PokeNordic.com, the staff not give any item or pokemon.".

[Info][Sat Jan 23 22:47:51 2021]: > Broadcasted message: "Pense duas vezes antes de usar qualquer tipo de bot ou hack no seu personagem, isto não será tolerado e seu personagem será deletado. Jogue limpo.".

[Info][Sat Jan 23 22:47:51 2021]: > Broadcasted message: "Think twice before using any bot or hack on your character, it will not be tolerated and your character will be deleted. Play nice.".

[Info][Sat Jan 23 23:32:52 2021]: > Broadcasted message: "Você precisa de alguma informação sobre o jogo? Acesse agora: http://www.PokeNordic.com/blogCategories/1-tutorials".

[Info][Sat Jan 23 23:32:52 2021]: > Broadcasted message: "Do you need any information about the game? Visit now: http://www.PokeNordic.com/blogCategories/1-tutorials".

