[Info][Thu Jan 14 00:25:15 2021]: > Broadcasted message: "Jamais informe os dados da sua conta em qualquer site que não seja o PokeNordic.com, a equipe não da itens ou pokemons.".

[Info][Thu Jan 14 00:25:15 2021]: > Broadcasted message: "Never let the data of your account on any site other than PokeNordic.com, the staff not give any item or pokemon.".

[Info][Thu Jan 14 00:36:15 2021]: Planting random seeds...

[Info][Thu Jan 14 00:36:15 2021]: Planting random seeds...

[Info][Thu Jan 14 00:36:16 2021]: Planting random seeds...

[Info][Thu Jan 14 00:36:17 2021]: Planting random seeds...

[Info][Thu Jan 14 00:36:18 2021]: Planting random seeds...

[Info][Thu Jan 14 00:36:19 2021]: Planting random seeds...

[Info][Thu Jan 14 00:36:20 2021]: Planting random seeds...

[Info][Thu Jan 14 00:36:39 2021]: Planting random seeds...

[Info][Thu Jan 14 00:36:44 2021]: Planting random seeds...

[Info][Thu Jan 14 01:21:21 2021]: > Broadcasted message: "Jamais informe os dados da sua conta em qualquer site que não seja o PokeNordic.com, a equipe não da itens ou pokemons.".

[Info][Thu Jan 14 01:21:21 2021]: > Broadcasted message: "Never let the data of your account on any site other than PokeNordic.com, the staff not give any item or pokemon.".

[Info][Thu Jan 14 02:06:22 2021]: > Broadcasted message: "Pense duas vezes antes de usar qualquer tipo de bot ou hack no seu personagem, isto não será tolerado e seu personagem será deletado. Jogue limpo.".

[Info][Thu Jan 14 02:06:22 2021]: > Broadcasted message: "Think twice before using any bot or hack on your character, it will not be tolerated and your character will be deleted. Play nice.".

[Info][Thu Jan 14 02:51:23 2021]: > Broadcasted message: "Você precisa de alguma informação sobre o jogo? Acesse agora: http://www.PokeNordic.com/blogCategories/1-tutorials".

[Info][Thu Jan 14 02:51:23 2021]: > Broadcasted message: "Do you need any information about the game? Visit now: http://www.PokeNordic.com/blogCategories/1-tutorials".

[Info][Thu Jan 14 03:36:24 2021]: > Broadcasted message: "Gostou do jogo? Então comece a divulga-lo agora mesmo! Chame seus amigos para jogar! Assim você se diverte muito mais e ajuda a manter o projeto!".

[Info][Thu Jan 14 03:36:24 2021]: > Broadcasted message: "Did you like the game? Then start to publish it right now! Call your friends to play! So you enjoy a lot more and helps keep the project!".

[Info][Thu Jan 14 04:21:25 2021]: > Broadcasted message: "Nunca coloque os dados de sua conta em qualquer site que não seja o oficial do Pokenordic (http://www.PokeNordic.com)! Cuide de sua conta!".

[Info][Thu Jan 14 04:21:25 2021]: > Broadcasted message: "Never put your account information at any site other than the official Pokenordic (http://www.PokeNordic.com)! Take care of your account!".

[Info][Thu Jan 14 05:06:26 2021]: > Broadcasted message: "Fique por dentro do que aconteceu nas últimas rodadas dos torneios do Pokenordic! Acesse: http://www.PokeNordic.com/TournamentHistories/view".

[Info][Thu Jan 14 05:06:26 2021]: > Broadcasted message: "Stay tunned of what happened in the later rounds of Pokenordic tournaments! Visit now: http://www.PokeNordic.com/TournamentHistories/view".

[Info][Thu Jan 14 05:51:27 2021]: > Broadcasted message: "Fique por dentro das novidades, dê sua opinião e participe do desenvolvimento do jogo! Acesse: http://forum.PokeNordic.com/".

[Info][Thu Jan 14 05:51:27 2021]: > Broadcasted message: "Check out the news, give your opinion and participate in the development of the game! Access: http://forum.PokeNordic.com/".

[Info][Thu Jan 14 06:36:28 2021]: > Broadcasted message: "Você quer deixar alguma mensagem, comentário ou sugestão para os desenvolvedores do Pokenordic? Acesse: http://www.PokeNordic.com/accounts/sendFeedback".

[Info][Thu Jan 14 06:36:28 2021]: > Broadcasted message: "You want to leave a message, comment or suggestion to the Pokenordic developers? Visit now: http://www.PokeNordic.com/accounts/sendFeedback".

[Info][Thu Jan 14 07:21:29 2021]: > Broadcasted message: "Jamais informe os dados da sua conta em qualquer site que não seja o PokeNordic.com, a equipe não da itens ou pokemons.".

[Info][Thu Jan 14 07:21:29 2021]: > Broadcasted message: "Never let the data of your account on any site other than PokeNordic.com, the staff not give any item or pokemon.".

[Info][Thu Jan 14 08:06:30 2021]: > Broadcasted message: "Pense duas vezes antes de usar qualquer tipo de bot ou hack no seu personagem, isto não será tolerado e seu personagem será deletado. Jogue limpo.".

[Info][Thu Jan 14 08:06:30 2021]: > Broadcasted message: "Think twice before using any bot or hack on your character, it will not be tolerated and your character will be deleted. Play nice.".

[Info][Thu Jan 14 08:51:31 2021]: > Broadcasted message: "Você precisa de alguma informação sobre o jogo? Acesse agora: http://www.PokeNordic.com/blogCategories/1-tutorials".

[Info][Thu Jan 14 08:51:31 2021]: > Broadcasted message: "Do you need any information about the game? Visit now: http://www.PokeNordic.com/blogCategories/1-tutorials".

[Info][Thu Jan 14 09:36:32 2021]: > Broadcasted message: "Gostou do jogo? Então comece a divulga-lo agora mesmo! Chame seus amigos para jogar! Assim você se diverte muito mais e ajuda a manter o projeto!".

[Info][Thu Jan 14 09:36:32 2021]: > Broadcasted message: "Did you like the game? Then start to publish it right now! Call your friends to play! So you enjoy a lot more and helps keep the project!".

[Info][Thu Jan 14 10:21:33 2021]: > Broadcasted message: "Nunca coloque os dados de sua conta em qualquer site que não seja o oficial do Pokenordic (http://www.PokeNordic.com)! Cuide de sua conta!".

[Info][Thu Jan 14 10:21:33 2021]: > Broadcasted message: "Never put your account information at any site other than the official Pokenordic (http://www.PokeNordic.com)! Take care of your account!".

[Info][Thu Jan 14 11:06:34 2021]: > Broadcasted message: "Fique por dentro do que aconteceu nas últimas rodadas dos torneios do Pokenordic! Acesse: http://www.PokeNordic.com/TournamentHistories/view".

[Info][Thu Jan 14 11:06:34 2021]: > Broadcasted message: "Stay tunned of what happened in the later rounds of Pokenordic tournaments! Visit now: http://www.PokeNordic.com/TournamentHistories/view".

[Info][Thu Jan 14 11:33:33 2021]: Planting random seeds...

[Info][Thu Jan 14 11:33:34 2021]: Planting random seeds...

[Info][Thu Jan 14 11:33:35 2021]: Planting random seeds...

[Info][Thu Jan 14 11:33:36 2021]: Planting random seeds...

[Info][Thu Jan 14 11:33:36 2021]: Planting random seeds...

[Info][Thu Jan 14 11:33:37 2021]: Planting random seeds...

[Info][Thu Jan 14 11:33:38 2021]: Planting random seeds...

[Info][Thu Jan 14 11:33:56 2021]: Planting random seeds...

[Info][Thu Jan 14 11:34:01 2021]: Planting random seeds...

[Info][Thu Jan 14 13:06:45 2021]: Planting random seeds...

[Info][Thu Jan 14 13:06:46 2021]: Planting random seeds...

[Info][Thu Jan 14 13:06:49 2021]: Planting random seeds...

[Info][Thu Jan 14 13:06:51 2021]: Planting random seeds...

[Info][Thu Jan 14 13:06:52 2021]: Planting random seeds...

[Info][Thu Jan 14 13:06:53 2021]: Planting random seeds...

[Info][Thu Jan 14 13:06:54 2021]: Planting random seeds...

[Info][Thu Jan 14 13:07:34 2021]: Planting random seeds...

[Info][Thu Jan 14 13:07:50 2021]: Planting random seeds...

[Info][Thu Jan 14 13:16:13 2021]: Planting random seeds...

[Info][Thu Jan 14 13:16:37 2021]: Planting random seeds...

[Info][Thu Jan 14 13:16:37 2021]: Planting random seeds...

[Info][Thu Jan 14 13:16:38 2021]: Planting random seeds...

[Info][Thu Jan 14 13:16:39 2021]: Planting random seeds...

[Info][Thu Jan 14 13:16:40 2021]: Planting random seeds...

[Info][Thu Jan 14 13:16:50 2021]: Planting random seeds...

[Info][Thu Jan 14 13:16:51 2021]: Planting random seeds...

[Info][Thu Jan 14 13:17:11 2021]: Planting random seeds...

[Info][Thu Jan 14 13:17:23 2021]: Planting random seeds...

[Info][Thu Jan 14 14:01:53 2021]: > Broadcasted message: "Jamais informe os dados da sua conta em qualquer site que não seja o PokeNordic.com, a equipe não da itens ou pokemons.".

[Info][Thu Jan 14 14:01:53 2021]: > Broadcasted message: "Never let the data of your account on any site other than PokeNordic.com, the staff not give any item or pokemon.".

[Info][Thu Jan 14 14:46:53 2021]: > Broadcasted message: "Pense duas vezes antes de usar qualquer tipo de bot ou hack no seu personagem, isto não será tolerado e seu personagem será deletado. Jogue limpo.".

[Info][Thu Jan 14 14:46:53 2021]: > Broadcasted message: "Think twice before using any bot or hack on your character, it will not be tolerated and your character will be deleted. Play nice.".

[Info][Thu Jan 14 15:00:55 2021]: Planting random seeds...

[Info][Thu Jan 14 15:00:56 2021]: Planting random seeds...

[Info][Thu Jan 14 15:00:58 2021]: Planting random seeds...

[Info][Thu Jan 14 15:01:00 2021]: Planting random seeds...

[Info][Thu Jan 14 15:01:01 2021]: Planting random seeds...

[Info][Thu Jan 14 15:01:04 2021]: Planting random seeds...

[Info][Thu Jan 14 15:01:05 2021]: Planting random seeds...

[Info][Thu Jan 14 15:01:41 2021]: Planting random seeds...

[Info][Thu Jan 14 15:02:03 2021]: Planting random seeds...

[Info][Thu Jan 14 15:04:05 2021]: Planting random seeds...

[Info][Thu Jan 14 15:04:06 2021]: Planting random seeds...

[Info][Thu Jan 14 15:04:07 2021]: Planting random seeds...

[Info][Thu Jan 14 15:04:07 2021]: Planting random seeds...

[Info][Thu Jan 14 15:04:08 2021]: Planting random seeds...

[Info][Thu Jan 14 15:04:09 2021]: Planting random seeds...

[Info][Thu Jan 14 15:04:10 2021]: Planting random seeds...

[Info][Thu Jan 14 15:04:29 2021]: Planting random seeds...

[Info][Thu Jan 14 15:04:33 2021]: Planting random seeds...

[Info][Thu Jan 14 15:10:06 2021]: Planting random seeds...

[Info][Thu Jan 14 15:10:07 2021]: Planting random seeds...

[Info][Thu Jan 14 15:10:08 2021]: Planting random seeds...

[Info][Thu Jan 14 15:10:08 2021]: Planting random seeds...

[Info][Thu Jan 14 15:10:09 2021]: Planting random seeds...

[Info][Thu Jan 14 15:10:10 2021]: Planting random seeds...

[Info][Thu Jan 14 15:10:11 2021]: Planting random seeds...

[Info][Thu Jan 14 15:10:30 2021]: Planting random seeds...

[Info][Thu Jan 14 15:10:36 2021]: Planting random seeds...

[Info][Thu Jan 14 15:22:27 2021]: Planting random seeds...

[Info][Thu Jan 14 15:22:28 2021]: Planting random seeds...

[Info][Thu Jan 14 15:22:29 2021]: Planting random seeds...

[Info][Thu Jan 14 15:22:29 2021]: Planting random seeds...

[Info][Thu Jan 14 15:22:31 2021]: Planting random seeds...

[Info][Thu Jan 14 15:22:31 2021]: Planting random seeds...

[Info][Thu Jan 14 15:22:32 2021]: Planting random seeds...

[Info][Thu Jan 14 15:22:52 2021]: Planting random seeds...

[Info][Thu Jan 14 15:22:58 2021]: Planting random seeds...

[Info][Thu Jan 14 15:24:59 2021]: Planting random seeds...

[Info][Thu Jan 14 15:25:00 2021]: Planting random seeds...

[Info][Thu Jan 14 15:25:00 2021]: Planting random seeds...

[Info][Thu Jan 14 15:25:01 2021]: Planting random seeds...

[Info][Thu Jan 14 15:25:02 2021]: Planting random seeds...

[Info][Thu Jan 14 15:25:03 2021]: Planting random seeds...

[Info][Thu Jan 14 15:25:03 2021]: Planting random seeds...

[Info][Thu Jan 14 15:25:22 2021]: Planting random seeds...

[Info][Thu Jan 14 15:25:27 2021]: Planting random seeds...

[Info][Thu Jan 14 15:27:42 2021]: Planting random seeds...

[Info][Thu Jan 14 15:27:43 2021]: Planting random seeds...

[Info][Thu Jan 14 15:27:43 2021]: Planting random seeds...

[Info][Thu Jan 14 15:27:44 2021]: Planting random seeds...

[Info][Thu Jan 14 15:27:45 2021]: Planting random seeds...

[Info][Thu Jan 14 15:27:46 2021]: Planting random seeds...

[Info][Thu Jan 14 15:27:47 2021]: Planting random seeds...

[Info][Thu Jan 14 15:28:05 2021]: Planting random seeds...

[Info][Thu Jan 14 15:28:09 2021]: Planting random seeds...

[Info][Thu Jan 14 16:12:48 2021]: > Broadcasted message: "Jamais informe os dados da sua conta em qualquer site que não seja o PokeNordic.com, a equipe não da itens ou pokemons.".

[Info][Thu Jan 14 16:12:48 2021]: > Broadcasted message: "Never let the data of your account on any site other than PokeNordic.com, the staff not give any item or pokemon.".

[Info][Thu Jan 14 16:57:49 2021]: > Broadcasted message: "Pense duas vezes antes de usar qualquer tipo de bot ou hack no seu personagem, isto não será tolerado e seu personagem será deletado. Jogue limpo.".

[Info][Thu Jan 14 16:57:49 2021]: > Broadcasted message: "Think twice before using any bot or hack on your character, it will not be tolerated and your character will be deleted. Play nice.".

[Info][Thu Jan 14 17:30:34 2021]: Planting random seeds...

[Info][Thu Jan 14 17:30:35 2021]: Planting random seeds...

[Info][Thu Jan 14 17:30:36 2021]: Planting random seeds...

[Info][Thu Jan 14 17:30:36 2021]: Planting random seeds...

[Info][Thu Jan 14 17:30:37 2021]: Planting random seeds...

[Info][Thu Jan 14 17:30:38 2021]: Planting random seeds...

[Info][Thu Jan 14 17:30:39 2021]: Planting random seeds...

[Info][Thu Jan 14 17:30:57 2021]: Planting random seeds...

[Info][Thu Jan 14 17:31:03 2021]: Planting random seeds...

[Info][Thu Jan 14 18:57:30 2021]: Planting random seeds...

[Info][Thu Jan 14 18:57:30 2021]: Planting random seeds...

[Info][Thu Jan 14 18:57:31 2021]: Planting random seeds...

[Info][Thu Jan 14 18:57:32 2021]: Planting random seeds...

[Info][Thu Jan 14 18:57:33 2021]: Planting random seeds...

[Info][Thu Jan 14 18:57:33 2021]: Planting random seeds...

[Info][Thu Jan 14 18:57:34 2021]: Planting random seeds...

[Info][Thu Jan 14 18:57:52 2021]: Planting random seeds...

[Info][Thu Jan 14 18:57:58 2021]: Planting random seeds...

[Info][Thu Jan 14 21:01:14 2021]: Planting random seeds...

[Info][Thu Jan 14 21:01:15 2021]: Planting random seeds...

[Info][Thu Jan 14 21:01:16 2021]: Planting random seeds...

[Info][Thu Jan 14 21:01:16 2021]: Planting random seeds...

[Info][Thu Jan 14 21:01:17 2021]: Planting random seeds...

[Info][Thu Jan 14 21:01:18 2021]: Planting random seeds...

[Info][Thu Jan 14 21:01:19 2021]: Planting random seeds...

[Info][Thu Jan 14 21:01:40 2021]: Planting random seeds...

[Info][Thu Jan 14 21:01:47 2021]: Planting random seeds...

[Info][Thu Jan 14 21:22:46 2021]: Planting random seeds...

[Info][Thu Jan 14 21:22:47 2021]: Planting random seeds...

[Info][Thu Jan 14 21:22:48 2021]: Planting random seeds...

[Info][Thu Jan 14 21:22:49 2021]: Planting random seeds...

[Info][Thu Jan 14 21:22:50 2021]: Planting random seeds...

[Info][Thu Jan 14 21:22:51 2021]: Planting random seeds...

[Info][Thu Jan 14 21:22:51 2021]: Planting random seeds...

[Info][Thu Jan 14 21:23:11 2021]: Planting random seeds...

[Info][Thu Jan 14 21:23:16 2021]: Planting random seeds...

[Info][Thu Jan 14 21:24:26 2021]: Planting random seeds...

[Info][Thu Jan 14 21:24:41 2021]: Planting random seeds...

[Info][Thu Jan 14 21:24:42 2021]: Planting random seeds...

[Info][Thu Jan 14 21:24:43 2021]: Planting random seeds...

[Info][Thu Jan 14 21:24:44 2021]: Planting random seeds...

[Info][Thu Jan 14 21:24:44 2021]: Planting random seeds...

[Info][Thu Jan 14 21:24:45 2021]: Planting random seeds...

[Info][Thu Jan 14 21:24:46 2021]: Planting random seeds...

[Info][Thu Jan 14 21:25:05 2021]: Planting random seeds...

[Info][Thu Jan 14 21:25:11 2021]: Planting random seeds...

[Info][Thu Jan 14 21:40:25 2021]: Planting random seeds...

[Info][Thu Jan 14 21:40:26 2021]: Planting random seeds...

[Info][Thu Jan 14 21:40:27 2021]: Planting random seeds...

[Info][Thu Jan 14 21:40:28 2021]: Planting random seeds...

[Info][Thu Jan 14 21:40:28 2021]: Planting random seeds...

[Info][Thu Jan 14 21:40:29 2021]: Planting random seeds...

[Info][Thu Jan 14 21:40:30 2021]: Planting random seeds...

[Info][Thu Jan 14 21:40:49 2021]: Planting random seeds...

[Info][Thu Jan 14 21:40:54 2021]: Planting random seeds...

[Info][Thu Jan 14 21:45:23 2021]: Planting random seeds...

[Info][Thu Jan 14 21:45:24 2021]: Planting random seeds...

[Info][Thu Jan 14 21:45:25 2021]: Planting random seeds...

[Info][Thu Jan 14 21:45:26 2021]: Planting random seeds...

[Info][Thu Jan 14 21:45:27 2021]: Planting random seeds...

[Info][Thu Jan 14 21:45:27 2021]: Planting random seeds...

[Info][Thu Jan 14 21:45:28 2021]: Planting random seeds...

[Info][Thu Jan 14 21:45:48 2021]: Planting random seeds...

[Info][Thu Jan 14 21:45:53 2021]: Planting random seeds...

[Info][Thu Jan 14 21:56:01 2021]: Planting random seeds...

[Info][Thu Jan 14 21:56:02 2021]: Planting random seeds...

[Info][Thu Jan 14 21:56:03 2021]: Planting random seeds...

[Info][Thu Jan 14 21:56:04 2021]: Planting random seeds...

[Info][Thu Jan 14 21:56:04 2021]: Planting random seeds...

[Info][Thu Jan 14 21:56:05 2021]: Planting random seeds...

[Info][Thu Jan 14 21:56:06 2021]: Planting random seeds...

[Info][Thu Jan 14 21:56:25 2021]: Planting random seeds...

[Info][Thu Jan 14 21:56:30 2021]: Planting random seeds...

[Info][Thu Jan 14 22:41:07 2021]: > Broadcasted message: "Jamais informe os dados da sua conta em qualquer site que não seja o PokeNordic.com, a equipe não da itens ou pokemons.".

[Info][Thu Jan 14 22:41:07 2021]: > Broadcasted message: "Never let the data of your account on any site other than PokeNordic.com, the staff not give any item or pokemon.".

[Info][Thu Jan 14 23:30:28 2021]: Planting random seeds...

[Info][Thu Jan 14 23:30:29 2021]: Planting random seeds...

[Info][Thu Jan 14 23:30:30 2021]: Planting random seeds...

[Info][Thu Jan 14 23:30:31 2021]: Planting random seeds...

[Info][Thu Jan 14 23:30:32 2021]: Planting random seeds...

[Info][Thu Jan 14 23:30:32 2021]: Planting random seeds...

[Info][Thu Jan 14 23:30:33 2021]: Planting random seeds...

[Info][Thu Jan 14 23:30:54 2021]: Planting random seeds...

[Info][Thu Jan 14 23:30:59 2021]: Planting random seeds...

