[Info][Sun May 31 00:32:57 2020]: > Broadcasted message: "Jamais informe os dados da sua conta em qualquer site que não seja o PokeNordic.com, a equipe não da itens ou pokemons.".

[Info][Sun May 31 00:32:57 2020]: > Broadcasted message: "Never let the data of your account on any site other than PokeNordic.com, the staff not give any item or pokemon.".

[Info][Sun May 31 01:02:47 2020]: Planting random seeds...

[Info][Sun May 31 01:02:48 2020]: Planting random seeds...

[Info][Sun May 31 01:02:54 2020]: Planting random seeds...

[Info][Sun May 31 01:02:58 2020]: Planting random seeds...

[Info][Sun May 31 01:03:00 2020]: Planting random seeds...

[Info][Sun May 31 01:03:01 2020]: Planting random seeds...

[Info][Sun May 31 01:03:03 2020]: Planting random seeds...

[Info][Sun May 31 01:03:52 2020]: Planting random seeds...

[Info][Sun May 31 01:04:11 2020]: Planting random seeds...

[Info][Sun May 31 01:48:04 2020]: > Broadcasted message: "Jamais informe os dados da sua conta em qualquer site que não seja o PokeNordic.com, a equipe não da itens ou pokemons.".

[Info][Sun May 31 01:48:04 2020]: > Broadcasted message: "Never let the data of your account on any site other than PokeNordic.com, the staff not give any item or pokemon.".

[Info][Sun May 31 02:33:05 2020]: > Broadcasted message: "Pense duas vezes antes de usar qualquer tipo de bot ou hack no seu personagem, isto não será tolerado e seu personagem será deletado. Jogue limpo.".

[Info][Sun May 31 02:33:05 2020]: > Broadcasted message: "Think twice before using any bot or hack on your character, it will not be tolerated and your character will be deleted. Play nice.".

[Info][Sun May 31 03:18:06 2020]: > Broadcasted message: "Você precisa de alguma informação sobre o jogo? Acesse agora: http://www.PokeNordic.com/blogCategories/1-tutorials".

[Info][Sun May 31 03:18:06 2020]: > Broadcasted message: "Do you need any information about the game? Visit now: http://www.PokeNordic.com/blogCategories/1-tutorials".

[Info][Sun May 31 04:03:07 2020]: > Broadcasted message: "Gostou do jogo? Então comece a divulga-lo agora mesmo! Chame seus amigos para jogar! Assim você se diverte muito mais e ajuda a manter o projeto!".

[Info][Sun May 31 04:03:07 2020]: > Broadcasted message: "Did you like the game? Then start to publish it right now! Call your friends to play! So you enjoy a lot more and helps keep the project!".

[Info][Sun May 31 04:48:08 2020]: > Broadcasted message: "Nunca coloque os dados de sua conta em qualquer site que não seja o oficial do Pokenordic (http://www.PokeNordic.com)! Cuide de sua conta!".

[Info][Sun May 31 04:48:08 2020]: > Broadcasted message: "Never put your account information at any site other than the official Pokenordic (http://www.PokeNordic.com)! Take care of your account!".

[Info][Sun May 31 05:33:09 2020]: > Broadcasted message: "Fique por dentro do que aconteceu nas últimas rodadas dos torneios do Pokenordic! Acesse: http://www.PokeNordic.com/TournamentHistories/view".

[Info][Sun May 31 05:33:09 2020]: > Broadcasted message: "Stay tunned of what happened in the later rounds of Pokenordic tournaments! Visit now: http://www.PokeNordic.com/TournamentHistories/view".

[Info][Sun May 31 06:18:10 2020]: > Broadcasted message: "Fique por dentro das novidades, dê sua opinião e participe do desenvolvimento do jogo! Acesse: http://forum.PokeNordic.com/".

[Info][Sun May 31 06:18:10 2020]: > Broadcasted message: "Check out the news, give your opinion and participate in the development of the game! Access: http://forum.PokeNordic.com/".

[Info][Sun May 31 07:03:11 2020]: > Broadcasted message: "Você quer deixar alguma mensagem, comentário ou sugestão para os desenvolvedores do Pokenordic? Acesse: http://www.PokeNordic.com/accounts/sendFeedback".

[Info][Sun May 31 07:03:11 2020]: > Broadcasted message: "You want to leave a message, comment or suggestion to the Pokenordic developers? Visit now: http://www.PokeNordic.com/accounts/sendFeedback".

[Info][Sun May 31 07:48:12 2020]: > Broadcasted message: "Jamais informe os dados da sua conta em qualquer site que não seja o PokeNordic.com, a equipe não da itens ou pokemons.".

[Info][Sun May 31 07:48:12 2020]: > Broadcasted message: "Never let the data of your account on any site other than PokeNordic.com, the staff not give any item or pokemon.".

[Info][Sun May 31 07:55:52 2020]: > Broadcasted message: "New record: 3 players are logged in.".

[Info][Sun May 31 07:59:22 2020]: > Broadcasted message: "New record: 4 players are logged in.".

[Info][Sun May 31 08:00:10 2020]: > [ADM] Lord broadcasted message: "green Bom dia".

[Info][Sun May 31 08:12:32 2020]: > Broadcasted message: "New record: 5 players are logged in.".

[Info][Sun May 31 08:19:21 2020]: > Broadcasted message: "Zideran TOP 1".

[Info][Sun May 31 08:19:40 2020]: > Broadcasted message: "New record: 6 players are logged in.".

[Info][Sun May 31 08:20:23 2020]: Planting random seeds...

[Info][Sun May 31 08:20:36 2020]: Planting random seeds...

[Info][Sun May 31 08:20:37 2020]: Planting random seeds...

[Info][Sun May 31 08:20:43 2020]: Planting random seeds...

[Info][Sun May 31 08:20:46 2020]: Planting random seeds...

[Info][Sun May 31 08:20:49 2020]: Planting random seeds...

[Info][Sun May 31 08:20:50 2020]: Planting random seeds...

[Info][Sun May 31 08:20:52 2020]: Planting random seeds...

[Info][Sun May 31 08:21:38 2020]: Planting random seeds...

[Info][Sun May 31 08:21:57 2020]: Planting random seeds...

[Info][Sun May 31 08:33:36 2020]: > Broadcasted message: "New record: 7 players are logged in.".

[Info][Sun May 31 08:41:47 2020]: > Broadcasted message: "New record: 8 players are logged in.".

[Info][Sun May 31 08:42:03 2020]: > Broadcasted message: "New record: 9 players are logged in.".

[Info][Sun May 31 08:48:39 2020]: > Broadcasted message: "New record: 10 players are logged in.".

[Info][Sun May 31 08:49:12 2020]: > Broadcasted message: "New record: 11 players are logged in.".

[Info][Sun May 31 08:57:01 2020]: > Broadcasted message: "New record: 12 players are logged in.".

[Info][Sun May 31 09:05:53 2020]: > Broadcasted message: "Jamais informe os dados da sua conta em qualquer site que não seja o PokeNordic.com, a equipe não da itens ou pokemons.".

[Info][Sun May 31 09:05:53 2020]: > Broadcasted message: "Never let the data of your account on any site other than PokeNordic.com, the staff not give any item or pokemon.".

[Info][Sun May 31 09:19:54 2020]: > Broadcasted message: "New record: 13 players are logged in.".

[Info][Sun May 31 09:29:22 2020]: > Broadcasted message: "New record: 14 players are logged in.".

[Info][Sun May 31 09:34:01 2020]: > Broadcasted message: "New record: 15 players are logged in.".

[Info][Sun May 31 09:49:46 2020]: > Broadcasted message: "New record: 16 players are logged in.".

[Info][Sun May 31 09:50:54 2020]: > Broadcasted message: "Pense duas vezes antes de usar qualquer tipo de bot ou hack no seu personagem, isto não será tolerado e seu personagem será deletado. Jogue limpo.".

[Info][Sun May 31 09:50:54 2020]: > Broadcasted message: "Think twice before using any bot or hack on your character, it will not be tolerated and your character will be deleted. Play nice.".

[Info][Sun May 31 09:59:32 2020]: > Broadcasted message: "New record: 17 players are logged in.".

[Info][Sun May 31 10:00:03 2020]: > Broadcasted message: "Anniversary Event - Cake Minion Defeat Status: 1/60".

[Info][Sun May 31 10:00:26 2020]: > Broadcasted message: "Anniversary Event - Cake Minion Defeat Status: 2/60".

[Info][Sun May 31 10:00:42 2020]: > Broadcasted message: "Anniversary Event - Cake Minion Defeat Status: 3/60".

[Info][Sun May 31 10:04:04 2020]: > Broadcasted message: "New record: 18 players are logged in.".

[Info][Sun May 31 10:17:12 2020]: > Broadcasted message: "New record: 19 players are logged in.".

[Info][Sun May 31 10:22:24 2020]: > Broadcasted message: "Anniversary Event - Cake Minion Defeat Status: 4/60".

[Info][Sun May 31 10:22:42 2020]: > Broadcasted message: "Anniversary Event - Cake Minion Defeat Status: 5/60".

[Info][Sun May 31 10:23:11 2020]: > Broadcasted message: "Anniversary Event - Cake Minion Defeat Status: 6/60".

[Info][Sun May 31 10:23:20 2020]: > Broadcasted message: "Anniversary Event - Cake Minion Defeat Status: 7/60".

[Info][Sun May 31 10:23:25 2020]: > Broadcasted message: "Anniversary Event - Cake Minion Defeat Status: 8/60".

[Info][Sun May 31 10:23:44 2020]: > Broadcasted message: "Anniversary Event - Cake Minion Defeat Status: 9/60".

[Info][Sun May 31 10:23:57 2020]: > Broadcasted message: "Anniversary Event - Cake Minion Defeat Status: 10/60".

[Info][Sun May 31 10:24:15 2020]: > Broadcasted message: "Anniversary Event - Cake Minion Defeat Status: 11/60".

[Info][Sun May 31 10:24:28 2020]: > Broadcasted message: "Anniversary Event - Cake Minion Defeat Status: 12/60".

[Info][Sun May 31 10:24:32 2020]: > Broadcasted message: "Anniversary Event - Cake Minion Defeat Status: 13/60".

[Info][Sun May 31 10:24:38 2020]: > Broadcasted message: "Anniversary Event - Cake Minion Defeat Status: 14/60".

[Info][Sun May 31 10:24:41 2020]: > Broadcasted message: "Anniversary Event - Cake Minion Defeat Status: 15/60".

[Info][Sun May 31 10:24:45 2020]: > Broadcasted message: "Anniversary Event - Cake Minion Defeat Status: 16/60".

[Info][Sun May 31 10:25:02 2020]: > Broadcasted message: "Anniversary Event - Cake Minion Defeat Status: 17/60".

[Info][Sun May 31 10:25:04 2020]: > Broadcasted message: "Anniversary Event - Cake Minion Defeat Status: 18/60".

[Info][Sun May 31 10:25:22 2020]: > Broadcasted message: "Anniversary Event - Cake Minion Defeat Status: 19/60".

[Info][Sun May 31 10:25:37 2020]: > Broadcasted message: "Anniversary Event - Cake Minion Defeat Status: 20/60".

[Info][Sun May 31 10:25:37 2020]: > Broadcasted message: "Anniversary Event - Cake Minion Defeat Status: 21/60".

[Info][Sun May 31 10:25:52 2020]: > Broadcasted message: "New record: 20 players are logged in.".

[Info][Sun May 31 10:26:08 2020]: > Broadcasted message: "Anniversary Event - Cake Minion Defeat Status: 22/60".

[Info][Sun May 31 10:26:32 2020]: > Broadcasted message: "Anniversary Event - Cake Minion Defeat Status: 23/60".

[Info][Sun May 31 10:26:40 2020]: > Broadcasted message: "Anniversary Event - Cake Minion Defeat Status: 24/60".

[Info][Sun May 31 10:26:47 2020]: > Broadcasted message: "Anniversary Event - Cake Minion Defeat Status: 25/60".

[Info][Sun May 31 10:27:02 2020]: > Broadcasted message: "Anniversary Event - Cake Minion Defeat Status: 26/60".

[Info][Sun May 31 10:27:13 2020]: > Broadcasted message: "Anniversary Event - Cake Minion Defeat Status: 27/60".

[Info][Sun May 31 10:27:32 2020]: > Broadcasted message: "Anniversary Event - Cake Minion Defeat Status: 28/60".

[Info][Sun May 31 10:27:40 2020]: > Broadcasted message: "Anniversary Event - Cake Minion Defeat Status: 29/60".

[Info][Sun May 31 10:28:05 2020]: > Broadcasted message: "Anniversary Event - Cake Minion Defeat Status: 30/60".

[Info][Sun May 31 10:28:27 2020]: > Broadcasted message: "Anniversary Event - Cake Minion Defeat Status: 31/60".

[Info][Sun May 31 10:28:33 2020]: > Broadcasted message: "Anniversary Event - Cake Minion Defeat Status: 32/60".

[Info][Sun May 31 10:28:36 2020]: > Broadcasted message: "Anniversary Event - Cake Minion Defeat Status: 33/60".

[Info][Sun May 31 10:28:39 2020]: > Broadcasted message: "Anniversary Event - Cake Minion Defeat Status: 34/60".

[Info][Sun May 31 10:28:52 2020]: > Broadcasted message: "New record: 21 players are logged in.".

[Info][Sun May 31 10:28:52 2020]: > Broadcasted message: "New record: 22 players are logged in.".

[Info][Sun May 31 10:28:54 2020]: > Broadcasted message: "Anniversary Event - Cake Minion Defeat Status: 35/60".

[Info][Sun May 31 10:28:55 2020]: > Broadcasted message: "Anniversary Event - Cake Minion Defeat Status: 36/60".

[Info][Sun May 31 10:29:21 2020]: > Broadcasted message: "Anniversary Event - Cake Minion Defeat Status: 37/60".

[Info][Sun May 31 10:29:23 2020]: > Broadcasted message: "Anniversary Event - Cake Minion Defeat Status: 38/60".

[Info][Sun May 31 10:29:26 2020]: > Broadcasted message: "Anniversary Event - Cake Minion Defeat Status: 39/60".

[Info][Sun May 31 10:29:38 2020]: > Broadcasted message: "Anniversary Event - Cake Minion Defeat Status: 40/60".

[Info][Sun May 31 10:29:39 2020]: > Broadcasted message: "Anniversary Event - Cake Minion Defeat Status: 41/60".

[Info][Sun May 31 10:29:50 2020]: > Broadcasted message: "Anniversary Event - Cake Minion Defeat Status: 42/60".

[Info][Sun May 31 10:29:52 2020]: > Broadcasted message: "Anniversary Event - Cake Minion Defeat Status: 43/60".

[Info][Sun May 31 10:30:02 2020]: > Broadcasted message: "Anniversary Event - Cake Minion Defeat Status: 44/60".

[Info][Sun May 31 10:30:25 2020]: > Broadcasted message: "Anniversary Event - Cake Minion Defeat Status: 45/60".

[Info][Sun May 31 10:30:30 2020]: > Broadcasted message: "Anniversary Event - Cake Minion Defeat Status: 46/60".

[Info][Sun May 31 10:30:56 2020]: > Broadcasted message: "Anniversary Event - Cake Minion Defeat Status: 47/60".

[Info][Sun May 31 10:31:02 2020]: > Broadcasted message: "Anniversary Event - Cake Minion Defeat Status: 48/60".

[Info][Sun May 31 10:31:10 2020]: > Broadcasted message: "Anniversary Event - Cake Minion Defeat Status: 49/60".

[Info][Sun May 31 10:31:20 2020]: > Broadcasted message: "Anniversary Event - Cake Minion Defeat Status: 50/60".

[Info][Sun May 31 10:31:34 2020]: > Broadcasted message: "Anniversary Event - Cake Minion Defeat Status: 51/60".

[Info][Sun May 31 10:31:46 2020]: > Broadcasted message: "Anniversary Event - Cake Minion Defeat Status: 52/60".

[Info][Sun May 31 10:31:59 2020]: > Broadcasted message: "Anniversary Event - Cake Minion Defeat Status: 53/60".

[Info][Sun May 31 10:32:04 2020]: > Broadcasted message: "Anniversary Event - Cake Minion Defeat Status: 54/60".

[Info][Sun May 31 10:32:13 2020]: > Broadcasted message: "Anniversary Event - Cake Minion Defeat Status: 55/60".

[Info][Sun May 31 10:33:26 2020]: > Broadcasted message: "Anniversary Event - Cake Minion Defeat Status: 56/60".

[Info][Sun May 31 10:33:36 2020]: > Broadcasted message: "Anniversary Event - Cake Minion Defeat Status: 57/60".

[Info][Sun May 31 10:33:37 2020]: > Broadcasted message: "Anniversary Event - Cake Minion Defeat Status: 58/60".

[Info][Sun May 31 10:33:43 2020]: > Broadcasted message: "Anniversary Event - Cake Minion Defeat Status: 59/60".

[Info][Sun May 31 10:33:49 2020]: > Broadcasted message: "The Evil Cake has appeared!".

[Info][Sun May 31 10:35:55 2020]: > Broadcasted message: "Você precisa de alguma informação sobre o jogo? Acesse agora: http://www.PokeNordic.com/blogCategories/1-tutorials".

[Info][Sun May 31 10:35:55 2020]: > Broadcasted message: "Do you need any information about the game? Visit now: http://www.PokeNordic.com/blogCategories/1-tutorials".

[Info][Sun May 31 11:20:56 2020]: > Broadcasted message: "Gostou do jogo? Então comece a divulga-lo agora mesmo! Chame seus amigos para jogar! Assim você se diverte muito mais e ajuda a manter o projeto!".

[Info][Sun May 31 11:20:56 2020]: > Broadcasted message: "Did you like the game? Then start to publish it right now! Call your friends to play! So you enjoy a lot more and helps keep the project!".

[Info][Sun May 31 12:05:57 2020]: > Broadcasted message: "Nunca coloque os dados de sua conta em qualquer site que não seja o oficial do Pokenordic (http://www.PokeNordic.com)! Cuide de sua conta!".

[Info][Sun May 31 12:05:57 2020]: > Broadcasted message: "Never put your account information at any site other than the official Pokenordic (http://www.PokeNordic.com)! Take care of your account!".

[Info][Sun May 31 12:15:12 2020]: > Broadcasted message: "New record: 23 players are logged in.".

[Info][Sun May 31 12:21:09 2020]: > Broadcasted message: "New record: 24 players are logged in.".

[Info][Sun May 31 12:21:18 2020]: > Broadcasted message: "New record: 25 players are logged in.".

[Info][Sun May 31 12:33:56 2020]: > Broadcasted message: "New record: 26 players are logged in.".

[Info][Sun May 31 12:35:32 2020]: Planting random seeds...

[Info][Sun May 31 12:35:34 2020]: Planting random seeds...

[Info][Sun May 31 12:35:47 2020]: Planting random seeds...

[Info][Sun May 31 12:35:54 2020]: Planting random seeds...

[Info][Sun May 31 12:35:58 2020]: Planting random seeds...

[Info][Sun May 31 12:36:01 2020]: Planting random seeds...

[Info][Sun May 31 12:36:05 2020]: Planting random seeds...

[Info][Sun May 31 12:38:17 2020]: Planting random seeds...

[Info][Sun May 31 12:38:19 2020]: Planting random seeds...

[Info][Sun May 31 12:38:22 2020]: Planting random seeds...

[Info][Sun May 31 12:38:24 2020]: Planting random seeds...

[Info][Sun May 31 12:38:27 2020]: Planting random seeds...

[Info][Sun May 31 12:38:29 2020]: Planting random seeds...

[Info][Sun May 31 12:38:32 2020]: Planting random seeds...

[Info][Sun May 31 12:40:00 2020]: Planting random seeds...

[Info][Sun May 31 12:40:35 2020]: Planting random seeds...

[Info][Sun May 31 12:41:30 2020]: > ADM Lord broadcasted message: "Desculpe-me o transtorno.".

[Info][Sun May 31 12:44:12 2020]: Planting random seeds...

[Info][Sun May 31 12:44:46 2020]: Planting random seeds...

[Info][Sun May 31 12:44:47 2020]: Planting random seeds...

[Info][Sun May 31 12:44:49 2020]: Planting random seeds...

[Info][Sun May 31 12:44:51 2020]: Planting random seeds...

[Info][Sun May 31 12:44:53 2020]: Planting random seeds...

[Info][Sun May 31 12:44:55 2020]: Planting random seeds...

[Info][Sun May 31 12:44:57 2020]: Planting random seeds...

[Info][Sun May 31 12:46:22 2020]: Planting random seeds...

[Info][Sun May 31 12:46:45 2020]: Planting random seeds...

[Info][Sun May 31 12:51:17 2020]: > ADM Lord broadcasted message: "Desculpe-me o Transtorno.".

[Info][Sun May 31 12:51:26 2020]: > ADM Lord broadcasted message: "Desculpe-me o Transtorno. Estou resolvendo o problema.".

[Info][Sun May 31 12:52:01 2020]: > ADM Lord broadcasted message: "há alguem tentanto nos derrubar. Quem é direito já está sendo acionado para tais comprovações.".

[Info][Sun May 31 12:52:43 2020]: > ADM Lord broadcasted message: "Se é você, jogador e estiver online.  Há um investigação  em aberto. Espero que você saiba que isso é crime.".

[Info][Sun May 31 13:29:59 2020]: > Broadcasted message: "Jamais informe os dados da sua conta em qualquer site que não seja o PokeNordic.com, a equipe não da itens ou pokemons.".

[Info][Sun May 31 13:29:59 2020]: > Broadcasted message: "Never let the data of your account on any site other than PokeNordic.com, the staff not give any item or pokemon.".

[Info][Sun May 31 13:58:34 2020]: > Broadcasted message: "Anniversary Event - Cake Minion Defeat Status: 1/60".

[Info][Sun May 31 13:59:50 2020]: > Broadcasted message: "Anniversary Event - Cake Minion Defeat Status: 2/60".

[Info][Sun May 31 14:00:12 2020]: > Broadcasted message: "Anniversary Event - Cake Minion Defeat Status: 3/60".

[Info][Sun May 31 14:00:27 2020]: > Broadcasted message: "Anniversary Event - Cake Minion Defeat Status: 4/60".

[Info][Sun May 31 14:00:34 2020]: > Broadcasted message: "Anniversary Event - Cake Minion Defeat Status: 5/60".

[Info][Sun May 31 14:01:33 2020]: > Broadcasted message: "Anniversary Event - Cake Minion Defeat Status: 6/60".

[Info][Sun May 31 14:01:45 2020]: > Broadcasted message: "Anniversary Event - Cake Minion Defeat Status: 7/60".

[Info][Sun May 31 14:02:05 2020]: > Broadcasted message: "Anniversary Event - Cake Minion Defeat Status: 8/60".

[Info][Sun May 31 14:02:31 2020]: > Broadcasted message: "Anniversary Event - Cake Minion Defeat Status: 9/60".

[Info][Sun May 31 14:02:38 2020]: > Broadcasted message: "Anniversary Event - Cake Minion Defeat Status: 10/60".

[Info][Sun May 31 14:02:41 2020]: > Broadcasted message: "Anniversary Event - Cake Minion Defeat Status: 11/60".

[Info][Sun May 31 14:03:13 2020]: > Broadcasted message: "Anniversary Event - Cake Minion Defeat Status: 12/60".

[Info][Sun May 31 14:03:26 2020]: > Broadcasted message: "Anniversary Event - Cake Minion Defeat Status: 13/60".

[Info][Sun May 31 14:03:31 2020]: > Broadcasted message: "Anniversary Event - Cake Minion Defeat Status: 14/60".

[Info][Sun May 31 14:03:36 2020]: > Broadcasted message: "Anniversary Event - Cake Minion Defeat Status: 15/60".

[Info][Sun May 31 14:03:42 2020]: > Broadcasted message: "Anniversary Event - Cake Minion Defeat Status: 16/60".

[Info][Sun May 31 14:03:47 2020]: > Broadcasted message: "Anniversary Event - Cake Minion Defeat Status: 17/60".

[Info][Sun May 31 14:03:52 2020]: > Broadcasted message: "Anniversary Event - Cake Minion Defeat Status: 18/60".

[Info][Sun May 31 14:04:06 2020]: > Broadcasted message: "Anniversary Event - Cake Minion Defeat Status: 19/60".

[Info][Sun May 31 14:04:15 2020]: > Broadcasted message: "Anniversary Event - Cake Minion Defeat Status: 20/60".

[Info][Sun May 31 14:04:22 2020]: > Broadcasted message: "Anniversary Event - Cake Minion Defeat Status: 21/60".

[Info][Sun May 31 14:04:29 2020]: > Broadcasted message: "Anniversary Event - Cake Minion Defeat Status: 22/60".

[Info][Sun May 31 14:04:42 2020]: > Broadcasted message: "Anniversary Event - Cake Minion Defeat Status: 23/60".

[Info][Sun May 31 14:04:43 2020]: > Broadcasted message: "Anniversary Event - Cake Minion Defeat Status: 24/60".

[Info][Sun May 31 14:04:49 2020]: > Broadcasted message: "Anniversary Event - Cake Minion Defeat Status: 25/60".

[Info][Sun May 31 14:05:02 2020]: > Broadcasted message: "Anniversary Event - Cake Minion Defeat Status: 26/60".

[Info][Sun May 31 14:05:05 2020]: > Broadcasted message: "Anniversary Event - Cake Minion Defeat Status: 27/60".

[Info][Sun May 31 14:05:21 2020]: > Broadcasted message: "Anniversary Event - Cake Minion Defeat Status: 28/60".

[Info][Sun May 31 14:05:24 2020]: > Broadcasted message: "Anniversary Event - Cake Minion Defeat Status: 29/60".

[Info][Sun May 31 14:05:29 2020]: > Broadcasted message: "Anniversary Event - Cake Minion Defeat Status: 30/60".

[Info][Sun May 31 14:05:30 2020]: > Broadcasted message: "Anniversary Event - Cake Minion Defeat Status: 31/60".

[Info][Sun May 31 14:05:42 2020]: > Broadcasted message: "Anniversary Event - Cake Minion Defeat Status: 32/60".

[Info][Sun May 31 14:05:55 2020]: > Broadcasted message: "Anniversary Event - Cake Minion Defeat Status: 33/60".

[Info][Sun May 31 14:05:55 2020]: > Broadcasted message: "Anniversary Event - Cake Minion Defeat Status: 34/60".

[Info][Sun May 31 14:06:00 2020]: > Broadcasted message: "Anniversary Event - Cake Minion Defeat Status: 35/60".

[Info][Sun May 31 14:06:08 2020]: > Broadcasted message: "Anniversary Event - Cake Minion Defeat Status: 36/60".

[Info][Sun May 31 14:06:23 2020]: > Broadcasted message: "Anniversary Event - Cake Minion Defeat Status: 37/60".

[Info][Sun May 31 14:06:36 2020]: > Broadcasted message: "Anniversary Event - Cake Minion Defeat Status: 38/60".

[Info][Sun May 31 14:06:40 2020]: > Broadcasted message: "Anniversary Event - Cake Minion Defeat Status: 39/60".

[Info][Sun May 31 14:07:13 2020]: > Broadcasted message: "Anniversary Event - Cake Minion Defeat Status: 40/60".

[Info][Sun May 31 14:07:16 2020]: > Broadcasted message: "Anniversary Event - Cake Minion Defeat Status: 41/60".

[Info][Sun May 31 14:07:26 2020]: > Broadcasted message: "Anniversary Event - Cake Minion Defeat Status: 42/60".

[Info][Sun May 31 14:07:27 2020]: > Broadcasted message: "Anniversary Event - Cake Minion Defeat Status: 43/60".

[Info][Sun May 31 14:07:33 2020]: > Broadcasted message: "Anniversary Event - Cake Minion Defeat Status: 44/60".

[Info][Sun May 31 14:07:45 2020]: > Broadcasted message: "Anniversary Event - Cake Minion Defeat Status: 45/60".

[Info][Sun May 31 14:07:46 2020]: > Broadcasted message: "Anniversary Event - Cake Minion Defeat Status: 46/60".

[Info][Sun May 31 14:07:54 2020]: > Broadcasted message: "Anniversary Event - Cake Minion Defeat Status: 47/60".

[Info][Sun May 31 14:08:02 2020]: > Broadcasted message: "Anniversary Event - Cake Minion Defeat Status: 48/60".

[Info][Sun May 31 14:08:10 2020]: > Broadcasted message: "Anniversary Event - Cake Minion Defeat Status: 49/60".

[Info][Sun May 31 14:08:18 2020]: > Broadcasted message: "Anniversary Event - Cake Minion Defeat Status: 50/60".

[Info][Sun May 31 14:08:26 2020]: > Broadcasted message: "Anniversary Event - Cake Minion Defeat Status: 51/60".

[Info][Sun May 31 14:08:32 2020]: > Broadcasted message: "Anniversary Event - Cake Minion Defeat Status: 52/60".

[Info][Sun May 31 14:08:34 2020]: > Broadcasted message: "Anniversary Event - Cake Minion Defeat Status: 53/60".

[Info][Sun May 31 14:09:00 2020]: > Broadcasted message: "Anniversary Event - Cake Minion Defeat Status: 54/60".

[Info][Sun May 31 14:09:03 2020]: > Broadcasted message: "Anniversary Event - Cake Minion Defeat Status: 55/60".

[Info][Sun May 31 14:09:04 2020]: > Broadcasted message: "Anniversary Event - Cake Minion Defeat Status: 56/60".

[Info][Sun May 31 14:09:09 2020]: > Broadcasted message: "Anniversary Event - Cake Minion Defeat Status: 57/60".

[Info][Sun May 31 14:09:31 2020]: > Broadcasted message: "Anniversary Event - Cake Minion Defeat Status: 58/60".

[Info][Sun May 31 14:09:36 2020]: > Broadcasted message: "Anniversary Event - Cake Minion Defeat Status: 59/60".

[Info][Sun May 31 14:09:38 2020]: > Broadcasted message: "The Evil Cake has appeared!".

[Info][Sun May 31 14:15:00 2020]: > Broadcasted message: "Pense duas vezes antes de usar qualquer tipo de bot ou hack no seu personagem, isto não será tolerado e seu personagem será deletado. Jogue limpo.".

[Info][Sun May 31 14:15:00 2020]: > Broadcasted message: "Think twice before using any bot or hack on your character, it will not be tolerated and your character will be deleted. Play nice.".

[Info][Sun May 31 15:00:01 2020]: > Broadcasted message: "Você precisa de alguma informação sobre o jogo? Acesse agora: http://www.PokeNordic.com/blogCategories/1-tutorials".

[Info][Sun May 31 15:00:01 2020]: > Broadcasted message: "Do you need any information about the game? Visit now: http://www.PokeNordic.com/blogCategories/1-tutorials".

[Info][Sun May 31 15:45:02 2020]: > Broadcasted message: "Gostou do jogo? Então comece a divulga-lo agora mesmo! Chame seus amigos para jogar! Assim você se diverte muito mais e ajuda a manter o projeto!".

[Info][Sun May 31 15:45:02 2020]: > Broadcasted message: "Did you like the game? Then start to publish it right now! Call your friends to play! So you enjoy a lot more and helps keep the project!".

[Info][Sun May 31 16:30:03 2020]: > Broadcasted message: "Nunca coloque os dados de sua conta em qualquer site que não seja o oficial do Pokenordic (http://www.PokeNordic.com)! Cuide de sua conta!".

[Info][Sun May 31 16:30:03 2020]: > Broadcasted message: "Never put your account information at any site other than the official Pokenordic (http://www.PokeNordic.com)! Take care of your account!".

[Info][Sun May 31 17:15:04 2020]: > Broadcasted message: "Fique por dentro do que aconteceu nas últimas rodadas dos torneios do Pokenordic! Acesse: http://www.PokeNordic.com/TournamentHistories/view".

[Info][Sun May 31 17:15:04 2020]: > Broadcasted message: "Stay tunned of what happened in the later rounds of Pokenordic tournaments! Visit now: http://www.PokeNordic.com/TournamentHistories/view".

[Info][Sun May 31 18:00:06 2020]: > Broadcasted message: "Fique por dentro das novidades, dê sua opinião e participe do desenvolvimento do jogo! Acesse: http://forum.PokeNordic.com/".

[Info][Sun May 31 18:00:06 2020]: > Broadcasted message: "Check out the news, give your opinion and participate in the development of the game! Access: http://forum.PokeNordic.com/".

[Info][Sun May 31 18:03:34 2020]: > Broadcasted message: "New record: 27 players are logged in.".

[Info][Sun May 31 18:31:31 2020]: > ADM Lord broadcasted message: "Usem o canal do Help apenas para duvidas. Tomem este informe como ultimo aviso.".

[Info][Sun May 31 18:31:42 2020]: > Broadcasted message: "Usem o canal do Help apenas para duvidas. Tomem este informe como ultimo aviso.".

[Info][Sun May 31 18:31:49 2020]: > Broadcasted message: "Usem o canal do Help apenas para duvidas. Tomem este informe como ultimo aviso.".

[Info][Sun May 31 18:45:06 2020]: > Broadcasted message: "Você quer deixar alguma mensagem, comentário ou sugestão para os desenvolvedores do Pokenordic? Acesse: http://www.PokeNordic.com/accounts/sendFeedback".

[Info][Sun May 31 18:45:06 2020]: > Broadcasted message: "You want to leave a message, comment or suggestion to the Pokenordic developers? Visit now: http://www.PokeNordic.com/accounts/sendFeedback".

[Info][Sun May 31 19:30:07 2020]: > Broadcasted message: "Jamais informe os dados da sua conta em qualquer site que não seja o PokeNordic.com, a equipe não da itens ou pokemons.".

[Info][Sun May 31 19:30:07 2020]: > Broadcasted message: "Never let the data of your account on any site other than PokeNordic.com, the staff not give any item or pokemon.".

[Info][Sun May 31 19:42:54 2020]: > Broadcasted message: "Você vê a macho Shiny Oddish (Oddish) (nível 13). Saúde: [2081 / 2081].".

[Info][Sun May 31 19:51:13 2020]: > Broadcasted message: "Gameworld type set to: PVP.".

[Info][Sun May 31 19:51:27 2020]: > Broadcasted message: "Gameworld type set to: PVP.".

[Info][Sun May 31 20:15:08 2020]: > Broadcasted message: "Pense duas vezes antes de usar qualquer tipo de bot ou hack no seu personagem, isto não será tolerado e seu personagem será deletado. Jogue limpo.".

[Info][Sun May 31 20:15:08 2020]: > Broadcasted message: "Think twice before using any bot or hack on your character, it will not be tolerated and your character will be deleted. Play nice.".

[Info][Sun May 31 20:25:26 2020]: > Broadcasted message: "New record: 28 players are logged in.".

[Info][Sun May 31 20:29:00 2020]: > Broadcasted message: "New record: 29 players are logged in.".

[Info][Sun May 31 21:00:09 2020]: > Broadcasted message: "Você precisa de alguma informação sobre o jogo? Acesse agora: http://www.PokeNordic.com/blogCategories/1-tutorials".

[Info][Sun May 31 21:00:09 2020]: > Broadcasted message: "Do you need any information about the game? Visit now: http://www.PokeNordic.com/blogCategories/1-tutorials".

[Info][Sun May 31 21:45:10 2020]: > Broadcasted message: "Gostou do jogo? Então comece a divulga-lo agora mesmo! Chame seus amigos para jogar! Assim você se diverte muito mais e ajuda a manter o projeto!".

[Info][Sun May 31 21:45:10 2020]: > Broadcasted message: "Did you like the game? Then start to publish it right now! Call your friends to play! So you enjoy a lot more and helps keep the project!".

[Info][Sun May 31 22:30:11 2020]: > Broadcasted message: "Nunca coloque os dados de sua conta em qualquer site que não seja o oficial do Pokenordic (http://www.PokeNordic.com)! Cuide de sua conta!".

[Info][Sun May 31 22:30:11 2020]: > Broadcasted message: "Never put your account information at any site other than the official Pokenordic (http://www.PokeNordic.com)! Take care of your account!".

[Info][Sun May 31 23:15:12 2020]: > Broadcasted message: "Fique por dentro do que aconteceu nas últimas rodadas dos torneios do Pokenordic! Acesse: http://www.PokeNordic.com/TournamentHistories/view".

[Info][Sun May 31 23:15:12 2020]: > Broadcasted message: "Stay tunned of what happened in the later rounds of Pokenordic tournaments! Visit now: http://www.PokeNordic.com/TournamentHistories/view".

