[Info][Sun Jan 24 00:17:53 2021]: > Broadcasted message: "Gostou do jogo? Então comece a divulga-lo agora mesmo! Chame seus amigos para jogar! Assim você se diverte muito mais e ajuda a manter o projeto!".

[Info][Sun Jan 24 00:17:53 2021]: > Broadcasted message: "Did you like the game? Then start to publish it right now! Call your friends to play! So you enjoy a lot more and helps keep the project!".

[Info][Sun Jan 24 01:02:54 2021]: > Broadcasted message: "Nunca coloque os dados de sua conta em qualquer site que não seja o oficial do Pokenordic (http://www.PokeNordic.com)! Cuide de sua conta!".

[Info][Sun Jan 24 01:02:54 2021]: > Broadcasted message: "Never put your account information at any site other than the official Pokenordic (http://www.PokeNordic.com)! Take care of your account!".

[Info][Sun Jan 24 01:47:55 2021]: > Broadcasted message: "Fique por dentro do que aconteceu nas últimas rodadas dos torneios do Pokenordic! Acesse: http://www.PokeNordic.com/TournamentHistories/view".

[Info][Sun Jan 24 01:47:55 2021]: > Broadcasted message: "Stay tunned of what happened in the later rounds of Pokenordic tournaments! Visit now: http://www.PokeNordic.com/TournamentHistories/view".

[Info][Sun Jan 24 02:32:56 2021]: > Broadcasted message: "Fique por dentro das novidades, dê sua opinião e participe do desenvolvimento do jogo! Acesse: http://forum.PokeNordic.com/".

[Info][Sun Jan 24 02:32:56 2021]: > Broadcasted message: "Check out the news, give your opinion and participate in the development of the game! Access: http://forum.PokeNordic.com/".

[Info][Sun Jan 24 03:17:57 2021]: > Broadcasted message: "Você quer deixar alguma mensagem, comentário ou sugestão para os desenvolvedores do Pokenordic? Acesse: http://www.PokeNordic.com/accounts/sendFeedback".

[Info][Sun Jan 24 03:17:57 2021]: > Broadcasted message: "You want to leave a message, comment or suggestion to the Pokenordic developers? Visit now: http://www.PokeNordic.com/accounts/sendFeedback".

[Info][Sun Jan 24 04:02:58 2021]: > Broadcasted message: "Jamais informe os dados da sua conta em qualquer site que não seja o PokeNordic.com, a equipe não da itens ou pokemons.".

[Info][Sun Jan 24 04:02:58 2021]: > Broadcasted message: "Never let the data of your account on any site other than PokeNordic.com, the staff not give any item or pokemon.".

[Info][Sun Jan 24 04:47:59 2021]: > Broadcasted message: "Pense duas vezes antes de usar qualquer tipo de bot ou hack no seu personagem, isto não será tolerado e seu personagem será deletado. Jogue limpo.".

[Info][Sun Jan 24 04:47:59 2021]: > Broadcasted message: "Think twice before using any bot or hack on your character, it will not be tolerated and your character will be deleted. Play nice.".

[Info][Sun Jan 24 05:33:00 2021]: > Broadcasted message: "Você precisa de alguma informação sobre o jogo? Acesse agora: http://www.PokeNordic.com/blogCategories/1-tutorials".

[Info][Sun Jan 24 05:33:00 2021]: > Broadcasted message: "Do you need any information about the game? Visit now: http://www.PokeNordic.com/blogCategories/1-tutorials".

[Info][Sun Jan 24 06:18:01 2021]: > Broadcasted message: "Gostou do jogo? Então comece a divulga-lo agora mesmo! Chame seus amigos para jogar! Assim você se diverte muito mais e ajuda a manter o projeto!".

[Info][Sun Jan 24 06:18:01 2021]: > Broadcasted message: "Did you like the game? Then start to publish it right now! Call your friends to play! So you enjoy a lot more and helps keep the project!".

[Info][Sun Jan 24 07:03:02 2021]: > Broadcasted message: "Nunca coloque os dados de sua conta em qualquer site que não seja o oficial do Pokenordic (http://www.PokeNordic.com)! Cuide de sua conta!".

[Info][Sun Jan 24 07:03:02 2021]: > Broadcasted message: "Never put your account information at any site other than the official Pokenordic (http://www.PokeNordic.com)! Take care of your account!".

[Info][Sun Jan 24 07:48:03 2021]: > Broadcasted message: "Fique por dentro do que aconteceu nas últimas rodadas dos torneios do Pokenordic! Acesse: http://www.PokeNordic.com/TournamentHistories/view".

[Info][Sun Jan 24 07:48:03 2021]: > Broadcasted message: "Stay tunned of what happened in the later rounds of Pokenordic tournaments! Visit now: http://www.PokeNordic.com/TournamentHistories/view".

[Info][Sun Jan 24 08:33:04 2021]: > Broadcasted message: "Fique por dentro das novidades, dê sua opinião e participe do desenvolvimento do jogo! Acesse: http://forum.PokeNordic.com/".

[Info][Sun Jan 24 08:33:04 2021]: > Broadcasted message: "Check out the news, give your opinion and participate in the development of the game! Access: http://forum.PokeNordic.com/".

[Info][Sun Jan 24 09:18:05 2021]: > Broadcasted message: "Você quer deixar alguma mensagem, comentário ou sugestão para os desenvolvedores do Pokenordic? Acesse: http://www.PokeNordic.com/accounts/sendFeedback".

[Info][Sun Jan 24 09:18:05 2021]: > Broadcasted message: "You want to leave a message, comment or suggestion to the Pokenordic developers? Visit now: http://www.PokeNordic.com/accounts/sendFeedback".

[Info][Sun Jan 24 09:25:57 2021]: Planting random seeds...

[Info][Sun Jan 24 09:25:58 2021]: Planting random seeds...

[Info][Sun Jan 24 09:25:59 2021]: Planting random seeds...

[Info][Sun Jan 24 09:26:00 2021]: Planting random seeds...

[Info][Sun Jan 24 09:26:01 2021]: Planting random seeds...

[Info][Sun Jan 24 09:26:01 2021]: Planting random seeds...

[Info][Sun Jan 24 09:26:02 2021]: Planting random seeds...

[Info][Sun Jan 24 09:27:43 2021]: Planting random seeds...

[Info][Sun Jan 24 09:27:44 2021]: Planting random seeds...

[Info][Sun Jan 24 09:27:45 2021]: Planting random seeds...

[Info][Sun Jan 24 09:27:46 2021]: Planting random seeds...

[Info][Sun Jan 24 09:27:46 2021]: Planting random seeds...

[Info][Sun Jan 24 09:27:47 2021]: Planting random seeds...

[Info][Sun Jan 24 09:27:48 2021]: Planting random seeds...

[Info][Sun Jan 24 09:28:09 2021]: Planting random seeds...

[Info][Sun Jan 24 09:28:14 2021]: Planting random seeds...

[Info][Sun Jan 24 10:12:49 2021]: > Broadcasted message: "Jamais informe os dados da sua conta em qualquer site que não seja o PokeNordic.com, a equipe não da itens ou pokemons.".

[Info][Sun Jan 24 10:12:49 2021]: > Broadcasted message: "Never let the data of your account on any site other than PokeNordic.com, the staff not give any item or pokemon.".

[Info][Sun Jan 24 10:57:50 2021]: > Broadcasted message: "Pense duas vezes antes de usar qualquer tipo de bot ou hack no seu personagem, isto não será tolerado e seu personagem será deletado. Jogue limpo.".

[Info][Sun Jan 24 10:57:50 2021]: > Broadcasted message: "Think twice before using any bot or hack on your character, it will not be tolerated and your character will be deleted. Play nice.".

[Info][Sun Jan 24 11:42:51 2021]: > Broadcasted message: "Você precisa de alguma informação sobre o jogo? Acesse agora: http://www.PokeNordic.com/blogCategories/1-tutorials".

[Info][Sun Jan 24 11:42:51 2021]: > Broadcasted message: "Do you need any information about the game? Visit now: http://www.PokeNordic.com/blogCategories/1-tutorials".

[Info][Sun Jan 24 12:12:37 2021]: > Broadcasted message: "Anniversary Event - Cake Minion Defeat Status: 1/60".

[Info][Sun Jan 24 12:12:37 2021]: > Broadcasted message: "Anniversary Event - Cake Minion Defeat Status: 2/60".

[Info][Sun Jan 24 12:12:52 2021]: > Broadcasted message: "Anniversary Event - Cake Minion Defeat Status: 3/60".

[Info][Sun Jan 24 12:13:03 2021]: > Broadcasted message: "Anniversary Event - Cake Minion Defeat Status: 4/60".

[Info][Sun Jan 24 12:13:09 2021]: > Broadcasted message: "Anniversary Event - Cake Minion Defeat Status: 5/60".

[Info][Sun Jan 24 12:13:48 2021]: > Broadcasted message: "Anniversary Event - Cake Minion Defeat Status: 6/60".

[Info][Sun Jan 24 12:14:12 2021]: > Broadcasted message: "Anniversary Event - Cake Minion Defeat Status: 7/60".

[Info][Sun Jan 24 12:14:16 2021]: > Broadcasted message: "Anniversary Event - Cake Minion Defeat Status: 8/60".

[Info][Sun Jan 24 12:14:32 2021]: > Broadcasted message: "Anniversary Event - Cake Minion Defeat Status: 9/60".

[Info][Sun Jan 24 12:14:56 2021]: > Broadcasted message: "Anniversary Event - Cake Minion Defeat Status: 10/60".

[Info][Sun Jan 24 12:15:19 2021]: > Broadcasted message: "Anniversary Event - Cake Minion Defeat Status: 11/60".

[Info][Sun Jan 24 12:16:19 2021]: > Broadcasted message: "Anniversary Event - Cake Minion Defeat Status: 12/60".

[Info][Sun Jan 24 12:16:32 2021]: > Broadcasted message: "Anniversary Event - Cake Minion Defeat Status: 13/60".

[Info][Sun Jan 24 12:16:58 2021]: > Broadcasted message: "Anniversary Event - Cake Minion Defeat Status: 14/60".

[Info][Sun Jan 24 12:17:12 2021]: > Broadcasted message: "Anniversary Event - Cake Minion Defeat Status: 15/60".

[Info][Sun Jan 24 12:27:52 2021]: > Broadcasted message: "Gostou do jogo? Então comece a divulga-lo agora mesmo! Chame seus amigos para jogar! Assim você se diverte muito mais e ajuda a manter o projeto!".

[Info][Sun Jan 24 12:27:52 2021]: > Broadcasted message: "Did you like the game? Then start to publish it right now! Call your friends to play! So you enjoy a lot more and helps keep the project!".

[Info][Sun Jan 24 20:53:01 2021]: Planting random seeds...

[Info][Sun Jan 24 20:53:02 2021]: Planting random seeds...

[Info][Sun Jan 24 20:53:03 2021]: Planting random seeds...

[Info][Sun Jan 24 20:53:04 2021]: Planting random seeds...

[Info][Sun Jan 24 20:53:04 2021]: Planting random seeds...

[Info][Sun Jan 24 20:53:05 2021]: Planting random seeds...

[Info][Sun Jan 24 20:53:06 2021]: Planting random seeds...

[Info][Sun Jan 24 20:53:27 2021]: Planting random seeds...

[Info][Sun Jan 24 20:53:32 2021]: Planting random seeds...

[Info][Sun Jan 24 21:38:07 2021]: > Broadcasted message: "Jamais informe os dados da sua conta em qualquer site que não seja o PokeNordic.com, a equipe não da itens ou pokemons.".

[Info][Sun Jan 24 21:38:07 2021]: > Broadcasted message: "Never let the data of your account on any site other than PokeNordic.com, the staff not give any item or pokemon.".

[Info][Sun Jan 24 22:23:08 2021]: > Broadcasted message: "Pense duas vezes antes de usar qualquer tipo de bot ou hack no seu personagem, isto não será tolerado e seu personagem será deletado. Jogue limpo.".

[Info][Sun Jan 24 22:23:08 2021]: > Broadcasted message: "Think twice before using any bot or hack on your character, it will not be tolerated and your character will be deleted. Play nice.".

[Info][Sun Jan 24 23:08:09 2021]: > Broadcasted message: "Você precisa de alguma informação sobre o jogo? Acesse agora: http://www.PokeNordic.com/blogCategories/1-tutorials".

[Info][Sun Jan 24 23:08:09 2021]: > Broadcasted message: "Do you need any information about the game? Visit now: http://www.PokeNordic.com/blogCategories/1-tutorials".

[Info][Sun Jan 24 23:53:10 2021]: > Broadcasted message: "Gostou do jogo? Então comece a divulga-lo agora mesmo! Chame seus amigos para jogar! Assim você se diverte muito mais e ajuda a manter o projeto!".

[Info][Sun Jan 24 23:53:10 2021]: > Broadcasted message: "Did you like the game? Then start to publish it right now! Call your friends to play! So you enjoy a lot more and helps keep the project!".

