[Info][Fri Jan 15 09:45:01 2021]: Planting random seeds...

[Info][Fri Jan 15 09:45:02 2021]: Planting random seeds...

[Info][Fri Jan 15 09:45:03 2021]: Planting random seeds...

[Info][Fri Jan 15 09:45:03 2021]: Planting random seeds...

[Info][Fri Jan 15 09:45:04 2021]: Planting random seeds...

[Info][Fri Jan 15 09:45:05 2021]: Planting random seeds...

[Info][Fri Jan 15 09:45:06 2021]: Planting random seeds...

[Info][Fri Jan 15 09:45:24 2021]: Planting random seeds...

[Info][Fri Jan 15 09:45:29 2021]: Planting random seeds...

[Info][Fri Jan 15 10:30:07 2021]: > Broadcasted message: "Jamais informe os dados da sua conta em qualquer site que não seja o PokeNordic.com, a equipe não da itens ou pokemons.".

[Info][Fri Jan 15 10:30:07 2021]: > Broadcasted message: "Never let the data of your account on any site other than PokeNordic.com, the staff not give any item or pokemon.".

[Info][Fri Jan 15 11:15:08 2021]: > Broadcasted message: "Pense duas vezes antes de usar qualquer tipo de bot ou hack no seu personagem, isto não será tolerado e seu personagem será deletado. Jogue limpo.".

[Info][Fri Jan 15 11:15:08 2021]: > Broadcasted message: "Think twice before using any bot or hack on your character, it will not be tolerated and your character will be deleted. Play nice.".

[Info][Fri Jan 15 12:00:09 2021]: > Broadcasted message: "Você precisa de alguma informação sobre o jogo? Acesse agora: http://www.PokeNordic.com/blogCategories/1-tutorials".

[Info][Fri Jan 15 12:00:09 2021]: > Broadcasted message: "Do you need any information about the game? Visit now: http://www.PokeNordic.com/blogCategories/1-tutorials".

[Info][Fri Jan 15 12:45:10 2021]: > Broadcasted message: "Gostou do jogo? Então comece a divulga-lo agora mesmo! Chame seus amigos para jogar! Assim você se diverte muito mais e ajuda a manter o projeto!".

[Info][Fri Jan 15 12:45:10 2021]: > Broadcasted message: "Did you like the game? Then start to publish it right now! Call your friends to play! So you enjoy a lot more and helps keep the project!".

[Info][Fri Jan 15 13:30:11 2021]: > Broadcasted message: "Nunca coloque os dados de sua conta em qualquer site que não seja o oficial do Pokenordic (http://www.PokeNordic.com)! Cuide de sua conta!".

[Info][Fri Jan 15 13:30:11 2021]: > Broadcasted message: "Never put your account information at any site other than the official Pokenordic (http://www.PokeNordic.com)! Take care of your account!".

[Info][Fri Jan 15 14:15:12 2021]: > Broadcasted message: "Fique por dentro do que aconteceu nas últimas rodadas dos torneios do Pokenordic! Acesse: http://www.PokeNordic.com/TournamentHistories/view".

[Info][Fri Jan 15 14:15:12 2021]: > Broadcasted message: "Stay tunned of what happened in the later rounds of Pokenordic tournaments! Visit now: http://www.PokeNordic.com/TournamentHistories/view".

[Info][Fri Jan 15 15:00:13 2021]: > Broadcasted message: "Fique por dentro das novidades, dê sua opinião e participe do desenvolvimento do jogo! Acesse: http://forum.PokeNordic.com/".

[Info][Fri Jan 15 15:00:13 2021]: > Broadcasted message: "Check out the news, give your opinion and participate in the development of the game! Access: http://forum.PokeNordic.com/".

[Info][Fri Jan 15 15:45:14 2021]: > Broadcasted message: "Você quer deixar alguma mensagem, comentário ou sugestão para os desenvolvedores do Pokenordic? Acesse: http://www.PokeNordic.com/accounts/sendFeedback".

[Info][Fri Jan 15 15:45:14 2021]: > Broadcasted message: "You want to leave a message, comment or suggestion to the Pokenordic developers? Visit now: http://www.PokeNordic.com/accounts/sendFeedback".

[Info][Fri Jan 15 16:30:15 2021]: > Broadcasted message: "Jamais informe os dados da sua conta em qualquer site que não seja o PokeNordic.com, a equipe não da itens ou pokemons.".

[Info][Fri Jan 15 16:30:15 2021]: > Broadcasted message: "Never let the data of your account on any site other than PokeNordic.com, the staff not give any item or pokemon.".

[Info][Fri Jan 15 17:15:16 2021]: > Broadcasted message: "Pense duas vezes antes de usar qualquer tipo de bot ou hack no seu personagem, isto não será tolerado e seu personagem será deletado. Jogue limpo.".

[Info][Fri Jan 15 17:15:16 2021]: > Broadcasted message: "Think twice before using any bot or hack on your character, it will not be tolerated and your character will be deleted. Play nice.".

[Info][Fri Jan 15 18:00:17 2021]: > Broadcasted message: "Você precisa de alguma informação sobre o jogo? Acesse agora: http://www.PokeNordic.com/blogCategories/1-tutorials".

[Info][Fri Jan 15 18:00:17 2021]: > Broadcasted message: "Do you need any information about the game? Visit now: http://www.PokeNordic.com/blogCategories/1-tutorials".

[Info][Fri Jan 15 18:45:18 2021]: > Broadcasted message: "Gostou do jogo? Então comece a divulga-lo agora mesmo! Chame seus amigos para jogar! Assim você se diverte muito mais e ajuda a manter o projeto!".

[Info][Fri Jan 15 18:45:18 2021]: > Broadcasted message: "Did you like the game? Then start to publish it right now! Call your friends to play! So you enjoy a lot more and helps keep the project!".

[Info][Fri Jan 15 19:30:19 2021]: > Broadcasted message: "Nunca coloque os dados de sua conta em qualquer site que não seja o oficial do Pokenordic (http://www.PokeNordic.com)! Cuide de sua conta!".

[Info][Fri Jan 15 19:30:19 2021]: > Broadcasted message: "Never put your account information at any site other than the official Pokenordic (http://www.PokeNordic.com)! Take care of your account!".

[Info][Fri Jan 15 20:15:20 2021]: > Broadcasted message: "Fique por dentro do que aconteceu nas últimas rodadas dos torneios do Pokenordic! Acesse: http://www.PokeNordic.com/TournamentHistories/view".

[Info][Fri Jan 15 20:15:20 2021]: > Broadcasted message: "Stay tunned of what happened in the later rounds of Pokenordic tournaments! Visit now: http://www.PokeNordic.com/TournamentHistories/view".

[Info][Fri Jan 15 20:47:32 2021]: Planting random seeds...

[Info][Fri Jan 15 20:47:33 2021]: Planting random seeds...

[Info][Fri Jan 15 20:47:34 2021]: Planting random seeds...

[Info][Fri Jan 15 20:47:36 2021]: Planting random seeds...

[Info][Fri Jan 15 20:47:37 2021]: Planting random seeds...

[Info][Fri Jan 15 20:47:38 2021]: Planting random seeds...

[Info][Fri Jan 15 20:47:39 2021]: Planting random seeds...

[Info][Fri Jan 15 20:48:03 2021]: Planting random seeds...

[Info][Fri Jan 15 20:48:12 2021]: Planting random seeds...

[Info][Fri Jan 15 21:45:23 2021]: Planting random seeds...

[Info][Fri Jan 15 21:45:24 2021]: Planting random seeds...

[Info][Fri Jan 15 21:45:25 2021]: Planting random seeds...

[Info][Fri Jan 15 21:45:26 2021]: Planting random seeds...

[Info][Fri Jan 15 21:45:26 2021]: Planting random seeds...

[Info][Fri Jan 15 21:45:27 2021]: Planting random seeds...

[Info][Fri Jan 15 21:45:28 2021]: Planting random seeds...

[Info][Fri Jan 15 21:45:47 2021]: Planting random seeds...

[Info][Fri Jan 15 21:45:52 2021]: Planting random seeds...

[Info][Fri Jan 15 22:30:29 2021]: > Broadcasted message: "Jamais informe os dados da sua conta em qualquer site que não seja o PokeNordic.com, a equipe não da itens ou pokemons.".

[Info][Fri Jan 15 22:30:29 2021]: > Broadcasted message: "Never let the data of your account on any site other than PokeNordic.com, the staff not give any item or pokemon.".

[Info][Fri Jan 15 23:15:30 2021]: > Broadcasted message: "Pense duas vezes antes de usar qualquer tipo de bot ou hack no seu personagem, isto não será tolerado e seu personagem será deletado. Jogue limpo.".

[Info][Fri Jan 15 23:15:30 2021]: > Broadcasted message: "Think twice before using any bot or hack on your character, it will not be tolerated and your character will be deleted. Play nice.".

