[Info][Thu Jan 21 00:35:20 2021]: > Broadcasted message: "Nunca coloque os dados de sua conta em qualquer site que não seja o oficial do Pokenordic (http://www.PokeNordic.com)! Cuide de sua conta!".

[Info][Thu Jan 21 00:35:20 2021]: > Broadcasted message: "Never put your account information at any site other than the official Pokenordic (http://www.PokeNordic.com)! Take care of your account!".

[Info][Thu Jan 21 01:20:21 2021]: > Broadcasted message: "Fique por dentro do que aconteceu nas últimas rodadas dos torneios do Pokenordic! Acesse: http://www.PokeNordic.com/TournamentHistories/view".

[Info][Thu Jan 21 01:20:21 2021]: > Broadcasted message: "Stay tunned of what happened in the later rounds of Pokenordic tournaments! Visit now: http://www.PokeNordic.com/TournamentHistories/view".

[Info][Thu Jan 21 07:52:41 2021]: Planting random seeds...

[Info][Thu Jan 21 07:52:42 2021]: Planting random seeds...

[Info][Thu Jan 21 07:52:42 2021]: Planting random seeds...

[Info][Thu Jan 21 07:52:43 2021]: Planting random seeds...

[Info][Thu Jan 21 07:52:44 2021]: Planting random seeds...

[Info][Thu Jan 21 07:52:45 2021]: Planting random seeds...

[Info][Thu Jan 21 07:52:46 2021]: Planting random seeds...

[Info][Thu Jan 21 07:53:07 2021]: Planting random seeds...

[Info][Thu Jan 21 07:53:11 2021]: Planting random seeds...

[Info][Thu Jan 21 08:25:22 2021]: Planting random seeds...

[Info][Thu Jan 21 08:25:23 2021]: Planting random seeds...

[Info][Thu Jan 21 08:25:24 2021]: Planting random seeds...

[Info][Thu Jan 21 08:25:25 2021]: Planting random seeds...

[Info][Thu Jan 21 08:25:26 2021]: Planting random seeds...

[Info][Thu Jan 21 08:25:27 2021]: Planting random seeds...

[Info][Thu Jan 21 08:25:27 2021]: Planting random seeds...

[Info][Thu Jan 21 08:25:48 2021]: Planting random seeds...

[Info][Thu Jan 21 08:25:53 2021]: Planting random seeds...

[Info][Thu Jan 21 09:10:29 2021]: > Broadcasted message: "Jamais informe os dados da sua conta em qualquer site que não seja o PokeNordic.com, a equipe não da itens ou pokemons.".

[Info][Thu Jan 21 09:10:29 2021]: > Broadcasted message: "Never let the data of your account on any site other than PokeNordic.com, the staff not give any item or pokemon.".

[Info][Thu Jan 21 09:55:30 2021]: > Broadcasted message: "Pense duas vezes antes de usar qualquer tipo de bot ou hack no seu personagem, isto não será tolerado e seu personagem será deletado. Jogue limpo.".

[Info][Thu Jan 21 09:55:30 2021]: > Broadcasted message: "Think twice before using any bot or hack on your character, it will not be tolerated and your character will be deleted. Play nice.".

[Info][Thu Jan 21 10:40:31 2021]: > Broadcasted message: "Você precisa de alguma informação sobre o jogo? Acesse agora: http://www.PokeNordic.com/blogCategories/1-tutorials".

[Info][Thu Jan 21 10:40:31 2021]: > Broadcasted message: "Do you need any information about the game? Visit now: http://www.PokeNordic.com/blogCategories/1-tutorials".

[Info][Thu Jan 21 11:25:32 2021]: > Broadcasted message: "Gostou do jogo? Então comece a divulga-lo agora mesmo! Chame seus amigos para jogar! Assim você se diverte muito mais e ajuda a manter o projeto!".

[Info][Thu Jan 21 11:25:32 2021]: > Broadcasted message: "Did you like the game? Then start to publish it right now! Call your friends to play! So you enjoy a lot more and helps keep the project!".

[Info][Thu Jan 21 12:10:33 2021]: > Broadcasted message: "Nunca coloque os dados de sua conta em qualquer site que não seja o oficial do Pokenordic (http://www.PokeNordic.com)! Cuide de sua conta!".

[Info][Thu Jan 21 12:10:33 2021]: > Broadcasted message: "Never put your account information at any site other than the official Pokenordic (http://www.PokeNordic.com)! Take care of your account!".

[Info][Thu Jan 21 12:55:34 2021]: > Broadcasted message: "Fique por dentro do que aconteceu nas últimas rodadas dos torneios do Pokenordic! Acesse: http://www.PokeNordic.com/TournamentHistories/view".

[Info][Thu Jan 21 12:55:34 2021]: > Broadcasted message: "Stay tunned of what happened in the later rounds of Pokenordic tournaments! Visit now: http://www.PokeNordic.com/TournamentHistories/view".

[Info][Thu Jan 21 13:40:35 2021]: > Broadcasted message: "Fique por dentro das novidades, dê sua opinião e participe do desenvolvimento do jogo! Acesse: http://forum.PokeNordic.com/".

[Info][Thu Jan 21 13:40:35 2021]: > Broadcasted message: "Check out the news, give your opinion and participate in the development of the game! Access: http://forum.PokeNordic.com/".

[Info][Thu Jan 21 14:25:36 2021]: > Broadcasted message: "Você quer deixar alguma mensagem, comentário ou sugestão para os desenvolvedores do Pokenordic? Acesse: http://www.PokeNordic.com/accounts/sendFeedback".

[Info][Thu Jan 21 14:25:36 2021]: > Broadcasted message: "You want to leave a message, comment or suggestion to the Pokenordic developers? Visit now: http://www.PokeNordic.com/accounts/sendFeedback".

[Info][Thu Jan 21 15:10:37 2021]: > Broadcasted message: "Jamais informe os dados da sua conta em qualquer site que não seja o PokeNordic.com, a equipe não da itens ou pokemons.".

[Info][Thu Jan 21 15:10:37 2021]: > Broadcasted message: "Never let the data of your account on any site other than PokeNordic.com, the staff not give any item or pokemon.".

[Info][Thu Jan 21 15:55:38 2021]: > Broadcasted message: "Pense duas vezes antes de usar qualquer tipo de bot ou hack no seu personagem, isto não será tolerado e seu personagem será deletado. Jogue limpo.".

[Info][Thu Jan 21 15:55:38 2021]: > Broadcasted message: "Think twice before using any bot or hack on your character, it will not be tolerated and your character will be deleted. Play nice.".

[Info][Thu Jan 21 16:40:39 2021]: > Broadcasted message: "Você precisa de alguma informação sobre o jogo? Acesse agora: http://www.PokeNordic.com/blogCategories/1-tutorials".

[Info][Thu Jan 21 16:40:39 2021]: > Broadcasted message: "Do you need any information about the game? Visit now: http://www.PokeNordic.com/blogCategories/1-tutorials".

[Info][Thu Jan 21 17:25:40 2021]: > Broadcasted message: "Gostou do jogo? Então comece a divulga-lo agora mesmo! Chame seus amigos para jogar! Assim você se diverte muito mais e ajuda a manter o projeto!".

[Info][Thu Jan 21 17:25:40 2021]: > Broadcasted message: "Did you like the game? Then start to publish it right now! Call your friends to play! So you enjoy a lot more and helps keep the project!".

[Info][Thu Jan 21 18:10:41 2021]: > Broadcasted message: "Nunca coloque os dados de sua conta em qualquer site que não seja o oficial do Pokenordic (http://www.PokeNordic.com)! Cuide de sua conta!".

[Info][Thu Jan 21 18:10:41 2021]: > Broadcasted message: "Never put your account information at any site other than the official Pokenordic (http://www.PokeNordic.com)! Take care of your account!".

[Info][Thu Jan 21 18:55:42 2021]: > Broadcasted message: "Fique por dentro do que aconteceu nas últimas rodadas dos torneios do Pokenordic! Acesse: http://www.PokeNordic.com/TournamentHistories/view".

[Info][Thu Jan 21 18:55:42 2021]: > Broadcasted message: "Stay tunned of what happened in the later rounds of Pokenordic tournaments! Visit now: http://www.PokeNordic.com/TournamentHistories/view".

[Info][Thu Jan 21 19:35:53 2021]: Planting random seeds...

[Info][Thu Jan 21 19:35:53 2021]: Planting random seeds...

[Info][Thu Jan 21 19:35:54 2021]: Planting random seeds...

[Info][Thu Jan 21 19:35:55 2021]: Planting random seeds...

[Info][Thu Jan 21 19:35:56 2021]: Planting random seeds...

[Info][Thu Jan 21 19:35:57 2021]: Planting random seeds...

[Info][Thu Jan 21 19:35:57 2021]: Planting random seeds...

[Info][Thu Jan 21 19:36:18 2021]: Planting random seeds...

[Info][Thu Jan 21 19:36:23 2021]: Planting random seeds...

[Info][Thu Jan 21 20:20:59 2021]: > Broadcasted message: "Jamais informe os dados da sua conta em qualquer site que não seja o PokeNordic.com, a equipe não da itens ou pokemons.".

[Info][Thu Jan 21 20:20:59 2021]: > Broadcasted message: "Never let the data of your account on any site other than PokeNordic.com, the staff not give any item or pokemon.".

[Info][Thu Jan 21 21:06:00 2021]: > Broadcasted message: "Pense duas vezes antes de usar qualquer tipo de bot ou hack no seu personagem, isto não será tolerado e seu personagem será deletado. Jogue limpo.".

[Info][Thu Jan 21 21:06:00 2021]: > Broadcasted message: "Think twice before using any bot or hack on your character, it will not be tolerated and your character will be deleted. Play nice.".

[Info][Thu Jan 21 21:51:01 2021]: > Broadcasted message: "Você precisa de alguma informação sobre o jogo? Acesse agora: http://www.PokeNordic.com/blogCategories/1-tutorials".

[Info][Thu Jan 21 21:51:01 2021]: > Broadcasted message: "Do you need any information about the game? Visit now: http://www.PokeNordic.com/blogCategories/1-tutorials".

[Info][Thu Jan 21 22:06:20 2021]: Planting random seeds...

[Info][Thu Jan 21 22:06:21 2021]: Planting random seeds...

[Info][Thu Jan 21 22:06:22 2021]: Planting random seeds...

[Info][Thu Jan 21 22:06:22 2021]: Planting random seeds...

[Info][Thu Jan 21 22:06:23 2021]: Planting random seeds...

[Info][Thu Jan 21 22:06:24 2021]: Planting random seeds...

[Info][Thu Jan 21 22:06:25 2021]: Planting random seeds...

[Info][Thu Jan 21 22:06:46 2021]: Planting random seeds...

[Info][Thu Jan 21 22:06:50 2021]: Planting random seeds...

[Info][Thu Jan 21 22:22:04 2021]: Planting random seeds...

[Info][Thu Jan 21 22:22:04 2021]: Planting random seeds...

[Info][Thu Jan 21 22:22:05 2021]: Planting random seeds...

[Info][Thu Jan 21 22:22:06 2021]: Planting random seeds...

[Info][Thu Jan 21 22:22:07 2021]: Planting random seeds...

[Info][Thu Jan 21 22:22:08 2021]: Planting random seeds...

[Info][Thu Jan 21 22:22:08 2021]: Planting random seeds...

[Info][Thu Jan 21 22:22:29 2021]: Planting random seeds...

[Info][Thu Jan 21 22:22:34 2021]: Planting random seeds...

[Info][Thu Jan 21 22:25:48 2021]: Planting random seeds...

[Info][Thu Jan 21 22:25:48 2021]: Planting random seeds...

[Info][Thu Jan 21 22:25:49 2021]: Planting random seeds...

[Info][Thu Jan 21 22:25:50 2021]: Planting random seeds...

[Info][Thu Jan 21 22:25:51 2021]: Planting random seeds...

[Info][Thu Jan 21 22:25:52 2021]: Planting random seeds...

[Info][Thu Jan 21 22:25:52 2021]: Planting random seeds...

[Info][Thu Jan 21 22:26:13 2021]: Planting random seeds...

[Info][Thu Jan 21 22:26:18 2021]: Planting random seeds...

[Info][Thu Jan 21 23:10:53 2021]: > Broadcasted message: "Jamais informe os dados da sua conta em qualquer site que não seja o PokeNordic.com, a equipe não da itens ou pokemons.".

[Info][Thu Jan 21 23:10:53 2021]: > Broadcasted message: "Never let the data of your account on any site other than PokeNordic.com, the staff not give any item or pokemon.".

[Info][Thu Jan 21 23:55:54 2021]: > Broadcasted message: "Pense duas vezes antes de usar qualquer tipo de bot ou hack no seu personagem, isto não será tolerado e seu personagem será deletado. Jogue limpo.".

[Info][Thu Jan 21 23:55:54 2021]: > Broadcasted message: "Think twice before using any bot or hack on your character, it will not be tolerated and your character will be deleted. Play nice.".

