[Info][Sat May 30 00:06:46 2020]: Planting random seeds...

[Info][Sat May 30 00:06:48 2020]: Planting random seeds...

[Info][Sat May 30 00:06:54 2020]: Planting random seeds...

[Info][Sat May 30 00:06:57 2020]: Planting random seeds...

[Info][Sat May 30 00:06:59 2020]: Planting random seeds...

[Info][Sat May 30 00:07:01 2020]: Planting random seeds...

[Info][Sat May 30 00:07:02 2020]: Planting random seeds...

[Info][Sat May 30 00:07:55 2020]: Planting random seeds...

[Info][Sat May 30 00:08:36 2020]: Planting random seeds...

[Info][Sat May 30 21:11:17 2020]: Planting random seeds...

[Info][Sat May 30 21:11:18 2020]: Planting random seeds...

[Info][Sat May 30 21:11:28 2020]: Planting random seeds...

[Info][Sat May 30 21:11:33 2020]: Planting random seeds...

[Info][Sat May 30 21:11:36 2020]: Planting random seeds...

[Info][Sat May 30 21:11:38 2020]: Planting random seeds...

[Info][Sat May 30 21:11:41 2020]: Planting random seeds...

[Info][Sat May 30 21:14:06 2020]: Planting random seeds...

[Info][Sat May 30 21:15:34 2020]: Planting random seeds...

[Info][Sat May 30 21:32:50 2020]: > Broadcasted message: "New record: 1 players are logged in.".

[Info][Sat May 30 21:38:18 2020]: Planting random seeds...

[Info][Sat May 30 21:38:21 2020]: Planting random seeds...

[Info][Sat May 30 21:38:34 2020]: Planting random seeds...

[Info][Sat May 30 21:38:44 2020]: Planting random seeds...

[Info][Sat May 30 21:38:50 2020]: Planting random seeds...

[Info][Sat May 30 21:38:54 2020]: Planting random seeds...

[Info][Sat May 30 21:38:58 2020]: Planting random seeds...

[Info][Sat May 30 21:42:15 2020]: Planting random seeds...

[Info][Sat May 30 21:43:40 2020]: Planting random seeds...

[Info][Sat May 30 21:43:45 2020]: > Broadcasted message: "World Boss: What's that in the sky? It seems that landed not far from here.".

[Info][Sat May 30 21:53:45 2020]: > Broadcasted message: "World Boss: Its beautiful appearance hides all his strength.".

[Info][Sat May 30 21:59:14 2020]: Planting random seeds...

[Info][Sat May 30 21:59:15 2020]: Planting random seeds...

[Info][Sat May 30 21:59:23 2020]: Planting random seeds...

[Info][Sat May 30 21:59:27 2020]: Planting random seeds...

[Info][Sat May 30 21:59:30 2020]: Planting random seeds...

[Info][Sat May 30 21:59:32 2020]: Planting random seeds...

[Info][Sat May 30 21:59:35 2020]: Planting random seeds...

[Info][Sat May 30 22:01:34 2020]: Planting random seeds...

[Info][Sat May 30 22:02:26 2020]: Planting random seeds...

[Info][Sat May 30 22:18:37 2020]: Planting random seeds...

[Info][Sat May 30 22:18:38 2020]: Planting random seeds...

[Info][Sat May 30 22:18:45 2020]: Planting random seeds...

[Info][Sat May 30 22:18:50 2020]: Planting random seeds...

[Info][Sat May 30 22:18:52 2020]: Planting random seeds...

[Info][Sat May 30 22:18:54 2020]: Planting random seeds...

[Info][Sat May 30 22:18:56 2020]: Planting random seeds...

[Info][Sat May 30 22:19:48 2020]: Planting random seeds...

[Info][Sat May 30 22:20:09 2020]: Planting random seeds...

[Info][Sat May 30 23:03:57 2020]: > Broadcasted message: "Você precisa de alguma informação sobre o jogo? Acesse agora: http://www.psoul.net/blogCategories/1-tutorials".

[Info][Sat May 30 23:03:57 2020]: > Broadcasted message: "Do you need any information about the game? Visit now: http://www.psoul.net/blogCategories/1-tutorials".

[Info][Sat May 30 23:23:32 2020]: > Broadcasted message: "New record: 2 players are logged in.".

[Info][Sat May 30 23:47:28 2020]: Planting random seeds...

[Info][Sat May 30 23:47:30 2020]: Planting random seeds...

[Info][Sat May 30 23:47:40 2020]: Planting random seeds...

[Info][Sat May 30 23:47:46 2020]: Planting random seeds...

[Info][Sat May 30 23:47:50 2020]: Planting random seeds...

[Info][Sat May 30 23:47:53 2020]: Planting random seeds...

[Info][Sat May 30 23:47:55 2020]: Planting random seeds...

[Info][Sat May 30 23:49:34 2020]: Planting random seeds...

[Info][Sat May 30 23:50:03 2020]: Planting random seeds...

