[Info][Tue Jan 19 00:36:50 2021]: > Broadcasted message: "Fique por dentro das novidades, dê sua opinião e participe do desenvolvimento do jogo! Acesse: http://forum.PokeNordic.com/".

[Info][Tue Jan 19 00:36:50 2021]: > Broadcasted message: "Check out the news, give your opinion and participate in the development of the game! Access: http://forum.PokeNordic.com/".

[Info][Tue Jan 19 01:21:51 2021]: > Broadcasted message: "Você quer deixar alguma mensagem, comentário ou sugestão para os desenvolvedores do Pokenordic? Acesse: http://www.PokeNordic.com/accounts/sendFeedback".

[Info][Tue Jan 19 01:21:51 2021]: > Broadcasted message: "You want to leave a message, comment or suggestion to the Pokenordic developers? Visit now: http://www.PokeNordic.com/accounts/sendFeedback".

[Info][Tue Jan 19 02:06:52 2021]: > Broadcasted message: "Jamais informe os dados da sua conta em qualquer site que não seja o PokeNordic.com, a equipe não da itens ou pokemons.".

[Info][Tue Jan 19 02:06:52 2021]: > Broadcasted message: "Never let the data of your account on any site other than PokeNordic.com, the staff not give any item or pokemon.".

[Info][Tue Jan 19 02:51:53 2021]: > Broadcasted message: "Pense duas vezes antes de usar qualquer tipo de bot ou hack no seu personagem, isto não será tolerado e seu personagem será deletado. Jogue limpo.".

[Info][Tue Jan 19 02:51:53 2021]: > Broadcasted message: "Think twice before using any bot or hack on your character, it will not be tolerated and your character will be deleted. Play nice.".

[Info][Tue Jan 19 03:36:54 2021]: > Broadcasted message: "Você precisa de alguma informação sobre o jogo? Acesse agora: http://www.PokeNordic.com/blogCategories/1-tutorials".

[Info][Tue Jan 19 03:36:54 2021]: > Broadcasted message: "Do you need any information about the game? Visit now: http://www.PokeNordic.com/blogCategories/1-tutorials".

[Info][Tue Jan 19 04:21:55 2021]: > Broadcasted message: "Gostou do jogo? Então comece a divulga-lo agora mesmo! Chame seus amigos para jogar! Assim você se diverte muito mais e ajuda a manter o projeto!".

[Info][Tue Jan 19 04:21:55 2021]: > Broadcasted message: "Did you like the game? Then start to publish it right now! Call your friends to play! So you enjoy a lot more and helps keep the project!".

[Info][Tue Jan 19 05:06:56 2021]: > Broadcasted message: "Nunca coloque os dados de sua conta em qualquer site que não seja o oficial do Pokenordic (http://www.PokeNordic.com)! Cuide de sua conta!".

[Info][Tue Jan 19 05:06:56 2021]: > Broadcasted message: "Never put your account information at any site other than the official Pokenordic (http://www.PokeNordic.com)! Take care of your account!".

[Info][Tue Jan 19 05:51:57 2021]: > Broadcasted message: "Fique por dentro do que aconteceu nas últimas rodadas dos torneios do Pokenordic! Acesse: http://www.PokeNordic.com/TournamentHistories/view".

[Info][Tue Jan 19 05:51:57 2021]: > Broadcasted message: "Stay tunned of what happened in the later rounds of Pokenordic tournaments! Visit now: http://www.PokeNordic.com/TournamentHistories/view".

[Info][Tue Jan 19 06:36:58 2021]: > Broadcasted message: "Fique por dentro das novidades, dê sua opinião e participe do desenvolvimento do jogo! Acesse: http://forum.PokeNordic.com/".

[Info][Tue Jan 19 06:36:58 2021]: > Broadcasted message: "Check out the news, give your opinion and participate in the development of the game! Access: http://forum.PokeNordic.com/".

[Info][Tue Jan 19 07:21:59 2021]: > Broadcasted message: "Você quer deixar alguma mensagem, comentário ou sugestão para os desenvolvedores do Pokenordic? Acesse: http://www.PokeNordic.com/accounts/sendFeedback".

[Info][Tue Jan 19 07:21:59 2021]: > Broadcasted message: "You want to leave a message, comment or suggestion to the Pokenordic developers? Visit now: http://www.PokeNordic.com/accounts/sendFeedback".

[Info][Tue Jan 19 10:31:14 2021]: Planting random seeds...

[Info][Tue Jan 19 10:31:15 2021]: Planting random seeds...

[Info][Tue Jan 19 10:31:17 2021]: Planting random seeds...

[Info][Tue Jan 19 10:31:18 2021]: Planting random seeds...

[Info][Tue Jan 19 10:31:19 2021]: Planting random seeds...

[Info][Tue Jan 19 10:31:20 2021]: Planting random seeds...

[Info][Tue Jan 19 10:31:21 2021]: Planting random seeds...

[Info][Tue Jan 19 10:31:52 2021]: Planting random seeds...

[Info][Tue Jan 19 10:32:10 2021]: Planting random seeds...

[Info][Tue Jan 19 11:16:22 2021]: > Broadcasted message: "Jamais informe os dados da sua conta em qualquer site que não seja o PokeNordic.com, a equipe não da itens ou pokemons.".

[Info][Tue Jan 19 11:16:22 2021]: > Broadcasted message: "Never let the data of your account on any site other than PokeNordic.com, the staff not give any item or pokemon.".

[Info][Tue Jan 19 12:01:23 2021]: > Broadcasted message: "Pense duas vezes antes de usar qualquer tipo de bot ou hack no seu personagem, isto não será tolerado e seu personagem será deletado. Jogue limpo.".

[Info][Tue Jan 19 12:01:23 2021]: > Broadcasted message: "Think twice before using any bot or hack on your character, it will not be tolerated and your character will be deleted. Play nice.".

[Info][Tue Jan 19 12:46:24 2021]: > Broadcasted message: "Você precisa de alguma informação sobre o jogo? Acesse agora: http://www.PokeNordic.com/blogCategories/1-tutorials".

[Info][Tue Jan 19 12:46:24 2021]: > Broadcasted message: "Do you need any information about the game? Visit now: http://www.PokeNordic.com/blogCategories/1-tutorials".

[Info][Tue Jan 19 13:31:25 2021]: > Broadcasted message: "Gostou do jogo? Então comece a divulga-lo agora mesmo! Chame seus amigos para jogar! Assim você se diverte muito mais e ajuda a manter o projeto!".

[Info][Tue Jan 19 13:31:25 2021]: > Broadcasted message: "Did you like the game? Then start to publish it right now! Call your friends to play! So you enjoy a lot more and helps keep the project!".

[Info][Tue Jan 19 14:00:26 2021]: Planting random seeds...

[Info][Tue Jan 19 14:00:27 2021]: Planting random seeds...

[Info][Tue Jan 19 14:00:27 2021]: Planting random seeds...

[Info][Tue Jan 19 14:00:28 2021]: Planting random seeds...

[Info][Tue Jan 19 14:00:29 2021]: Planting random seeds...

[Info][Tue Jan 19 14:00:30 2021]: Planting random seeds...

[Info][Tue Jan 19 14:00:31 2021]: Planting random seeds...

[Info][Tue Jan 19 14:00:51 2021]: Planting random seeds...

[Info][Tue Jan 19 14:01:07 2021]: Planting random seeds...

[Info][Tue Jan 19 17:06:28 2021]: Planting random seeds...

[Info][Tue Jan 19 17:06:29 2021]: Planting random seeds...

[Info][Tue Jan 19 17:06:30 2021]: Planting random seeds...

[Info][Tue Jan 19 17:06:31 2021]: Planting random seeds...

[Info][Tue Jan 19 17:06:31 2021]: Planting random seeds...

[Info][Tue Jan 19 17:06:32 2021]: Planting random seeds...

[Info][Tue Jan 19 17:06:33 2021]: Planting random seeds...

[Info][Tue Jan 19 17:06:54 2021]: Planting random seeds...

[Info][Tue Jan 19 17:07:09 2021]: Planting random seeds...

[Info][Tue Jan 19 17:51:34 2021]: > Broadcasted message: "Jamais informe os dados da sua conta em qualquer site que não seja o PokeNordic.com, a equipe não da itens ou pokemons.".

[Info][Tue Jan 19 17:51:34 2021]: > Broadcasted message: "Never let the data of your account on any site other than PokeNordic.com, the staff not give any item or pokemon.".

[Info][Tue Jan 19 18:36:35 2021]: > Broadcasted message: "Pense duas vezes antes de usar qualquer tipo de bot ou hack no seu personagem, isto não será tolerado e seu personagem será deletado. Jogue limpo.".

[Info][Tue Jan 19 18:36:35 2021]: > Broadcasted message: "Think twice before using any bot or hack on your character, it will not be tolerated and your character will be deleted. Play nice.".

[Info][Tue Jan 19 18:48:07 2021]: Planting random seeds...

[Info][Tue Jan 19 18:48:08 2021]: Planting random seeds...

[Info][Tue Jan 19 18:48:09 2021]: Planting random seeds...

[Info][Tue Jan 19 18:48:09 2021]: Planting random seeds...

[Info][Tue Jan 19 18:48:10 2021]: Planting random seeds...

[Info][Tue Jan 19 18:48:11 2021]: Planting random seeds...

[Info][Tue Jan 19 18:48:12 2021]: Planting random seeds...

[Info][Tue Jan 19 18:48:33 2021]: Planting random seeds...

[Info][Tue Jan 19 18:48:48 2021]: Planting random seeds...

[Info][Tue Jan 19 19:57:51 2021]: Planting random seeds...

[Info][Tue Jan 19 19:57:51 2021]: Planting random seeds...

[Info][Tue Jan 19 19:57:52 2021]: Planting random seeds...

[Info][Tue Jan 19 19:57:53 2021]: Planting random seeds...

[Info][Tue Jan 19 19:57:54 2021]: Planting random seeds...

[Info][Tue Jan 19 19:57:55 2021]: Planting random seeds...

[Info][Tue Jan 19 19:57:56 2021]: Planting random seeds...

[Info][Tue Jan 19 19:58:25 2021]: Planting random seeds...

[Info][Tue Jan 19 19:58:42 2021]: Planting random seeds...

[Info][Tue Jan 19 20:42:57 2021]: > Broadcasted message: "Jamais informe os dados da sua conta em qualquer site que não seja o PokeNordic.com, a equipe não da itens ou pokemons.".

[Info][Tue Jan 19 20:42:57 2021]: > Broadcasted message: "Never let the data of your account on any site other than PokeNordic.com, the staff not give any item or pokemon.".

[Info][Tue Jan 19 21:27:58 2021]: > Broadcasted message: "Pense duas vezes antes de usar qualquer tipo de bot ou hack no seu personagem, isto não será tolerado e seu personagem será deletado. Jogue limpo.".

[Info][Tue Jan 19 21:27:58 2021]: > Broadcasted message: "Think twice before using any bot or hack on your character, it will not be tolerated and your character will be deleted. Play nice.".

[Info][Tue Jan 19 22:12:59 2021]: > Broadcasted message: "Você precisa de alguma informação sobre o jogo? Acesse agora: http://www.PokeNordic.com/blogCategories/1-tutorials".

[Info][Tue Jan 19 22:12:59 2021]: > Broadcasted message: "Do you need any information about the game? Visit now: http://www.PokeNordic.com/blogCategories/1-tutorials".

[Info][Tue Jan 19 22:58:00 2021]: > Broadcasted message: "Gostou do jogo? Então comece a divulga-lo agora mesmo! Chame seus amigos para jogar! Assim você se diverte muito mais e ajuda a manter o projeto!".

[Info][Tue Jan 19 22:58:00 2021]: > Broadcasted message: "Did you like the game? Then start to publish it right now! Call your friends to play! So you enjoy a lot more and helps keep the project!".

