[Info][Mon Jun 01 00:00:13 2020]: > Broadcasted message: "Fique por dentro das novidades, dê sua opinião e participe do desenvolvimento do jogo! Acesse: http://forum.PokeNordic.com/".

[Info][Mon Jun 01 00:00:13 2020]: > Broadcasted message: "Check out the news, give your opinion and participate in the development of the game! Access: http://forum.PokeNordic.com/".

[Info][Mon Jun 01 00:45:14 2020]: > Broadcasted message: "Você quer deixar alguma mensagem, comentário ou sugestão para os desenvolvedores do Pokenordic? Acesse: http://www.PokeNordic.com/accounts/sendFeedback".

[Info][Mon Jun 01 00:45:14 2020]: > Broadcasted message: "You want to leave a message, comment or suggestion to the Pokenordic developers? Visit now: http://www.PokeNordic.com/accounts/sendFeedback".

[Info][Mon Jun 01 01:30:15 2020]: > Broadcasted message: "Jamais informe os dados da sua conta em qualquer site que não seja o PokeNordic.com, a equipe não da itens ou pokemons.".

[Info][Mon Jun 01 01:30:15 2020]: > Broadcasted message: "Never let the data of your account on any site other than PokeNordic.com, the staff not give any item or pokemon.".

[Info][Mon Jun 01 02:15:16 2020]: > Broadcasted message: "Pense duas vezes antes de usar qualquer tipo de bot ou hack no seu personagem, isto não será tolerado e seu personagem será deletado. Jogue limpo.".

[Info][Mon Jun 01 02:15:16 2020]: > Broadcasted message: "Think twice before using any bot or hack on your character, it will not be tolerated and your character will be deleted. Play nice.".

[Info][Mon Jun 01 03:00:17 2020]: > Broadcasted message: "Você precisa de alguma informação sobre o jogo? Acesse agora: http://www.PokeNordic.com/blogCategories/1-tutorials".

[Info][Mon Jun 01 03:00:17 2020]: > Broadcasted message: "Do you need any information about the game? Visit now: http://www.PokeNordic.com/blogCategories/1-tutorials".

[Info][Mon Jun 01 03:45:18 2020]: > Broadcasted message: "Gostou do jogo? Então comece a divulga-lo agora mesmo! Chame seus amigos para jogar! Assim você se diverte muito mais e ajuda a manter o projeto!".

[Info][Mon Jun 01 03:45:18 2020]: > Broadcasted message: "Did you like the game? Then start to publish it right now! Call your friends to play! So you enjoy a lot more and helps keep the project!".

[Info][Mon Jun 01 04:30:19 2020]: > Broadcasted message: "Nunca coloque os dados de sua conta em qualquer site que não seja o oficial do Pokenordic (http://www.PokeNordic.com)! Cuide de sua conta!".

[Info][Mon Jun 01 04:30:19 2020]: > Broadcasted message: "Never put your account information at any site other than the official Pokenordic (http://www.PokeNordic.com)! Take care of your account!".

[Info][Mon Jun 01 05:15:20 2020]: > Broadcasted message: "Fique por dentro do que aconteceu nas últimas rodadas dos torneios do Pokenordic! Acesse: http://www.PokeNordic.com/TournamentHistories/view".

[Info][Mon Jun 01 05:15:20 2020]: > Broadcasted message: "Stay tunned of what happened in the later rounds of Pokenordic tournaments! Visit now: http://www.PokeNordic.com/TournamentHistories/view".

[Info][Mon Jun 01 06:00:21 2020]: > Broadcasted message: "Fique por dentro das novidades, dê sua opinião e participe do desenvolvimento do jogo! Acesse: http://forum.PokeNordic.com/".

[Info][Mon Jun 01 06:00:21 2020]: > Broadcasted message: "Check out the news, give your opinion and participate in the development of the game! Access: http://forum.PokeNordic.com/".

[Info][Mon Jun 01 06:45:22 2020]: > Broadcasted message: "Você quer deixar alguma mensagem, comentário ou sugestão para os desenvolvedores do Pokenordic? Acesse: http://www.PokeNordic.com/accounts/sendFeedback".

[Info][Mon Jun 01 06:45:22 2020]: > Broadcasted message: "You want to leave a message, comment or suggestion to the Pokenordic developers? Visit now: http://www.PokeNordic.com/accounts/sendFeedback".

[Info][Mon Jun 01 07:30:23 2020]: > Broadcasted message: "Jamais informe os dados da sua conta em qualquer site que não seja o PokeNordic.com, a equipe não da itens ou pokemons.".

[Info][Mon Jun 01 07:30:23 2020]: > Broadcasted message: "Never let the data of your account on any site other than PokeNordic.com, the staff not give any item or pokemon.".

[Info][Mon Jun 01 08:15:24 2020]: > Broadcasted message: "Pense duas vezes antes de usar qualquer tipo de bot ou hack no seu personagem, isto não será tolerado e seu personagem será deletado. Jogue limpo.".

[Info][Mon Jun 01 08:15:24 2020]: > Broadcasted message: "Think twice before using any bot or hack on your character, it will not be tolerated and your character will be deleted. Play nice.".

[Info][Mon Jun 01 09:00:25 2020]: > Broadcasted message: "Você precisa de alguma informação sobre o jogo? Acesse agora: http://www.PokeNordic.com/blogCategories/1-tutorials".

[Info][Mon Jun 01 09:00:25 2020]: > Broadcasted message: "Do you need any information about the game? Visit now: http://www.PokeNordic.com/blogCategories/1-tutorials".

[Info][Mon Jun 01 14:40:01 2020]: Planting random seeds...

[Info][Mon Jun 01 14:40:02 2020]: Planting random seeds...

[Info][Mon Jun 01 14:40:03 2020]: Planting random seeds...

[Info][Mon Jun 01 14:40:04 2020]: Planting random seeds...

[Info][Mon Jun 01 14:40:05 2020]: Planting random seeds...

[Info][Mon Jun 01 14:40:06 2020]: Planting random seeds...

[Info][Mon Jun 01 14:40:07 2020]: Planting random seeds...

[Info][Mon Jun 01 14:40:38 2020]: Planting random seeds...

[Info][Mon Jun 01 14:40:45 2020]: Planting random seeds...

[Info][Mon Jun 01 14:45:19 2020]: Planting random seeds...

[Info][Mon Jun 01 14:45:20 2020]: Planting random seeds...

[Info][Mon Jun 01 14:45:21 2020]: Planting random seeds...

[Info][Mon Jun 01 14:45:23 2020]: Planting random seeds...

[Info][Mon Jun 01 14:45:24 2020]: Planting random seeds...

[Info][Mon Jun 01 14:45:25 2020]: Planting random seeds...

[Info][Mon Jun 01 14:45:26 2020]: Planting random seeds...

[Info][Mon Jun 01 14:45:56 2020]: Planting random seeds...

[Info][Mon Jun 01 14:46:03 2020]: Planting random seeds...

[Info][Mon Jun 01 15:11:49 2020]: Planting random seeds...

[Info][Mon Jun 01 15:11:50 2020]: Planting random seeds...

[Info][Mon Jun 01 15:11:52 2020]: Planting random seeds...

[Info][Mon Jun 01 15:11:53 2020]: Planting random seeds...

[Info][Mon Jun 01 15:11:54 2020]: Planting random seeds...

[Info][Mon Jun 01 15:11:55 2020]: Planting random seeds...

[Info][Mon Jun 01 15:11:56 2020]: Planting random seeds...

[Info][Mon Jun 01 15:12:26 2020]: Planting random seeds...

[Info][Mon Jun 01 15:12:34 2020]: Planting random seeds...

[Info][Mon Jun 01 15:17:56 2020]: Planting random seeds...

[Info][Mon Jun 01 15:17:57 2020]: Planting random seeds...

[Info][Mon Jun 01 15:17:58 2020]: Planting random seeds...

[Info][Mon Jun 01 15:17:59 2020]: Planting random seeds...

[Info][Mon Jun 01 15:18:01 2020]: Planting random seeds...

[Info][Mon Jun 01 15:18:02 2020]: Planting random seeds...

[Info][Mon Jun 01 15:18:03 2020]: Planting random seeds...

[Info][Mon Jun 01 15:18:34 2020]: Planting random seeds...

[Info][Mon Jun 01 15:18:41 2020]: Planting random seeds...

[Info][Mon Jun 01 15:27:45 2020]: Planting random seeds...

[Info][Mon Jun 01 15:27:46 2020]: Planting random seeds...

[Info][Mon Jun 01 15:27:47 2020]: Planting random seeds...

[Info][Mon Jun 01 15:27:48 2020]: Planting random seeds...

[Info][Mon Jun 01 15:27:49 2020]: Planting random seeds...

[Info][Mon Jun 01 15:27:50 2020]: Planting random seeds...

[Info][Mon Jun 01 15:27:52 2020]: Planting random seeds...

[Info][Mon Jun 01 15:28:22 2020]: Planting random seeds...

[Info][Mon Jun 01 15:28:29 2020]: Planting random seeds...

[Info][Mon Jun 01 15:30:50 2020]: Planting random seeds...

[Info][Mon Jun 01 15:30:51 2020]: Planting random seeds...

[Info][Mon Jun 01 15:30:52 2020]: Planting random seeds...

[Info][Mon Jun 01 15:30:53 2020]: Planting random seeds...

[Info][Mon Jun 01 15:30:54 2020]: Planting random seeds...

[Info][Mon Jun 01 15:30:55 2020]: Planting random seeds...

[Info][Mon Jun 01 15:30:56 2020]: Planting random seeds...

[Info][Mon Jun 01 15:31:27 2020]: Planting random seeds...

[Info][Mon Jun 01 15:31:34 2020]: Planting random seeds...

[Info][Mon Jun 01 15:37:17 2020]: Planting random seeds...

[Info][Mon Jun 01 15:37:18 2020]: Planting random seeds...

[Info][Mon Jun 01 15:37:19 2020]: Planting random seeds...

[Info][Mon Jun 01 15:37:20 2020]: Planting random seeds...

[Info][Mon Jun 01 15:37:21 2020]: Planting random seeds...

[Info][Mon Jun 01 15:37:23 2020]: Planting random seeds...

[Info][Mon Jun 01 15:37:24 2020]: Planting random seeds...

[Info][Mon Jun 01 15:37:54 2020]: Planting random seeds...

[Info][Mon Jun 01 15:38:01 2020]: Planting random seeds...

[Info][Mon Jun 01 16:22:25 2020]: > Broadcasted message: "Jamais informe os dados da sua conta em qualquer site que não seja o PokeNordic.com, a equipe não da itens ou pokemons.".

[Info][Mon Jun 01 16:22:25 2020]: > Broadcasted message: "Never let the data of your account on any site other than PokeNordic.com, the staff not give any item or pokemon.".

[Info][Mon Jun 01 17:07:26 2020]: > Broadcasted message: "Pense duas vezes antes de usar qualquer tipo de bot ou hack no seu personagem, isto não será tolerado e seu personagem será deletado. Jogue limpo.".

[Info][Mon Jun 01 17:07:26 2020]: > Broadcasted message: "Think twice before using any bot or hack on your character, it will not be tolerated and your character will be deleted. Play nice.".

[Info][Mon Jun 01 17:52:27 2020]: > Broadcasted message: "Você precisa de alguma informação sobre o jogo? Acesse agora: http://www.PokeNordic.com/blogCategories/1-tutorials".

[Info][Mon Jun 01 17:52:27 2020]: > Broadcasted message: "Do you need any information about the game? Visit now: http://www.PokeNordic.com/blogCategories/1-tutorials".

[Info][Mon Jun 01 18:37:28 2020]: > Broadcasted message: "Gostou do jogo? Então comece a divulga-lo agora mesmo! Chame seus amigos para jogar! Assim você se diverte muito mais e ajuda a manter o projeto!".

[Info][Mon Jun 01 18:37:28 2020]: > Broadcasted message: "Did you like the game? Then start to publish it right now! Call your friends to play! So you enjoy a lot more and helps keep the project!".

[Info][Mon Jun 01 19:22:29 2020]: > Broadcasted message: "Nunca coloque os dados de sua conta em qualquer site que não seja o oficial do Pokenordic (http://www.PokeNordic.com)! Cuide de sua conta!".

[Info][Mon Jun 01 19:22:29 2020]: > Broadcasted message: "Never put your account information at any site other than the official Pokenordic (http://www.PokeNordic.com)! Take care of your account!".

[Info][Mon Jun 01 20:07:30 2020]: > Broadcasted message: "Fique por dentro do que aconteceu nas últimas rodadas dos torneios do Pokenordic! Acesse: http://www.PokeNordic.com/TournamentHistories/view".

[Info][Mon Jun 01 20:07:30 2020]: > Broadcasted message: "Stay tunned of what happened in the later rounds of Pokenordic tournaments! Visit now: http://www.PokeNordic.com/TournamentHistories/view".

[Info][Mon Jun 01 20:52:31 2020]: > Broadcasted message: "Fique por dentro das novidades, dê sua opinião e participe do desenvolvimento do jogo! Acesse: http://forum.PokeNordic.com/".

[Info][Mon Jun 01 20:52:31 2020]: > Broadcasted message: "Check out the news, give your opinion and participate in the development of the game! Access: http://forum.PokeNordic.com/".

[Info][Mon Jun 01 21:37:32 2020]: > Broadcasted message: "Você quer deixar alguma mensagem, comentário ou sugestão para os desenvolvedores do Pokenordic? Acesse: http://www.PokeNordic.com/accounts/sendFeedback".

[Info][Mon Jun 01 21:37:32 2020]: > Broadcasted message: "You want to leave a message, comment or suggestion to the Pokenordic developers? Visit now: http://www.PokeNordic.com/accounts/sendFeedback".

[Info][Mon Jun 01 22:22:33 2020]: > Broadcasted message: "Jamais informe os dados da sua conta em qualquer site que não seja o PokeNordic.com, a equipe não da itens ou pokemons.".

[Info][Mon Jun 01 22:22:33 2020]: > Broadcasted message: "Never let the data of your account on any site other than PokeNordic.com, the staff not give any item or pokemon.".

[Info][Mon Jun 01 23:07:34 2020]: > Broadcasted message: "Pense duas vezes antes de usar qualquer tipo de bot ou hack no seu personagem, isto não será tolerado e seu personagem será deletado. Jogue limpo.".

[Info][Mon Jun 01 23:07:34 2020]: > Broadcasted message: "Think twice before using any bot or hack on your character, it will not be tolerated and your character will be deleted. Play nice.".

[Info][Mon Jun 01 23:52:35 2020]: > Broadcasted message: "Você precisa de alguma informação sobre o jogo? Acesse agora: http://www.PokeNordic.com/blogCategories/1-tutorials".

[Info][Mon Jun 01 23:52:35 2020]: > Broadcasted message: "Do you need any information about the game? Visit now: http://www.PokeNordic.com/blogCategories/1-tutorials".

