[Info][Wed Jan 13 15:42:08 2021]: Planting random seeds...

[Info][Wed Jan 13 15:42:09 2021]: Planting random seeds...

[Info][Wed Jan 13 15:42:10 2021]: Planting random seeds...

[Info][Wed Jan 13 15:42:11 2021]: Planting random seeds...

[Info][Wed Jan 13 15:42:12 2021]: Planting random seeds...

[Info][Wed Jan 13 15:42:13 2021]: Planting random seeds...

[Info][Wed Jan 13 15:42:14 2021]: Planting random seeds...

[Info][Wed Jan 13 15:42:35 2021]: Planting random seeds...

[Info][Wed Jan 13 15:42:52 2021]: Planting random seeds...

[Info][Wed Jan 13 16:51:05 2021]: Planting random seeds...

[Info][Wed Jan 13 16:51:05 2021]: Planting random seeds...

[Info][Wed Jan 13 16:51:06 2021]: Planting random seeds...

[Info][Wed Jan 13 16:51:07 2021]: Planting random seeds...

[Info][Wed Jan 13 16:51:08 2021]: Planting random seeds...

[Info][Wed Jan 13 16:51:09 2021]: Planting random seeds...

[Info][Wed Jan 13 18:24:42 2021]: Planting random seeds...

[Info][Wed Jan 13 18:24:43 2021]: Planting random seeds...

[Info][Wed Jan 13 18:24:44 2021]: Planting random seeds...

[Info][Wed Jan 13 18:24:45 2021]: Planting random seeds...

[Info][Wed Jan 13 18:24:46 2021]: Planting random seeds...

[Info][Wed Jan 13 18:24:46 2021]: Planting random seeds...

[Info][Wed Jan 13 18:24:47 2021]: Planting random seeds...

[Info][Wed Jan 13 18:25:06 2021]: Planting random seeds...

[Info][Wed Jan 13 18:25:21 2021]: Planting random seeds...

[Info][Wed Jan 13 19:09:48 2021]: > Broadcasted message: "Jamais informe os dados da sua conta em qualquer site que não seja o PokeNordic.com, a equipe não da itens ou pokemons.".

[Info][Wed Jan 13 19:09:48 2021]: > Broadcasted message: "Never let the data of your account on any site other than PokeNordic.com, the staff not give any item or pokemon.".

[Info][Wed Jan 13 20:44:40 2021]: Planting random seeds...

[Info][Wed Jan 13 20:44:41 2021]: Planting random seeds...

[Info][Wed Jan 13 20:44:41 2021]: Planting random seeds...

[Info][Wed Jan 13 20:44:42 2021]: Planting random seeds...

[Info][Wed Jan 13 20:44:43 2021]: Planting random seeds...

[Info][Wed Jan 13 20:44:44 2021]: Planting random seeds...

[Info][Wed Jan 13 20:44:44 2021]: Planting random seeds...

[Info][Wed Jan 13 20:45:02 2021]: Planting random seeds...

[Info][Wed Jan 13 20:45:16 2021]: Planting random seeds...

[Info][Wed Jan 13 20:56:34 2021]: Planting random seeds...

[Info][Wed Jan 13 20:56:35 2021]: Planting random seeds...

[Info][Wed Jan 13 20:56:36 2021]: Planting random seeds...

[Info][Wed Jan 13 20:56:37 2021]: Planting random seeds...

[Info][Wed Jan 13 20:56:37 2021]: Planting random seeds...

[Info][Wed Jan 13 20:56:38 2021]: Planting random seeds...

[Info][Wed Jan 13 20:56:39 2021]: Planting random seeds...

[Info][Wed Jan 13 20:56:58 2021]: Planting random seeds...

[Info][Wed Jan 13 20:57:12 2021]: Planting random seeds...

[Info][Wed Jan 13 20:58:50 2021]: Planting random seeds...

[Info][Wed Jan 13 20:58:50 2021]: Planting random seeds...

[Info][Wed Jan 13 20:58:51 2021]: Planting random seeds...

[Info][Wed Jan 13 20:58:52 2021]: Planting random seeds...

[Info][Wed Jan 13 20:58:53 2021]: Planting random seeds...

[Info][Wed Jan 13 20:58:54 2021]: Planting random seeds...

[Info][Wed Jan 13 20:58:54 2021]: Planting random seeds...

[Info][Wed Jan 13 20:59:12 2021]: Planting random seeds...

[Info][Wed Jan 13 20:59:26 2021]: Planting random seeds...

[Info][Wed Jan 13 21:07:36 2021]: Planting random seeds...

[Info][Wed Jan 13 21:07:37 2021]: Planting random seeds...

[Info][Wed Jan 13 21:07:37 2021]: Planting random seeds...

[Info][Wed Jan 13 21:07:38 2021]: Planting random seeds...

[Info][Wed Jan 13 21:07:39 2021]: Planting random seeds...

[Info][Wed Jan 13 21:07:40 2021]: Planting random seeds...

[Info][Wed Jan 13 21:07:40 2021]: Planting random seeds...

[Info][Wed Jan 13 21:07:59 2021]: Planting random seeds...

[Info][Wed Jan 13 21:08:12 2021]: Planting random seeds...

[Info][Wed Jan 13 21:11:15 2021]: Planting random seeds...

[Info][Wed Jan 13 21:11:16 2021]: Planting random seeds...

[Info][Wed Jan 13 21:11:16 2021]: Planting random seeds...

[Info][Wed Jan 13 21:11:17 2021]: Planting random seeds...

[Info][Wed Jan 13 21:11:18 2021]: Planting random seeds...

[Info][Wed Jan 13 21:11:19 2021]: Planting random seeds...

[Info][Wed Jan 13 21:11:20 2021]: Planting random seeds...

[Info][Wed Jan 13 21:11:38 2021]: Planting random seeds...

[Info][Wed Jan 13 21:11:52 2021]: Planting random seeds...

[Info][Wed Jan 13 21:13:27 2021]: Planting random seeds...

[Info][Wed Jan 13 21:13:27 2021]: Planting random seeds...

[Info][Wed Jan 13 21:13:28 2021]: Planting random seeds...

[Info][Wed Jan 13 21:13:29 2021]: Planting random seeds...

[Info][Wed Jan 13 21:13:30 2021]: Planting random seeds...

[Info][Wed Jan 13 21:13:31 2021]: Planting random seeds...

[Info][Wed Jan 13 21:13:31 2021]: Planting random seeds...

[Info][Wed Jan 13 21:13:49 2021]: Planting random seeds...

[Info][Wed Jan 13 21:14:03 2021]: Planting random seeds...

[Info][Wed Jan 13 21:58:32 2021]: > Broadcasted message: "Jamais informe os dados da sua conta em qualquer site que não seja o PokeNordic.com, a equipe não da itens ou pokemons.".

[Info][Wed Jan 13 21:58:32 2021]: > Broadcasted message: "Never let the data of your account on any site other than PokeNordic.com, the staff not give any item or pokemon.".

[Info][Wed Jan 13 22:43:33 2021]: > Broadcasted message: "Pense duas vezes antes de usar qualquer tipo de bot ou hack no seu personagem, isto não será tolerado e seu personagem será deletado. Jogue limpo.".

[Info][Wed Jan 13 22:43:33 2021]: > Broadcasted message: "Think twice before using any bot or hack on your character, it will not be tolerated and your character will be deleted. Play nice.".

[Info][Wed Jan 13 23:16:35 2021]: Planting random seeds...

[Info][Wed Jan 13 23:16:36 2021]: Planting random seeds...

[Info][Wed Jan 13 23:16:36 2021]: Planting random seeds...

[Info][Wed Jan 13 23:16:37 2021]: Planting random seeds...

[Info][Wed Jan 13 23:16:38 2021]: Planting random seeds...

[Info][Wed Jan 13 23:16:39 2021]: Planting random seeds...

[Info][Wed Jan 13 23:16:40 2021]: Planting random seeds...

[Info][Wed Jan 13 23:18:35 2021]: Planting random seeds...

[Info][Wed Jan 13 23:18:35 2021]: Planting random seeds...

[Info][Wed Jan 13 23:18:36 2021]: Planting random seeds...

[Info][Wed Jan 13 23:18:37 2021]: Planting random seeds...

[Info][Wed Jan 13 23:18:38 2021]: Planting random seeds...

[Info][Wed Jan 13 23:18:38 2021]: Planting random seeds...

[Info][Wed Jan 13 23:18:39 2021]: Planting random seeds...

[Info][Wed Jan 13 23:18:57 2021]: Planting random seeds...

[Info][Wed Jan 13 23:19:13 2021]: Planting random seeds...

[Info][Wed Jan 13 23:40:09 2021]: Planting random seeds...

[Info][Wed Jan 13 23:40:10 2021]: Planting random seeds...

[Info][Wed Jan 13 23:40:11 2021]: Planting random seeds...

[Info][Wed Jan 13 23:40:11 2021]: Planting random seeds...

[Info][Wed Jan 13 23:40:12 2021]: Planting random seeds...

[Info][Wed Jan 13 23:40:13 2021]: Planting random seeds...

[Info][Wed Jan 13 23:40:14 2021]: Planting random seeds...

[Info][Wed Jan 13 23:40:32 2021]: Planting random seeds...

[Info][Wed Jan 13 23:40:47 2021]: Planting random seeds...

