[Info][Wed Jan 20 06:17:26 2021]: Planting random seeds...

[Info][Wed Jan 20 06:17:27 2021]: Planting random seeds...

[Info][Wed Jan 20 06:17:30 2021]: Planting random seeds...

[Info][Wed Jan 20 06:17:31 2021]: Planting random seeds...

[Info][Wed Jan 20 06:17:32 2021]: Planting random seeds...

[Info][Wed Jan 20 06:17:33 2021]: Planting random seeds...

[Info][Wed Jan 20 06:17:34 2021]: Planting random seeds...

[Info][Wed Jan 20 06:18:05 2021]: Planting random seeds...

[Info][Wed Jan 20 06:18:22 2021]: Planting random seeds...

[Info][Wed Jan 20 07:02:35 2021]: > Broadcasted message: "Jamais informe os dados da sua conta em qualquer site que não seja o PokeNordic.com, a equipe não da itens ou pokemons.".

[Info][Wed Jan 20 07:02:35 2021]: > Broadcasted message: "Never let the data of your account on any site other than PokeNordic.com, the staff not give any item or pokemon.".

[Info][Wed Jan 20 07:47:36 2021]: > Broadcasted message: "Pense duas vezes antes de usar qualquer tipo de bot ou hack no seu personagem, isto não será tolerado e seu personagem será deletado. Jogue limpo.".

[Info][Wed Jan 20 07:47:36 2021]: > Broadcasted message: "Think twice before using any bot or hack on your character, it will not be tolerated and your character will be deleted. Play nice.".

[Info][Wed Jan 20 08:32:37 2021]: > Broadcasted message: "Você precisa de alguma informação sobre o jogo? Acesse agora: http://www.PokeNordic.com/blogCategories/1-tutorials".

[Info][Wed Jan 20 08:32:37 2021]: > Broadcasted message: "Do you need any information about the game? Visit now: http://www.PokeNordic.com/blogCategories/1-tutorials".

[Info][Wed Jan 20 09:17:38 2021]: > Broadcasted message: "Gostou do jogo? Então comece a divulga-lo agora mesmo! Chame seus amigos para jogar! Assim você se diverte muito mais e ajuda a manter o projeto!".

[Info][Wed Jan 20 09:17:38 2021]: > Broadcasted message: "Did you like the game? Then start to publish it right now! Call your friends to play! So you enjoy a lot more and helps keep the project!".

[Info][Wed Jan 20 10:02:39 2021]: > Broadcasted message: "Nunca coloque os dados de sua conta em qualquer site que não seja o oficial do Pokenordic (http://www.PokeNordic.com)! Cuide de sua conta!".

[Info][Wed Jan 20 10:02:39 2021]: > Broadcasted message: "Never put your account information at any site other than the official Pokenordic (http://www.PokeNordic.com)! Take care of your account!".

[Info][Wed Jan 20 10:47:40 2021]: > Broadcasted message: "Fique por dentro do que aconteceu nas últimas rodadas dos torneios do Pokenordic! Acesse: http://www.PokeNordic.com/TournamentHistories/view".

[Info][Wed Jan 20 10:47:40 2021]: > Broadcasted message: "Stay tunned of what happened in the later rounds of Pokenordic tournaments! Visit now: http://www.PokeNordic.com/TournamentHistories/view".

[Info][Wed Jan 20 11:32:41 2021]: > Broadcasted message: "Fique por dentro das novidades, dê sua opinião e participe do desenvolvimento do jogo! Acesse: http://forum.PokeNordic.com/".

[Info][Wed Jan 20 11:32:41 2021]: > Broadcasted message: "Check out the news, give your opinion and participate in the development of the game! Access: http://forum.PokeNordic.com/".

[Info][Wed Jan 20 12:17:42 2021]: > Broadcasted message: "Você quer deixar alguma mensagem, comentário ou sugestão para os desenvolvedores do Pokenordic? Acesse: http://www.PokeNordic.com/accounts/sendFeedback".

[Info][Wed Jan 20 12:17:42 2021]: > Broadcasted message: "You want to leave a message, comment or suggestion to the Pokenordic developers? Visit now: http://www.PokeNordic.com/accounts/sendFeedback".

[Info][Wed Jan 20 13:02:43 2021]: > Broadcasted message: "Jamais informe os dados da sua conta em qualquer site que não seja o PokeNordic.com, a equipe não da itens ou pokemons.".

[Info][Wed Jan 20 13:02:43 2021]: > Broadcasted message: "Never let the data of your account on any site other than PokeNordic.com, the staff not give any item or pokemon.".

[Info][Wed Jan 20 13:47:44 2021]: > Broadcasted message: "Pense duas vezes antes de usar qualquer tipo de bot ou hack no seu personagem, isto não será tolerado e seu personagem será deletado. Jogue limpo.".

[Info][Wed Jan 20 13:47:44 2021]: > Broadcasted message: "Think twice before using any bot or hack on your character, it will not be tolerated and your character will be deleted. Play nice.".

[Info][Wed Jan 20 14:32:45 2021]: > Broadcasted message: "Você precisa de alguma informação sobre o jogo? Acesse agora: http://www.PokeNordic.com/blogCategories/1-tutorials".

[Info][Wed Jan 20 14:32:45 2021]: > Broadcasted message: "Do you need any information about the game? Visit now: http://www.PokeNordic.com/blogCategories/1-tutorials".

[Info][Wed Jan 20 15:17:46 2021]: > Broadcasted message: "Gostou do jogo? Então comece a divulga-lo agora mesmo! Chame seus amigos para jogar! Assim você se diverte muito mais e ajuda a manter o projeto!".

[Info][Wed Jan 20 15:17:46 2021]: > Broadcasted message: "Did you like the game? Then start to publish it right now! Call your friends to play! So you enjoy a lot more and helps keep the project!".

[Info][Wed Jan 20 15:18:24 2021]: Planting random seeds...

[Info][Wed Jan 20 15:18:25 2021]: Planting random seeds...

[Info][Wed Jan 20 15:18:27 2021]: Planting random seeds...

[Info][Wed Jan 20 15:18:28 2021]: Planting random seeds...

[Info][Wed Jan 20 15:18:29 2021]: Planting random seeds...

[Info][Wed Jan 20 15:18:30 2021]: Planting random seeds...

[Info][Wed Jan 20 15:18:31 2021]: Planting random seeds...

[Info][Wed Jan 20 15:18:59 2021]: Planting random seeds...

[Info][Wed Jan 20 15:19:06 2021]: Planting random seeds...

[Info][Wed Jan 20 15:25:48 2021]: Planting random seeds...

[Info][Wed Jan 20 15:25:49 2021]: Planting random seeds...

[Info][Wed Jan 20 15:25:50 2021]: Planting random seeds...

[Info][Wed Jan 20 15:25:51 2021]: Planting random seeds...

[Info][Wed Jan 20 15:25:52 2021]: Planting random seeds...

[Info][Wed Jan 20 15:25:52 2021]: Planting random seeds...

[Info][Wed Jan 20 15:25:53 2021]: Planting random seeds...

[Info][Wed Jan 20 15:26:14 2021]: Planting random seeds...

[Info][Wed Jan 20 15:26:19 2021]: Planting random seeds...

[Info][Wed Jan 20 16:00:12 2021]: Planting random seeds...

[Info][Wed Jan 20 16:00:13 2021]: Planting random seeds...

[Info][Wed Jan 20 16:00:14 2021]: Planting random seeds...

[Info][Wed Jan 20 16:00:15 2021]: Planting random seeds...

[Info][Wed Jan 20 16:00:16 2021]: Planting random seeds...

[Info][Wed Jan 20 16:00:16 2021]: Planting random seeds...

[Info][Wed Jan 20 16:00:17 2021]: Planting random seeds...

[Info][Wed Jan 20 16:00:39 2021]: Planting random seeds...

[Info][Wed Jan 20 16:00:44 2021]: Planting random seeds...

[Info][Wed Jan 20 16:45:18 2021]: > Broadcasted message: "Jamais informe os dados da sua conta em qualquer site que não seja o PokeNordic.com, a equipe não da itens ou pokemons.".

[Info][Wed Jan 20 16:45:18 2021]: > Broadcasted message: "Never let the data of your account on any site other than PokeNordic.com, the staff not give any item or pokemon.".

[Info][Wed Jan 20 17:30:19 2021]: > Broadcasted message: "Pense duas vezes antes de usar qualquer tipo de bot ou hack no seu personagem, isto não será tolerado e seu personagem será deletado. Jogue limpo.".

[Info][Wed Jan 20 17:30:19 2021]: > Broadcasted message: "Think twice before using any bot or hack on your character, it will not be tolerated and your character will be deleted. Play nice.".

[Info][Wed Jan 20 18:15:20 2021]: > Broadcasted message: "Você precisa de alguma informação sobre o jogo? Acesse agora: http://www.PokeNordic.com/blogCategories/1-tutorials".

[Info][Wed Jan 20 18:15:20 2021]: > Broadcasted message: "Do you need any information about the game? Visit now: http://www.PokeNordic.com/blogCategories/1-tutorials".

[Info][Wed Jan 20 19:00:21 2021]: > Broadcasted message: "Gostou do jogo? Então comece a divulga-lo agora mesmo! Chame seus amigos para jogar! Assim você se diverte muito mais e ajuda a manter o projeto!".

[Info][Wed Jan 20 19:00:21 2021]: > Broadcasted message: "Did you like the game? Then start to publish it right now! Call your friends to play! So you enjoy a lot more and helps keep the project!".

[Info][Wed Jan 20 19:45:22 2021]: > Broadcasted message: "Nunca coloque os dados de sua conta em qualquer site que não seja o oficial do Pokenordic (http://www.PokeNordic.com)! Cuide de sua conta!".

[Info][Wed Jan 20 19:45:22 2021]: > Broadcasted message: "Never put your account information at any site other than the official Pokenordic (http://www.PokeNordic.com)! Take care of your account!".

[Info][Wed Jan 20 20:30:23 2021]: > Broadcasted message: "Fique por dentro do que aconteceu nas últimas rodadas dos torneios do Pokenordic! Acesse: http://www.PokeNordic.com/TournamentHistories/view".

[Info][Wed Jan 20 20:30:23 2021]: > Broadcasted message: "Stay tunned of what happened in the later rounds of Pokenordic tournaments! Visit now: http://www.PokeNordic.com/TournamentHistories/view".

[Info][Wed Jan 20 20:50:10 2021]: Planting random seeds...

[Info][Wed Jan 20 20:50:11 2021]: Planting random seeds...

[Info][Wed Jan 20 20:50:12 2021]: Planting random seeds...

[Info][Wed Jan 20 20:50:13 2021]: Planting random seeds...

[Info][Wed Jan 20 20:50:13 2021]: Planting random seeds...

[Info][Wed Jan 20 20:50:14 2021]: Planting random seeds...

[Info][Wed Jan 20 20:50:15 2021]: Planting random seeds...

[Info][Wed Jan 20 20:50:36 2021]: Planting random seeds...

[Info][Wed Jan 20 20:50:40 2021]: Planting random seeds...

[Info][Wed Jan 20 21:35:16 2021]: > Broadcasted message: "Jamais informe os dados da sua conta em qualquer site que não seja o PokeNordic.com, a equipe não da itens ou pokemons.".

[Info][Wed Jan 20 21:35:16 2021]: > Broadcasted message: "Never let the data of your account on any site other than PokeNordic.com, the staff not give any item or pokemon.".

[Info][Wed Jan 20 22:20:17 2021]: > Broadcasted message: "Pense duas vezes antes de usar qualquer tipo de bot ou hack no seu personagem, isto não será tolerado e seu personagem será deletado. Jogue limpo.".

[Info][Wed Jan 20 22:20:17 2021]: > Broadcasted message: "Think twice before using any bot or hack on your character, it will not be tolerated and your character will be deleted. Play nice.".

[Info][Wed Jan 20 23:05:18 2021]: > Broadcasted message: "Você precisa de alguma informação sobre o jogo? Acesse agora: http://www.PokeNordic.com/blogCategories/1-tutorials".

[Info][Wed Jan 20 23:05:18 2021]: > Broadcasted message: "Do you need any information about the game? Visit now: http://www.PokeNordic.com/blogCategories/1-tutorials".

[Info][Wed Jan 20 23:50:19 2021]: > Broadcasted message: "Gostou do jogo? Então comece a divulga-lo agora mesmo! Chame seus amigos para jogar! Assim você se diverte muito mais e ajuda a manter o projeto!".

[Info][Wed Jan 20 23:50:19 2021]: > Broadcasted message: "Did you like the game? Then start to publish it right now! Call your friends to play! So you enjoy a lot more and helps keep the project!".

