[Info][Mon Jan 25 00:38:11 2021]: > Broadcasted message: "Nunca coloque os dados de sua conta em qualquer site que não seja o oficial do Pokenordic (http://www.PokeNordic.com)! Cuide de sua conta!".

[Info][Mon Jan 25 00:38:11 2021]: > Broadcasted message: "Never put your account information at any site other than the official Pokenordic (http://www.PokeNordic.com)! Take care of your account!".

[Info][Mon Jan 25 02:09:43 2021]: Planting random seeds...

[Info][Mon Jan 25 02:09:44 2021]: Planting random seeds...

[Info][Mon Jan 25 02:09:45 2021]: Planting random seeds...

[Info][Mon Jan 25 02:09:46 2021]: Planting random seeds...

[Info][Mon Jan 25 02:09:47 2021]: Planting random seeds...

[Info][Mon Jan 25 02:09:48 2021]: Planting random seeds...

[Info][Mon Jan 25 02:09:48 2021]: Planting random seeds...

[Info][Mon Jan 25 02:10:10 2021]: Planting random seeds...

[Info][Mon Jan 25 02:10:15 2021]: Planting random seeds...

[Info][Mon Jan 25 02:15:34 2021]: Planting random seeds...

[Info][Mon Jan 25 02:15:35 2021]: Planting random seeds...

[Info][Mon Jan 25 02:15:36 2021]: Planting random seeds...

[Info][Mon Jan 25 02:15:37 2021]: Planting random seeds...

[Info][Mon Jan 25 02:15:38 2021]: Planting random seeds...

[Info][Mon Jan 25 02:15:39 2021]: Planting random seeds...

[Info][Mon Jan 25 02:15:40 2021]: Planting random seeds...

[Info][Mon Jan 25 02:16:02 2021]: Planting random seeds...

[Info][Mon Jan 25 02:16:06 2021]: Planting random seeds...

[Info][Mon Jan 25 02:26:11 2021]: Planting random seeds...

[Info][Mon Jan 25 02:26:12 2021]: Planting random seeds...

[Info][Mon Jan 25 02:26:13 2021]: Planting random seeds...

[Info][Mon Jan 25 02:26:14 2021]: Planting random seeds...

[Info][Mon Jan 25 02:26:14 2021]: Planting random seeds...

[Info][Mon Jan 25 02:26:15 2021]: Planting random seeds...

[Info][Mon Jan 25 02:26:16 2021]: Planting random seeds...

[Info][Mon Jan 25 02:26:38 2021]: Planting random seeds...

[Info][Mon Jan 25 02:26:43 2021]: Planting random seeds...

[Info][Mon Jan 25 02:31:09 2021]: Planting random seeds...

[Info][Mon Jan 25 02:31:10 2021]: Planting random seeds...

[Info][Mon Jan 25 02:31:11 2021]: Planting random seeds...

[Info][Mon Jan 25 02:31:12 2021]: Planting random seeds...

[Info][Mon Jan 25 02:31:13 2021]: Planting random seeds...

[Info][Mon Jan 25 02:31:14 2021]: Planting random seeds...

[Info][Mon Jan 25 02:31:15 2021]: Planting random seeds...

[Info][Mon Jan 25 02:31:36 2021]: Planting random seeds...

[Info][Mon Jan 25 02:31:41 2021]: Planting random seeds...

[Info][Mon Jan 25 02:34:48 2021]: Planting random seeds...

[Info][Mon Jan 25 02:34:49 2021]: Planting random seeds...

[Info][Mon Jan 25 02:34:50 2021]: Planting random seeds...

[Info][Mon Jan 25 02:34:51 2021]: Planting random seeds...

[Info][Mon Jan 25 02:34:52 2021]: Planting random seeds...

[Info][Mon Jan 25 02:34:53 2021]: Planting random seeds...

[Info][Mon Jan 25 02:34:54 2021]: Planting random seeds...

[Info][Mon Jan 25 02:35:15 2021]: Planting random seeds...

[Info][Mon Jan 25 02:35:20 2021]: Planting random seeds...

[Info][Mon Jan 25 02:42:45 2021]: Planting random seeds...

[Info][Mon Jan 25 02:42:46 2021]: Planting random seeds...

[Info][Mon Jan 25 02:42:47 2021]: Planting random seeds...

[Info][Mon Jan 25 02:42:48 2021]: Planting random seeds...

[Info][Mon Jan 25 02:42:49 2021]: Planting random seeds...

[Info][Mon Jan 25 02:42:50 2021]: Planting random seeds...

[Info][Mon Jan 25 02:42:51 2021]: Planting random seeds...

[Info][Mon Jan 25 02:43:28 2021]: Planting random seeds...

[Info][Mon Jan 25 02:43:37 2021]: Planting random seeds...

[Info][Mon Jan 25 09:25:31 2021]: Planting random seeds...

[Info][Mon Jan 25 09:25:32 2021]: Planting random seeds...

[Info][Mon Jan 25 09:25:33 2021]: Planting random seeds...

[Info][Mon Jan 25 09:25:34 2021]: Planting random seeds...

[Info][Mon Jan 25 09:25:35 2021]: Planting random seeds...

[Info][Mon Jan 25 09:25:36 2021]: Planting random seeds...

[Info][Mon Jan 25 09:25:36 2021]: Planting random seeds...

[Info][Mon Jan 25 09:25:58 2021]: Planting random seeds...

[Info][Mon Jan 25 09:26:03 2021]: Planting random seeds...

[Info][Mon Jan 25 09:35:34 2021]: Planting random seeds...

[Info][Mon Jan 25 09:35:34 2021]: Planting random seeds...

[Info][Mon Jan 25 09:35:35 2021]: Planting random seeds...

[Info][Mon Jan 25 09:35:36 2021]: Planting random seeds...

[Info][Mon Jan 25 09:35:37 2021]: Planting random seeds...

[Info][Mon Jan 25 09:35:38 2021]: Planting random seeds...

[Info][Mon Jan 25 09:35:39 2021]: Planting random seeds...

[Info][Mon Jan 25 09:36:00 2021]: Planting random seeds...

[Info][Mon Jan 25 09:36:05 2021]: Planting random seeds...

[Info][Mon Jan 25 09:36:45 2021]: Planting random seeds...

[Info][Mon Jan 25 09:36:46 2021]: Planting random seeds...

[Info][Mon Jan 25 09:36:47 2021]: Planting random seeds...

[Info][Mon Jan 25 09:36:48 2021]: Planting random seeds...

[Info][Mon Jan 25 09:36:49 2021]: Planting random seeds...

[Info][Mon Jan 25 09:36:50 2021]: Planting random seeds...

[Info][Mon Jan 25 09:36:51 2021]: Planting random seeds...

[Info][Mon Jan 25 09:37:12 2021]: Planting random seeds...

[Info][Mon Jan 25 09:37:17 2021]: Planting random seeds...

[Info][Mon Jan 25 09:39:21 2021]: Planting random seeds...

[Info][Mon Jan 25 09:39:22 2021]: Planting random seeds...

[Info][Mon Jan 25 09:39:23 2021]: Planting random seeds...

[Info][Mon Jan 25 09:39:24 2021]: Planting random seeds...

[Info][Mon Jan 25 09:39:25 2021]: Planting random seeds...

[Info][Mon Jan 25 09:39:26 2021]: Planting random seeds...

[Info][Mon Jan 25 09:39:27 2021]: Planting random seeds...

[Info][Mon Jan 25 09:39:48 2021]: Planting random seeds...

[Info][Mon Jan 25 09:39:53 2021]: Planting random seeds...

[Info][Mon Jan 25 10:24:28 2021]: > Broadcasted message: "Jamais informe os dados da sua conta em qualquer site que não seja o PokeNordic.com, a equipe não da itens ou pokemons.".

[Info][Mon Jan 25 10:24:28 2021]: > Broadcasted message: "Never let the data of your account on any site other than PokeNordic.com, the staff not give any item or pokemon.".

[Info][Mon Jan 25 11:09:29 2021]: > Broadcasted message: "Pense duas vezes antes de usar qualquer tipo de bot ou hack no seu personagem, isto não será tolerado e seu personagem será deletado. Jogue limpo.".

[Info][Mon Jan 25 11:09:29 2021]: > Broadcasted message: "Think twice before using any bot or hack on your character, it will not be tolerated and your character will be deleted. Play nice.".

[Info][Mon Jan 25 11:54:30 2021]: > Broadcasted message: "Você precisa de alguma informação sobre o jogo? Acesse agora: http://www.PokeNordic.com/blogCategories/1-tutorials".

[Info][Mon Jan 25 11:54:30 2021]: > Broadcasted message: "Do you need any information about the game? Visit now: http://www.PokeNordic.com/blogCategories/1-tutorials".

