[Info][Tue Jun 02 00:37:36 2020]: > Broadcasted message: "Gostou do jogo? Então comece a divulga-lo agora mesmo! Chame seus amigos para jogar! Assim você se diverte muito mais e ajuda a manter o projeto!".

[Info][Tue Jun 02 00:37:36 2020]: > Broadcasted message: "Did you like the game? Then start to publish it right now! Call your friends to play! So you enjoy a lot more and helps keep the project!".

[Info][Tue Jun 02 00:39:06 2020]: Planting random seeds...

[Info][Tue Jun 02 00:39:08 2020]: Planting random seeds...

[Info][Tue Jun 02 00:39:09 2020]: Planting random seeds...

[Info][Tue Jun 02 00:39:10 2020]: Planting random seeds...

[Info][Tue Jun 02 00:39:11 2020]: Planting random seeds...

[Info][Tue Jun 02 00:39:12 2020]: Planting random seeds...

[Info][Tue Jun 02 00:39:54 2020]: Planting random seeds...

[Info][Tue Jun 02 00:39:55 2020]: Planting random seeds...

[Info][Tue Jun 02 00:39:56 2020]: Planting random seeds...

[Info][Tue Jun 02 00:39:57 2020]: Planting random seeds...

[Info][Tue Jun 02 00:39:59 2020]: Planting random seeds...

[Info][Tue Jun 02 00:40:00 2020]: Planting random seeds...

[Info][Tue Jun 02 00:40:01 2020]: Planting random seeds...

[Info][Tue Jun 02 00:40:31 2020]: Planting random seeds...

[Info][Tue Jun 02 00:40:56 2020]: Planting random seeds...

[Info][Tue Jun 02 02:08:39 2020]: Planting random seeds...

[Info][Tue Jun 02 02:08:40 2020]: Planting random seeds...

[Info][Tue Jun 02 02:08:41 2020]: Planting random seeds...

[Info][Tue Jun 02 02:08:42 2020]: Planting random seeds...

[Info][Tue Jun 02 02:08:43 2020]: Planting random seeds...

[Info][Tue Jun 02 02:08:45 2020]: Planting random seeds...

[Info][Tue Jun 02 02:08:46 2020]: Planting random seeds...

[Info][Tue Jun 02 02:09:16 2020]: Planting random seeds...

[Info][Tue Jun 02 02:09:24 2020]: Planting random seeds...

[Info][Tue Jun 02 02:10:22 2020]: Planting random seeds...

[Info][Tue Jun 02 02:10:23 2020]: Planting random seeds...

[Info][Tue Jun 02 02:10:24 2020]: Planting random seeds...

[Info][Tue Jun 02 02:10:25 2020]: Planting random seeds...

[Info][Tue Jun 02 02:10:26 2020]: Planting random seeds...

[Info][Tue Jun 02 02:10:28 2020]: Planting random seeds...

[Info][Tue Jun 02 02:10:29 2020]: Planting random seeds...

[Info][Tue Jun 02 02:10:58 2020]: Planting random seeds...

[Info][Tue Jun 02 02:11:06 2020]: Planting random seeds...

[Info][Tue Jun 02 02:14:47 2020]: Planting random seeds...

[Info][Tue Jun 02 02:14:48 2020]: Planting random seeds...

[Info][Tue Jun 02 02:14:49 2020]: Planting random seeds...

[Info][Tue Jun 02 02:14:50 2020]: Planting random seeds...

[Info][Tue Jun 02 02:14:51 2020]: Planting random seeds...

[Info][Tue Jun 02 02:14:52 2020]: Planting random seeds...

[Info][Tue Jun 02 02:14:53 2020]: Planting random seeds...

[Info][Tue Jun 02 02:15:25 2020]: Planting random seeds...

[Info][Tue Jun 02 02:15:33 2020]: Planting random seeds...

[Info][Tue Jun 02 02:24:32 2020]: Planting random seeds...

[Info][Tue Jun 02 02:24:33 2020]: Planting random seeds...

[Info][Tue Jun 02 02:24:35 2020]: Planting random seeds...

[Info][Tue Jun 02 02:24:36 2020]: Planting random seeds...

[Info][Tue Jun 02 02:24:37 2020]: Planting random seeds...

[Info][Tue Jun 02 02:24:38 2020]: Planting random seeds...

[Info][Tue Jun 02 02:24:39 2020]: Planting random seeds...

[Info][Tue Jun 02 02:25:09 2020]: Planting random seeds...

[Info][Tue Jun 02 02:25:17 2020]: Planting random seeds...

[Info][Tue Jun 02 03:09:40 2020]: > Broadcasted message: "Jamais informe os dados da sua conta em qualquer site que não seja o PokeNordic.com, a equipe não da itens ou pokemons.".

[Info][Tue Jun 02 03:09:40 2020]: > Broadcasted message: "Never let the data of your account on any site other than PokeNordic.com, the staff not give any item or pokemon.".

[Info][Tue Jun 02 03:54:41 2020]: > Broadcasted message: "Pense duas vezes antes de usar qualquer tipo de bot ou hack no seu personagem, isto não será tolerado e seu personagem será deletado. Jogue limpo.".

[Info][Tue Jun 02 03:54:41 2020]: > Broadcasted message: "Think twice before using any bot or hack on your character, it will not be tolerated and your character will be deleted. Play nice.".

[Info][Tue Jun 02 04:39:42 2020]: > Broadcasted message: "Você precisa de alguma informação sobre o jogo? Acesse agora: http://www.PokeNordic.com/blogCategories/1-tutorials".

[Info][Tue Jun 02 04:39:42 2020]: > Broadcasted message: "Do you need any information about the game? Visit now: http://www.PokeNordic.com/blogCategories/1-tutorials".

[Info][Tue Jun 02 05:24:43 2020]: > Broadcasted message: "Gostou do jogo? Então comece a divulga-lo agora mesmo! Chame seus amigos para jogar! Assim você se diverte muito mais e ajuda a manter o projeto!".

[Info][Tue Jun 02 05:24:43 2020]: > Broadcasted message: "Did you like the game? Then start to publish it right now! Call your friends to play! So you enjoy a lot more and helps keep the project!".

[Info][Tue Jun 02 06:09:44 2020]: > Broadcasted message: "Nunca coloque os dados de sua conta em qualquer site que não seja o oficial do Pokenordic (http://www.PokeNordic.com)! Cuide de sua conta!".

[Info][Tue Jun 02 06:09:44 2020]: > Broadcasted message: "Never put your account information at any site other than the official Pokenordic (http://www.PokeNordic.com)! Take care of your account!".

[Info][Tue Jun 02 06:54:45 2020]: > Broadcasted message: "Fique por dentro do que aconteceu nas últimas rodadas dos torneios do Pokenordic! Acesse: http://www.PokeNordic.com/TournamentHistories/view".

[Info][Tue Jun 02 06:54:45 2020]: > Broadcasted message: "Stay tunned of what happened in the later rounds of Pokenordic tournaments! Visit now: http://www.PokeNordic.com/TournamentHistories/view".

[Info][Tue Jun 02 07:39:46 2020]: > Broadcasted message: "Fique por dentro das novidades, dê sua opinião e participe do desenvolvimento do jogo! Acesse: http://forum.PokeNordic.com/".

[Info][Tue Jun 02 07:39:46 2020]: > Broadcasted message: "Check out the news, give your opinion and participate in the development of the game! Access: http://forum.PokeNordic.com/".

[Info][Tue Jun 02 08:24:47 2020]: > Broadcasted message: "Você quer deixar alguma mensagem, comentário ou sugestão para os desenvolvedores do Pokenordic? Acesse: http://www.PokeNordic.com/accounts/sendFeedback".

[Info][Tue Jun 02 08:24:47 2020]: > Broadcasted message: "You want to leave a message, comment or suggestion to the Pokenordic developers? Visit now: http://www.PokeNordic.com/accounts/sendFeedback".

[Info][Tue Jun 02 09:09:48 2020]: > Broadcasted message: "Jamais informe os dados da sua conta em qualquer site que não seja o PokeNordic.com, a equipe não da itens ou pokemons.".

[Info][Tue Jun 02 09:09:48 2020]: > Broadcasted message: "Never let the data of your account on any site other than PokeNordic.com, the staff not give any item or pokemon.".

[Info][Tue Jun 02 09:42:14 2020]: Planting random seeds...

[Info][Tue Jun 02 09:42:15 2020]: Planting random seeds...

[Info][Tue Jun 02 09:42:16 2020]: Planting random seeds...

[Info][Tue Jun 02 09:42:17 2020]: Planting random seeds...

[Info][Tue Jun 02 09:42:18 2020]: Planting random seeds...

[Info][Tue Jun 02 09:42:20 2020]: Planting random seeds...

[Info][Tue Jun 02 09:42:34 2020]: Planting random seeds...

[Info][Tue Jun 02 09:42:35 2020]: Planting random seeds...

[Info][Tue Jun 02 09:42:36 2020]: Planting random seeds...

[Info][Tue Jun 02 09:42:37 2020]: Planting random seeds...

[Info][Tue Jun 02 09:42:39 2020]: Planting random seeds...

[Info][Tue Jun 02 09:42:40 2020]: Planting random seeds...

[Info][Tue Jun 02 09:42:41 2020]: Planting random seeds...

[Info][Tue Jun 02 09:43:11 2020]: Planting random seeds...

[Info][Tue Jun 02 09:43:19 2020]: Planting random seeds...

[Info][Tue Jun 02 09:43:37 2020]: Planting random seeds...

[Info][Tue Jun 02 09:43:38 2020]: Planting random seeds...

[Info][Tue Jun 02 09:43:40 2020]: Planting random seeds...

[Info][Tue Jun 02 09:43:41 2020]: Planting random seeds...

[Info][Tue Jun 02 09:43:42 2020]: Planting random seeds...

[Info][Tue Jun 02 09:43:43 2020]: Planting random seeds...

[Info][Tue Jun 02 09:43:44 2020]: Planting random seeds...

[Info][Tue Jun 02 09:44:14 2020]: Planting random seeds...

[Info][Tue Jun 02 09:44:21 2020]: Planting random seeds...

[Info][Tue Jun 02 10:00:20 2020]: Planting random seeds...

[Info][Tue Jun 02 10:00:21 2020]: Planting random seeds...

[Info][Tue Jun 02 10:00:22 2020]: Planting random seeds...

[Info][Tue Jun 02 10:00:23 2020]: Planting random seeds...

[Info][Tue Jun 02 10:00:24 2020]: Planting random seeds...

[Info][Tue Jun 02 10:00:25 2020]: Planting random seeds...

[Info][Tue Jun 02 10:00:27 2020]: Planting random seeds...

[Info][Tue Jun 02 10:00:56 2020]: Planting random seeds...

[Info][Tue Jun 02 10:01:04 2020]: Planting random seeds...

[Info][Tue Jun 02 10:23:36 2020]: Planting random seeds...

[Info][Tue Jun 02 10:23:37 2020]: Planting random seeds...

[Info][Tue Jun 02 10:23:38 2020]: Planting random seeds...

[Info][Tue Jun 02 10:23:39 2020]: Planting random seeds...

[Info][Tue Jun 02 10:23:40 2020]: Planting random seeds...

[Info][Tue Jun 02 10:23:41 2020]: Planting random seeds...

[Info][Tue Jun 02 10:23:42 2020]: Planting random seeds...

[Info][Tue Jun 02 10:24:13 2020]: Planting random seeds...

[Info][Tue Jun 02 10:24:20 2020]: Planting random seeds...

[Info][Tue Jun 02 10:27:24 2020]: Planting random seeds...

[Info][Tue Jun 02 10:27:25 2020]: Planting random seeds...

[Info][Tue Jun 02 10:27:27 2020]: Planting random seeds...

[Info][Tue Jun 02 10:27:28 2020]: Planting random seeds...

[Info][Tue Jun 02 10:27:29 2020]: Planting random seeds...

[Info][Tue Jun 02 10:27:30 2020]: Planting random seeds...

[Info][Tue Jun 02 10:27:31 2020]: Planting random seeds...

[Info][Tue Jun 02 10:28:01 2020]: Planting random seeds...

[Info][Tue Jun 02 10:28:09 2020]: Planting random seeds...

[Info][Tue Jun 02 12:08:03 2020]: Planting random seeds...

[Info][Tue Jun 02 12:08:24 2020]: Planting random seeds...

[Info][Tue Jun 02 12:08:25 2020]: Planting random seeds...

[Info][Tue Jun 02 12:08:26 2020]: Planting random seeds...

[Info][Tue Jun 02 12:08:27 2020]: Planting random seeds...

[Info][Tue Jun 02 12:08:28 2020]: Planting random seeds...

[Info][Tue Jun 02 12:08:29 2020]: Planting random seeds...

[Info][Tue Jun 02 12:08:30 2020]: Planting random seeds...

[Info][Tue Jun 02 12:09:01 2020]: Planting random seeds...

[Info][Tue Jun 02 12:09:09 2020]: Planting random seeds...

[Info][Tue Jun 02 12:53:32 2020]: > Broadcasted message: "Jamais informe os dados da sua conta em qualquer site que não seja o PokeNordic.com, a equipe não da itens ou pokemons.".

[Info][Tue Jun 02 12:53:32 2020]: > Broadcasted message: "Never let the data of your account on any site other than PokeNordic.com, the staff not give any item or pokemon.".

[Info][Tue Jun 02 13:46:38 2020]: Planting random seeds...

[Info][Tue Jun 02 13:46:39 2020]: Planting random seeds...

[Info][Tue Jun 02 13:46:40 2020]: Planting random seeds...

[Info][Tue Jun 02 13:46:41 2020]: Planting random seeds...

[Info][Tue Jun 02 13:46:42 2020]: Planting random seeds...

[Info][Tue Jun 02 13:46:43 2020]: Planting random seeds...

[Info][Tue Jun 02 13:46:45 2020]: Planting random seeds...

[Info][Tue Jun 02 13:47:15 2020]: Planting random seeds...

[Info][Tue Jun 02 13:47:24 2020]: Planting random seeds...

[Info][Tue Jun 02 14:31:46 2020]: > Broadcasted message: "Jamais informe os dados da sua conta em qualquer site que não seja o PokeNordic.com, a equipe não da itens ou pokemons.".

[Info][Tue Jun 02 14:31:46 2020]: > Broadcasted message: "Never let the data of your account on any site other than PokeNordic.com, the staff not give any item or pokemon.".

[Info][Tue Jun 02 14:40:06 2020]: Planting random seeds...

[Info][Tue Jun 02 14:40:07 2020]: Planting random seeds...

[Info][Tue Jun 02 14:40:09 2020]: Planting random seeds...

[Info][Tue Jun 02 14:40:10 2020]: Planting random seeds...

[Info][Tue Jun 02 14:40:11 2020]: Planting random seeds...

[Info][Tue Jun 02 14:40:12 2020]: Planting random seeds...

[Info][Tue Jun 02 14:40:13 2020]: Planting random seeds...

[Info][Tue Jun 02 14:40:43 2020]: Planting random seeds...

[Info][Tue Jun 02 14:40:51 2020]: Planting random seeds...

[Info][Tue Jun 02 15:24:40 2020]: Planting random seeds...

[Info][Tue Jun 02 15:24:41 2020]: Planting random seeds...

[Info][Tue Jun 02 15:24:42 2020]: Planting random seeds...

[Info][Tue Jun 02 15:24:43 2020]: Planting random seeds...

[Info][Tue Jun 02 15:24:44 2020]: Planting random seeds...

[Info][Tue Jun 02 15:24:46 2020]: Planting random seeds...

[Info][Tue Jun 02 15:24:47 2020]: Planting random seeds...

[Info][Tue Jun 02 15:25:16 2020]: Planting random seeds...

[Info][Tue Jun 02 15:25:25 2020]: Planting random seeds...

[Info][Tue Jun 02 15:56:34 2020]: Planting random seeds...

[Info][Tue Jun 02 15:56:35 2020]: Planting random seeds...

[Info][Tue Jun 02 15:56:37 2020]: Planting random seeds...

[Info][Tue Jun 02 15:56:38 2020]: Planting random seeds...

[Info][Tue Jun 02 15:56:39 2020]: Planting random seeds...

[Info][Tue Jun 02 15:56:40 2020]: Planting random seeds...

[Info][Tue Jun 02 15:56:41 2020]: Planting random seeds...

[Info][Tue Jun 02 15:57:11 2020]: Planting random seeds...

[Info][Tue Jun 02 15:57:19 2020]: Planting random seeds...

[Info][Tue Jun 02 16:41:42 2020]: > Broadcasted message: "Jamais informe os dados da sua conta em qualquer site que não seja o PokeNordic.com, a equipe não da itens ou pokemons.".

[Info][Tue Jun 02 16:41:42 2020]: > Broadcasted message: "Never let the data of your account on any site other than PokeNordic.com, the staff not give any item or pokemon.".

[Info][Tue Jun 02 17:26:43 2020]: > Broadcasted message: "Pense duas vezes antes de usar qualquer tipo de bot ou hack no seu personagem, isto não será tolerado e seu personagem será deletado. Jogue limpo.".

[Info][Tue Jun 02 17:26:43 2020]: > Broadcasted message: "Think twice before using any bot or hack on your character, it will not be tolerated and your character will be deleted. Play nice.".

[Info][Tue Jun 02 17:43:36 2020]: Planting random seeds...

[Info][Tue Jun 02 17:43:37 2020]: Planting random seeds...

[Info][Tue Jun 02 17:43:38 2020]: Planting random seeds...

[Info][Tue Jun 02 17:43:39 2020]: Planting random seeds...

[Info][Tue Jun 02 17:43:40 2020]: Planting random seeds...

[Info][Tue Jun 02 17:43:41 2020]: Planting random seeds...

[Info][Tue Jun 02 17:43:42 2020]: Planting random seeds...

[Info][Tue Jun 02 17:44:13 2020]: Planting random seeds...

[Info][Tue Jun 02 17:44:20 2020]: Planting random seeds...

[Info][Tue Jun 02 17:45:38 2020]: Planting random seeds...

[Info][Tue Jun 02 17:45:39 2020]: Planting random seeds...

[Info][Tue Jun 02 17:45:40 2020]: Planting random seeds...

[Info][Tue Jun 02 17:45:42 2020]: Planting random seeds...

[Info][Tue Jun 02 17:45:43 2020]: Planting random seeds...

[Info][Tue Jun 02 17:45:44 2020]: Planting random seeds...

[Info][Tue Jun 02 17:45:45 2020]: Planting random seeds...

[Info][Tue Jun 02 17:46:15 2020]: Planting random seeds...

[Info][Tue Jun 02 17:46:22 2020]: Planting random seeds...

