[Print][Sat May 30 00:08:36 2020]: >> Cleaning players online status...    

[Print][Sat May 30 00:08:36 2020]: > Done in 0.00 seconds    

[Print][Sat May 30 00:08:36 2020]: >> Loading PvP Arenas...    

[Print][Sat May 30 00:08:36 2020]: > Done in 0.00 seconds    

[Print][Sat May 30 00:08:37 2020]: >> Loading Caught Highscores...    

[Print][Sat May 30 00:08:37 2020]: > Done in 0.17 seconds    

[Print][Sat May 30 00:08:37 2020]: >> Loading Tournament Highscores...    

[Print][Sat May 30 00:08:37 2020]: > Done in 0.00 seconds    

[Print][Sat May 30 00:08:37 2020]: >> Loading Berry Trees...    

[Print][Sat May 30 00:08:37 2020]: > Done in 0.00 seconds    

[Print][Sat May 30 00:08:37 2020]: >> Cleaning Mastery Dungeons...    

[Print][Sat May 30 00:08:37 2020]: > Done in 0.00 seconds    

[Print][Sat May 30 00:08:37 2020]: >> Loading Bosses...    

[Print][Sat May 30 00:08:37 2020]: >> Scheduled Boss Spawn: Blastertoise in 3 days, 13 hours, 44 minutes and 39 seconds    

[Print][Sat May 30 00:08:37 2020]: > Done in 0.02 seconds    

[Print][Sat May 30 00:08:37 2020]: >> Loading Highscores...    

[Print][Sat May 30 00:08:37 2020]: > Done in 0.00 seconds    

[Print][Sat May 30 00:08:37 2020]: >> Loading Ball Pillars...    

[Print][Sat May 30 00:08:37 2020]: > Done in 0.00 seconds    

[Print][Sat May 30 00:08:37 2020]: >> Loading Citizens...    

[Print][Sat May 30 00:08:38 2020]: > Done in 0.77 seconds    

[Print][Sat May 30 00:08:38 2020]: >> Loading SupriseBox...    

[Print][Sat May 30 00:08:38 2020]: > Done in 0.02 seconds    

[Print][Sat May 30 00:08:38 2020]: >> Loading Ranks...    

[Print][Sat May 30 00:08:38 2020]: > Done in 0.02 seconds    

[Print][Sat May 30 00:08:38 2020]: >> All done on Sat May 30 00:08:38 2020    

[Print][Sat May 30 21:15:35 2020]: >> Cleaning players online status...    

[Print][Sat May 30 21:15:35 2020]: > Done in 0.00 seconds    

[Print][Sat May 30 21:15:35 2020]: >> Loading PvP Arenas...    

[Print][Sat May 30 21:15:35 2020]: > Done in 0.00 seconds    

[Print][Sat May 30 21:15:35 2020]: >> Loading Caught Highscores...    

[Print][Sat May 30 21:15:35 2020]: > Done in 0.01 seconds    

[Print][Sat May 30 21:15:35 2020]: >> Loading Tournament Highscores...    

[Print][Sat May 30 21:15:35 2020]: > Done in 0.03 seconds    

[Print][Sat May 30 21:15:35 2020]: >> Loading Berry Trees...    

[Print][Sat May 30 21:15:35 2020]: > Done in 0.00 seconds    

[Print][Sat May 30 21:15:35 2020]: >> Cleaning Mastery Dungeons...    

[Print][Sat May 30 21:15:35 2020]: > Done in 0.00 seconds    

[Print][Sat May 30 21:15:35 2020]: >> Loading Bosses...    

[Print][Sat May 30 21:15:35 2020]: >> Scheduled Boss Spawn: Kirby in 3 days, 9 hours, 22 minutes and 6 seconds    

[Print][Sat May 30 21:15:35 2020]: > Done in 0.02 seconds    

[Print][Sat May 30 21:15:35 2020]: >> Loading Highscores...    

[Print][Sat May 30 21:15:35 2020]: > Done in 0.00 seconds    

[Print][Sat May 30 21:15:35 2020]: >> Loading Ball Pillars...    

[Print][Sat May 30 21:15:35 2020]: > Done in 0.00 seconds    

[Print][Sat May 30 21:15:35 2020]: >> Loading Citizens...    

[Print][Sat May 30 21:15:37 2020]: > Done in 1.40 seconds    

[Print][Sat May 30 21:15:37 2020]: >> Loading SupriseBox...    

[Print][Sat May 30 21:15:37 2020]: > Done in 0.05 seconds    

[Print][Sat May 30 21:15:37 2020]: >> Loading Ranks...    

[Print][Sat May 30 21:15:37 2020]: > Done in 0.02 seconds    

[Print][Sat May 30 21:15:37 2020]: >> All done on Sat May 30 21:15:37 2020    

[Print][Sat May 30 21:43:41 2020]: >> Cleaning players online status...    

[Print][Sat May 30 21:43:41 2020]: > Done in 0.00 seconds    

[Print][Sat May 30 21:43:41 2020]: >> Loading PvP Arenas...    

[Print][Sat May 30 21:43:41 2020]: > Done in 0.00 seconds    

[Print][Sat May 30 21:43:41 2020]: >> Loading Caught Highscores...    

[Print][Sat May 30 21:43:41 2020]: > Done in 0.08 seconds    

[Print][Sat May 30 21:43:41 2020]: >> Loading Tournament Highscores...    

[Print][Sat May 30 21:43:41 2020]: > Done in 0.14 seconds    

[Print][Sat May 30 21:43:41 2020]: >> Loading Berry Trees...    

[Print][Sat May 30 21:43:41 2020]: > Done in 0.03 seconds    

[Print][Sat May 30 21:43:41 2020]: >> Cleaning Mastery Dungeons...    

[Print][Sat May 30 21:43:41 2020]: > Done in 0.00 seconds    

[Print][Sat May 30 21:43:42 2020]: >> Loading Bosses...    

[Print][Sat May 30 21:43:42 2020]: >> Scheduled Boss Spawn: Winged Wisdom in 3 days, 7 hours, 46 minutes and 58 seconds    

[Print][Sat May 30 21:43:42 2020]: > Done in 0.08 seconds    

[Print][Sat May 30 21:43:42 2020]: >> Loading Highscores...    

[Print][Sat May 30 21:43:42 2020]: > Done in 0.05 seconds    

[Print][Sat May 30 21:43:42 2020]: >> Loading Ball Pillars...    

[Print][Sat May 30 21:43:42 2020]: > Done in 0.00 seconds    

[Print][Sat May 30 21:43:42 2020]: >> Loading Citizens...    

[Print][Sat May 30 21:43:45 2020]: > Done in 2.20 seconds    

[Print][Sat May 30 21:43:45 2020]: >> Loading SupriseBox...    

[Print][Sat May 30 21:43:45 2020]: > Done in 0.09 seconds    

[Print][Sat May 30 21:43:45 2020]: >> Loading Ranks...    

[Print][Sat May 30 21:43:45 2020]: > Done in 0.03 seconds    

[Print][Sat May 30 21:43:45 2020]: >> All done on Sat May 30 21:43:45 2020    

[Print][Sat May 30 22:02:26 2020]: >> Cleaning players online status...    

[Print][Sat May 30 22:02:26 2020]: > Done in 0.03 seconds    

[Print][Sat May 30 22:02:26 2020]: >> Loading PvP Arenas...    

[Print][Sat May 30 22:02:26 2020]: > Done in 0.00 seconds    

[Print][Sat May 30 22:02:26 2020]: >> Loading Caught Highscores...    

[Print][Sat May 30 22:02:26 2020]: > Done in 0.06 seconds    

[Print][Sat May 30 22:02:26 2020]: >> Loading Tournament Highscores...    

[Print][Sat May 30 22:02:26 2020]: > Done in 0.01 seconds    

[Print][Sat May 30 22:02:26 2020]: >> Loading Berry Trees...    

[Print][Sat May 30 22:02:26 2020]: > Done in 0.02 seconds    

[Print][Sat May 30 22:02:26 2020]: >> Cleaning Mastery Dungeons...    

[Print][Sat May 30 22:02:26 2020]: > Done in 0.00 seconds    

[Print][Sat May 30 22:02:26 2020]: >> Loading Bosses...    

[Print][Sat May 30 22:02:26 2020]: >> Scheduled Boss Spawn: Mad Mum in 3 days, 14 hours, 13 minutes and 50 seconds    

[Print][Sat May 30 22:02:26 2020]: > Done in 0.01 seconds    

[Print][Sat May 30 22:02:26 2020]: >> Loading Highscores...    

[Print][Sat May 30 22:02:26 2020]: > Done in 0.00 seconds    

[Print][Sat May 30 22:02:27 2020]: >> Loading Ball Pillars...    

[Print][Sat May 30 22:02:27 2020]: > Done in 0.01 seconds    

[Print][Sat May 30 22:02:27 2020]: >> Loading Citizens...    

[Print][Sat May 30 22:02:28 2020]: > Done in 1.30 seconds    

[Print][Sat May 30 22:02:28 2020]: >> Loading SupriseBox...    

[Print][Sat May 30 22:02:28 2020]: > Done in 0.04 seconds    

[Print][Sat May 30 22:02:28 2020]: >> Loading Ranks...    

[Print][Sat May 30 22:02:28 2020]: > Done in 0.02 seconds    

[Print][Sat May 30 22:02:28 2020]: >> All done on Sat May 30 22:02:28 2020    

[Print][Sat May 30 22:20:09 2020]: >> Cleaning players online status...    

[Print][Sat May 30 22:20:09 2020]: > Done in 0.00 seconds    

[Print][Sat May 30 22:20:09 2020]: >> Loading PvP Arenas...    

[Print][Sat May 30 22:20:09 2020]: > Done in 0.00 seconds    

[Print][Sat May 30 22:20:09 2020]: >> Loading Caught Highscores...    

[Print][Sat May 30 22:20:09 2020]: > Done in 0.01 seconds    

[Print][Sat May 30 22:20:09 2020]: >> Loading Tournament Highscores...    

[Print][Sat May 30 22:20:09 2020]: > Done in 0.00 seconds    

[Print][Sat May 30 22:20:09 2020]: >> Loading Berry Trees...    

[Print][Sat May 30 22:20:09 2020]: > Done in 0.03 seconds    

[Print][Sat May 30 22:20:09 2020]: >> Cleaning Mastery Dungeons...    

[Print][Sat May 30 22:20:09 2020]: > Done in 0.00 seconds    

[Print][Sat May 30 22:20:09 2020]: >> Loading Bosses...    

[Print][Sat May 30 22:20:09 2020]: >> Scheduled Boss Spawn: Grisly Mind in 3 days, 4 hours, 42 minutes and 8 seconds    

[Print][Sat May 30 22:20:09 2020]: > Done in 0.02 seconds    

[Print][Sat May 30 22:20:09 2020]: >> Loading Highscores...    

[Print][Sat May 30 22:20:09 2020]: > Done in 0.02 seconds    

[Print][Sat May 30 22:20:09 2020]: >> Loading Ball Pillars...    

[Print][Sat May 30 22:20:09 2020]: > Done in 0.05 seconds    

[Print][Sat May 30 22:20:09 2020]: >> Loading Citizens...    

[Print][Sat May 30 22:20:10 2020]: > Done in 0.75 seconds    

[Print][Sat May 30 22:20:10 2020]: >> Loading SupriseBox...    

[Print][Sat May 30 22:20:10 2020]: > Done in 0.03 seconds    

[Print][Sat May 30 22:20:10 2020]: >> Loading Ranks...    

[Print][Sat May 30 22:20:10 2020]: > Done in 0.02 seconds    

[Print][Sat May 30 22:20:10 2020]: >> All done on Sat May 30 22:20:10 2020    

[Print][Sat May 30 23:50:04 2020]: >> Cleaning players online status...    

[Print][Sat May 30 23:50:04 2020]: > Done in 0.02 seconds    

[Print][Sat May 30 23:50:04 2020]: >> Loading PvP Arenas...    

[Print][Sat May 30 23:50:04 2020]: > Done in 0.00 seconds    

[Print][Sat May 30 23:50:04 2020]: >> Loading Caught Highscores...    

[Print][Sat May 30 23:50:04 2020]: > Done in 0.02 seconds    

[Print][Sat May 30 23:50:04 2020]: >> Loading Tournament Highscores...    

[Print][Sat May 30 23:50:04 2020]: > Done in 0.00 seconds    

[Print][Sat May 30 23:50:04 2020]: >> Loading Berry Trees...    

[Print][Sat May 30 23:50:04 2020]: > Done in 0.04 seconds    

[Print][Sat May 30 23:50:04 2020]: >> Cleaning Mastery Dungeons...    

[Print][Sat May 30 23:50:04 2020]: > Done in 0.00 seconds    

[Print][Sat May 30 23:50:04 2020]: >> Loading Bosses...    

[Print][Sat May 30 23:50:04 2020]: >> Scheduled Boss Spawn: The A. Mesmer in 3 days, 5 hours, 9 minutes and 4 seconds    

[Print][Sat May 30 23:50:04 2020]: > Done in 0.03 seconds    

[Print][Sat May 30 23:50:04 2020]: >> Loading Highscores...    

[Print][Sat May 30 23:50:04 2020]: > Done in 0.00 seconds    

[Print][Sat May 30 23:50:04 2020]: >> Loading Ball Pillars...    

[Print][Sat May 30 23:50:04 2020]: > Done in 0.00 seconds    

[Print][Sat May 30 23:50:04 2020]: >> Loading Citizens...    

[Print][Sat May 30 23:50:05 2020]: > Done in 0.87 seconds    

[Print][Sat May 30 23:50:05 2020]: >> Loading SupriseBox...    

[Print][Sat May 30 23:50:05 2020]: > Done in 0.03 seconds    

[Print][Sat May 30 23:50:05 2020]: >> Loading Ranks...    

[Print][Sat May 30 23:50:05 2020]: > Done in 0.02 seconds    

[Print][Sat May 30 23:50:05 2020]: >> All done on Sat May 30 23:50:05 2020    

