[Print][Mon Jun 01 14:40:45 2020]: >> Cleaning players online status...    

[Print][Mon Jun 01 14:40:45 2020]: > Done in 0.00 seconds    

[Print][Mon Jun 01 14:40:45 2020]: >> Loading PvP Arenas...    

[Print][Mon Jun 01 14:40:45 2020]: > Done in 0.00 seconds    

[Print][Mon Jun 01 14:40:45 2020]: >> Loading Caught Highscores...    

[Print][Mon Jun 01 14:40:45 2020]: > Done in 0.00 seconds    

[Print][Mon Jun 01 14:40:45 2020]: >> Loading Tournament Highscores...    

[Print][Mon Jun 01 14:40:45 2020]: > Done in 0.00 seconds    

[Print][Mon Jun 01 14:40:45 2020]: >> Loading Berry Trees...    

[Print][Mon Jun 01 14:40:45 2020]: > Done in 0.00 seconds    

[Print][Mon Jun 01 14:40:45 2020]: >> Cleaning Mastery Dungeons...    

[Print][Mon Jun 01 14:40:45 2020]: > Done in 0.00 seconds    

[Print][Mon Jun 01 14:40:45 2020]: >> Loading Bosses...    

[Print][Mon Jun 01 14:40:45 2020]: >> Scheduled Boss Spawn: The A. Mesmer in 1 day, 16 hours, 29 minutes and 41 seconds    

[Print][Mon Jun 01 14:40:45 2020]: > Done in 0.00 seconds    

[Print][Mon Jun 01 14:40:45 2020]: >> Loading Highscores...    

[Print][Mon Jun 01 14:40:45 2020]: > Done in 0.00 seconds    

[Print][Mon Jun 01 14:40:46 2020]: >> Loading Ball Pillars...    

[Print][Mon Jun 01 14:40:46 2020]: > Done in 0.02 seconds    

[Print][Mon Jun 01 14:40:46 2020]: >> Loading Citizens...    

[Print][Mon Jun 01 14:40:46 2020]: > Done in 0.05 seconds    

[Print][Mon Jun 01 14:40:46 2020]: >> Loading SupriseBox...    

[Print][Mon Jun 01 14:40:46 2020]: > Done in 0.03 seconds    

[Print][Mon Jun 01 14:40:46 2020]: >> Loading Ranks...    

[Print][Mon Jun 01 14:40:46 2020]: > Done in 0.00 seconds    

[Print][Mon Jun 01 14:40:46 2020]: >> All done on Mon Jun 01 14:40:46 2020    

[Print][Mon Jun 01 14:46:03 2020]: >> Cleaning players online status...    

[Print][Mon Jun 01 14:46:03 2020]: > Done in 0.00 seconds    

[Print][Mon Jun 01 14:46:03 2020]: >> Loading PvP Arenas...    

[Print][Mon Jun 01 14:46:03 2020]: > Done in 0.00 seconds    

[Print][Mon Jun 01 14:46:03 2020]: >> Loading Caught Highscores...    

[Print][Mon Jun 01 14:46:03 2020]: > Done in 0.00 seconds    

[Print][Mon Jun 01 14:46:03 2020]: >> Loading Tournament Highscores...    

[Print][Mon Jun 01 14:46:03 2020]: > Done in 0.00 seconds    

[Print][Mon Jun 01 14:46:03 2020]: >> Loading Berry Trees...    

[Print][Mon Jun 01 14:46:03 2020]: > Done in 0.00 seconds    

[Print][Mon Jun 01 14:46:03 2020]: >> Cleaning Mastery Dungeons...    

[Print][Mon Jun 01 14:46:03 2020]: > Done in 0.00 seconds    

[Print][Mon Jun 01 14:46:03 2020]: >> Loading Bosses...    

[Print][Mon Jun 01 14:46:03 2020]: >> Scheduled Boss Spawn: Mad Mum in 1 day, 13 hours, 23 minutes and 50 seconds    

[Print][Mon Jun 01 14:46:03 2020]: > Done in 0.00 seconds    

[Print][Mon Jun 01 14:46:03 2020]: >> Loading Highscores...    

[Print][Mon Jun 01 14:46:03 2020]: > Done in 0.00 seconds    

[Print][Mon Jun 01 14:46:03 2020]: >> Loading Ball Pillars...    

[Print][Mon Jun 01 14:46:03 2020]: > Done in 0.00 seconds    

[Print][Mon Jun 01 14:46:03 2020]: >> Loading Citizens...    

[Print][Mon Jun 01 14:46:04 2020]: > Done in 0.05 seconds    

[Print][Mon Jun 01 14:46:04 2020]: >> Loading SupriseBox...    

[Print][Mon Jun 01 14:46:04 2020]: > Done in 0.02 seconds    

[Print][Mon Jun 01 14:46:04 2020]: >> Loading Ranks...    

[Print][Mon Jun 01 14:46:04 2020]: > Done in 0.00 seconds    

[Print][Mon Jun 01 14:46:04 2020]: >> All done on Mon Jun 01 14:46:04 2020    

[Print][Mon Jun 01 15:12:34 2020]: >> Cleaning players online status...    

[Print][Mon Jun 01 15:12:34 2020]: > Done in 0.00 seconds    

[Print][Mon Jun 01 15:12:34 2020]: >> Loading PvP Arenas...    

[Print][Mon Jun 01 15:12:34 2020]: > Done in 0.00 seconds    

[Print][Mon Jun 01 15:12:34 2020]: >> Loading Caught Highscores...    

[Print][Mon Jun 01 15:12:34 2020]: > Done in 0.00 seconds    

[Print][Mon Jun 01 15:12:34 2020]: >> Loading Tournament Highscores...    

[Print][Mon Jun 01 15:12:34 2020]: > Done in 0.00 seconds    

[Print][Mon Jun 01 15:12:34 2020]: >> Loading Berry Trees...    

[Print][Mon Jun 01 15:12:34 2020]: > Done in 0.00 seconds    

[Print][Mon Jun 01 15:12:34 2020]: >> Cleaning Mastery Dungeons...    

[Print][Mon Jun 01 15:12:34 2020]: > Done in 0.00 seconds    

[Print][Mon Jun 01 15:12:34 2020]: >> Loading Bosses...    

[Print][Mon Jun 01 15:12:34 2020]: >> Scheduled Boss Spawn: The Turbo in 1 day, 12 hours, 3 minutes and 24 seconds    

[Print][Mon Jun 01 15:12:34 2020]: > Done in 0.00 seconds    

[Print][Mon Jun 01 15:12:34 2020]: >> Loading Highscores...    

[Print][Mon Jun 01 15:12:34 2020]: > Done in 0.00 seconds    

[Print][Mon Jun 01 15:12:34 2020]: >> Loading Ball Pillars...    

[Print][Mon Jun 01 15:12:34 2020]: > Done in 0.00 seconds    

[Print][Mon Jun 01 15:12:34 2020]: >> Loading Citizens...    

[Print][Mon Jun 01 15:12:34 2020]: > Done in 0.05 seconds    

[Print][Mon Jun 01 15:12:34 2020]: >> Loading SupriseBox...    

[Print][Mon Jun 01 15:12:34 2020]: > Done in 0.02 seconds    

[Print][Mon Jun 01 15:12:34 2020]: >> Loading Ranks...    

[Print][Mon Jun 01 15:12:34 2020]: > Done in 0.00 seconds    

[Print][Mon Jun 01 15:12:34 2020]: >> All done on Mon Jun 01 15:12:34 2020    

[Print][Mon Jun 01 15:18:42 2020]: >> Cleaning players online status...    

[Print][Mon Jun 01 15:18:42 2020]: > Done in 0.07 seconds    

[Print][Mon Jun 01 15:18:42 2020]: >> Loading PvP Arenas...    

[Print][Mon Jun 01 15:18:42 2020]: > Done in 0.00 seconds    

[Print][Mon Jun 01 15:18:42 2020]: >> Loading Caught Highscores...    

[Print][Mon Jun 01 15:18:42 2020]: > Done in 0.00 seconds    

[Print][Mon Jun 01 15:18:42 2020]: >> Loading Tournament Highscores...    

[Print][Mon Jun 01 15:18:42 2020]: > Done in 0.00 seconds    

[Print][Mon Jun 01 15:18:42 2020]: >> Loading Berry Trees...    

[Print][Mon Jun 01 15:18:42 2020]: > Done in 0.01 seconds    

[Print][Mon Jun 01 15:18:42 2020]: >> Cleaning Mastery Dungeons...    

[Print][Mon Jun 01 15:18:42 2020]: > Done in 0.00 seconds    

[Print][Mon Jun 01 15:18:42 2020]: >> Loading Bosses...    

[Print][Mon Jun 01 15:18:42 2020]: >> Scheduled Boss Spawn: Great Saul in 1 day, 17 hours, 50 minutes and 34 seconds    

[Print][Mon Jun 01 15:18:42 2020]: > Done in 0.00 seconds    

[Print][Mon Jun 01 15:18:42 2020]: >> Loading Highscores...    

[Print][Mon Jun 01 15:18:42 2020]: > Done in 0.00 seconds    

[Print][Mon Jun 01 15:18:42 2020]: >> Loading Ball Pillars...    

[Print][Mon Jun 01 15:18:42 2020]: > Done in 0.01 seconds    

[Print][Mon Jun 01 15:18:42 2020]: >> Loading Citizens...    

[Print][Mon Jun 01 15:18:42 2020]: > Done in 0.05 seconds    

[Print][Mon Jun 01 15:18:42 2020]: >> Loading SupriseBox...    

[Print][Mon Jun 01 15:18:42 2020]: > Done in 0.04 seconds    

[Print][Mon Jun 01 15:18:42 2020]: >> Loading Ranks...    

[Print][Mon Jun 01 15:18:42 2020]: > Done in 0.00 seconds    

[Print][Mon Jun 01 15:18:42 2020]: >> All done on Mon Jun 01 15:18:42 2020    

[Print][Mon Jun 01 15:28:30 2020]: >> Cleaning players online status...    

[Print][Mon Jun 01 15:28:30 2020]: > Done in 0.00 seconds    

[Print][Mon Jun 01 15:28:30 2020]: >> Loading PvP Arenas...    

[Print][Mon Jun 01 15:28:30 2020]: > Done in 0.00 seconds    

[Print][Mon Jun 01 15:28:30 2020]: >> Loading Caught Highscores...    

[Print][Mon Jun 01 15:28:30 2020]: > Done in 0.00 seconds    

[Print][Mon Jun 01 15:28:30 2020]: >> Loading Tournament Highscores...    

[Print][Mon Jun 01 15:28:30 2020]: > Done in 0.00 seconds    

[Print][Mon Jun 01 15:28:30 2020]: >> Loading Berry Trees...    

[Print][Mon Jun 01 15:28:30 2020]: > Done in 0.02 seconds    

[Print][Mon Jun 01 15:28:30 2020]: >> Cleaning Mastery Dungeons...    

[Print][Mon Jun 01 15:28:30 2020]: > Done in 0.00 seconds    

[Print][Mon Jun 01 15:28:30 2020]: >> Loading Bosses...    

[Print][Mon Jun 01 15:28:30 2020]: >> Scheduled Boss Spawn: Toby in 1 day, 15 hours, 33 minutes and 35 seconds    

[Print][Mon Jun 01 15:28:30 2020]: > Done in 0.00 seconds    

[Print][Mon Jun 01 15:28:30 2020]: >> Loading Highscores...    

[Print][Mon Jun 01 15:28:30 2020]: > Done in 0.00 seconds    

[Print][Mon Jun 01 15:28:30 2020]: >> Loading Ball Pillars...    

[Print][Mon Jun 01 15:28:30 2020]: > Done in 0.02 seconds    

[Print][Mon Jun 01 15:28:30 2020]: >> Loading Citizens...    

[Print][Mon Jun 01 15:28:30 2020]: > Done in 0.05 seconds    

[Print][Mon Jun 01 15:28:30 2020]: >> Loading SupriseBox...    

[Print][Mon Jun 01 15:28:30 2020]: > Done in 0.03 seconds    

[Print][Mon Jun 01 15:28:30 2020]: >> Loading Ranks...    

[Print][Mon Jun 01 15:28:30 2020]: > Done in 0.00 seconds    

[Print][Mon Jun 01 15:28:30 2020]: >> All done on Mon Jun 01 15:28:30 2020    

[Print][Mon Jun 01 15:31:35 2020]: >> Cleaning players online status...    

[Print][Mon Jun 01 15:31:35 2020]: > Done in 0.00 seconds    

[Print][Mon Jun 01 15:31:35 2020]: >> Loading PvP Arenas...    

[Print][Mon Jun 01 15:31:35 2020]: > Done in 0.00 seconds    

[Print][Mon Jun 01 15:31:35 2020]: >> Loading Caught Highscores...    

[Print][Mon Jun 01 15:31:35 2020]: > Done in 0.00 seconds    

[Print][Mon Jun 01 15:31:35 2020]: >> Loading Tournament Highscores...    

[Print][Mon Jun 01 15:31:35 2020]: > Done in 0.00 seconds    

[Print][Mon Jun 01 15:31:35 2020]: >> Loading Berry Trees...    

[Print][Mon Jun 01 15:31:35 2020]: > Done in 0.02 seconds    

[Print][Mon Jun 01 15:31:35 2020]: >> Cleaning Mastery Dungeons...    

[Print][Mon Jun 01 15:31:35 2020]: > Done in 0.00 seconds    

[Print][Mon Jun 01 15:31:35 2020]: >> Loading Bosses...    

[Print][Mon Jun 01 15:31:35 2020]: >> Scheduled Boss Spawn: Toby in 1 day, 22 hours, 5 minutes and 46 seconds    

[Print][Mon Jun 01 15:31:35 2020]: > Done in 0.00 seconds    

[Print][Mon Jun 01 15:31:35 2020]: >> Loading Highscores...    

[Print][Mon Jun 01 15:31:35 2020]: > Done in 0.00 seconds    

[Print][Mon Jun 01 15:31:35 2020]: >> Loading Ball Pillars...    

[Print][Mon Jun 01 15:31:35 2020]: > Done in 0.02 seconds    

[Print][Mon Jun 01 15:31:35 2020]: >> Loading Citizens...    

[Print][Mon Jun 01 15:31:35 2020]: > Done in 0.05 seconds    

[Print][Mon Jun 01 15:31:35 2020]: >> Loading SupriseBox...    

[Print][Mon Jun 01 15:31:35 2020]: > Done in 0.03 seconds    

[Print][Mon Jun 01 15:31:35 2020]: >> Loading Ranks...    

[Print][Mon Jun 01 15:31:35 2020]: > Done in 0.00 seconds    

[Print][Mon Jun 01 15:31:35 2020]: >> All done on Mon Jun 01 15:31:35 2020    

[Print][Mon Jun 01 15:38:02 2020]: >> Cleaning players online status...    

[Print][Mon Jun 01 15:38:02 2020]: > Done in 0.06 seconds    

[Print][Mon Jun 01 15:38:02 2020]: >> Loading PvP Arenas...    

[Print][Mon Jun 01 15:38:02 2020]: > Done in 0.00 seconds    

[Print][Mon Jun 01 15:38:02 2020]: >> Loading Caught Highscores...    

[Print][Mon Jun 01 15:38:02 2020]: > Done in 0.00 seconds    

[Print][Mon Jun 01 15:38:02 2020]: >> Loading Tournament Highscores...    

[Print][Mon Jun 01 15:38:02 2020]: > Done in 0.00 seconds    

[Print][Mon Jun 01 15:38:02 2020]: >> Loading Berry Trees...    

[Print][Mon Jun 01 15:38:02 2020]: > Done in 0.03 seconds    

[Print][Mon Jun 01 15:38:02 2020]: >> Cleaning Mastery Dungeons...    

[Print][Mon Jun 01 15:38:02 2020]: > Done in 0.00 seconds    

[Print][Mon Jun 01 15:38:02 2020]: >> Loading Bosses...    

[Print][Mon Jun 01 15:38:02 2020]: >> Scheduled Boss Spawn: Toby in 1 day, 18 hours, 2 minutes and 50 seconds    

[Print][Mon Jun 01 15:38:02 2020]: > Done in 0.00 seconds    

[Print][Mon Jun 01 15:38:02 2020]: >> Loading Highscores...    

[Print][Mon Jun 01 15:38:02 2020]: > Done in 0.00 seconds    

[Print][Mon Jun 01 15:38:02 2020]: >> Loading Ball Pillars...    

[Print][Mon Jun 01 15:38:02 2020]: > Done in 0.00 seconds    

[Print][Mon Jun 01 15:38:02 2020]: >> Loading Citizens...    

[Print][Mon Jun 01 15:38:02 2020]: > Done in 0.05 seconds    

[Print][Mon Jun 01 15:38:02 2020]: >> Loading SupriseBox...    

[Print][Mon Jun 01 15:38:02 2020]: > Done in 0.03 seconds    

[Print][Mon Jun 01 15:38:02 2020]: >> Loading Ranks...    

[Print][Mon Jun 01 15:38:02 2020]: > Done in 0.00 seconds    

[Print][Mon Jun 01 15:38:02 2020]: >> All done on Mon Jun 01 15:38:02 2020    

