[Print][Tue Jun 02 00:40:56 2020]: >> Cleaning players online status...    

[Print][Tue Jun 02 00:40:56 2020]: > Done in 0.00 seconds    

[Print][Tue Jun 02 00:40:56 2020]: >> Loading PvP Arenas...    

[Print][Tue Jun 02 00:40:56 2020]: > Done in 0.00 seconds    

[Print][Tue Jun 02 00:40:56 2020]: >> Loading Caught Highscores...    

[Print][Tue Jun 02 00:40:56 2020]: > Done in 0.00 seconds    

[Print][Tue Jun 02 00:40:56 2020]: >> Loading Tournament Highscores...    

[Print][Tue Jun 02 00:40:56 2020]: > Done in 0.00 seconds    

[Print][Tue Jun 02 00:40:56 2020]: >> Loading Berry Trees...    

[Print][Tue Jun 02 00:40:56 2020]: > Done in 0.02 seconds    

[Print][Tue Jun 02 00:40:56 2020]: >> Cleaning Mastery Dungeons...    

[Print][Tue Jun 02 00:40:56 2020]: > Done in 0.00 seconds    

[Print][Tue Jun 02 00:40:56 2020]: >> Loading Bosses...    

[Print][Tue Jun 02 00:40:56 2020]: >> Scheduled Boss Spawn: Smaug in 3 days, 14 hours, 37 minutes and 42 seconds    

[Print][Tue Jun 02 00:40:56 2020]: > Done in 0.00 seconds    

[Print][Tue Jun 02 00:40:56 2020]: >> Loading Highscores...    

[Print][Tue Jun 02 00:40:56 2020]: > Done in 0.00 seconds    

[Print][Tue Jun 02 00:40:56 2020]: >> Loading Ball Pillars...    

[Print][Tue Jun 02 00:40:56 2020]: > Done in 0.02 seconds    

[Print][Tue Jun 02 00:40:56 2020]: >> Loading Citizens...    

[Print][Tue Jun 02 00:40:56 2020]: > Done in 0.05 seconds    

[Print][Tue Jun 02 00:40:56 2020]: >> Loading SupriseBox...    

[Print][Tue Jun 02 00:40:56 2020]: > Done in 0.02 seconds    

[Print][Tue Jun 02 00:40:56 2020]: >> Loading Ranks...    

[Print][Tue Jun 02 00:40:56 2020]: > Done in 0.00 seconds    

[Print][Tue Jun 02 00:40:56 2020]: >> All done on Tue Jun 02 00:40:56 2020    

[Print][Tue Jun 02 02:09:24 2020]: >> Cleaning players online status...    

[Print][Tue Jun 02 02:09:24 2020]: > Done in 0.00 seconds    

[Print][Tue Jun 02 02:09:24 2020]: >> Loading PvP Arenas...    

[Print][Tue Jun 02 02:09:24 2020]: > Done in 0.00 seconds    

[Print][Tue Jun 02 02:09:24 2020]: >> Loading Caught Highscores...    

[Print][Tue Jun 02 02:09:24 2020]: > Done in 0.00 seconds    

[Print][Tue Jun 02 02:09:24 2020]: >> Loading Tournament Highscores...    

[Print][Tue Jun 02 02:09:24 2020]: > Done in 0.00 seconds    

[Print][Tue Jun 02 02:09:24 2020]: >> Loading Berry Trees...    

[Print][Tue Jun 02 02:09:24 2020]: > Done in 0.04 seconds    

[Print][Tue Jun 02 02:09:24 2020]: >> Cleaning Mastery Dungeons...    

[Print][Tue Jun 02 02:09:24 2020]: > Done in 0.00 seconds    

[Print][Tue Jun 02 02:09:24 2020]: >> Loading Bosses...    

[Print][Tue Jun 02 02:09:24 2020]: >> Scheduled Boss Spawn: King Panlong in 1 day, 9 hours, 35 minutes and 11 seconds    

[Print][Tue Jun 02 02:09:24 2020]: > Done in 0.00 seconds    

[Print][Tue Jun 02 02:09:24 2020]: >> Loading Highscores...    

[Print][Tue Jun 02 02:09:24 2020]: > Done in 0.00 seconds    

[Print][Tue Jun 02 02:09:24 2020]: >> Loading Ball Pillars...    

[Print][Tue Jun 02 02:09:24 2020]: > Done in 0.01 seconds    

[Print][Tue Jun 02 02:09:24 2020]: >> Loading Citizens...    

[Print][Tue Jun 02 02:09:24 2020]: > Done in 0.05 seconds    

[Print][Tue Jun 02 02:09:24 2020]: >> Loading SupriseBox...    

[Print][Tue Jun 02 02:09:24 2020]: > Done in 0.02 seconds    

[Print][Tue Jun 02 02:09:24 2020]: >> Loading Ranks...    

[Print][Tue Jun 02 02:09:24 2020]: > Done in 0.00 seconds    

[Print][Tue Jun 02 02:09:24 2020]: >> All done on Tue Jun 02 02:09:24 2020    

[Print][Tue Jun 02 02:11:06 2020]: >> Cleaning players online status...    

[Print][Tue Jun 02 02:11:06 2020]: > Done in 0.00 seconds    

[Print][Tue Jun 02 02:11:06 2020]: >> Loading PvP Arenas...    

[Print][Tue Jun 02 02:11:06 2020]: > Done in 0.00 seconds    

[Print][Tue Jun 02 02:11:06 2020]: >> Loading Caught Highscores...    

[Print][Tue Jun 02 02:11:06 2020]: > Done in 0.00 seconds    

[Print][Tue Jun 02 02:11:06 2020]: >> Loading Tournament Highscores...    

[Print][Tue Jun 02 02:11:06 2020]: > Done in 0.00 seconds    

[Print][Tue Jun 02 02:11:06 2020]: >> Loading Berry Trees...    

[Print][Tue Jun 02 02:11:06 2020]: > Done in 0.00 seconds    

[Print][Tue Jun 02 02:11:06 2020]: >> Cleaning Mastery Dungeons...    

[Print][Tue Jun 02 02:11:06 2020]: > Done in 0.00 seconds    

[Print][Tue Jun 02 02:11:06 2020]: >> Loading Bosses...    

[Print][Tue Jun 02 02:11:06 2020]: >> Scheduled Boss Spawn: Pink Fury in 1 day, 6 hours, 28 minutes and 19 seconds    

[Print][Tue Jun 02 02:11:06 2020]: > Done in 0.00 seconds    

[Print][Tue Jun 02 02:11:06 2020]: >> Loading Highscores...    

[Print][Tue Jun 02 02:11:06 2020]: > Done in 0.00 seconds    

[Print][Tue Jun 02 02:11:06 2020]: >> Loading Ball Pillars...    

[Print][Tue Jun 02 02:11:06 2020]: > Done in 0.00 seconds    

[Print][Tue Jun 02 02:11:06 2020]: >> Loading Citizens...    

[Print][Tue Jun 02 02:11:06 2020]: > Done in 0.05 seconds    

[Print][Tue Jun 02 02:11:06 2020]: >> Loading SupriseBox...    

[Print][Tue Jun 02 02:11:06 2020]: > Done in 0.02 seconds    

[Print][Tue Jun 02 02:11:06 2020]: >> Loading Ranks...    

[Print][Tue Jun 02 02:11:06 2020]: > Done in 0.00 seconds    

[Print][Tue Jun 02 02:11:06 2020]: >> All done on Tue Jun 02 02:11:06 2020    

[Print][Tue Jun 02 02:15:33 2020]: >> Cleaning players online status...    

[Print][Tue Jun 02 02:15:33 2020]: > Done in 0.00 seconds    

[Print][Tue Jun 02 02:15:33 2020]: >> Loading PvP Arenas...    

[Print][Tue Jun 02 02:15:33 2020]: > Done in 0.00 seconds    

[Print][Tue Jun 02 02:15:33 2020]: >> Loading Caught Highscores...    

[Print][Tue Jun 02 02:15:33 2020]: > Done in 0.00 seconds    

[Print][Tue Jun 02 02:15:33 2020]: >> Loading Tournament Highscores...    

[Print][Tue Jun 02 02:15:33 2020]: > Done in 0.00 seconds    

[Print][Tue Jun 02 02:15:33 2020]: >> Loading Berry Trees...    

[Print][Tue Jun 02 02:15:33 2020]: > Done in 0.00 seconds    

[Print][Tue Jun 02 02:15:33 2020]: >> Cleaning Mastery Dungeons...    

[Print][Tue Jun 02 02:15:33 2020]: > Done in 0.00 seconds    

[Print][Tue Jun 02 02:15:33 2020]: >> Loading Bosses...    

[Print][Tue Jun 02 02:15:33 2020]: >> Scheduled Boss Spawn: Cesar, The Simian in 1 day, 7 hours, 28 minutes and 51 seconds    

[Print][Tue Jun 02 02:15:33 2020]: > Done in 0.00 seconds    

[Print][Tue Jun 02 02:15:33 2020]: >> Loading Highscores...    

[Print][Tue Jun 02 02:15:33 2020]: > Done in 0.00 seconds    

[Print][Tue Jun 02 02:15:33 2020]: >> Loading Ball Pillars...    

[Print][Tue Jun 02 02:15:33 2020]: > Done in 0.00 seconds    

[Print][Tue Jun 02 02:15:33 2020]: >> Loading Citizens...    

[Print][Tue Jun 02 02:15:33 2020]: > Done in 0.05 seconds    

[Print][Tue Jun 02 02:15:33 2020]: >> Loading SupriseBox...    

[Print][Tue Jun 02 02:15:33 2020]: > Done in 0.02 seconds    

[Print][Tue Jun 02 02:15:33 2020]: >> Loading Ranks...    

[Print][Tue Jun 02 02:15:33 2020]: > Done in 0.00 seconds    

[Print][Tue Jun 02 02:15:33 2020]: >> All done on Tue Jun 02 02:15:33 2020    

[Print][Tue Jun 02 02:25:17 2020]: >> Cleaning players online status...    

[Print][Tue Jun 02 02:25:17 2020]: > Done in 0.00 seconds    

[Print][Tue Jun 02 02:25:17 2020]: >> Loading PvP Arenas...    

[Print][Tue Jun 02 02:25:17 2020]: > Done in 0.00 seconds    

[Print][Tue Jun 02 02:25:17 2020]: >> Loading Caught Highscores...    

[Print][Tue Jun 02 02:25:17 2020]: > Done in 0.00 seconds    

[Print][Tue Jun 02 02:25:17 2020]: >> Loading Tournament Highscores...    

[Print][Tue Jun 02 02:25:17 2020]: > Done in 0.00 seconds    

[Print][Tue Jun 02 02:25:17 2020]: >> Loading Berry Trees...    

[Print][Tue Jun 02 02:25:17 2020]: > Done in 0.00 seconds    

[Print][Tue Jun 02 02:25:17 2020]: >> Cleaning Mastery Dungeons...    

[Print][Tue Jun 02 02:25:17 2020]: > Done in 0.00 seconds    

[Print][Tue Jun 02 02:25:17 2020]: >> Loading Bosses...    

[Print][Tue Jun 02 02:25:17 2020]: >> Scheduled Boss Spawn: Charles Spencer in 1 day, 2 hours, 23 minutes and 49 seconds    

[Print][Tue Jun 02 02:25:17 2020]: > Done in 0.00 seconds    

[Print][Tue Jun 02 02:25:17 2020]: >> Loading Highscores...    

[Print][Tue Jun 02 02:25:17 2020]: > Done in 0.00 seconds    

[Print][Tue Jun 02 02:25:17 2020]: >> Loading Ball Pillars...    

[Print][Tue Jun 02 02:25:17 2020]: > Done in 0.00 seconds    

[Print][Tue Jun 02 02:25:17 2020]: >> Loading Citizens...    

[Print][Tue Jun 02 02:25:17 2020]: > Done in 0.05 seconds    

[Print][Tue Jun 02 02:25:17 2020]: >> Loading SupriseBox...    

[Print][Tue Jun 02 02:25:17 2020]: > Done in 0.03 seconds    

[Print][Tue Jun 02 02:25:17 2020]: >> Loading Ranks...    

[Print][Tue Jun 02 02:25:17 2020]: > Done in 0.00 seconds    

[Print][Tue Jun 02 02:25:17 2020]: >> All done on Tue Jun 02 02:25:17 2020    

[Print][Tue Jun 02 09:43:20 2020]: >> Cleaning players online status...    

[Print][Tue Jun 02 09:43:20 2020]: > Done in 0.00 seconds    

[Print][Tue Jun 02 09:43:20 2020]: >> Loading PvP Arenas...    

[Print][Tue Jun 02 09:43:20 2020]: > Done in 0.00 seconds    

[Print][Tue Jun 02 09:43:20 2020]: >> Loading Caught Highscores...    

[Print][Tue Jun 02 09:43:20 2020]: > Done in 0.00 seconds    

[Print][Tue Jun 02 09:43:20 2020]: >> Loading Tournament Highscores...    

[Print][Tue Jun 02 09:43:20 2020]: > Done in 0.00 seconds    

[Print][Tue Jun 02 09:43:20 2020]: >> Loading Berry Trees...    

[Print][Tue Jun 02 09:43:20 2020]: > Done in 0.02 seconds    

[Print][Tue Jun 02 09:43:20 2020]: >> Cleaning Mastery Dungeons...    

[Print][Tue Jun 02 09:43:20 2020]: > Done in 0.00 seconds    

[Print][Tue Jun 02 09:43:20 2020]: >> Loading Bosses...    

[Print][Tue Jun 02 09:43:20 2020]: >> Scheduled Boss Spawn: Cesar, The Simian in 1 day, 3 hours, 4 minutes and 2 seconds    

[Print][Tue Jun 02 09:43:20 2020]: > Done in 0.00 seconds    

[Print][Tue Jun 02 09:43:20 2020]: >> Loading Highscores...    

[Print][Tue Jun 02 09:43:20 2020]: > Done in 0.00 seconds    

[Print][Tue Jun 02 09:43:20 2020]: >> Loading Ball Pillars...    

[Print][Tue Jun 02 09:43:20 2020]: > Done in 0.02 seconds    

[Print][Tue Jun 02 09:43:20 2020]: >> Loading Citizens...    

[Print][Tue Jun 02 09:43:20 2020]: > Done in 0.05 seconds    

[Print][Tue Jun 02 09:43:20 2020]: >> Loading SupriseBox...    

[Print][Tue Jun 02 09:43:20 2020]: > Done in 0.02 seconds    

[Print][Tue Jun 02 09:43:20 2020]: >> Loading Ranks...    

[Print][Tue Jun 02 09:43:20 2020]: > Done in 0.00 seconds    

[Print][Tue Jun 02 09:43:20 2020]: >> All done on Tue Jun 02 09:43:20 2020    

[Print][Tue Jun 02 09:44:21 2020]: >> Cleaning players online status...    

[Print][Tue Jun 02 09:44:21 2020]: > Done in 0.00 seconds    

[Print][Tue Jun 02 09:44:21 2020]: >> Loading PvP Arenas...    

[Print][Tue Jun 02 09:44:21 2020]: > Done in 0.00 seconds    

[Print][Tue Jun 02 09:44:21 2020]: >> Loading Caught Highscores...    

[Print][Tue Jun 02 09:44:21 2020]: > Done in 0.00 seconds    

[Print][Tue Jun 02 09:44:21 2020]: >> Loading Tournament Highscores...    

[Print][Tue Jun 02 09:44:21 2020]: > Done in 0.00 seconds    

[Print][Tue Jun 02 09:44:21 2020]: >> Loading Berry Trees...    

[Print][Tue Jun 02 09:44:21 2020]: > Done in 0.00 seconds    

[Print][Tue Jun 02 09:44:21 2020]: >> Cleaning Mastery Dungeons...    

[Print][Tue Jun 02 09:44:21 2020]: > Done in 0.00 seconds    

[Print][Tue Jun 02 09:44:21 2020]: >> Loading Bosses...    

[Print][Tue Jun 02 09:44:21 2020]: >> Scheduled Boss Spawn: Sweet Lover in 21 hours, 3 minutes and 10 seconds    

[Print][Tue Jun 02 09:44:21 2020]: > Done in 0.00 seconds    

[Print][Tue Jun 02 09:44:21 2020]: >> Loading Highscores...    

[Print][Tue Jun 02 09:44:21 2020]: > Done in 0.00 seconds    

[Print][Tue Jun 02 09:44:21 2020]: >> Loading Ball Pillars...    

[Print][Tue Jun 02 09:44:21 2020]: > Done in 0.00 seconds    

[Print][Tue Jun 02 09:44:21 2020]: >> Loading Citizens...    

[Print][Tue Jun 02 09:44:21 2020]: > Done in 0.09 seconds    

[Print][Tue Jun 02 09:44:21 2020]: >> Loading SupriseBox...    

[Print][Tue Jun 02 09:44:21 2020]: > Done in 0.03 seconds    

[Print][Tue Jun 02 09:44:21 2020]: >> Loading Ranks...    

[Print][Tue Jun 02 09:44:21 2020]: > Done in 0.00 seconds    

[Print][Tue Jun 02 09:44:21 2020]: >> All done on Tue Jun 02 09:44:21 2020    

[Print][Tue Jun 02 10:01:04 2020]: >> Cleaning players online status...    

[Print][Tue Jun 02 10:01:04 2020]: > Done in 0.09 seconds    

[Print][Tue Jun 02 10:01:04 2020]: >> Loading PvP Arenas...    

[Print][Tue Jun 02 10:01:04 2020]: > Done in 0.00 seconds    

[Print][Tue Jun 02 10:01:04 2020]: >> Loading Caught Highscores...    

[Print][Tue Jun 02 10:01:04 2020]: > Done in 0.00 seconds    

[Print][Tue Jun 02 10:01:04 2020]: >> Loading Tournament Highscores...    

[Print][Tue Jun 02 10:01:04 2020]: > Done in 0.00 seconds    

[Print][Tue Jun 02 10:01:04 2020]: >> Loading Berry Trees...    

[Print][Tue Jun 02 10:01:04 2020]: > Done in 0.03 seconds    

[Print][Tue Jun 02 10:01:04 2020]: >> Cleaning Mastery Dungeons...    

[Print][Tue Jun 02 10:01:04 2020]: > Done in 0.00 seconds    

[Print][Tue Jun 02 10:01:04 2020]: >> Loading Bosses...    

[Print][Tue Jun 02 10:01:04 2020]: >> Scheduled Boss Spawn: Charles Spencer in 18 hours, 49 minutes and 53 seconds    

[Print][Tue Jun 02 10:01:04 2020]: > Done in 0.00 seconds    

[Print][Tue Jun 02 10:01:04 2020]: >> Loading Highscores...    

[Print][Tue Jun 02 10:01:04 2020]: > Done in 0.00 seconds    

[Print][Tue Jun 02 10:01:04 2020]: >> Loading Ball Pillars...    

[Print][Tue Jun 02 10:01:04 2020]: > Done in 0.02 seconds    

[Print][Tue Jun 02 10:01:04 2020]: >> Loading Citizens...    

[Print][Tue Jun 02 10:01:04 2020]: > Done in 0.05 seconds    

[Print][Tue Jun 02 10:01:04 2020]: >> Loading SupriseBox...    

[Print][Tue Jun 02 10:01:04 2020]: > Done in 0.03 seconds    

[Print][Tue Jun 02 10:01:04 2020]: >> Loading Ranks...    

[Print][Tue Jun 02 10:01:04 2020]: > Done in 0.00 seconds    

[Print][Tue Jun 02 10:01:04 2020]: >> All done on Tue Jun 02 10:01:04 2020    

[Print][Tue Jun 02 10:24:20 2020]: >> Cleaning players online status...    

[Print][Tue Jun 02 10:24:20 2020]: > Done in 0.00 seconds    

[Print][Tue Jun 02 10:24:20 2020]: >> Loading PvP Arenas...    

[Print][Tue Jun 02 10:24:20 2020]: > Done in 0.00 seconds    

[Print][Tue Jun 02 10:24:20 2020]: >> Loading Caught Highscores...    

[Print][Tue Jun 02 10:24:20 2020]: > Done in 0.00 seconds    

[Print][Tue Jun 02 10:24:20 2020]: >> Loading Tournament Highscores...    

[Print][Tue Jun 02 10:24:20 2020]: > Done in 0.00 seconds    

[Print][Tue Jun 02 10:24:20 2020]: >> Loading Berry Trees...    

[Print][Tue Jun 02 10:24:20 2020]: > Done in 0.00 seconds    

[Print][Tue Jun 02 10:24:20 2020]: >> Cleaning Mastery Dungeons...    

[Print][Tue Jun 02 10:24:20 2020]: > Done in 0.00 seconds    

[Print][Tue Jun 02 10:24:20 2020]: >> Loading Bosses...    

[Print][Tue Jun 02 10:24:20 2020]: >> Scheduled Boss Spawn: Blastertoise in 1 day, 2 hours, 14 minutes and 4 seconds    

[Print][Tue Jun 02 10:24:20 2020]: > Done in 0.00 seconds    

[Print][Tue Jun 02 10:24:20 2020]: >> Loading Highscores...    

[Print][Tue Jun 02 10:24:20 2020]: > Done in 0.00 seconds    

[Print][Tue Jun 02 10:24:20 2020]: >> Loading Ball Pillars...    

[Print][Tue Jun 02 10:24:20 2020]: > Done in 0.00 seconds    

[Print][Tue Jun 02 10:24:20 2020]: >> Loading Citizens...    

[Print][Tue Jun 02 10:24:20 2020]: > Done in 0.05 seconds    

[Print][Tue Jun 02 10:24:20 2020]: >> Loading SupriseBox...    

[Print][Tue Jun 02 10:24:20 2020]: > Done in 0.02 seconds    

[Print][Tue Jun 02 10:24:20 2020]: >> Loading Ranks...    

[Print][Tue Jun 02 10:24:20 2020]: > Done in 0.00 seconds    

[Print][Tue Jun 02 10:24:20 2020]: >> All done on Tue Jun 02 10:24:20 2020    

[Print][Tue Jun 02 10:28:09 2020]: >> Cleaning players online status...    

[Print][Tue Jun 02 10:28:09 2020]: > Done in 0.00 seconds    

[Print][Tue Jun 02 10:28:09 2020]: >> Loading PvP Arenas...    

[Print][Tue Jun 02 10:28:09 2020]: > Done in 0.00 seconds    

[Print][Tue Jun 02 10:28:09 2020]: >> Loading Caught Highscores...    

[Print][Tue Jun 02 10:28:09 2020]: > Done in 0.00 seconds    

[Print][Tue Jun 02 10:28:09 2020]: >> Loading Tournament Highscores...    

[Print][Tue Jun 02 10:28:09 2020]: > Done in 0.00 seconds    

[Print][Tue Jun 02 10:28:09 2020]: >> Loading Berry Trees...    

[Print][Tue Jun 02 10:28:09 2020]: > Done in 0.02 seconds    

[Print][Tue Jun 02 10:28:09 2020]: >> Cleaning Mastery Dungeons...    

[Print][Tue Jun 02 10:28:09 2020]: > Done in 0.00 seconds    

[Print][Tue Jun 02 10:28:09 2020]: >> Loading Bosses...    

[Print][Tue Jun 02 10:28:09 2020]: >> Scheduled Boss Spawn: Toby in 1 day, 40 minutes and 38 seconds    

[Print][Tue Jun 02 10:28:09 2020]: > Done in 0.00 seconds    

[Print][Tue Jun 02 10:28:09 2020]: >> Loading Highscores...    

[Print][Tue Jun 02 10:28:09 2020]: > Done in 0.00 seconds    

[Print][Tue Jun 02 10:28:09 2020]: >> Loading Ball Pillars...    

[Print][Tue Jun 02 10:28:09 2020]: > Done in 0.02 seconds    

[Print][Tue Jun 02 10:28:09 2020]: >> Loading Citizens...    

[Print][Tue Jun 02 10:28:09 2020]: > Done in 0.05 seconds    

[Print][Tue Jun 02 10:28:09 2020]: >> Loading SupriseBox...    

[Print][Tue Jun 02 10:28:09 2020]: > Done in 0.02 seconds    

[Print][Tue Jun 02 10:28:09 2020]: >> Loading Ranks...    

[Print][Tue Jun 02 10:28:09 2020]: > Done in 0.00 seconds    

[Print][Tue Jun 02 10:28:09 2020]: >> All done on Tue Jun 02 10:28:09 2020    

[Print][Tue Jun 02 12:09:10 2020]: >> Cleaning players online status...    

[Print][Tue Jun 02 12:09:10 2020]: > Done in 0.04 seconds    

[Print][Tue Jun 02 12:09:10 2020]: >> Loading PvP Arenas...    

[Print][Tue Jun 02 12:09:10 2020]: > Done in 0.00 seconds    

[Print][Tue Jun 02 12:09:10 2020]: >> Loading Caught Highscores...    

[Print][Tue Jun 02 12:09:10 2020]: > Done in 0.00 seconds    

[Print][Tue Jun 02 12:09:10 2020]: >> Loading Tournament Highscores...    

[Print][Tue Jun 02 12:09:10 2020]: > Done in 0.00 seconds    

[Print][Tue Jun 02 12:09:10 2020]: >> Loading Berry Trees...    

[Print][Tue Jun 02 12:09:10 2020]: > Done in 0.02 seconds    

[Print][Tue Jun 02 12:09:10 2020]: >> Cleaning Mastery Dungeons...    

[Print][Tue Jun 02 12:09:10 2020]: > Done in 0.00 seconds    

[Print][Tue Jun 02 12:09:10 2020]: >> Loading Bosses...    

[Print][Tue Jun 02 12:09:10 2020]: >> Scheduled Boss Spawn: Twisted Blades in 1 day, 40 minutes and 8 seconds    

[Print][Tue Jun 02 12:09:10 2020]: > Done in 0.00 seconds    

[Print][Tue Jun 02 12:09:10 2020]: >> Loading Highscores...    

[Print][Tue Jun 02 12:09:10 2020]: > Done in 0.00 seconds    

[Print][Tue Jun 02 12:09:10 2020]: >> Loading Ball Pillars...    

[Print][Tue Jun 02 12:09:10 2020]: > Done in 0.01 seconds    

[Print][Tue Jun 02 12:09:10 2020]: >> Loading Citizens...    

[Print][Tue Jun 02 12:09:10 2020]: > Done in 0.05 seconds    

[Print][Tue Jun 02 12:09:10 2020]: >> Loading SupriseBox...    

[Print][Tue Jun 02 12:09:10 2020]: > Done in 0.03 seconds    

[Print][Tue Jun 02 12:09:10 2020]: >> Loading Ranks...    

[Print][Tue Jun 02 12:09:10 2020]: > Done in 0.00 seconds    

[Print][Tue Jun 02 12:09:10 2020]: >> All done on Tue Jun 02 12:09:10 2020    

[Print][Tue Jun 02 13:47:24 2020]: >> Cleaning players online status...    

[Print][Tue Jun 02 13:47:24 2020]: > Done in 0.00 seconds    

[Print][Tue Jun 02 13:47:24 2020]: >> Loading PvP Arenas...    

[Print][Tue Jun 02 13:47:24 2020]: > Done in 0.00 seconds    

[Print][Tue Jun 02 13:47:24 2020]: >> Loading Caught Highscores...    

[Print][Tue Jun 02 13:47:24 2020]: > Done in 0.00 seconds    

[Print][Tue Jun 02 13:47:24 2020]: >> Loading Tournament Highscores...    

[Print][Tue Jun 02 13:47:24 2020]: > Done in 0.00 seconds    

[Print][Tue Jun 02 13:47:24 2020]: >> Loading Berry Trees...    

[Print][Tue Jun 02 13:47:24 2020]: > Done in 0.03 seconds    

[Print][Tue Jun 02 13:47:24 2020]: >> Cleaning Mastery Dungeons...    

[Print][Tue Jun 02 13:47:24 2020]: > Done in 0.00 seconds    

[Print][Tue Jun 02 13:47:24 2020]: >> Loading Bosses...    

[Print][Tue Jun 02 13:47:24 2020]: >> Scheduled Boss Spawn: Blastertoise in 19 hours, 12 minutes and 22 seconds    

[Print][Tue Jun 02 13:47:24 2020]: > Done in 0.00 seconds    

[Print][Tue Jun 02 13:47:24 2020]: >> Loading Highscores...    

[Print][Tue Jun 02 13:47:24 2020]: > Done in 0.00 seconds    

[Print][Tue Jun 02 13:47:24 2020]: >> Loading Ball Pillars...    

[Print][Tue Jun 02 13:47:24 2020]: > Done in 0.02 seconds    

[Print][Tue Jun 02 13:47:24 2020]: >> Loading Citizens...    

[Print][Tue Jun 02 13:47:24 2020]: > Done in 0.05 seconds    

[Print][Tue Jun 02 13:47:24 2020]: >> Loading SupriseBox...    

[Print][Tue Jun 02 13:47:24 2020]: > Done in 0.02 seconds    

[Print][Tue Jun 02 13:47:24 2020]: >> Loading Ranks...    

[Print][Tue Jun 02 13:47:24 2020]: > Done in 0.00 seconds    

[Print][Tue Jun 02 13:47:24 2020]: >> All done on Tue Jun 02 13:47:24 2020    

[Print][Tue Jun 02 14:40:51 2020]: >> Cleaning players online status...    

[Print][Tue Jun 02 14:40:51 2020]: > Done in 0.01 seconds    

[Print][Tue Jun 02 14:40:51 2020]: >> Loading PvP Arenas...    

[Print][Tue Jun 02 14:40:51 2020]: > Done in 0.00 seconds    

[Print][Tue Jun 02 14:40:51 2020]: >> Loading Caught Highscores...    

[Print][Tue Jun 02 14:40:51 2020]: > Done in 0.00 seconds    

[Print][Tue Jun 02 14:40:51 2020]: >> Loading Tournament Highscores...    

[Print][Tue Jun 02 14:40:51 2020]: > Done in 0.00 seconds    

[Print][Tue Jun 02 14:40:51 2020]: >> Loading Berry Trees...    

[Print][Tue Jun 02 14:40:51 2020]: > Done in 0.01 seconds    

[Print][Tue Jun 02 14:40:51 2020]: >> Cleaning Mastery Dungeons...    

[Print][Tue Jun 02 14:40:51 2020]: > Done in 0.00 seconds    

[Print][Tue Jun 02 14:40:51 2020]: >> Loading Bosses...    

[Print][Tue Jun 02 14:40:51 2020]: >> Scheduled Boss Spawn: Toby in 18 hours, 52 minutes and 23 seconds    

[Print][Tue Jun 02 14:40:51 2020]: > Done in 0.00 seconds    

[Print][Tue Jun 02 14:40:51 2020]: >> Loading Highscores...    

[Print][Tue Jun 02 14:40:51 2020]: > Done in 0.00 seconds    

[Print][Tue Jun 02 14:40:51 2020]: >> Loading Ball Pillars...    

[Print][Tue Jun 02 14:40:51 2020]: > Done in 0.02 seconds    

[Print][Tue Jun 02 14:40:51 2020]: >> Loading Citizens...    

[Print][Tue Jun 02 14:40:51 2020]: > Done in 0.05 seconds    

[Print][Tue Jun 02 14:40:51 2020]: >> Loading SupriseBox...    

[Print][Tue Jun 02 14:40:52 2020]: > Done in 0.03 seconds    

[Print][Tue Jun 02 14:40:52 2020]: >> Loading Ranks...    

[Print][Tue Jun 02 14:40:52 2020]: > Done in 0.00 seconds    

[Print][Tue Jun 02 14:40:52 2020]: >> All done on Tue Jun 02 14:40:52 2020    

[Print][Tue Jun 02 15:25:25 2020]: >> Cleaning players online status...    

[Print][Tue Jun 02 15:25:25 2020]: > Done in 0.00 seconds    

[Print][Tue Jun 02 15:25:25 2020]: >> Loading PvP Arenas...    

[Print][Tue Jun 02 15:25:25 2020]: > Done in 0.00 seconds    

[Print][Tue Jun 02 15:25:25 2020]: >> Loading Caught Highscores...    

[Print][Tue Jun 02 15:25:25 2020]: > Done in 0.00 seconds    

[Print][Tue Jun 02 15:25:25 2020]: >> Loading Tournament Highscores...    

[Print][Tue Jun 02 15:25:25 2020]: > Done in 0.00 seconds    

[Print][Tue Jun 02 15:25:25 2020]: >> Loading Berry Trees...    

[Print][Tue Jun 02 15:25:25 2020]: > Done in 0.01 seconds    

[Print][Tue Jun 02 15:25:25 2020]: >> Cleaning Mastery Dungeons...    

[Print][Tue Jun 02 15:25:25 2020]: > Done in 0.00 seconds    

[Print][Tue Jun 02 15:25:25 2020]: >> Loading Bosses...    

[Print][Tue Jun 02 15:25:25 2020]: >> Scheduled Boss Spawn: Sweet Lover in 21 hours, 30 minutes and 50 seconds    

[Print][Tue Jun 02 15:25:25 2020]: > Done in 0.00 seconds    

[Print][Tue Jun 02 15:25:25 2020]: >> Loading Highscores...    

[Print][Tue Jun 02 15:25:25 2020]: > Done in 0.00 seconds    

[Print][Tue Jun 02 15:25:25 2020]: >> Loading Ball Pillars...    

[Print][Tue Jun 02 15:25:25 2020]: > Done in 0.02 seconds    

[Print][Tue Jun 02 15:25:25 2020]: >> Loading Citizens...    

[Print][Tue Jun 02 15:25:25 2020]: > Done in 0.05 seconds    

[Print][Tue Jun 02 15:25:25 2020]: >> Loading SupriseBox...    

[Print][Tue Jun 02 15:25:25 2020]: > Done in 0.02 seconds    

[Print][Tue Jun 02 15:25:25 2020]: >> Loading Ranks...    

[Print][Tue Jun 02 15:25:25 2020]: > Done in 0.00 seconds    

[Print][Tue Jun 02 15:25:25 2020]: >> All done on Tue Jun 02 15:25:25 2020    

[Print][Tue Jun 02 15:57:19 2020]: >> Cleaning players online status...    

[Print][Tue Jun 02 15:57:19 2020]: > Done in 0.00 seconds    

[Print][Tue Jun 02 15:57:19 2020]: >> Loading PvP Arenas...    

[Print][Tue Jun 02 15:57:19 2020]: > Done in 0.00 seconds    

[Print][Tue Jun 02 15:57:19 2020]: >> Loading Caught Highscores...    

[Print][Tue Jun 02 15:57:19 2020]: > Done in 0.00 seconds    

[Print][Tue Jun 02 15:57:19 2020]: >> Loading Tournament Highscores...    

[Print][Tue Jun 02 15:57:19 2020]: > Done in 0.00 seconds    

[Print][Tue Jun 02 15:57:19 2020]: >> Loading Berry Trees...    

[Print][Tue Jun 02 15:57:19 2020]: > Done in 0.01 seconds    

[Print][Tue Jun 02 15:57:19 2020]: >> Cleaning Mastery Dungeons...    

[Print][Tue Jun 02 15:57:19 2020]: > Done in 0.00 seconds    

[Print][Tue Jun 02 15:57:19 2020]: >> Loading Bosses...    

[Print][Tue Jun 02 15:57:19 2020]: >> Scheduled Boss Spawn: Phyllo Terribil in 12 hours, 24 minutes and 57 seconds    

[Print][Tue Jun 02 15:57:19 2020]: > Done in 0.00 seconds    

[Print][Tue Jun 02 15:57:19 2020]: >> Loading Highscores...    

[Print][Tue Jun 02 15:57:20 2020]: > Done in 0.00 seconds    

[Print][Tue Jun 02 15:57:20 2020]: >> Loading Ball Pillars...    

[Print][Tue Jun 02 15:57:20 2020]: > Done in 0.02 seconds    

[Print][Tue Jun 02 15:57:20 2020]: >> Loading Citizens...    

[Print][Tue Jun 02 15:57:20 2020]: > Done in 0.05 seconds    

[Print][Tue Jun 02 15:57:20 2020]: >> Loading SupriseBox...    

[Print][Tue Jun 02 15:57:20 2020]: > Done in 0.02 seconds    

[Print][Tue Jun 02 15:57:20 2020]: >> Loading Ranks...    

[Print][Tue Jun 02 15:57:20 2020]: > Done in 0.00 seconds    

[Print][Tue Jun 02 15:57:20 2020]: >> All done on Tue Jun 02 15:57:20 2020    

[Print][Tue Jun 02 17:44:20 2020]: >> Cleaning players online status...    

[Print][Tue Jun 02 17:44:20 2020]: > Done in 0.02 seconds    

[Print][Tue Jun 02 17:44:20 2020]: >> Loading PvP Arenas...    

[Print][Tue Jun 02 17:44:20 2020]: > Done in 0.00 seconds    

[Print][Tue Jun 02 17:44:20 2020]: >> Loading Caught Highscores...    

[Print][Tue Jun 02 17:44:20 2020]: > Done in 0.00 seconds    

[Print][Tue Jun 02 17:44:20 2020]: >> Loading Tournament Highscores...    

[Print][Tue Jun 02 17:44:20 2020]: > Done in 0.00 seconds    

[Print][Tue Jun 02 17:44:20 2020]: >> Loading Berry Trees...    

[Print][Tue Jun 02 17:44:20 2020]: > Done in 0.06 seconds    

[Print][Tue Jun 02 17:44:20 2020]: >> Cleaning Mastery Dungeons...    

[Print][Tue Jun 02 17:44:20 2020]: > Done in 0.00 seconds    

[Print][Tue Jun 02 17:44:20 2020]: >> Loading Bosses...    

[Print][Tue Jun 02 17:44:20 2020]: >> Scheduled Boss Spawn: Pink Fury in 19 hours, 10 minutes and 4 seconds    

[Print][Tue Jun 02 17:44:20 2020]: > Done in 0.00 seconds    

[Print][Tue Jun 02 17:44:20 2020]: >> Loading Highscores...    

[Print][Tue Jun 02 17:44:20 2020]: > Done in 0.00 seconds    

[Print][Tue Jun 02 17:44:20 2020]: >> Loading Ball Pillars...    

[Print][Tue Jun 02 17:44:21 2020]: > Done in 0.03 seconds    

[Print][Tue Jun 02 17:44:21 2020]: >> Loading Citizens...    

[Print][Tue Jun 02 17:44:21 2020]: > Done in 0.05 seconds    

[Print][Tue Jun 02 17:44:21 2020]: >> Loading SupriseBox...    

[Print][Tue Jun 02 17:44:21 2020]: > Done in 0.02 seconds    

[Print][Tue Jun 02 17:44:21 2020]: >> Loading Ranks...    

[Print][Tue Jun 02 17:44:21 2020]: > Done in 0.00 seconds    

[Print][Tue Jun 02 17:44:21 2020]: >> All done on Tue Jun 02 17:44:21 2020    

[Print][Tue Jun 02 17:46:23 2020]: >> Cleaning players online status...    

[Print][Tue Jun 02 17:46:23 2020]: > Done in 0.00 seconds    

[Print][Tue Jun 02 17:46:23 2020]: >> Loading PvP Arenas...    

[Print][Tue Jun 02 17:46:23 2020]: > Done in 0.00 seconds    

[Print][Tue Jun 02 17:46:23 2020]: >> Loading Caught Highscores...    

[Print][Tue Jun 02 17:46:23 2020]: > Done in 0.00 seconds    

[Print][Tue Jun 02 17:46:23 2020]: >> Loading Tournament Highscores...    

[Print][Tue Jun 02 17:46:23 2020]: > Done in 0.00 seconds    

[Print][Tue Jun 02 17:46:23 2020]: >> Loading Berry Trees...    

[Print][Tue Jun 02 17:46:23 2020]: > Done in 0.02 seconds    

[Print][Tue Jun 02 17:46:23 2020]: >> Cleaning Mastery Dungeons...    

[Print][Tue Jun 02 17:46:23 2020]: > Done in 0.00 seconds    

[Print][Tue Jun 02 17:46:23 2020]: >> Loading Bosses...    

[Print][Tue Jun 02 17:46:23 2020]: >> Scheduled Boss Spawn: Grisly Mind in 16 hours, 46 minutes and 25 seconds    

[Print][Tue Jun 02 17:46:23 2020]: > Done in 0.00 seconds    

[Print][Tue Jun 02 17:46:23 2020]: >> Loading Highscores...    

[Print][Tue Jun 02 17:46:23 2020]: > Done in 0.00 seconds    

[Print][Tue Jun 02 17:46:23 2020]: >> Loading Ball Pillars...    

[Print][Tue Jun 02 17:46:23 2020]: > Done in 0.02 seconds    

[Print][Tue Jun 02 17:46:23 2020]: >> Loading Citizens...    

[Print][Tue Jun 02 17:46:23 2020]: > Done in 0.05 seconds    

[Print][Tue Jun 02 17:46:23 2020]: >> Loading SupriseBox...    

[Print][Tue Jun 02 17:46:23 2020]: > Done in 0.02 seconds    

[Print][Tue Jun 02 17:46:23 2020]: >> Loading Ranks...    

[Print][Tue Jun 02 17:46:23 2020]: > Done in 0.00 seconds    

[Print][Tue Jun 02 17:46:23 2020]: >> All done on Tue Jun 02 17:46:23 2020    

