[Print][Wed Jan 20 06:18:23 2021]: >> Cleaning players online status...    

[Print][Wed Jan 20 06:18:23 2021]: > Done in 0.17 seconds    

[Print][Wed Jan 20 06:18:23 2021]: >> Loading PvP Arenas...    

[Print][Wed Jan 20 06:18:23 2021]: > Done in 0.00 seconds    

[Print][Wed Jan 20 06:18:23 2021]: >> Loading Caught Highscores...    

[Print][Wed Jan 20 06:18:23 2021]: > Done in 0.00 seconds    

[Print][Wed Jan 20 06:18:23 2021]: >> Loading Tournament Highscores...    

[Print][Wed Jan 20 06:18:23 2021]: > Done in 0.00 seconds    

[Print][Wed Jan 20 06:18:23 2021]: >> Loading Berry Trees...    

[Print][Wed Jan 20 06:18:23 2021]: > Done in 0.03 seconds    

[Print][Wed Jan 20 06:18:23 2021]: >> Cleaning Mastery Dungeons...    

[Print][Wed Jan 20 06:18:23 2021]: > Done in 0.00 seconds    

[Print][Wed Jan 20 06:18:23 2021]: >> Loading Bosses...    

[Print][Wed Jan 20 06:18:23 2021]: >> Scheduled Boss Spawn: Grisly Mind in 3 days, 14 hours, 4 minutes and 38 seconds    

[Print][Wed Jan 20 06:18:23 2021]: > Done in 0.00 seconds    

[Print][Wed Jan 20 06:18:23 2021]: >> Loading Highscores...    

[Print][Wed Jan 20 06:18:23 2021]: > Done in 0.00 seconds    

[Print][Wed Jan 20 06:18:23 2021]: >> Loading Ball Pillars...    

[Print][Wed Jan 20 06:18:23 2021]: > Done in 0.02 seconds    

[Print][Wed Jan 20 06:18:23 2021]: >> Loading Citizens...    

[Print][Wed Jan 20 06:18:23 2021]: > Done in 0.07 seconds    

[Print][Wed Jan 20 06:18:23 2021]: >> Loading SupriseBox...    

[Print][Wed Jan 20 06:18:23 2021]: > Done in 0.01 seconds    

[Print][Wed Jan 20 06:18:23 2021]: >> Loading Ranks...    

[Print][Wed Jan 20 06:18:23 2021]: > Done in 0.00 seconds    

[Print][Wed Jan 20 06:18:23 2021]: >> All done on Wed Jan 20 06:18:23 2021    

[Print][Wed Jan 20 15:19:06 2021]: >> Cleaning players online status...    

[Print][Wed Jan 20 15:19:06 2021]: > Done in 0.02 seconds    

[Print][Wed Jan 20 15:19:06 2021]: >> Loading PvP Arenas...    

[Print][Wed Jan 20 15:19:06 2021]: > Done in 0.00 seconds    

[Print][Wed Jan 20 15:19:06 2021]: >> Loading Caught Highscores...    

[Print][Wed Jan 20 15:19:06 2021]: > Done in 0.00 seconds    

[Print][Wed Jan 20 15:19:06 2021]: >> Loading Tournament Highscores...    

[Print][Wed Jan 20 15:19:06 2021]: > Done in 0.00 seconds    

[Print][Wed Jan 20 15:19:06 2021]: >> Loading Berry Trees...    

[Print][Wed Jan 20 15:19:06 2021]: > Done in 0.00 seconds    

[Print][Wed Jan 20 15:19:06 2021]: >> Cleaning Mastery Dungeons...    

[Print][Wed Jan 20 15:19:06 2021]: > Done in 0.00 seconds    

[Print][Wed Jan 20 15:19:06 2021]: >> Loading Bosses...    

[Print][Wed Jan 20 15:19:06 2021]: >> Scheduled Boss Spawn: Mr. Gormandize in 2 days, 21 hours, 36 minutes and 50 seconds    

[Print][Wed Jan 20 15:19:06 2021]: > Done in 0.00 seconds    

[Print][Wed Jan 20 15:19:06 2021]: >> Loading Highscores...    

[Print][Wed Jan 20 15:19:06 2021]: > Done in 0.01 seconds    

[Print][Wed Jan 20 15:19:06 2021]: >> Loading Ball Pillars...    

[Print][Wed Jan 20 15:19:06 2021]: > Done in 0.00 seconds    

[Print][Wed Jan 20 15:19:06 2021]: >> Loading Citizens...    

[Print][Wed Jan 20 15:19:06 2021]: > Done in 0.08 seconds    

[Print][Wed Jan 20 15:19:06 2021]: >> Loading SupriseBox...    

[Print][Wed Jan 20 15:19:06 2021]: > Done in 0.01 seconds    

[Print][Wed Jan 20 15:19:06 2021]: >> Loading Ranks...    

[Print][Wed Jan 20 15:19:06 2021]: > Done in 0.00 seconds    

[Print][Wed Jan 20 15:19:06 2021]: >> All done on Wed Jan 20 15:19:06 2021    

[Print][Wed Jan 20 15:26:19 2021]: >> Cleaning players online status...    

[Print][Wed Jan 20 15:26:19 2021]: > Done in 0.03 seconds    

[Print][Wed Jan 20 15:26:19 2021]: >> Loading PvP Arenas...    

[Print][Wed Jan 20 15:26:19 2021]: > Done in 0.00 seconds    

[Print][Wed Jan 20 15:26:19 2021]: >> Loading Caught Highscores...    

[Print][Wed Jan 20 15:26:19 2021]: > Done in 0.00 seconds    

[Print][Wed Jan 20 15:26:19 2021]: >> Loading Tournament Highscores...    

[Print][Wed Jan 20 15:26:19 2021]: > Done in 0.00 seconds    

[Print][Wed Jan 20 15:26:19 2021]: >> Loading Berry Trees...    

[Print][Wed Jan 20 15:26:19 2021]: > Done in 0.00 seconds    

[Print][Wed Jan 20 15:26:19 2021]: >> Cleaning Mastery Dungeons...    

[Print][Wed Jan 20 15:26:19 2021]: > Done in 0.00 seconds    

[Print][Wed Jan 20 15:26:19 2021]: >> Loading Bosses...    

[Print][Wed Jan 20 15:26:19 2021]: >> Scheduled Boss Spawn: Blastertoise in 3 days, 6 hours, 44 minutes and 13 seconds    

[Print][Wed Jan 20 15:26:19 2021]: > Done in 0.00 seconds    

[Print][Wed Jan 20 15:26:19 2021]: >> Loading Highscores...    

[Print][Wed Jan 20 15:26:19 2021]: > Done in 0.00 seconds    

[Print][Wed Jan 20 15:26:19 2021]: >> Loading Ball Pillars...    

[Print][Wed Jan 20 15:26:19 2021]: > Done in 0.00 seconds    

[Print][Wed Jan 20 15:26:19 2021]: >> Loading Citizens...    

[Print][Wed Jan 20 15:26:19 2021]: > Done in 0.06 seconds    

[Print][Wed Jan 20 15:26:19 2021]: >> Loading SupriseBox...    

[Print][Wed Jan 20 15:26:19 2021]: > Done in 0.01 seconds    

[Print][Wed Jan 20 15:26:19 2021]: >> Loading Ranks...    

[Print][Wed Jan 20 15:26:19 2021]: > Done in 0.00 seconds    

[Print][Wed Jan 20 15:26:19 2021]: >> All done on Wed Jan 20 15:26:19 2021    

[Print][Wed Jan 20 16:00:44 2021]: >> Cleaning players online status...    

[Print][Wed Jan 20 16:00:44 2021]: > Done in 0.03 seconds    

[Print][Wed Jan 20 16:00:44 2021]: >> Loading PvP Arenas...    

[Print][Wed Jan 20 16:00:44 2021]: > Done in 0.00 seconds    

[Print][Wed Jan 20 16:00:44 2021]: >> Loading Caught Highscores...    

[Print][Wed Jan 20 16:00:44 2021]: > Done in 0.00 seconds    

[Print][Wed Jan 20 16:00:44 2021]: >> Loading Tournament Highscores...    

[Print][Wed Jan 20 16:00:44 2021]: > Done in 0.00 seconds    

[Print][Wed Jan 20 16:00:44 2021]: >> Loading Berry Trees...    

[Print][Wed Jan 20 16:00:44 2021]: > Done in 0.00 seconds    

[Print][Wed Jan 20 16:00:44 2021]: >> Cleaning Mastery Dungeons...    

[Print][Wed Jan 20 16:00:44 2021]: > Done in 0.00 seconds    

[Print][Wed Jan 20 16:00:44 2021]: >> Loading Bosses...    

[Print][Wed Jan 20 16:00:44 2021]: >> Scheduled Boss Spawn: Twisted Blades in 3 days, 50 minutes and 51 seconds    

[Print][Wed Jan 20 16:00:44 2021]: > Done in 0.00 seconds    

[Print][Wed Jan 20 16:00:44 2021]: >> Loading Highscores...    

[Print][Wed Jan 20 16:00:44 2021]: > Done in 0.00 seconds    

[Print][Wed Jan 20 16:00:44 2021]: >> Loading Ball Pillars...    

[Print][Wed Jan 20 16:00:44 2021]: > Done in 0.00 seconds    

[Print][Wed Jan 20 16:00:44 2021]: >> Loading Citizens...    

[Print][Wed Jan 20 16:00:44 2021]: > Done in 0.06 seconds    

[Print][Wed Jan 20 16:00:44 2021]: >> Loading SupriseBox...    

[Print][Wed Jan 20 16:00:44 2021]: > Done in 0.02 seconds    

[Print][Wed Jan 20 16:00:44 2021]: >> Loading Ranks...    

[Print][Wed Jan 20 16:00:44 2021]: > Done in 0.00 seconds    

[Print][Wed Jan 20 16:00:44 2021]: >> All done on Wed Jan 20 16:00:44 2021    

[Print][Wed Jan 20 20:50:41 2021]: >> Cleaning players online status...    

[Print][Wed Jan 20 20:50:41 2021]: > Done in 0.00 seconds    

[Print][Wed Jan 20 20:50:41 2021]: >> Loading PvP Arenas...    

[Print][Wed Jan 20 20:50:41 2021]: > Done in 0.00 seconds    

[Print][Wed Jan 20 20:50:41 2021]: >> Loading Caught Highscores...    

[Print][Wed Jan 20 20:50:41 2021]: > Done in 0.00 seconds    

[Print][Wed Jan 20 20:50:41 2021]: >> Loading Tournament Highscores...    

[Print][Wed Jan 20 20:50:41 2021]: > Done in 0.00 seconds    

[Print][Wed Jan 20 20:50:41 2021]: >> Loading Berry Trees...    

[Print][Wed Jan 20 20:50:41 2021]: > Done in 0.00 seconds    

[Print][Wed Jan 20 20:50:41 2021]: >> Cleaning Mastery Dungeons...    

[Print][Wed Jan 20 20:50:41 2021]: > Done in 0.00 seconds    

[Print][Wed Jan 20 20:50:41 2021]: >> Loading Bosses...    

[Print][Wed Jan 20 20:50:41 2021]: >> Scheduled Boss Spawn: Sweet Lover in 2 days, 15 hours, 31 minutes and 13 seconds    

[Print][Wed Jan 20 20:50:41 2021]: > Done in 0.00 seconds    

[Print][Wed Jan 20 20:50:41 2021]: >> Loading Highscores...    

[Print][Wed Jan 20 20:50:41 2021]: > Done in 0.00 seconds    

[Print][Wed Jan 20 20:50:41 2021]: >> Loading Ball Pillars...    

[Print][Wed Jan 20 20:50:41 2021]: > Done in 0.00 seconds    

[Print][Wed Jan 20 20:50:41 2021]: >> Loading Citizens...    

[Print][Wed Jan 20 20:50:41 2021]: > Done in 0.05 seconds    

[Print][Wed Jan 20 20:50:41 2021]: >> Loading SupriseBox...    

[Print][Wed Jan 20 20:50:41 2021]: > Done in 0.01 seconds    

[Print][Wed Jan 20 20:50:41 2021]: >> Loading Ranks...    

[Print][Wed Jan 20 20:50:41 2021]: > Done in 0.00 seconds    

[Print][Wed Jan 20 20:50:41 2021]: >> All done on Wed Jan 20 20:50:41 2021    

