[Print][Fri Jan 15 09:45:29 2021]: >> Cleaning players online status...    

[Print][Fri Jan 15 09:45:29 2021]: > Done in 0.05 seconds    

[Print][Fri Jan 15 09:45:29 2021]: >> Loading PvP Arenas...    

[Print][Fri Jan 15 09:45:29 2021]: > Done in 0.00 seconds    

[Print][Fri Jan 15 09:45:29 2021]: >> Loading Caught Highscores...    

[Print][Fri Jan 15 09:45:29 2021]: > Done in 0.00 seconds    

[Print][Fri Jan 15 09:45:29 2021]: >> Loading Tournament Highscores...    

[Print][Fri Jan 15 09:45:29 2021]: > Done in 0.00 seconds    

[Print][Fri Jan 15 09:45:29 2021]: >> Loading Berry Trees...    

[Print][Fri Jan 15 09:45:29 2021]: > Done in 0.01 seconds    

[Print][Fri Jan 15 09:45:29 2021]: >> Cleaning Mastery Dungeons...    

[Print][Fri Jan 15 09:45:29 2021]: > Done in 0.00 seconds    

[Print][Fri Jan 15 09:45:29 2021]: >> Loading Bosses...    

[Print][Fri Jan 15 09:45:29 2021]: >> Scheduled Boss Spawn: Twisted Blades in 1 day, 22 hours, 18 minutes and 36 seconds    

[Print][Fri Jan 15 09:45:29 2021]: > Done in 0.00 seconds    

[Print][Fri Jan 15 09:45:29 2021]: >> Loading Highscores...    

[Print][Fri Jan 15 09:45:29 2021]: > Done in 0.00 seconds    

[Print][Fri Jan 15 09:45:29 2021]: >> Loading Ball Pillars...    

[Print][Fri Jan 15 09:45:29 2021]: > Done in 0.02 seconds    

[Print][Fri Jan 15 09:45:29 2021]: >> Loading Citizens...    

[Print][Fri Jan 15 09:45:29 2021]: > Done in 0.06 seconds    

[Print][Fri Jan 15 09:45:29 2021]: >> Loading SupriseBox...    

[Print][Fri Jan 15 09:45:29 2021]: > Done in 0.01 seconds    

[Print][Fri Jan 15 09:45:29 2021]: >> Loading Ranks...    

[Print][Fri Jan 15 09:45:29 2021]: > Done in 0.00 seconds    

[Print][Fri Jan 15 09:45:29 2021]: >> All done on Fri Jan 15 09:45:29 2021    

[Print][Fri Jan 15 20:48:12 2021]: >> Cleaning players online status...    

[Print][Fri Jan 15 20:48:12 2021]: > Done in 0.00 seconds    

[Print][Fri Jan 15 20:48:12 2021]: >> Loading PvP Arenas...    

[Print][Fri Jan 15 20:48:12 2021]: > Done in 0.00 seconds    

[Print][Fri Jan 15 20:48:12 2021]: >> Loading Caught Highscores...    

[Print][Fri Jan 15 20:48:12 2021]: > Done in 0.00 seconds    

[Print][Fri Jan 15 20:48:12 2021]: >> Loading Tournament Highscores...    

[Print][Fri Jan 15 20:48:12 2021]: > Done in 0.00 seconds    

[Print][Fri Jan 15 20:48:12 2021]: >> Loading Berry Trees...    

[Print][Fri Jan 15 20:48:12 2021]: > Done in 0.02 seconds    

[Print][Fri Jan 15 20:48:12 2021]: >> Cleaning Mastery Dungeons...    

[Print][Fri Jan 15 20:48:12 2021]: > Done in 0.00 seconds    

[Print][Fri Jan 15 20:48:12 2021]: >> Loading Bosses...    

[Print][Fri Jan 15 20:48:12 2021]: >> Scheduled Boss Spawn: Twisted Blades in 1 day, 10 hours, 58 minutes and 20 seconds    

[Print][Fri Jan 15 20:48:12 2021]: > Done in 0.00 seconds    

[Print][Fri Jan 15 20:48:12 2021]: >> Loading Highscores...    

[Print][Fri Jan 15 20:48:12 2021]: > Done in 0.00 seconds    

[Print][Fri Jan 15 20:48:12 2021]: >> Loading Ball Pillars...    

[Print][Fri Jan 15 20:48:12 2021]: > Done in 0.01 seconds    

[Print][Fri Jan 15 20:48:12 2021]: >> Loading Citizens...    

[Print][Fri Jan 15 20:48:12 2021]: > Done in 0.06 seconds    

[Print][Fri Jan 15 20:48:12 2021]: >> Loading SupriseBox...    

[Print][Fri Jan 15 20:48:12 2021]: > Done in 0.02 seconds    

[Print][Fri Jan 15 20:48:12 2021]: >> Loading Ranks...    

[Print][Fri Jan 15 20:48:12 2021]: > Done in 0.00 seconds    

[Print][Fri Jan 15 20:48:12 2021]: >> All done on Fri Jan 15 20:48:12 2021    

[Print][Fri Jan 15 21:45:52 2021]: >> Cleaning players online status...    

[Print][Fri Jan 15 21:45:52 2021]: > Done in 0.09 seconds    

[Print][Fri Jan 15 21:45:52 2021]: >> Loading PvP Arenas...    

[Print][Fri Jan 15 21:45:52 2021]: > Done in 0.00 seconds    

[Print][Fri Jan 15 21:45:52 2021]: >> Loading Caught Highscores...    

[Print][Fri Jan 15 21:45:52 2021]: > Done in 0.00 seconds    

[Print][Fri Jan 15 21:45:52 2021]: >> Loading Tournament Highscores...    

[Print][Fri Jan 15 21:45:52 2021]: > Done in 0.00 seconds    

[Print][Fri Jan 15 21:45:52 2021]: >> Loading Berry Trees...    

[Print][Fri Jan 15 21:45:52 2021]: > Done in 0.00 seconds    

[Print][Fri Jan 15 21:45:52 2021]: >> Cleaning Mastery Dungeons...    

[Print][Fri Jan 15 21:45:52 2021]: > Done in 0.00 seconds    

[Print][Fri Jan 15 21:45:52 2021]: >> Loading Bosses...    

[Print][Fri Jan 15 21:45:52 2021]: >> Scheduled Boss Spawn: Pink Fury in 1 day, 17 hours, 21 minutes and 10 seconds    

[Print][Fri Jan 15 21:45:52 2021]: > Done in 0.00 seconds    

[Print][Fri Jan 15 21:45:52 2021]: >> Loading Highscores...    

[Print][Fri Jan 15 21:45:52 2021]: > Done in 0.00 seconds    

[Print][Fri Jan 15 21:45:52 2021]: >> Loading Ball Pillars...    

[Print][Fri Jan 15 21:45:52 2021]: > Done in 0.00 seconds    

[Print][Fri Jan 15 21:45:52 2021]: >> Loading Citizens...    

[Print][Fri Jan 15 21:45:52 2021]: > Done in 0.06 seconds    

[Print][Fri Jan 15 21:45:52 2021]: >> Loading SupriseBox...    

[Print][Fri Jan 15 21:45:52 2021]: > Done in 0.02 seconds    

[Print][Fri Jan 15 21:45:52 2021]: >> Loading Ranks...    

[Print][Fri Jan 15 21:45:52 2021]: > Done in 0.00 seconds    

[Print][Fri Jan 15 21:45:52 2021]: >> All done on Fri Jan 15 21:45:52 2021    

