[Print][Thu Jan 21 07:53:11 2021]: >> Cleaning players online status...    

[Print][Thu Jan 21 07:53:11 2021]: > Done in 0.00 seconds    

[Print][Thu Jan 21 07:53:11 2021]: >> Loading PvP Arenas...    

[Print][Thu Jan 21 07:53:11 2021]: > Done in 0.00 seconds    

[Print][Thu Jan 21 07:53:11 2021]: >> Loading Caught Highscores...    

[Print][Thu Jan 21 07:53:11 2021]: > Done in 0.00 seconds    

[Print][Thu Jan 21 07:53:11 2021]: >> Loading Tournament Highscores...    

[Print][Thu Jan 21 07:53:11 2021]: > Done in 0.00 seconds    

[Print][Thu Jan 21 07:53:11 2021]: >> Loading Berry Trees...    

[Print][Thu Jan 21 07:53:11 2021]: > Done in 0.00 seconds    

[Print][Thu Jan 21 07:53:11 2021]: >> Cleaning Mastery Dungeons...    

[Print][Thu Jan 21 07:53:11 2021]: > Done in 0.00 seconds    

[Print][Thu Jan 21 07:53:11 2021]: >> Loading Bosses...    

[Print][Thu Jan 21 07:53:11 2021]: >> Scheduled Boss Spawn: Smaug in 2 days, 10 hours, 56 minutes and 22 seconds    

[Print][Thu Jan 21 07:53:11 2021]: > Done in 0.00 seconds    

[Print][Thu Jan 21 07:53:11 2021]: >> Loading Highscores...    

[Print][Thu Jan 21 07:53:11 2021]: > Done in 0.00 seconds    

[Print][Thu Jan 21 07:53:11 2021]: >> Loading Ball Pillars...    

[Print][Thu Jan 21 07:53:11 2021]: > Done in 0.00 seconds    

[Print][Thu Jan 21 07:53:11 2021]: >> Loading Citizens...    

[Print][Thu Jan 21 07:53:11 2021]: > Done in 0.05 seconds    

[Print][Thu Jan 21 07:53:11 2021]: >> Loading SupriseBox...    

[Print][Thu Jan 21 07:53:11 2021]: > Done in 0.01 seconds    

[Print][Thu Jan 21 07:53:11 2021]: >> Loading Ranks...    

[Print][Thu Jan 21 07:53:11 2021]: > Done in 0.00 seconds    

[Print][Thu Jan 21 07:53:11 2021]: >> All done on Thu Jan 21 07:53:11 2021    

[Print][Thu Jan 21 08:25:53 2021]: >> Cleaning players online status...    

[Print][Thu Jan 21 08:25:53 2021]: > Done in 0.02 seconds    

[Print][Thu Jan 21 08:25:53 2021]: >> Loading PvP Arenas...    

[Print][Thu Jan 21 08:25:53 2021]: > Done in 0.00 seconds    

[Print][Thu Jan 21 08:25:53 2021]: >> Loading Caught Highscores...    

[Print][Thu Jan 21 08:25:53 2021]: > Done in 0.00 seconds    

[Print][Thu Jan 21 08:25:53 2021]: >> Loading Tournament Highscores...    

[Print][Thu Jan 21 08:25:53 2021]: > Done in 0.00 seconds    

[Print][Thu Jan 21 08:25:53 2021]: >> Loading Berry Trees...    

[Print][Thu Jan 21 08:25:53 2021]: > Done in 0.00 seconds    

[Print][Thu Jan 21 08:25:53 2021]: >> Cleaning Mastery Dungeons...    

[Print][Thu Jan 21 08:25:53 2021]: > Done in 0.00 seconds    

[Print][Thu Jan 21 08:25:53 2021]: >> Loading Bosses...    

[Print][Thu Jan 21 08:25:53 2021]: >> Scheduled Boss Spawn: Sweet Lover in 2 days, 12 hours, 49 minutes and 14 seconds    

[Print][Thu Jan 21 08:25:53 2021]: > Done in 0.00 seconds    

[Print][Thu Jan 21 08:25:53 2021]: >> Loading Highscores...    

[Print][Thu Jan 21 08:25:53 2021]: > Done in 0.00 seconds    

[Print][Thu Jan 21 08:25:53 2021]: >> Loading Ball Pillars...    

[Print][Thu Jan 21 08:25:53 2021]: > Done in 0.00 seconds    

[Print][Thu Jan 21 08:25:53 2021]: >> Loading Citizens...    

[Print][Thu Jan 21 08:25:53 2021]: > Done in 0.05 seconds    

[Print][Thu Jan 21 08:25:53 2021]: >> Loading SupriseBox...    

[Print][Thu Jan 21 08:25:53 2021]: > Done in 0.01 seconds    

[Print][Thu Jan 21 08:25:53 2021]: >> Loading Ranks...    

[Print][Thu Jan 21 08:25:53 2021]: > Done in 0.00 seconds    

[Print][Thu Jan 21 08:25:53 2021]: >> All done on Thu Jan 21 08:25:53 2021    

[Print][Thu Jan 21 19:36:23 2021]: >> Cleaning players online status...    

[Print][Thu Jan 21 19:36:23 2021]: > Done in 0.02 seconds    

[Print][Thu Jan 21 19:36:23 2021]: >> Loading PvP Arenas...    

[Print][Thu Jan 21 19:36:23 2021]: > Done in 0.00 seconds    

[Print][Thu Jan 21 19:36:23 2021]: >> Loading Caught Highscores...    

[Print][Thu Jan 21 19:36:23 2021]: > Done in 0.00 seconds    

[Print][Thu Jan 21 19:36:23 2021]: >> Loading Tournament Highscores...    

[Print][Thu Jan 21 19:36:23 2021]: > Done in 0.00 seconds    

[Print][Thu Jan 21 19:36:23 2021]: >> Loading Berry Trees...    

[Print][Thu Jan 21 19:36:23 2021]: > Done in 0.00 seconds    

[Print][Thu Jan 21 19:36:23 2021]: >> Cleaning Mastery Dungeons...    

[Print][Thu Jan 21 19:36:23 2021]: > Done in 0.00 seconds    

[Print][Thu Jan 21 19:36:23 2021]: >> Loading Bosses...    

[Print][Thu Jan 21 19:36:23 2021]: >> Scheduled Boss Spawn: Winged Wisdom in 2 days, 2 hours, 14 minutes and 15 seconds    

[Print][Thu Jan 21 19:36:23 2021]: > Done in 0.00 seconds    

[Print][Thu Jan 21 19:36:23 2021]: >> Loading Highscores...    

[Print][Thu Jan 21 19:36:23 2021]: > Done in 0.00 seconds    

[Print][Thu Jan 21 19:36:23 2021]: >> Loading Ball Pillars...    

[Print][Thu Jan 21 19:36:23 2021]: > Done in 0.00 seconds    

[Print][Thu Jan 21 19:36:23 2021]: >> Loading Citizens...    

[Print][Thu Jan 21 19:36:23 2021]: > Done in 0.06 seconds    

[Print][Thu Jan 21 19:36:23 2021]: >> Loading SupriseBox...    

[Print][Thu Jan 21 19:36:23 2021]: > Done in 0.02 seconds    

[Print][Thu Jan 21 19:36:23 2021]: >> Loading Ranks...    

[Print][Thu Jan 21 19:36:23 2021]: > Done in 0.00 seconds    

[Print][Thu Jan 21 19:36:23 2021]: >> All done on Thu Jan 21 19:36:23 2021    

[Print][Thu Jan 21 22:06:50 2021]: >> Cleaning players online status...    

[Print][Thu Jan 21 22:06:50 2021]: > Done in 0.00 seconds    

[Print][Thu Jan 21 22:06:50 2021]: >> Loading PvP Arenas...    

[Print][Thu Jan 21 22:06:50 2021]: > Done in 0.00 seconds    

[Print][Thu Jan 21 22:06:50 2021]: >> Loading Caught Highscores...    

[Print][Thu Jan 21 22:06:50 2021]: > Done in 0.00 seconds    

[Print][Thu Jan 21 22:06:50 2021]: >> Loading Tournament Highscores...    

[Print][Thu Jan 21 22:06:50 2021]: > Done in 0.00 seconds    

[Print][Thu Jan 21 22:06:50 2021]: >> Loading Berry Trees...    

[Print][Thu Jan 21 22:06:50 2021]: > Done in 0.00 seconds    

[Print][Thu Jan 21 22:06:50 2021]: >> Cleaning Mastery Dungeons...    

[Print][Thu Jan 21 22:06:50 2021]: > Done in 0.00 seconds    

[Print][Thu Jan 21 22:06:50 2021]: >> Loading Bosses...    

[Print][Thu Jan 21 22:06:50 2021]: >> Scheduled Boss Spawn: The Turbo in 1 day, 14 hours, 7 minutes and 57 seconds    

[Print][Thu Jan 21 22:06:50 2021]: > Done in 0.00 seconds    

[Print][Thu Jan 21 22:06:50 2021]: >> Loading Highscores...    

[Print][Thu Jan 21 22:06:50 2021]: > Done in 0.00 seconds    

[Print][Thu Jan 21 22:06:50 2021]: >> Loading Ball Pillars...    

[Print][Thu Jan 21 22:06:50 2021]: > Done in 0.00 seconds    

[Print][Thu Jan 21 22:06:50 2021]: >> Loading Citizens...    

[Print][Thu Jan 21 22:06:51 2021]: > Done in 0.05 seconds    

[Print][Thu Jan 21 22:06:51 2021]: >> Loading SupriseBox...    

[Print][Thu Jan 21 22:06:51 2021]: > Done in 0.01 seconds    

[Print][Thu Jan 21 22:06:51 2021]: >> Loading Ranks...    

[Print][Thu Jan 21 22:06:51 2021]: > Done in 0.00 seconds    

[Print][Thu Jan 21 22:06:51 2021]: >> All done on Thu Jan 21 22:06:51 2021    

[Print][Thu Jan 21 22:22:34 2021]: >> Cleaning players online status...    

[Print][Thu Jan 21 22:22:34 2021]: > Done in 0.01 seconds    

[Print][Thu Jan 21 22:22:34 2021]: >> Loading PvP Arenas...    

[Print][Thu Jan 21 22:22:34 2021]: > Done in 0.00 seconds    

[Print][Thu Jan 21 22:22:34 2021]: >> Loading Caught Highscores...    

[Print][Thu Jan 21 22:22:34 2021]: > Done in 0.00 seconds    

[Print][Thu Jan 21 22:22:34 2021]: >> Loading Tournament Highscores...    

[Print][Thu Jan 21 22:22:34 2021]: > Done in 0.00 seconds    

[Print][Thu Jan 21 22:22:34 2021]: >> Loading Berry Trees...    

[Print][Thu Jan 21 22:22:34 2021]: > Done in 0.00 seconds    

[Print][Thu Jan 21 22:22:34 2021]: >> Cleaning Mastery Dungeons...    

[Print][Thu Jan 21 22:22:34 2021]: > Done in 0.00 seconds    

[Print][Thu Jan 21 22:22:34 2021]: >> Loading Bosses...    

[Print][Thu Jan 21 22:22:34 2021]: >> Scheduled Boss Spawn: King Panlong in 1 day, 17 hours, 1 minute and 59 seconds    

[Print][Thu Jan 21 22:22:34 2021]: > Done in 0.00 seconds    

[Print][Thu Jan 21 22:22:34 2021]: >> Loading Highscores...    

[Print][Thu Jan 21 22:22:34 2021]: > Done in 0.00 seconds    

[Print][Thu Jan 21 22:22:34 2021]: >> Loading Ball Pillars...    

[Print][Thu Jan 21 22:22:34 2021]: > Done in 0.00 seconds    

[Print][Thu Jan 21 22:22:34 2021]: >> Loading Citizens...    

[Print][Thu Jan 21 22:22:34 2021]: > Done in 0.05 seconds    

[Print][Thu Jan 21 22:22:34 2021]: >> Loading SupriseBox...    

[Print][Thu Jan 21 22:22:34 2021]: > Done in 0.01 seconds    

[Print][Thu Jan 21 22:22:34 2021]: >> Loading Ranks...    

[Print][Thu Jan 21 22:22:34 2021]: > Done in 0.00 seconds    

[Print][Thu Jan 21 22:22:34 2021]: >> All done on Thu Jan 21 22:22:34 2021    

[Print][Thu Jan 21 22:26:18 2021]: >> Cleaning players online status...    

[Print][Thu Jan 21 22:26:18 2021]: > Done in 0.01 seconds    

[Print][Thu Jan 21 22:26:18 2021]: >> Loading PvP Arenas...    

[Print][Thu Jan 21 22:26:18 2021]: > Done in 0.00 seconds    

[Print][Thu Jan 21 22:26:18 2021]: >> Loading Caught Highscores...    

[Print][Thu Jan 21 22:26:18 2021]: > Done in 0.00 seconds    

[Print][Thu Jan 21 22:26:18 2021]: >> Loading Tournament Highscores...    

[Print][Thu Jan 21 22:26:18 2021]: > Done in 0.00 seconds    

[Print][Thu Jan 21 22:26:18 2021]: >> Loading Berry Trees...    

[Print][Thu Jan 21 22:26:18 2021]: > Done in 0.00 seconds    

[Print][Thu Jan 21 22:26:18 2021]: >> Cleaning Mastery Dungeons...    

[Print][Thu Jan 21 22:26:18 2021]: > Done in 0.00 seconds    

[Print][Thu Jan 21 22:26:18 2021]: >> Loading Bosses...    

[Print][Thu Jan 21 22:26:18 2021]: >> Scheduled Boss Spawn: Cesar, The Simian in 1 day, 18 hours, 4 minutes and 12 seconds    

[Print][Thu Jan 21 22:26:18 2021]: > Done in 0.00 seconds    

[Print][Thu Jan 21 22:26:18 2021]: >> Loading Highscores...    

[Print][Thu Jan 21 22:26:18 2021]: > Done in 0.00 seconds    

[Print][Thu Jan 21 22:26:18 2021]: >> Loading Ball Pillars...    

[Print][Thu Jan 21 22:26:18 2021]: > Done in 0.00 seconds    

[Print][Thu Jan 21 22:26:18 2021]: >> Loading Citizens...    

[Print][Thu Jan 21 22:26:18 2021]: > Done in 0.05 seconds    

[Print][Thu Jan 21 22:26:18 2021]: >> Loading SupriseBox...    

[Print][Thu Jan 21 22:26:18 2021]: > Done in 0.02 seconds    

[Print][Thu Jan 21 22:26:18 2021]: >> Loading Ranks...    

[Print][Thu Jan 21 22:26:18 2021]: > Done in 0.00 seconds    

[Print][Thu Jan 21 22:26:18 2021]: >> All done on Thu Jan 21 22:26:18 2021    

