[Print][Mon Jan 11 17:16:49 2021]: >> Cleaning players online status...    

[Print][Mon Jan 11 17:16:49 2021]: > Done in 0.00 seconds    

[Print][Mon Jan 11 17:16:49 2021]: >> Loading PvP Arenas...    

[Print][Mon Jan 11 17:16:49 2021]: > Done in 0.00 seconds    

[Print][Mon Jan 11 17:16:49 2021]: >> Loading Caught Highscores...    

[Print][Mon Jan 11 17:16:49 2021]: > Done in 0.00 seconds    

[Print][Mon Jan 11 17:16:49 2021]: >> Loading Tournament Highscores...    

[Print][Mon Jan 11 17:16:49 2021]: > Done in 0.00 seconds    

[Print][Mon Jan 11 17:16:49 2021]: >> Loading Berry Trees...    

[Print][Mon Jan 11 17:16:49 2021]: > Done in 0.00 seconds    

[Print][Mon Jan 11 17:16:49 2021]: >> Cleaning Mastery Dungeons...    

[Print][Mon Jan 11 17:16:49 2021]: > Done in 0.00 seconds    

[Print][Mon Jan 11 17:16:49 2021]: >> Loading Bosses...    

[Print][Mon Jan 11 17:16:49 2021]: >> Scheduled Boss Spawn: Sweet Lover in 3 days, 8 hours, 7 minutes and 2 seconds    

[Print][Mon Jan 11 17:16:49 2021]: > Done in 0.00 seconds    

[Print][Mon Jan 11 17:16:49 2021]: >> Loading Highscores...    

[Print][Mon Jan 11 17:16:49 2021]: > Done in 0.00 seconds    

[Print][Mon Jan 11 17:16:49 2021]: >> Loading Ball Pillars...    

[Print][Mon Jan 11 17:16:49 2021]: > Done in 0.00 seconds    

[Print][Mon Jan 11 17:16:49 2021]: >> Loading Citizens...    

[Print][Mon Jan 11 17:16:49 2021]: > Done in 0.05 seconds    

[Print][Mon Jan 11 17:16:49 2021]: >> Loading SupriseBox...    

[Print][Mon Jan 11 17:16:49 2021]: > Done in 0.01 seconds    

[Print][Mon Jan 11 17:16:49 2021]: >> Loading Ranks...    

[Print][Mon Jan 11 17:16:49 2021]: > Done in 0.00 seconds    

[Print][Mon Jan 11 17:16:49 2021]: >> All done on Mon Jan 11 17:16:49 2021    

[Print][Mon Jan 11 17:17:46 2021]: >> Cleaning players online status...    

[Print][Mon Jan 11 17:17:46 2021]: > Done in 0.00 seconds    

[Print][Mon Jan 11 17:17:46 2021]: >> Loading PvP Arenas...    

[Print][Mon Jan 11 17:17:46 2021]: > Done in 0.00 seconds    

[Print][Mon Jan 11 17:17:46 2021]: >> Loading Caught Highscores...    

[Print][Mon Jan 11 17:17:46 2021]: > Done in 0.00 seconds    

[Print][Mon Jan 11 17:17:46 2021]: >> Loading Tournament Highscores...    

[Print][Mon Jan 11 17:17:46 2021]: > Done in 0.00 seconds    

[Print][Mon Jan 11 17:17:46 2021]: >> Loading Berry Trees...    

[Print][Mon Jan 11 17:17:46 2021]: > Done in 0.00 seconds    

[Print][Mon Jan 11 17:17:46 2021]: >> Cleaning Mastery Dungeons...    

[Print][Mon Jan 11 17:17:46 2021]: > Done in 0.00 seconds    

[Print][Mon Jan 11 17:17:46 2021]: >> Loading Bosses...    

[Print][Mon Jan 11 17:17:46 2021]: >> Scheduled Boss Spawn: Blastertoise in 3 days, 14 hours, 52 minutes and 32 seconds    

[Print][Mon Jan 11 17:17:46 2021]: > Done in 0.00 seconds    

[Print][Mon Jan 11 17:17:46 2021]: >> Loading Highscores...    

[Print][Mon Jan 11 17:17:46 2021]: > Done in 0.00 seconds    

[Print][Mon Jan 11 17:17:46 2021]: >> Loading Ball Pillars...    

[Print][Mon Jan 11 17:17:46 2021]: > Done in 0.00 seconds    

[Print][Mon Jan 11 17:17:46 2021]: >> Loading Citizens...    

[Print][Mon Jan 11 17:17:46 2021]: > Done in 0.05 seconds    

[Print][Mon Jan 11 17:17:46 2021]: >> Loading SupriseBox...    

[Print][Mon Jan 11 17:17:46 2021]: > Done in 0.01 seconds    

[Print][Mon Jan 11 17:17:46 2021]: >> Loading Ranks...    

[Print][Mon Jan 11 17:17:46 2021]: > Done in 0.00 seconds    

[Print][Mon Jan 11 17:17:46 2021]: >> All done on Mon Jan 11 17:17:46 2021    

[Print][Mon Jan 11 17:36:45 2021]: >> Cleaning players online status...    

[Print][Mon Jan 11 17:36:45 2021]: > Done in 0.00 seconds    

[Print][Mon Jan 11 17:36:45 2021]: >> Loading PvP Arenas...    

[Print][Mon Jan 11 17:36:45 2021]: > Done in 0.00 seconds    

[Print][Mon Jan 11 17:36:45 2021]: >> Loading Caught Highscores...    

[Print][Mon Jan 11 17:36:45 2021]: > Done in 0.00 seconds    

[Print][Mon Jan 11 17:36:45 2021]: >> Loading Tournament Highscores...    

[Print][Mon Jan 11 17:36:45 2021]: > Done in 0.00 seconds    

[Print][Mon Jan 11 17:36:45 2021]: >> Loading Berry Trees...    

[Print][Mon Jan 11 17:36:45 2021]: > Done in 0.02 seconds    

[Print][Mon Jan 11 17:36:45 2021]: >> Cleaning Mastery Dungeons...    

[Print][Mon Jan 11 17:36:45 2021]: > Done in 0.00 seconds    

[Print][Mon Jan 11 17:36:45 2021]: >> Loading Bosses...    

[Print][Mon Jan 11 17:36:45 2021]: >> Scheduled Boss Spawn: DoomBoy in 3 days, 5 hours, 46 minutes and 31 seconds    

[Print][Mon Jan 11 17:36:45 2021]: > Done in 0.00 seconds    

[Print][Mon Jan 11 17:36:45 2021]: >> Loading Highscores...    

[Print][Mon Jan 11 17:36:45 2021]: > Done in 0.00 seconds    

[Print][Mon Jan 11 17:36:45 2021]: >> Loading Ball Pillars...    

[Print][Mon Jan 11 17:36:45 2021]: > Done in 0.02 seconds    

[Print][Mon Jan 11 17:36:45 2021]: >> Loading Citizens...    

[Print][Mon Jan 11 17:36:45 2021]: > Done in 0.05 seconds    

[Print][Mon Jan 11 17:36:45 2021]: >> Loading SupriseBox...    

[Print][Mon Jan 11 17:36:45 2021]: > Done in 0.01 seconds    

[Print][Mon Jan 11 17:36:45 2021]: >> Loading Ranks...    

[Print][Mon Jan 11 17:36:45 2021]: > Done in 0.00 seconds    

[Print][Mon Jan 11 17:36:45 2021]: >> All done on Mon Jan 11 17:36:45 2021    

[Print][Mon Jan 11 17:55:26 2021]: >> Cleaning players online status...    

[Print][Mon Jan 11 17:55:26 2021]: > Done in 0.00 seconds    

[Print][Mon Jan 11 17:55:26 2021]: >> Loading PvP Arenas...    

[Print][Mon Jan 11 17:55:26 2021]: > Done in 0.00 seconds    

[Print][Mon Jan 11 17:55:26 2021]: >> Loading Caught Highscores...    

[Print][Mon Jan 11 17:55:26 2021]: > Done in 0.00 seconds    

[Print][Mon Jan 11 17:55:26 2021]: >> Loading Tournament Highscores...    

[Print][Mon Jan 11 17:55:26 2021]: > Done in 0.00 seconds    

[Print][Mon Jan 11 17:55:26 2021]: >> Loading Berry Trees...    

[Print][Mon Jan 11 17:55:26 2021]: > Done in 0.02 seconds    

[Print][Mon Jan 11 17:55:26 2021]: >> Cleaning Mastery Dungeons...    

[Print][Mon Jan 11 17:55:26 2021]: > Done in 0.00 seconds    

[Print][Mon Jan 11 17:55:26 2021]: >> Loading Bosses...    

[Print][Mon Jan 11 17:55:26 2021]: >> Scheduled Boss Spawn: Cesar, The Simian in 3 days, 6 hours, 30 minutes and 45 seconds    

[Print][Mon Jan 11 17:55:26 2021]: > Done in 0.00 seconds    

[Print][Mon Jan 11 17:55:26 2021]: >> Loading Highscores...    

[Print][Mon Jan 11 17:55:26 2021]: > Done in 0.00 seconds    

[Print][Mon Jan 11 17:55:26 2021]: >> Loading Ball Pillars...    

[Print][Mon Jan 11 17:55:26 2021]: > Done in 0.02 seconds    

[Print][Mon Jan 11 17:55:26 2021]: >> Loading Citizens...    

[Print][Mon Jan 11 17:55:26 2021]: > Done in 0.06 seconds    

[Print][Mon Jan 11 17:55:26 2021]: >> Loading SupriseBox...    

[Print][Mon Jan 11 17:55:26 2021]: > Done in 0.02 seconds    

[Print][Mon Jan 11 17:55:26 2021]: >> Loading Ranks...    

[Print][Mon Jan 11 17:55:26 2021]: > Done in 0.00 seconds    

[Print][Mon Jan 11 17:55:26 2021]: >> All done on Mon Jan 11 17:55:26 2021    

[Print][Mon Jan 11 17:57:48 2021]: >> Cleaning players online status...    

[Print][Mon Jan 11 17:57:48 2021]: > Done in 0.00 seconds    

[Print][Mon Jan 11 17:57:48 2021]: >> Loading PvP Arenas...    

[Print][Mon Jan 11 17:57:48 2021]: > Done in 0.00 seconds    

[Print][Mon Jan 11 17:57:48 2021]: >> Loading Caught Highscores...    

[Print][Mon Jan 11 17:57:48 2021]: > Done in 0.00 seconds    

[Print][Mon Jan 11 17:57:48 2021]: >> Loading Tournament Highscores...    

[Print][Mon Jan 11 17:57:48 2021]: > Done in 0.00 seconds    

[Print][Mon Jan 11 17:57:48 2021]: >> Loading Berry Trees...    

[Print][Mon Jan 11 17:57:48 2021]: > Done in 0.00 seconds    

[Print][Mon Jan 11 17:57:48 2021]: >> Cleaning Mastery Dungeons...    

[Print][Mon Jan 11 17:57:48 2021]: > Done in 0.00 seconds    

[Print][Mon Jan 11 17:57:48 2021]: >> Loading Bosses...    

[Print][Mon Jan 11 17:57:48 2021]: >> Scheduled Boss Spawn: Great Saul in 3 days, 11 hours, 37 minutes and 3 seconds    

[Print][Mon Jan 11 17:57:48 2021]: > Done in 0.00 seconds    

[Print][Mon Jan 11 17:57:48 2021]: >> Loading Highscores...    

[Print][Mon Jan 11 17:57:48 2021]: > Done in 0.00 seconds    

[Print][Mon Jan 11 17:57:48 2021]: >> Loading Ball Pillars...    

[Print][Mon Jan 11 17:57:48 2021]: > Done in 0.00 seconds    

[Print][Mon Jan 11 17:57:48 2021]: >> Loading Citizens...    

[Print][Mon Jan 11 17:57:48 2021]: > Done in 0.05 seconds    

[Print][Mon Jan 11 17:57:48 2021]: >> Loading SupriseBox...    

[Print][Mon Jan 11 17:57:48 2021]: > Done in 0.01 seconds    

[Print][Mon Jan 11 17:57:48 2021]: >> Loading Ranks...    

[Print][Mon Jan 11 17:57:48 2021]: > Done in 0.00 seconds    

[Print][Mon Jan 11 17:57:48 2021]: >> All done on Mon Jan 11 17:57:48 2021    

[Print][Mon Jan 11 18:17:41 2021]: >> Cleaning players online status...    

[Print][Mon Jan 11 18:17:41 2021]: > Done in 0.19 seconds    

[Print][Mon Jan 11 18:17:41 2021]: >> Loading PvP Arenas...    

[Print][Mon Jan 11 18:17:41 2021]: > Done in 0.00 seconds    

[Print][Mon Jan 11 18:17:41 2021]: >> Loading Caught Highscores...    

[Print][Mon Jan 11 18:17:41 2021]: > Done in 0.00 seconds    

[Print][Mon Jan 11 18:17:41 2021]: >> Loading Tournament Highscores...    

[Print][Mon Jan 11 18:17:41 2021]: > Done in 0.00 seconds    

[Print][Mon Jan 11 18:17:41 2021]: >> Loading Berry Trees...    

[Print][Mon Jan 11 18:17:41 2021]: > Done in 0.00 seconds    

[Print][Mon Jan 11 18:17:41 2021]: >> Cleaning Mastery Dungeons...    

[Print][Mon Jan 11 18:17:41 2021]: > Done in 0.00 seconds    

[Print][Mon Jan 11 18:17:41 2021]: >> Loading Bosses...    

[Print][Mon Jan 11 18:17:41 2021]: >> Scheduled Boss Spawn: Kirby in 3 days, 11 hours, 59 minutes and 24 seconds    

[Print][Mon Jan 11 18:17:41 2021]: > Done in 0.00 seconds    

[Print][Mon Jan 11 18:17:41 2021]: >> Loading Highscores...    

[Print][Mon Jan 11 18:17:41 2021]: > Done in 0.00 seconds    

[Print][Mon Jan 11 18:17:41 2021]: >> Loading Ball Pillars...    

[Print][Mon Jan 11 18:17:41 2021]: > Done in 0.00 seconds    

[Print][Mon Jan 11 18:17:41 2021]: >> Loading Citizens...    

[Print][Mon Jan 11 18:17:41 2021]: > Done in 0.13 seconds    

[Print][Mon Jan 11 18:17:41 2021]: >> Loading SupriseBox...    

[Print][Mon Jan 11 18:17:41 2021]: > Done in 0.02 seconds    

[Print][Mon Jan 11 18:17:41 2021]: >> Loading Ranks...    

[Print][Mon Jan 11 18:17:41 2021]: > Done in 0.00 seconds    

[Print][Mon Jan 11 18:17:41 2021]: >> All done on Mon Jan 11 18:17:41 2021    

[Print][Mon Jan 11 18:24:32 2021]: >> Cleaning players online status...    

[Print][Mon Jan 11 18:24:32 2021]: > Done in 0.00 seconds    

[Print][Mon Jan 11 18:24:32 2021]: >> Loading PvP Arenas...    

[Print][Mon Jan 11 18:24:32 2021]: > Done in 0.00 seconds    

[Print][Mon Jan 11 18:24:32 2021]: >> Loading Caught Highscores...    

[Print][Mon Jan 11 18:24:32 2021]: > Done in 0.00 seconds    

[Print][Mon Jan 11 18:24:32 2021]: >> Loading Tournament Highscores...    

[Print][Mon Jan 11 18:24:32 2021]: > Done in 0.00 seconds    

[Print][Mon Jan 11 18:24:32 2021]: >> Loading Berry Trees...    

[Print][Mon Jan 11 18:24:32 2021]: > Done in 0.00 seconds    

[Print][Mon Jan 11 18:24:32 2021]: >> Cleaning Mastery Dungeons...    

[Print][Mon Jan 11 18:24:32 2021]: > Done in 0.00 seconds    

[Print][Mon Jan 11 18:24:32 2021]: >> Loading Bosses...    

[Print][Mon Jan 11 18:24:32 2021]: >> Scheduled Boss Spawn: Charles Spencer in 3 days, 12 hours, 50 minutes and 10 seconds    

[Print][Mon Jan 11 18:24:32 2021]: > Done in 0.00 seconds    

[Print][Mon Jan 11 18:24:32 2021]: >> Loading Highscores...    

[Print][Mon Jan 11 18:24:32 2021]: > Done in 0.00 seconds    

[Print][Mon Jan 11 18:24:32 2021]: >> Loading Ball Pillars...    

[Print][Mon Jan 11 18:24:32 2021]: > Done in 0.00 seconds    

[Print][Mon Jan 11 18:24:32 2021]: >> Loading Citizens...    

[Print][Mon Jan 11 18:24:32 2021]: > Done in 0.07 seconds    

[Print][Mon Jan 11 18:24:32 2021]: >> Loading SupriseBox...    

[Print][Mon Jan 11 18:24:32 2021]: > Done in 0.02 seconds    

[Print][Mon Jan 11 18:24:32 2021]: >> Loading Ranks...    

[Print][Mon Jan 11 18:24:32 2021]: > Done in 0.00 seconds    

[Print][Mon Jan 11 18:24:32 2021]: >> All done on Mon Jan 11 18:24:32 2021    

[Print][Mon Jan 11 18:42:47 2021]: >> Cleaning players online status...    

[Print][Mon Jan 11 18:42:47 2021]: > Done in 0.06 seconds    

[Print][Mon Jan 11 18:42:47 2021]: >> Loading PvP Arenas...    

[Print][Mon Jan 11 18:42:47 2021]: > Done in 0.00 seconds    

[Print][Mon Jan 11 18:42:47 2021]: >> Loading Caught Highscores...    

[Print][Mon Jan 11 18:42:47 2021]: > Done in 0.00 seconds    

[Print][Mon Jan 11 18:42:47 2021]: >> Loading Tournament Highscores...    

[Print][Mon Jan 11 18:42:47 2021]: > Done in 0.00 seconds    

[Print][Mon Jan 11 18:42:47 2021]: >> Loading Berry Trees...    

[Print][Mon Jan 11 18:42:47 2021]: > Done in 0.00 seconds    

[Print][Mon Jan 11 18:42:47 2021]: >> Cleaning Mastery Dungeons...    

[Print][Mon Jan 11 18:42:47 2021]: > Done in 0.00 seconds    

[Print][Mon Jan 11 18:42:47 2021]: >> Loading Bosses...    

[Print][Mon Jan 11 18:42:47 2021]: >> Scheduled Boss Spawn: Kirby in 3 days, 7 hours, 23 minutes and 11 seconds    

[Print][Mon Jan 11 18:42:47 2021]: > Done in 0.00 seconds    

[Print][Mon Jan 11 18:42:47 2021]: >> Loading Highscores...    

[Print][Mon Jan 11 18:42:47 2021]: > Done in 0.00 seconds    

[Print][Mon Jan 11 18:42:47 2021]: >> Loading Ball Pillars...    

[Print][Mon Jan 11 18:42:47 2021]: > Done in 0.00 seconds    

[Print][Mon Jan 11 18:42:47 2021]: >> Loading Citizens...    

[Print][Mon Jan 11 18:42:47 2021]: > Done in 0.06 seconds    

[Print][Mon Jan 11 18:42:47 2021]: >> Loading SupriseBox...    

[Print][Mon Jan 11 18:42:47 2021]: > Done in 0.01 seconds    

[Print][Mon Jan 11 18:42:47 2021]: >> Loading Ranks...    

[Print][Mon Jan 11 18:42:47 2021]: > Done in 0.00 seconds    

[Print][Mon Jan 11 18:42:47 2021]: >> All done on Mon Jan 11 18:42:47 2021    

[Print][Mon Jan 11 20:01:17 2021]: >> Cleaning players online status...    

[Print][Mon Jan 11 20:01:17 2021]: > Done in 0.06 seconds    

[Print][Mon Jan 11 20:01:17 2021]: >> Loading PvP Arenas...    

[Print][Mon Jan 11 20:01:17 2021]: > Done in 0.00 seconds    

[Print][Mon Jan 11 20:01:17 2021]: >> Loading Caught Highscores...    

[Print][Mon Jan 11 20:01:17 2021]: > Done in 0.00 seconds    

[Print][Mon Jan 11 20:01:17 2021]: >> Loading Tournament Highscores...    

[Print][Mon Jan 11 20:01:17 2021]: > Done in 0.00 seconds    

[Print][Mon Jan 11 20:01:17 2021]: >> Loading Berry Trees...    

[Print][Mon Jan 11 20:01:17 2021]: > Done in 0.00 seconds    

[Print][Mon Jan 11 20:01:17 2021]: >> Cleaning Mastery Dungeons...    

[Print][Mon Jan 11 20:01:17 2021]: > Done in 0.00 seconds    

[Print][Mon Jan 11 20:01:17 2021]: >> Loading Bosses...    

[Print][Mon Jan 11 20:01:17 2021]: >> Scheduled Boss Spawn: Twisted Blades in 3 days, 15 hours, 50 minutes and 35 seconds    

[Print][Mon Jan 11 20:01:17 2021]: > Done in 0.00 seconds    

[Print][Mon Jan 11 20:01:17 2021]: >> Loading Highscores...    

[Print][Mon Jan 11 20:01:17 2021]: > Done in 0.00 seconds    

[Print][Mon Jan 11 20:01:17 2021]: >> Loading Ball Pillars...    

[Print][Mon Jan 11 20:01:17 2021]: > Done in 0.00 seconds    

[Print][Mon Jan 11 20:01:17 2021]: >> Loading Citizens...    

[Print][Mon Jan 11 20:01:17 2021]: > Done in 0.05 seconds    

[Print][Mon Jan 11 20:01:17 2021]: >> Loading SupriseBox...    

[Print][Mon Jan 11 20:01:17 2021]: > Done in 0.01 seconds    

[Print][Mon Jan 11 20:01:17 2021]: >> Loading Ranks...    

[Print][Mon Jan 11 20:01:17 2021]: > Done in 0.00 seconds    

[Print][Mon Jan 11 20:01:17 2021]: >> All done on Mon Jan 11 20:01:17 2021    

[Print][Mon Jan 11 20:06:09 2021]: >> Cleaning players online status...    

[Print][Mon Jan 11 20:06:09 2021]: > Done in 0.06 seconds    

[Print][Mon Jan 11 20:06:09 2021]: >> Loading PvP Arenas...    

[Print][Mon Jan 11 20:06:09 2021]: > Done in 0.00 seconds    

[Print][Mon Jan 11 20:06:09 2021]: >> Loading Caught Highscores...    

[Print][Mon Jan 11 20:06:09 2021]: > Done in 0.00 seconds    

[Print][Mon Jan 11 20:06:09 2021]: >> Loading Tournament Highscores...    

[Print][Mon Jan 11 20:06:09 2021]: > Done in 0.00 seconds    

[Print][Mon Jan 11 20:06:09 2021]: >> Loading Berry Trees...    

[Print][Mon Jan 11 20:06:09 2021]: > Done in 0.03 seconds    

[Print][Mon Jan 11 20:06:09 2021]: >> Cleaning Mastery Dungeons...    

[Print][Mon Jan 11 20:06:09 2021]: > Done in 0.00 seconds    

[Print][Mon Jan 11 20:06:09 2021]: >> Loading Bosses...    

[Print][Mon Jan 11 20:06:09 2021]: >> Scheduled Boss Spawn: The Turbo in 3 days, 6 hours, 36 minutes and 38 seconds    

[Print][Mon Jan 11 20:06:09 2021]: > Done in 0.00 seconds    

[Print][Mon Jan 11 20:06:09 2021]: >> Loading Highscores...    

[Print][Mon Jan 11 20:06:09 2021]: > Done in 0.00 seconds    

[Print][Mon Jan 11 20:06:09 2021]: >> Loading Ball Pillars...    

[Print][Mon Jan 11 20:06:09 2021]: > Done in 0.01 seconds    

[Print][Mon Jan 11 20:06:09 2021]: >> Loading Citizens...    

[Print][Mon Jan 11 20:06:09 2021]: > Done in 0.05 seconds    

[Print][Mon Jan 11 20:06:09 2021]: >> Loading SupriseBox...    

[Print][Mon Jan 11 20:06:09 2021]: > Done in 0.02 seconds    

[Print][Mon Jan 11 20:06:09 2021]: >> Loading Ranks...    

[Print][Mon Jan 11 20:06:09 2021]: > Done in 0.00 seconds    

[Print][Mon Jan 11 20:06:09 2021]: >> All done on Mon Jan 11 20:06:09 2021    

[Print][Mon Jan 11 21:37:11 2021]: >> Cleaning players online status...    

[Print][Mon Jan 11 21:37:12 2021]: > Done in 0.18 seconds    

[Print][Mon Jan 11 21:37:12 2021]: >> Loading PvP Arenas...    

[Print][Mon Jan 11 21:37:12 2021]: > Done in 0.00 seconds    

[Print][Mon Jan 11 21:37:12 2021]: >> Loading Caught Highscores...    

[Print][Mon Jan 11 21:37:12 2021]: > Done in 0.12 seconds    

[Print][Mon Jan 11 21:37:12 2021]: >> Loading Tournament Highscores...    

[Print][Mon Jan 11 21:37:12 2021]: > Done in 0.00 seconds    

[Print][Mon Jan 11 21:37:12 2021]: >> Loading Berry Trees...    

[Print][Mon Jan 11 21:37:12 2021]: > Done in 0.00 seconds    

[Print][Mon Jan 11 21:37:12 2021]: >> Cleaning Mastery Dungeons...    

[Print][Mon Jan 11 21:37:12 2021]: > Done in 0.00 seconds    

[Print][Mon Jan 11 21:37:12 2021]: >> Loading Bosses...    

[Print][Mon Jan 11 21:37:12 2021]: >> Scheduled Boss Spawn: Pink Fury in 3 days, 11 hours, 48 minutes and 10 seconds    

[Print][Mon Jan 11 21:37:12 2021]: > Done in 0.00 seconds    

[Print][Mon Jan 11 21:37:12 2021]: >> Loading Highscores...    

[Print][Mon Jan 11 21:37:12 2021]: > Done in 0.00 seconds    

[Print][Mon Jan 11 21:37:12 2021]: >> Loading Ball Pillars...    

[Print][Mon Jan 11 21:37:12 2021]: > Done in 0.00 seconds    

[Print][Mon Jan 11 21:37:12 2021]: >> Loading Citizens...    

[Print][Mon Jan 11 21:37:12 2021]: > Done in 0.47 seconds    

[Print][Mon Jan 11 21:37:12 2021]: >> Loading SupriseBox...    

[Print][Mon Jan 11 21:37:12 2021]: > Done in 0.03 seconds    

[Print][Mon Jan 11 21:37:12 2021]: >> Loading Ranks...    

[Print][Mon Jan 11 21:37:12 2021]: > Done in 0.00 seconds    

[Print][Mon Jan 11 21:37:12 2021]: >> All done on Mon Jan 11 21:37:12 2021    

[Print][Mon Jan 11 22:52:38 2021]: >> Cleaning players online status...    

[Print][Mon Jan 11 22:52:38 2021]: > Done in 0.00 seconds    

[Print][Mon Jan 11 22:52:38 2021]: >> Loading PvP Arenas...    

[Print][Mon Jan 11 22:52:38 2021]: > Done in 0.00 seconds    

[Print][Mon Jan 11 22:52:38 2021]: >> Loading Caught Highscores...    

[Print][Mon Jan 11 22:52:38 2021]: > Done in 0.02 seconds    

[Print][Mon Jan 11 22:52:38 2021]: >> Loading Tournament Highscores...    

[Print][Mon Jan 11 22:52:38 2021]: > Done in 0.00 seconds    

[Print][Mon Jan 11 22:52:38 2021]: >> Loading Berry Trees...    

[Print][Mon Jan 11 22:52:38 2021]: > Done in 0.04 seconds    

[Print][Mon Jan 11 22:52:38 2021]: >> Cleaning Mastery Dungeons...    

[Print][Mon Jan 11 22:52:38 2021]: > Done in 0.00 seconds    

[Print][Mon Jan 11 22:52:38 2021]: >> Loading Bosses...    

[Print][Mon Jan 11 22:52:38 2021]: >> Scheduled Boss Spawn: Kirby in 3 days, 6 hours, 1 minute and 46 seconds    

[Print][Mon Jan 11 22:52:38 2021]: > Done in 0.00 seconds    

[Print][Mon Jan 11 22:52:38 2021]: >> Loading Highscores...    

[Print][Mon Jan 11 22:52:38 2021]: > Done in 0.00 seconds    

[Print][Mon Jan 11 22:52:38 2021]: >> Loading Ball Pillars...    

[Print][Mon Jan 11 22:52:39 2021]: > Done in 0.02 seconds    

[Print][Mon Jan 11 22:52:39 2021]: >> Loading Citizens...    

[Print][Mon Jan 11 22:52:39 2021]: > Done in 0.06 seconds    

[Print][Mon Jan 11 22:52:39 2021]: >> Loading SupriseBox...    

[Print][Mon Jan 11 22:52:39 2021]: > Done in 0.01 seconds    

[Print][Mon Jan 11 22:52:39 2021]: >> Loading Ranks...    

[Print][Mon Jan 11 22:52:39 2021]: > Done in 0.00 seconds    

[Print][Mon Jan 11 22:52:39 2021]: >> All done on Mon Jan 11 22:52:39 2021    

[Print][Mon Jan 11 22:55:16 2021]: >> Cleaning players online status...    

[Print][Mon Jan 11 22:55:16 2021]: > Done in 0.00 seconds    

[Print][Mon Jan 11 22:55:16 2021]: >> Loading PvP Arenas...    

[Print][Mon Jan 11 22:55:16 2021]: > Done in 0.00 seconds    

[Print][Mon Jan 11 22:55:16 2021]: >> Loading Caught Highscores...    

[Print][Mon Jan 11 22:55:16 2021]: > Done in 0.00 seconds    

[Print][Mon Jan 11 22:55:16 2021]: >> Loading Tournament Highscores...    

[Print][Mon Jan 11 22:55:16 2021]: > Done in 0.00 seconds    

[Print][Mon Jan 11 22:55:16 2021]: >> Loading Berry Trees...    

[Print][Mon Jan 11 22:55:16 2021]: > Done in 0.00 seconds    

[Print][Mon Jan 11 22:55:16 2021]: >> Cleaning Mastery Dungeons...    

[Print][Mon Jan 11 22:55:16 2021]: > Done in 0.00 seconds    

[Print][Mon Jan 11 22:55:16 2021]: >> Loading Bosses...    

[Print][Mon Jan 11 22:55:16 2021]: >> Scheduled Boss Spawn: Twisted Blades in 3 days, 5 hours, 48 minutes and 16 seconds    

[Print][Mon Jan 11 22:55:16 2021]: > Done in 0.00 seconds    

[Print][Mon Jan 11 22:55:16 2021]: >> Loading Highscores...    

[Print][Mon Jan 11 22:55:16 2021]: > Done in 0.00 seconds    

[Print][Mon Jan 11 22:55:16 2021]: >> Loading Ball Pillars...    

[Print][Mon Jan 11 22:55:16 2021]: > Done in 0.00 seconds    

[Print][Mon Jan 11 22:55:16 2021]: >> Loading Citizens...    

[Print][Mon Jan 11 22:55:17 2021]: > Done in 0.07 seconds    

[Print][Mon Jan 11 22:55:17 2021]: >> Loading SupriseBox...    

[Print][Mon Jan 11 22:55:17 2021]: > Done in 0.01 seconds    

[Print][Mon Jan 11 22:55:17 2021]: >> Loading Ranks...    

[Print][Mon Jan 11 22:55:17 2021]: > Done in 0.00 seconds    

[Print][Mon Jan 11 22:55:17 2021]: >> All done on Mon Jan 11 22:55:17 2021    

[Print][Mon Jan 11 23:15:45 2021]: >> Cleaning players online status...    

[Print][Mon Jan 11 23:15:45 2021]: > Done in 0.00 seconds    

[Print][Mon Jan 11 23:15:45 2021]: >> Loading PvP Arenas...    

[Print][Mon Jan 11 23:15:45 2021]: > Done in 0.00 seconds    

[Print][Mon Jan 11 23:15:45 2021]: >> Loading Caught Highscores...    

[Print][Mon Jan 11 23:15:45 2021]: > Done in 0.00 seconds    

[Print][Mon Jan 11 23:15:45 2021]: >> Loading Tournament Highscores...    

[Print][Mon Jan 11 23:15:45 2021]: > Done in 0.00 seconds    

[Print][Mon Jan 11 23:15:45 2021]: >> Loading Berry Trees...    

[Print][Mon Jan 11 23:15:45 2021]: > Done in 0.02 seconds    

[Print][Mon Jan 11 23:15:45 2021]: >> Cleaning Mastery Dungeons...    

[Print][Mon Jan 11 23:15:45 2021]: > Done in 0.00 seconds    

[Print][Mon Jan 11 23:15:45 2021]: >> Loading Bosses...    

[Print][Mon Jan 11 23:15:45 2021]: >> Scheduled Boss Spawn: Smaug in 3 days, 10 hours, 34 minutes and 56 seconds    

[Print][Mon Jan 11 23:15:45 2021]: > Done in 0.00 seconds    

[Print][Mon Jan 11 23:15:45 2021]: >> Loading Highscores...    

[Print][Mon Jan 11 23:15:45 2021]: > Done in 0.00 seconds    

[Print][Mon Jan 11 23:15:45 2021]: >> Loading Ball Pillars...    

[Print][Mon Jan 11 23:15:45 2021]: > Done in 0.01 seconds    

[Print][Mon Jan 11 23:15:45 2021]: >> Loading Citizens...    

[Print][Mon Jan 11 23:15:45 2021]: > Done in 0.06 seconds    

[Print][Mon Jan 11 23:15:45 2021]: >> Loading SupriseBox...    

[Print][Mon Jan 11 23:15:45 2021]: > Done in 0.01 seconds    

[Print][Mon Jan 11 23:15:45 2021]: >> Loading Ranks...    

[Print][Mon Jan 11 23:15:45 2021]: > Done in 0.00 seconds    

[Print][Mon Jan 11 23:15:45 2021]: >> All done on Mon Jan 11 23:15:45 2021    

