[Print][Mon Jan 25 02:10:15 2021]: >> Cleaning players online status...    

[Print][Mon Jan 25 02:10:15 2021]: > Done in 0.00 seconds    

[Print][Mon Jan 25 02:10:15 2021]: >> Loading PvP Arenas...    

[Print][Mon Jan 25 02:10:15 2021]: > Done in 0.00 seconds    

[Print][Mon Jan 25 02:10:15 2021]: >> Loading Caught Highscores...    

[Print][Mon Jan 25 02:10:15 2021]: > Done in 0.00 seconds    

[Print][Mon Jan 25 02:10:15 2021]: >> Loading Tournament Highscores...    

[Print][Mon Jan 25 02:10:15 2021]: > Done in 0.00 seconds    

[Print][Mon Jan 25 02:10:15 2021]: >> Loading Berry Trees...    

[Print][Mon Jan 25 02:10:15 2021]: > Done in 0.00 seconds    

[Print][Mon Jan 25 02:10:15 2021]: >> Cleaning Mastery Dungeons...    

[Print][Mon Jan 25 02:10:15 2021]: > Done in 0.00 seconds    

[Print][Mon Jan 25 02:10:15 2021]: >> Loading Bosses...    

[Print][Mon Jan 25 02:10:15 2021]: >> Scheduled Boss Spawn: The Turbo in 7 hours, 1 minute and 25 seconds    

[Print][Mon Jan 25 02:10:15 2021]: > Done in 0.00 seconds    

[Print][Mon Jan 25 02:10:15 2021]: >> Loading Highscores...    

[Print][Mon Jan 25 02:10:15 2021]: > Done in 0.00 seconds    

[Print][Mon Jan 25 02:10:15 2021]: >> Loading Ball Pillars...    

[Print][Mon Jan 25 02:10:15 2021]: > Done in 0.00 seconds    

[Print][Mon Jan 25 02:10:15 2021]: >> Loading Citizens...    

[Print][Mon Jan 25 02:10:15 2021]: > Done in 0.06 seconds    

[Print][Mon Jan 25 02:10:15 2021]: >> Loading SupriseBox...    

[Print][Mon Jan 25 02:10:15 2021]: > Done in 0.02 seconds    

[Print][Mon Jan 25 02:10:15 2021]: >> Loading Ranks...    

[Print][Mon Jan 25 02:10:15 2021]: > Done in 0.00 seconds    

[Print][Mon Jan 25 02:10:15 2021]: >> All done on Mon Jan 25 02:10:15 2021    

[Print][Mon Jan 25 02:16:06 2021]: >> Cleaning players online status...    

[Print][Mon Jan 25 02:16:06 2021]: > Done in 0.00 seconds    

[Print][Mon Jan 25 02:16:06 2021]: >> Loading PvP Arenas...    

[Print][Mon Jan 25 02:16:06 2021]: > Done in 0.00 seconds    

[Print][Mon Jan 25 02:16:06 2021]: >> Loading Caught Highscores...    

[Print][Mon Jan 25 02:16:06 2021]: > Done in 0.00 seconds    

[Print][Mon Jan 25 02:16:06 2021]: >> Loading Tournament Highscores...    

[Print][Mon Jan 25 02:16:06 2021]: > Done in 0.00 seconds    

[Print][Mon Jan 25 02:16:06 2021]: >> Loading Berry Trees...    

[Print][Mon Jan 25 02:16:06 2021]: > Done in 0.00 seconds    

[Print][Mon Jan 25 02:16:06 2021]: >> Cleaning Mastery Dungeons...    

[Print][Mon Jan 25 02:16:06 2021]: > Done in 0.00 seconds    

[Print][Mon Jan 25 02:16:06 2021]: >> Loading Bosses...    

[Print][Mon Jan 25 02:16:06 2021]: >> Scheduled Boss Spawn: The A. Mesmer in 5 hours, 11 minutes and 44 seconds    

[Print][Mon Jan 25 02:16:06 2021]: > Done in 0.00 seconds    

[Print][Mon Jan 25 02:16:06 2021]: >> Loading Highscores...    

[Print][Mon Jan 25 02:16:06 2021]: > Done in 0.00 seconds    

[Print][Mon Jan 25 02:16:06 2021]: >> Loading Ball Pillars...    

[Print][Mon Jan 25 02:16:06 2021]: > Done in 0.00 seconds    

[Print][Mon Jan 25 02:16:06 2021]: >> Loading Citizens...    

[Print][Mon Jan 25 02:16:07 2021]: > Done in 0.06 seconds    

[Print][Mon Jan 25 02:16:07 2021]: >> Loading SupriseBox...    

[Print][Mon Jan 25 02:16:07 2021]: > Done in 0.02 seconds    

[Print][Mon Jan 25 02:16:07 2021]: >> Loading Ranks...    

[Print][Mon Jan 25 02:16:07 2021]: > Done in 0.00 seconds    

[Print][Mon Jan 25 02:16:07 2021]: >> All done on Mon Jan 25 02:16:07 2021    

[Print][Mon Jan 25 02:26:43 2021]: >> Cleaning players online status...    

[Print][Mon Jan 25 02:26:43 2021]: > Done in 0.00 seconds    

[Print][Mon Jan 25 02:26:43 2021]: >> Loading PvP Arenas...    

[Print][Mon Jan 25 02:26:43 2021]: > Done in 0.00 seconds    

[Print][Mon Jan 25 02:26:43 2021]: >> Loading Caught Highscores...    

[Print][Mon Jan 25 02:26:43 2021]: > Done in 0.00 seconds    

[Print][Mon Jan 25 02:26:43 2021]: >> Loading Tournament Highscores...    

[Print][Mon Jan 25 02:26:43 2021]: > Done in 0.00 seconds    

[Print][Mon Jan 25 02:26:43 2021]: >> Loading Berry Trees...    

[Print][Mon Jan 25 02:26:43 2021]: > Done in 0.00 seconds    

[Print][Mon Jan 25 02:26:43 2021]: >> Cleaning Mastery Dungeons...    

[Print][Mon Jan 25 02:26:43 2021]: > Done in 0.00 seconds    

[Print][Mon Jan 25 02:26:43 2021]: >> Loading Bosses...    

[Print][Mon Jan 25 02:26:43 2021]: >> Scheduled Boss Spawn: King Panlong in 10 hours, 31 minutes and 28 seconds    

[Print][Mon Jan 25 02:26:43 2021]: > Done in 0.00 seconds    

[Print][Mon Jan 25 02:26:43 2021]: >> Loading Highscores...    

[Print][Mon Jan 25 02:26:43 2021]: > Done in 0.00 seconds    

[Print][Mon Jan 25 02:26:43 2021]: >> Loading Ball Pillars...    

[Print][Mon Jan 25 02:26:43 2021]: > Done in 0.00 seconds    

[Print][Mon Jan 25 02:26:43 2021]: >> Loading Citizens...    

[Print][Mon Jan 25 02:26:43 2021]: > Done in 0.05 seconds    

[Print][Mon Jan 25 02:26:43 2021]: >> Loading SupriseBox...    

[Print][Mon Jan 25 02:26:43 2021]: > Done in 0.02 seconds    

[Print][Mon Jan 25 02:26:43 2021]: >> Loading Ranks...    

[Print][Mon Jan 25 02:26:43 2021]: > Done in 0.00 seconds    

[Print][Mon Jan 25 02:26:43 2021]: >> All done on Mon Jan 25 02:26:43 2021    

[Print][Mon Jan 25 02:31:41 2021]: >> Cleaning players online status...    

[Print][Mon Jan 25 02:31:41 2021]: > Done in 0.00 seconds    

[Print][Mon Jan 25 02:31:41 2021]: >> Loading PvP Arenas...    

[Print][Mon Jan 25 02:31:41 2021]: > Done in 0.00 seconds    

[Print][Mon Jan 25 02:31:41 2021]: >> Loading Caught Highscores...    

[Print][Mon Jan 25 02:31:41 2021]: > Done in 0.00 seconds    

[Print][Mon Jan 25 02:31:41 2021]: >> Loading Tournament Highscores...    

[Print][Mon Jan 25 02:31:41 2021]: > Done in 0.00 seconds    

[Print][Mon Jan 25 02:31:41 2021]: >> Loading Berry Trees...    

[Print][Mon Jan 25 02:31:41 2021]: > Done in 0.00 seconds    

[Print][Mon Jan 25 02:31:41 2021]: >> Cleaning Mastery Dungeons...    

[Print][Mon Jan 25 02:31:41 2021]: > Done in 0.00 seconds    

[Print][Mon Jan 25 02:31:41 2021]: >> Loading Bosses...    

[Print][Mon Jan 25 02:31:41 2021]: >> Scheduled Boss Spawn: King Panlong in 5 hours, 12 minutes and 51 seconds    

[Print][Mon Jan 25 02:31:41 2021]: > Done in 0.00 seconds    

[Print][Mon Jan 25 02:31:41 2021]: >> Loading Highscores...    

[Print][Mon Jan 25 02:31:41 2021]: > Done in 0.00 seconds    

[Print][Mon Jan 25 02:31:41 2021]: >> Loading Ball Pillars...    

[Print][Mon Jan 25 02:31:41 2021]: > Done in 0.00 seconds    

[Print][Mon Jan 25 02:31:41 2021]: >> Loading Citizens...    

[Print][Mon Jan 25 02:31:41 2021]: > Done in 0.06 seconds    

[Print][Mon Jan 25 02:31:41 2021]: >> Loading SupriseBox...    

[Print][Mon Jan 25 02:31:41 2021]: > Done in 0.01 seconds    

[Print][Mon Jan 25 02:31:41 2021]: >> Loading Ranks...    

[Print][Mon Jan 25 02:31:41 2021]: > Done in 0.00 seconds    

[Print][Mon Jan 25 02:31:41 2021]: >> All done on Mon Jan 25 02:31:41 2021    

[Print][Mon Jan 25 02:35:20 2021]: >> Cleaning players online status...    

[Print][Mon Jan 25 02:35:20 2021]: > Done in 0.00 seconds    

[Print][Mon Jan 25 02:35:20 2021]: >> Loading PvP Arenas...    

[Print][Mon Jan 25 02:35:20 2021]: > Done in 0.00 seconds    

[Print][Mon Jan 25 02:35:20 2021]: >> Loading Caught Highscores...    

[Print][Mon Jan 25 02:35:20 2021]: > Done in 0.00 seconds    

[Print][Mon Jan 25 02:35:20 2021]: >> Loading Tournament Highscores...    

[Print][Mon Jan 25 02:35:20 2021]: > Done in 0.00 seconds    

[Print][Mon Jan 25 02:35:20 2021]: >> Loading Berry Trees...    

[Print][Mon Jan 25 02:35:20 2021]: > Done in 0.00 seconds    

[Print][Mon Jan 25 02:35:20 2021]: >> Cleaning Mastery Dungeons...    

[Print][Mon Jan 25 02:35:20 2021]: > Done in 0.00 seconds    

[Print][Mon Jan 25 02:35:20 2021]: >> Loading Bosses...    

[Print][Mon Jan 25 02:35:20 2021]: >> Scheduled Boss Spawn: Great Saul in 10 hours, 26 minutes and 14 seconds    

[Print][Mon Jan 25 02:35:20 2021]: > Done in 0.00 seconds    

[Print][Mon Jan 25 02:35:20 2021]: >> Loading Highscores...    

[Print][Mon Jan 25 02:35:20 2021]: > Done in 0.00 seconds    

[Print][Mon Jan 25 02:35:20 2021]: >> Loading Ball Pillars...    

[Print][Mon Jan 25 02:35:20 2021]: > Done in 0.00 seconds    

[Print][Mon Jan 25 02:35:20 2021]: >> Loading Citizens...    

[Print][Mon Jan 25 02:35:20 2021]: > Done in 0.06 seconds    

[Print][Mon Jan 25 02:35:20 2021]: >> Loading SupriseBox...    

[Print][Mon Jan 25 02:35:20 2021]: > Done in 0.02 seconds    

[Print][Mon Jan 25 02:35:20 2021]: >> Loading Ranks...    

[Print][Mon Jan 25 02:35:20 2021]: > Done in 0.00 seconds    

[Print][Mon Jan 25 02:35:20 2021]: >> All done on Mon Jan 25 02:35:20 2021    

[Print][Mon Jan 25 02:43:37 2021]: >> Cleaning players online status...    

[Print][Mon Jan 25 02:43:37 2021]: > Done in 0.00 seconds    

[Print][Mon Jan 25 02:43:37 2021]: >> Loading PvP Arenas...    

[Print][Mon Jan 25 02:43:37 2021]: > Done in 0.00 seconds    

[Print][Mon Jan 25 02:43:37 2021]: >> Loading Caught Highscores...    

[Print][Mon Jan 25 02:43:37 2021]: > Done in 0.00 seconds    

[Print][Mon Jan 25 02:43:37 2021]: >> Loading Tournament Highscores...    

[Print][Mon Jan 25 02:43:37 2021]: > Done in 0.00 seconds    

[Print][Mon Jan 25 02:43:37 2021]: >> Loading Berry Trees...    

[Print][Mon Jan 25 02:43:37 2021]: > Done in 0.00 seconds    

[Print][Mon Jan 25 02:43:37 2021]: >> Cleaning Mastery Dungeons...    

[Print][Mon Jan 25 02:43:37 2021]: > Done in 0.00 seconds    

[Print][Mon Jan 25 02:43:37 2021]: >> Loading Bosses...    

[Print][Mon Jan 25 02:43:37 2021]: >> Scheduled Boss Spawn: Cesar, The Simian in 7 hours, 42 minutes and 38 seconds    

[Print][Mon Jan 25 02:43:37 2021]: > Done in 0.00 seconds    

[Print][Mon Jan 25 02:43:37 2021]: >> Loading Highscores...    

[Print][Mon Jan 25 02:43:37 2021]: > Done in 0.00 seconds    

[Print][Mon Jan 25 02:43:37 2021]: >> Loading Ball Pillars...    

[Print][Mon Jan 25 02:43:37 2021]: > Done in 0.00 seconds    

[Print][Mon Jan 25 02:43:37 2021]: >> Loading Citizens...    

[Print][Mon Jan 25 09:26:03 2021]: >> Cleaning players online status...    

[Print][Mon Jan 25 09:26:03 2021]: > Done in 0.00 seconds    

[Print][Mon Jan 25 09:26:03 2021]: >> Loading PvP Arenas...    

[Print][Mon Jan 25 09:26:03 2021]: > Done in 0.00 seconds    

[Print][Mon Jan 25 09:26:03 2021]: >> Loading Caught Highscores...    

[Print][Mon Jan 25 09:26:03 2021]: > Done in 0.00 seconds    

[Print][Mon Jan 25 09:26:03 2021]: >> Loading Tournament Highscores...    

[Print][Mon Jan 25 09:26:03 2021]: > Done in 0.00 seconds    

[Print][Mon Jan 25 09:26:03 2021]: >> Loading Berry Trees...    

[Print][Mon Jan 25 09:26:03 2021]: > Done in 0.00 seconds    

[Print][Mon Jan 25 09:26:03 2021]: >> Cleaning Mastery Dungeons...    

[Print][Mon Jan 25 09:26:03 2021]: > Done in 0.00 seconds    

[Print][Mon Jan 25 09:26:03 2021]: >> Loading Bosses...    

[Print][Mon Jan 25 09:26:03 2021]: >> Scheduled Boss Spawn: Phyllo Terribil in 6 hours, 50 minutes and 47 seconds    

[Print][Mon Jan 25 09:26:03 2021]: > Done in 0.00 seconds    

[Print][Mon Jan 25 09:26:03 2021]: >> Loading Highscores...    

[Print][Mon Jan 25 09:26:03 2021]: > Done in 0.00 seconds    

[Print][Mon Jan 25 09:26:03 2021]: >> Loading Ball Pillars...    

[Print][Mon Jan 25 09:26:03 2021]: > Done in 0.00 seconds    

[Print][Mon Jan 25 09:26:03 2021]: >> Loading Citizens...    

[Print][Mon Jan 25 09:26:03 2021]: > Done in 0.06 seconds    

[Print][Mon Jan 25 09:26:03 2021]: >> Loading SupriseBox...    

[Print][Mon Jan 25 09:26:03 2021]: > Done in 0.02 seconds    

[Print][Mon Jan 25 09:26:03 2021]: >> Loading Ranks...    

[Print][Mon Jan 25 09:26:03 2021]: > Done in 0.00 seconds    

[Print][Mon Jan 25 09:26:03 2021]: >> All done on Mon Jan 25 09:26:03 2021    

[Print][Mon Jan 25 09:36:05 2021]: >> Cleaning players online status...    

[Print][Mon Jan 25 09:36:05 2021]: > Done in 0.00 seconds    

[Print][Mon Jan 25 09:36:05 2021]: >> Loading PvP Arenas...    

[Print][Mon Jan 25 09:36:05 2021]: > Done in 0.00 seconds    

[Print][Mon Jan 25 09:36:05 2021]: >> Loading Caught Highscores...    

[Print][Mon Jan 25 09:36:05 2021]: > Done in 0.00 seconds    

[Print][Mon Jan 25 09:36:05 2021]: >> Loading Tournament Highscores...    

[Print][Mon Jan 25 09:36:05 2021]: > Done in 0.00 seconds    

[Print][Mon Jan 25 09:36:05 2021]: >> Loading Berry Trees...    

[Print][Mon Jan 25 09:36:05 2021]: > Done in 0.00 seconds    

[Print][Mon Jan 25 09:36:05 2021]: >> Cleaning Mastery Dungeons...    

[Print][Mon Jan 25 09:36:05 2021]: > Done in 0.00 seconds    

[Print][Mon Jan 25 09:36:05 2021]: >> Loading Bosses...    

[Print][Mon Jan 25 09:36:05 2021]: >> Scheduled Boss Spawn: Winged Wisdom in 7 hours, 20 minutes and 13 seconds    

[Print][Mon Jan 25 09:36:05 2021]: > Done in 0.00 seconds    

[Print][Mon Jan 25 09:36:05 2021]: >> Loading Highscores...    

[Print][Mon Jan 25 09:36:05 2021]: > Done in 0.00 seconds    

[Print][Mon Jan 25 09:36:05 2021]: >> Loading Ball Pillars...    

[Print][Mon Jan 25 09:36:05 2021]: > Done in 0.00 seconds    

[Print][Mon Jan 25 09:36:05 2021]: >> Loading Citizens...    

[Print][Mon Jan 25 09:36:05 2021]: > Done in 0.05 seconds    

[Print][Mon Jan 25 09:36:05 2021]: >> Loading SupriseBox...    

[Print][Mon Jan 25 09:36:05 2021]: > Done in 0.01 seconds    

[Print][Mon Jan 25 09:36:05 2021]: >> Loading Ranks...    

[Print][Mon Jan 25 09:36:05 2021]: > Done in 0.00 seconds    

[Print][Mon Jan 25 09:36:05 2021]: >> All done on Mon Jan 25 09:36:05 2021    

[Print][Mon Jan 25 09:37:17 2021]: >> Cleaning players online status...    

[Print][Mon Jan 25 09:37:17 2021]: > Done in 0.00 seconds    

[Print][Mon Jan 25 09:37:17 2021]: >> Loading PvP Arenas...    

[Print][Mon Jan 25 09:37:17 2021]: > Done in 0.00 seconds    

[Print][Mon Jan 25 09:37:17 2021]: >> Loading Caught Highscores...    

[Print][Mon Jan 25 09:37:17 2021]: > Done in 0.00 seconds    

[Print][Mon Jan 25 09:37:17 2021]: >> Loading Tournament Highscores...    

[Print][Mon Jan 25 09:37:17 2021]: > Done in 0.00 seconds    

[Print][Mon Jan 25 09:37:17 2021]: >> Loading Berry Trees...    

[Print][Mon Jan 25 09:37:17 2021]: > Done in 0.00 seconds    

[Print][Mon Jan 25 09:37:17 2021]: >> Cleaning Mastery Dungeons...    

[Print][Mon Jan 25 09:37:17 2021]: > Done in 0.00 seconds    

[Print][Mon Jan 25 09:37:17 2021]: >> Loading Bosses...    

[Print][Mon Jan 25 09:37:17 2021]: >> Scheduled Boss Spawn: Toby in 6 hours, 48 minutes and 15 seconds    

[Print][Mon Jan 25 09:37:17 2021]: > Done in 0.00 seconds    

[Print][Mon Jan 25 09:37:17 2021]: >> Loading Highscores...    

[Print][Mon Jan 25 09:37:17 2021]: > Done in 0.00 seconds    

[Print][Mon Jan 25 09:37:17 2021]: >> Loading Ball Pillars...    

[Print][Mon Jan 25 09:37:17 2021]: > Done in 0.00 seconds    

[Print][Mon Jan 25 09:37:17 2021]: >> Loading Citizens...    

[Print][Mon Jan 25 09:37:17 2021]: > Done in 0.06 seconds    

[Print][Mon Jan 25 09:37:17 2021]: >> Loading SupriseBox...    

[Print][Mon Jan 25 09:37:17 2021]: > Done in 0.01 seconds    

[Print][Mon Jan 25 09:37:17 2021]: >> Loading Ranks...    

[Print][Mon Jan 25 09:37:17 2021]: > Done in 0.00 seconds    

[Print][Mon Jan 25 09:37:17 2021]: >> All done on Mon Jan 25 09:37:17 2021    

[Print][Mon Jan 25 09:39:53 2021]: >> Cleaning players online status...    

[Print][Mon Jan 25 09:39:53 2021]: > Done in 0.00 seconds    

[Print][Mon Jan 25 09:39:53 2021]: >> Loading PvP Arenas...    

[Print][Mon Jan 25 09:39:53 2021]: > Done in 0.00 seconds    

[Print][Mon Jan 25 09:39:53 2021]: >> Loading Caught Highscores...    

[Print][Mon Jan 25 09:39:53 2021]: > Done in 0.00 seconds    

[Print][Mon Jan 25 09:39:53 2021]: >> Loading Tournament Highscores...    

[Print][Mon Jan 25 09:39:53 2021]: > Done in 0.00 seconds    

[Print][Mon Jan 25 09:39:53 2021]: >> Loading Berry Trees...    

[Print][Mon Jan 25 09:39:53 2021]: > Done in 0.00 seconds    

[Print][Mon Jan 25 09:39:53 2021]: >> Cleaning Mastery Dungeons...    

[Print][Mon Jan 25 09:39:53 2021]: > Done in 0.00 seconds    

[Print][Mon Jan 25 09:39:53 2021]: >> Loading Bosses...    

[Print][Mon Jan 25 09:39:53 2021]: >> Scheduled Boss Spawn: Flesh'n Fire in 9 hours, 14 minutes and 4 seconds    

[Print][Mon Jan 25 09:39:53 2021]: > Done in 0.00 seconds    

[Print][Mon Jan 25 09:39:53 2021]: >> Loading Highscores...    

[Print][Mon Jan 25 09:39:53 2021]: > Done in 0.00 seconds    

[Print][Mon Jan 25 09:39:53 2021]: >> Loading Ball Pillars...    

[Print][Mon Jan 25 09:39:53 2021]: > Done in 0.00 seconds    

[Print][Mon Jan 25 09:39:53 2021]: >> Loading Citizens...    

[Print][Mon Jan 25 09:39:53 2021]: > Done in 0.06 seconds    

[Print][Mon Jan 25 09:39:53 2021]: >> Loading SupriseBox...    

[Print][Mon Jan 25 09:39:53 2021]: > Done in 0.01 seconds    

[Print][Mon Jan 25 09:39:53 2021]: >> Loading Ranks...    

[Print][Mon Jan 25 09:39:53 2021]: > Done in 0.00 seconds    

[Print][Mon Jan 25 09:39:53 2021]: >> All done on Mon Jan 25 09:39:53 2021    

