[Print][Tue Jan 12 19:15:51 2021]: >> Cleaning players online status...    

[Print][Tue Jan 12 19:15:52 2021]: > Done in 0.30 seconds    

[Print][Tue Jan 12 19:15:52 2021]: >> Loading PvP Arenas...    

[Print][Tue Jan 12 19:15:52 2021]: > Done in 0.00 seconds    

[Print][Tue Jan 12 19:15:52 2021]: >> Loading Caught Highscores...    

[Print][Tue Jan 12 19:15:52 2021]: > Done in 0.00 seconds    

[Print][Tue Jan 12 19:15:52 2021]: >> Loading Tournament Highscores...    

[Print][Tue Jan 12 19:15:52 2021]: > Done in 0.00 seconds    

[Print][Tue Jan 12 19:15:52 2021]: >> Loading Berry Trees...    

[Print][Tue Jan 12 19:15:52 2021]: > Done in 0.03 seconds    

[Print][Tue Jan 12 19:15:52 2021]: >> Cleaning Mastery Dungeons...    

[Print][Tue Jan 12 19:15:52 2021]: > Done in 0.00 seconds    

[Print][Tue Jan 12 19:15:52 2021]: >> Loading Bosses...    

[Print][Tue Jan 12 19:15:52 2021]: >> Scheduled Boss Spawn: Toby in 3 days, 12 hours, 52 minutes and 34 seconds    

[Print][Tue Jan 12 19:15:52 2021]: > Done in 0.00 seconds    

[Print][Tue Jan 12 19:15:52 2021]: >> Loading Highscores...    

[Print][Tue Jan 12 19:15:52 2021]: > Done in 0.00 seconds    

[Print][Tue Jan 12 19:15:52 2021]: >> Loading Ball Pillars...    

[Print][Tue Jan 12 19:15:52 2021]: > Done in 0.05 seconds    

[Print][Tue Jan 12 19:15:52 2021]: >> Loading Citizens...    

[Print][Tue Jan 12 19:15:52 2021]: > Done in 0.12 seconds    

[Print][Tue Jan 12 19:15:52 2021]: >> Loading SupriseBox...    

[Print][Tue Jan 12 19:15:52 2021]: > Done in 0.01 seconds    

[Print][Tue Jan 12 19:15:52 2021]: >> Loading Ranks...    

[Print][Tue Jan 12 19:15:52 2021]: > Done in 0.00 seconds    

[Print][Tue Jan 12 19:15:52 2021]: >> All done on Tue Jan 12 19:15:52 2021    

[Print][Tue Jan 12 20:35:52 2021]: >> Cleaning players online status...    

[Print][Tue Jan 12 20:35:52 2021]: > Done in 0.00 seconds    

[Print][Tue Jan 12 20:35:52 2021]: >> Loading PvP Arenas...    

[Print][Tue Jan 12 20:35:52 2021]: > Done in 0.00 seconds    

[Print][Tue Jan 12 20:35:52 2021]: >> Loading Caught Highscores...    

[Print][Tue Jan 12 20:35:52 2021]: > Done in 0.00 seconds    

[Print][Tue Jan 12 20:35:52 2021]: >> Loading Tournament Highscores...    

[Print][Tue Jan 12 20:35:52 2021]: > Done in 0.00 seconds    

[Print][Tue Jan 12 20:35:52 2021]: >> Loading Berry Trees...    

[Print][Tue Jan 12 20:35:52 2021]: > Done in 0.01 seconds    

[Print][Tue Jan 12 20:35:52 2021]: >> Cleaning Mastery Dungeons...    

[Print][Tue Jan 12 20:35:52 2021]: > Done in 0.00 seconds    

[Print][Tue Jan 12 20:35:52 2021]: >> Loading Bosses...    

[Print][Tue Jan 12 20:35:52 2021]: >> Scheduled Boss Spawn: The Turbo in 3 days, 11 hours, 43 minutes and 51 seconds    

[Print][Tue Jan 12 20:35:52 2021]: > Done in 0.00 seconds    

[Print][Tue Jan 12 20:35:52 2021]: >> Loading Highscores...    

[Print][Tue Jan 12 20:35:52 2021]: > Done in 0.00 seconds    

[Print][Tue Jan 12 20:35:52 2021]: >> Loading Ball Pillars...    

[Print][Tue Jan 12 20:35:52 2021]: > Done in 0.01 seconds    

[Print][Tue Jan 12 20:35:52 2021]: >> Loading Citizens...    

[Print][Tue Jan 12 20:35:53 2021]: > Done in 0.06 seconds    

[Print][Tue Jan 12 20:35:53 2021]: >> Loading SupriseBox...    

[Print][Tue Jan 12 20:35:53 2021]: > Done in 0.01 seconds    

[Print][Tue Jan 12 20:35:53 2021]: >> Loading Ranks...    

[Print][Tue Jan 12 20:35:53 2021]: > Done in 0.00 seconds    

[Print][Tue Jan 12 20:35:53 2021]: >> All done on Tue Jan 12 20:35:53 2021    

[Print][Tue Jan 12 20:49:02 2021]: >> Cleaning players online status...    

[Print][Tue Jan 12 20:49:02 2021]: > Done in 0.08 seconds    

[Print][Tue Jan 12 20:49:02 2021]: >> Loading PvP Arenas...    

[Print][Tue Jan 12 20:49:02 2021]: > Done in 0.00 seconds    

[Print][Tue Jan 12 20:49:02 2021]: >> Loading Caught Highscores...    

[Print][Tue Jan 12 20:49:02 2021]: > Done in 0.09 seconds    

[Print][Tue Jan 12 20:49:02 2021]: >> Loading Tournament Highscores...    

[Print][Tue Jan 12 20:49:02 2021]: > Done in 0.00 seconds    

[Print][Tue Jan 12 20:49:02 2021]: >> Loading Berry Trees...    

[Print][Tue Jan 12 20:49:02 2021]: > Done in 0.02 seconds    

[Print][Tue Jan 12 20:49:02 2021]: >> Cleaning Mastery Dungeons...    

[Print][Tue Jan 12 20:49:02 2021]: > Done in 0.00 seconds    

[Print][Tue Jan 12 20:49:02 2021]: >> Loading Bosses...    

[Print][Tue Jan 12 20:49:02 2021]: >> Scheduled Boss Spawn: Grisly Mind in 3 days, 8 hours, 29 minutes and 36 seconds    

[Print][Tue Jan 12 20:49:02 2021]: > Done in 0.00 seconds    

[Print][Tue Jan 12 20:49:02 2021]: >> Loading Highscores...    

[Print][Tue Jan 12 20:49:02 2021]: > Done in 0.02 seconds    

[Print][Tue Jan 12 20:49:02 2021]: >> Loading Ball Pillars...    

[Print][Tue Jan 12 20:49:02 2021]: > Done in 0.01 seconds    

[Print][Tue Jan 12 20:49:02 2021]: >> Loading Citizens...    

[Print][Tue Jan 12 20:49:02 2021]: > Done in 0.05 seconds    

[Print][Tue Jan 12 20:49:02 2021]: >> Loading SupriseBox...    

[Print][Tue Jan 12 20:49:02 2021]: > Done in 0.01 seconds    

[Print][Tue Jan 12 20:49:02 2021]: >> Loading Ranks...    

[Print][Tue Jan 12 20:49:02 2021]: > Done in 0.04 seconds    

[Print][Tue Jan 12 20:49:02 2021]: >> All done on Tue Jan 12 20:49:02 2021    

