[Print][Sun Jan 24 09:28:15 2021]: >> Cleaning players online status...    

[Print][Sun Jan 24 09:28:15 2021]: > Done in 0.03 seconds    

[Print][Sun Jan 24 09:28:15 2021]: >> Loading PvP Arenas...    

[Print][Sun Jan 24 09:28:15 2021]: > Done in 0.00 seconds    

[Print][Sun Jan 24 09:28:15 2021]: >> Loading Caught Highscores...    

[Print][Sun Jan 24 09:28:15 2021]: > Done in 0.00 seconds    

[Print][Sun Jan 24 09:28:15 2021]: >> Loading Tournament Highscores...    

[Print][Sun Jan 24 09:28:15 2021]: > Done in 0.00 seconds    

[Print][Sun Jan 24 09:28:15 2021]: >> Loading Berry Trees...    

[Print][Sun Jan 24 09:28:15 2021]: > Done in 0.02 seconds    

[Print][Sun Jan 24 09:28:15 2021]: >> Cleaning Mastery Dungeons...    

[Print][Sun Jan 24 09:28:15 2021]: > Done in 0.00 seconds    

[Print][Sun Jan 24 09:28:15 2021]: >> Loading Bosses...    

[Print][Sun Jan 24 09:28:15 2021]: >> Scheduled Boss Spawn: The A. Mesmer in 12 hours, 36 minutes and 22 seconds    

[Print][Sun Jan 24 09:28:15 2021]: > Done in 0.00 seconds    

[Print][Sun Jan 24 09:28:15 2021]: >> Loading Highscores...    

[Print][Sun Jan 24 09:28:15 2021]: > Done in 0.00 seconds    

[Print][Sun Jan 24 09:28:15 2021]: >> Loading Ball Pillars...    

[Print][Sun Jan 24 09:28:15 2021]: > Done in 0.01 seconds    

[Print][Sun Jan 24 09:28:15 2021]: >> Loading Citizens...    

[Print][Sun Jan 24 09:28:15 2021]: > Done in 0.06 seconds    

[Print][Sun Jan 24 09:28:15 2021]: >> Loading SupriseBox...    

[Print][Sun Jan 24 09:28:15 2021]: > Done in 0.02 seconds    

[Print][Sun Jan 24 09:28:15 2021]: >> Loading Ranks...    

[Print][Sun Jan 24 09:28:15 2021]: > Done in 0.00 seconds    

[Print][Sun Jan 24 09:28:15 2021]: >> All done on Sun Jan 24 09:28:15 2021    

[Print][Sun Jan 24 20:53:32 2021]: >> Cleaning players online status...    

[Print][Sun Jan 24 20:53:32 2021]: > Done in 0.00 seconds    

[Print][Sun Jan 24 20:53:32 2021]: >> Loading PvP Arenas...    

[Print][Sun Jan 24 20:53:32 2021]: > Done in 0.00 seconds    

[Print][Sun Jan 24 20:53:32 2021]: >> Loading Caught Highscores...    

[Print][Sun Jan 24 20:53:32 2021]: > Done in 0.00 seconds    

[Print][Sun Jan 24 20:53:32 2021]: >> Loading Tournament Highscores...    

[Print][Sun Jan 24 20:53:32 2021]: > Done in 0.00 seconds    

[Print][Sun Jan 24 20:53:32 2021]: >> Loading Berry Trees...    

[Print][Sun Jan 24 20:53:32 2021]: > Done in 0.01 seconds    

[Print][Sun Jan 24 20:53:32 2021]: >> Cleaning Mastery Dungeons...    

[Print][Sun Jan 24 20:53:32 2021]: > Done in 0.00 seconds    

[Print][Sun Jan 24 20:53:32 2021]: >> Loading Bosses...    

[Print][Sun Jan 24 20:53:32 2021]: >> Scheduled Boss Spawn: Grisly Mind in 8 hours, 50 minutes and 52 seconds    

[Print][Sun Jan 24 20:53:32 2021]: > Done in 0.00 seconds    

[Print][Sun Jan 24 20:53:32 2021]: >> Loading Highscores...    

[Print][Sun Jan 24 20:53:32 2021]: > Done in 0.00 seconds    

[Print][Sun Jan 24 20:53:32 2021]: >> Loading Ball Pillars...    

[Print][Sun Jan 24 20:53:32 2021]: > Done in 0.00 seconds    

[Print][Sun Jan 24 20:53:32 2021]: >> Loading Citizens...    

[Print][Sun Jan 24 20:53:32 2021]: > Done in 0.07 seconds    

[Print][Sun Jan 24 20:53:32 2021]: >> Loading SupriseBox...    

[Print][Sun Jan 24 20:53:32 2021]: > Done in 0.01 seconds    

[Print][Sun Jan 24 20:53:32 2021]: >> Loading Ranks...    

[Print][Sun Jan 24 20:53:32 2021]: > Done in 0.00 seconds    

[Print][Sun Jan 24 20:53:32 2021]: >> All done on Sun Jan 24 20:53:32 2021    

