[Print][Sat Jan 16 18:12:45 2021]: >> Cleaning players online status...    

[Print][Sat Jan 16 18:12:45 2021]: > Done in 0.07 seconds    

[Print][Sat Jan 16 18:12:45 2021]: >> Loading PvP Arenas...    

[Print][Sat Jan 16 18:12:45 2021]: > Done in 0.00 seconds    

[Print][Sat Jan 16 18:12:45 2021]: >> Loading Caught Highscores...    

[Print][Sat Jan 16 18:12:45 2021]: > Done in 0.00 seconds    

[Print][Sat Jan 16 18:12:45 2021]: >> Loading Tournament Highscores...    

[Print][Sat Jan 16 18:12:45 2021]: > Done in 0.00 seconds    

[Print][Sat Jan 16 18:12:45 2021]: >> Loading Berry Trees...    

[Print][Sat Jan 16 18:12:45 2021]: > Done in 0.02 seconds    

[Print][Sat Jan 16 18:12:45 2021]: >> Cleaning Mastery Dungeons...    

[Print][Sat Jan 16 18:12:45 2021]: > Done in 0.00 seconds    

[Print][Sat Jan 16 18:12:45 2021]: >> Loading Bosses...    

[Print][Sat Jan 16 18:12:45 2021]: >> Scheduled Boss Spawn: Pink Fury in 3 days, 6 hours, 37 minutes and 32 seconds    

[Print][Sat Jan 16 18:12:45 2021]: > Done in 0.00 seconds    

[Print][Sat Jan 16 18:12:45 2021]: >> Loading Highscores...    

[Print][Sat Jan 16 18:12:45 2021]: > Done in 0.00 seconds    

[Print][Sat Jan 16 18:12:45 2021]: >> Loading Ball Pillars...    

[Print][Sat Jan 16 18:12:45 2021]: > Done in 0.01 seconds    

[Print][Sat Jan 16 18:12:45 2021]: >> Loading Citizens...    

[Print][Sat Jan 16 18:12:45 2021]: > Done in 0.07 seconds    

[Print][Sat Jan 16 18:12:45 2021]: >> Loading SupriseBox...    

[Print][Sat Jan 16 18:12:45 2021]: > Done in 0.02 seconds    

[Print][Sat Jan 16 18:12:45 2021]: >> Loading Ranks...    

[Print][Sat Jan 16 18:12:45 2021]: > Done in 0.00 seconds    

[Print][Sat Jan 16 18:12:45 2021]: >> All done on Sat Jan 16 18:12:45 2021    

[Print][Sat Jan 16 18:55:31 2021]: >> Cleaning players online status...    

[Print][Sat Jan 16 18:55:31 2021]: > Done in 0.00 seconds    

[Print][Sat Jan 16 18:55:31 2021]: >> Loading PvP Arenas...    

[Print][Sat Jan 16 18:55:31 2021]: > Done in 0.00 seconds    

[Print][Sat Jan 16 18:55:31 2021]: >> Loading Caught Highscores...    

[Print][Sat Jan 16 18:55:31 2021]: > Done in 0.00 seconds    

[Print][Sat Jan 16 18:55:31 2021]: >> Loading Tournament Highscores...    

[Print][Sat Jan 16 18:55:31 2021]: > Done in 0.00 seconds    

[Print][Sat Jan 16 18:55:31 2021]: >> Loading Berry Trees...    

[Print][Sat Jan 16 18:55:31 2021]: > Done in 0.00 seconds    

[Print][Sat Jan 16 18:55:31 2021]: >> Cleaning Mastery Dungeons...    

[Print][Sat Jan 16 18:55:31 2021]: > Done in 0.00 seconds    

[Print][Sat Jan 16 18:55:31 2021]: >> Loading Bosses...    

[Print][Sat Jan 16 18:55:31 2021]: >> Scheduled Boss Spawn: Great Saul in 3 days, 12 hours, 57 minutes and 53 seconds    

[Print][Sat Jan 16 18:55:31 2021]: > Done in 0.00 seconds    

[Print][Sat Jan 16 18:55:31 2021]: >> Loading Highscores...    

[Print][Sat Jan 16 18:55:31 2021]: > Done in 0.00 seconds    

[Print][Sat Jan 16 18:55:31 2021]: >> Loading Ball Pillars...    

[Print][Sat Jan 16 18:55:31 2021]: > Done in 0.00 seconds    

[Print][Sat Jan 16 18:55:31 2021]: >> Loading Citizens...    

[Print][Sat Jan 16 18:55:31 2021]: > Done in 0.05 seconds    

[Print][Sat Jan 16 18:55:31 2021]: >> Loading SupriseBox...    

[Print][Sat Jan 16 18:55:31 2021]: > Done in 0.02 seconds    

[Print][Sat Jan 16 18:55:31 2021]: >> Loading Ranks...    

[Print][Sat Jan 16 18:55:31 2021]: > Done in 0.00 seconds    

[Print][Sat Jan 16 18:55:31 2021]: >> All done on Sat Jan 16 18:55:31 2021    

[Print][Sat Jan 16 19:21:14 2021]: >> Cleaning players online status...    

[Print][Sat Jan 16 19:21:14 2021]: > Done in 0.03 seconds    

[Print][Sat Jan 16 19:21:14 2021]: >> Loading PvP Arenas...    

[Print][Sat Jan 16 19:21:14 2021]: > Done in 0.00 seconds    

[Print][Sat Jan 16 19:21:14 2021]: >> Loading Caught Highscores...    

[Print][Sat Jan 16 19:21:14 2021]: > Done in 0.00 seconds    

[Print][Sat Jan 16 19:21:14 2021]: >> Loading Tournament Highscores...    

[Print][Sat Jan 16 19:21:14 2021]: > Done in 0.00 seconds    

[Print][Sat Jan 16 19:21:14 2021]: >> Loading Berry Trees...    

[Print][Sat Jan 16 19:21:14 2021]: > Done in 0.00 seconds    

[Print][Sat Jan 16 19:21:14 2021]: >> Cleaning Mastery Dungeons...    

[Print][Sat Jan 16 19:21:14 2021]: > Done in 0.00 seconds    

[Print][Sat Jan 16 19:21:14 2021]: >> Loading Bosses...    

[Print][Sat Jan 16 19:21:14 2021]: >> Scheduled Boss Spawn: The A. Mesmer in 3 days, 5 hours, 19 minutes and 39 seconds    

[Print][Sat Jan 16 19:21:14 2021]: > Done in 0.00 seconds    

[Print][Sat Jan 16 19:21:14 2021]: >> Loading Highscores...    

[Print][Sat Jan 16 19:21:14 2021]: > Done in 0.00 seconds    

[Print][Sat Jan 16 19:21:14 2021]: >> Loading Ball Pillars...    

[Print][Sat Jan 16 19:21:14 2021]: > Done in 0.00 seconds    

[Print][Sat Jan 16 19:21:14 2021]: >> Loading Citizens...    

[Print][Sat Jan 16 19:21:14 2021]: > Done in 0.05 seconds    

[Print][Sat Jan 16 19:21:14 2021]: >> Loading SupriseBox...    

[Print][Sat Jan 16 19:21:14 2021]: > Done in 0.01 seconds    

[Print][Sat Jan 16 19:21:14 2021]: >> Loading Ranks...    

[Print][Sat Jan 16 19:21:14 2021]: > Done in 0.00 seconds    

[Print][Sat Jan 16 19:21:14 2021]: >> All done on Sat Jan 16 19:21:14 2021    

