[Print][Wed Jan 13 15:42:52 2021]: >> Cleaning players online status...    

[Print][Wed Jan 13 15:42:52 2021]: > Done in 0.00 seconds    

[Print][Wed Jan 13 15:42:52 2021]: >> Loading PvP Arenas...    

[Print][Wed Jan 13 15:42:52 2021]: > Done in 0.00 seconds    

[Print][Wed Jan 13 15:42:52 2021]: >> Loading Caught Highscores...    

[Print][Wed Jan 13 15:42:52 2021]: > Done in 0.00 seconds    

[Print][Wed Jan 13 15:42:52 2021]: >> Loading Tournament Highscores...    

[Print][Wed Jan 13 15:42:52 2021]: > Done in 0.00 seconds    

[Print][Wed Jan 13 15:42:52 2021]: >> Loading Berry Trees...    

[Print][Wed Jan 13 15:42:52 2021]: > Done in 0.02 seconds    

[Print][Wed Jan 13 15:42:52 2021]: >> Cleaning Mastery Dungeons...    

[Print][Wed Jan 13 15:42:52 2021]: > Done in 0.00 seconds    

[Print][Wed Jan 13 15:42:52 2021]: >> Loading Bosses...    

[Print][Wed Jan 13 15:42:52 2021]: >> Scheduled Boss Spawn: Twisted Blades in 3 days, 15 hours, 14 minutes and 48 seconds    

[Print][Wed Jan 13 15:42:52 2021]: > Done in 0.00 seconds    

[Print][Wed Jan 13 15:42:52 2021]: >> Loading Highscores...    

[Print][Wed Jan 13 15:42:52 2021]: > Done in 0.00 seconds    

[Print][Wed Jan 13 15:42:52 2021]: >> Loading Ball Pillars...    

[Print][Wed Jan 13 15:42:52 2021]: > Done in 0.01 seconds    

[Print][Wed Jan 13 15:42:52 2021]: >> Loading Citizens...    

[Print][Wed Jan 13 15:42:52 2021]: > Done in 0.06 seconds    

[Print][Wed Jan 13 15:42:52 2021]: >> Loading SupriseBox...    

[Print][Wed Jan 13 15:42:52 2021]: > Done in 0.01 seconds    

[Print][Wed Jan 13 15:42:52 2021]: >> Loading Ranks...    

[Print][Wed Jan 13 15:42:52 2021]: > Done in 0.00 seconds    

[Print][Wed Jan 13 15:42:52 2021]: >> All done on Wed Jan 13 15:42:52 2021    

[Print][Wed Jan 13 18:25:21 2021]: >> Cleaning players online status...    

[Print][Wed Jan 13 18:25:21 2021]: > Done in 0.05 seconds    

[Print][Wed Jan 13 18:25:21 2021]: >> Loading PvP Arenas...    

[Print][Wed Jan 13 18:25:21 2021]: > Done in 0.00 seconds    

[Print][Wed Jan 13 18:25:22 2021]: >> Loading Caught Highscores...    

[Print][Wed Jan 13 18:25:22 2021]: > Done in 0.00 seconds    

[Print][Wed Jan 13 18:25:22 2021]: >> Loading Tournament Highscores...    

[Print][Wed Jan 13 18:25:22 2021]: > Done in 0.00 seconds    

[Print][Wed Jan 13 18:25:22 2021]: >> Loading Berry Trees...    

[Print][Wed Jan 13 18:25:22 2021]: > Done in 0.02 seconds    

[Print][Wed Jan 13 18:25:22 2021]: >> Cleaning Mastery Dungeons...    

[Print][Wed Jan 13 18:25:22 2021]: > Done in 0.00 seconds    

[Print][Wed Jan 13 18:25:22 2021]: >> Loading Bosses...    

[Print][Wed Jan 13 18:25:22 2021]: >> Scheduled Boss Spawn: Grisly Mind in 3 days, 7 hours, 23 minutes and 12 seconds    

[Print][Wed Jan 13 18:25:22 2021]: > Done in 0.00 seconds    

[Print][Wed Jan 13 18:25:22 2021]: >> Loading Highscores...    

[Print][Wed Jan 13 18:25:22 2021]: > Done in 0.00 seconds    

[Print][Wed Jan 13 18:25:22 2021]: >> Loading Ball Pillars...    

[Print][Wed Jan 13 18:25:22 2021]: > Done in 0.07 seconds    

[Print][Wed Jan 13 18:25:22 2021]: >> Loading Citizens...    

[Print][Wed Jan 13 18:25:22 2021]: > Done in 0.06 seconds    

[Print][Wed Jan 13 18:25:22 2021]: >> Loading SupriseBox...    

[Print][Wed Jan 13 18:25:22 2021]: > Done in 0.02 seconds    

[Print][Wed Jan 13 18:25:22 2021]: >> Loading Ranks...    

[Print][Wed Jan 13 18:25:22 2021]: > Done in 0.00 seconds    

[Print][Wed Jan 13 18:25:22 2021]: >> All done on Wed Jan 13 18:25:22 2021    

[Print][Wed Jan 13 20:45:17 2021]: >> Cleaning players online status...    

[Print][Wed Jan 13 20:45:17 2021]: > Done in 0.04 seconds    

[Print][Wed Jan 13 20:45:17 2021]: >> Loading PvP Arenas...    

[Print][Wed Jan 13 20:45:17 2021]: > Done in 0.00 seconds    

[Print][Wed Jan 13 20:45:17 2021]: >> Loading Caught Highscores...    

[Print][Wed Jan 13 20:45:17 2021]: > Done in 0.00 seconds    

[Print][Wed Jan 13 20:45:17 2021]: >> Loading Tournament Highscores...    

[Print][Wed Jan 13 20:45:17 2021]: > Done in 0.00 seconds    

[Print][Wed Jan 13 20:45:17 2021]: >> Loading Berry Trees...    

[Print][Wed Jan 13 20:45:17 2021]: > Done in 0.05 seconds    

[Print][Wed Jan 13 20:45:17 2021]: >> Cleaning Mastery Dungeons...    

[Print][Wed Jan 13 20:45:17 2021]: > Done in 0.00 seconds    

[Print][Wed Jan 13 20:45:17 2021]: >> Loading Bosses...    

[Print][Wed Jan 13 20:45:17 2021]: >> Scheduled Boss Spawn: Kirby in 3 days, 11 hours, 10 minutes and 32 seconds    

[Print][Wed Jan 13 20:45:17 2021]: > Done in 0.00 seconds    

[Print][Wed Jan 13 20:45:17 2021]: >> Loading Highscores...    

[Print][Wed Jan 13 20:45:17 2021]: > Done in 0.00 seconds    

[Print][Wed Jan 13 20:45:17 2021]: >> Loading Ball Pillars...    

[Print][Wed Jan 13 20:45:17 2021]: > Done in 0.01 seconds    

[Print][Wed Jan 13 20:45:17 2021]: >> Loading Citizens...    

[Print][Wed Jan 13 20:45:17 2021]: > Done in 0.06 seconds    

[Print][Wed Jan 13 20:45:17 2021]: >> Loading SupriseBox...    

[Print][Wed Jan 13 20:45:17 2021]: > Done in 0.02 seconds    

[Print][Wed Jan 13 20:45:17 2021]: >> Loading Ranks...    

[Print][Wed Jan 13 20:45:17 2021]: > Done in 0.00 seconds    

[Print][Wed Jan 13 20:45:17 2021]: >> All done on Wed Jan 13 20:45:17 2021    

[Print][Wed Jan 13 20:57:12 2021]: >> Cleaning players online status...    

[Print][Wed Jan 13 20:57:12 2021]: > Done in 0.03 seconds    

[Print][Wed Jan 13 20:57:12 2021]: >> Loading PvP Arenas...    

[Print][Wed Jan 13 20:57:12 2021]: > Done in 0.00 seconds    

[Print][Wed Jan 13 20:57:12 2021]: >> Loading Caught Highscores...    

[Print][Wed Jan 13 20:57:12 2021]: > Done in 0.00 seconds    

[Print][Wed Jan 13 20:57:12 2021]: >> Loading Tournament Highscores...    

[Print][Wed Jan 13 20:57:12 2021]: > Done in 0.00 seconds    

[Print][Wed Jan 13 20:57:12 2021]: >> Loading Berry Trees...    

[Print][Wed Jan 13 20:57:12 2021]: > Done in 0.00 seconds    

[Print][Wed Jan 13 20:57:12 2021]: >> Cleaning Mastery Dungeons...    

[Print][Wed Jan 13 20:57:12 2021]: > Done in 0.00 seconds    

[Print][Wed Jan 13 20:57:12 2021]: >> Loading Bosses...    

[Print][Wed Jan 13 20:57:12 2021]: >> Scheduled Boss Spawn: Charles Spencer in 3 days, 9 hours, 27 minutes and 48 seconds    

[Print][Wed Jan 13 20:57:12 2021]: > Done in 0.00 seconds    

[Print][Wed Jan 13 20:57:12 2021]: >> Loading Highscores...    

[Print][Wed Jan 13 20:57:12 2021]: > Done in 0.00 seconds    

[Print][Wed Jan 13 20:57:12 2021]: >> Loading Ball Pillars...    

[Print][Wed Jan 13 20:57:12 2021]: > Done in 0.00 seconds    

[Print][Wed Jan 13 20:57:12 2021]: >> Loading Citizens...    

[Print][Wed Jan 13 20:57:12 2021]: > Done in 0.06 seconds    

[Print][Wed Jan 13 20:57:12 2021]: >> Loading SupriseBox...    

[Print][Wed Jan 13 20:57:12 2021]: > Done in 0.02 seconds    

[Print][Wed Jan 13 20:57:12 2021]: >> Loading Ranks...    

[Print][Wed Jan 13 20:57:12 2021]: > Done in 0.00 seconds    

[Print][Wed Jan 13 20:57:12 2021]: >> All done on Wed Jan 13 20:57:12 2021    

[Print][Wed Jan 13 20:59:26 2021]: >> Cleaning players online status...    

[Print][Wed Jan 13 20:59:26 2021]: > Done in 0.00 seconds    

[Print][Wed Jan 13 20:59:26 2021]: >> Loading PvP Arenas...    

[Print][Wed Jan 13 20:59:26 2021]: > Done in 0.00 seconds    

[Print][Wed Jan 13 20:59:26 2021]: >> Loading Caught Highscores...    

[Print][Wed Jan 13 20:59:26 2021]: > Done in 0.00 seconds    

[Print][Wed Jan 13 20:59:26 2021]: >> Loading Tournament Highscores...    

[Print][Wed Jan 13 20:59:26 2021]: > Done in 0.00 seconds    

[Print][Wed Jan 13 20:59:26 2021]: >> Loading Berry Trees...    

[Print][Wed Jan 13 20:59:26 2021]: > Done in 0.00 seconds    

[Print][Wed Jan 13 20:59:26 2021]: >> Cleaning Mastery Dungeons...    

[Print][Wed Jan 13 20:59:26 2021]: > Done in 0.00 seconds    

[Print][Wed Jan 13 20:59:26 2021]: >> Loading Bosses...    

[Print][Wed Jan 13 20:59:26 2021]: >> Scheduled Boss Spawn: Pink Fury in 3 days, 13 hours, 26 minutes and 27 seconds    

[Print][Wed Jan 13 20:59:26 2021]: > Done in 0.00 seconds    

[Print][Wed Jan 13 20:59:26 2021]: >> Loading Highscores...    

[Print][Wed Jan 13 20:59:26 2021]: > Done in 0.00 seconds    

[Print][Wed Jan 13 20:59:26 2021]: >> Loading Ball Pillars...    

[Print][Wed Jan 13 20:59:26 2021]: > Done in 0.00 seconds    

[Print][Wed Jan 13 20:59:26 2021]: >> Loading Citizens...    

[Print][Wed Jan 13 20:59:26 2021]: > Done in 0.05 seconds    

[Print][Wed Jan 13 20:59:26 2021]: >> Loading SupriseBox...    

[Print][Wed Jan 13 20:59:26 2021]: > Done in 0.02 seconds    

[Print][Wed Jan 13 20:59:26 2021]: >> Loading Ranks...    

[Print][Wed Jan 13 20:59:26 2021]: > Done in 0.00 seconds    

[Print][Wed Jan 13 20:59:26 2021]: >> All done on Wed Jan 13 20:59:26 2021    

[Print][Wed Jan 13 21:08:13 2021]: >> Cleaning players online status...    

[Print][Wed Jan 13 21:08:13 2021]: > Done in 0.05 seconds    

[Print][Wed Jan 13 21:08:13 2021]: >> Loading PvP Arenas...    

[Print][Wed Jan 13 21:08:13 2021]: > Done in 0.00 seconds    

[Print][Wed Jan 13 21:08:13 2021]: >> Loading Caught Highscores...    

[Print][Wed Jan 13 21:08:13 2021]: > Done in 0.00 seconds    

[Print][Wed Jan 13 21:08:13 2021]: >> Loading Tournament Highscores...    

[Print][Wed Jan 13 21:08:13 2021]: > Done in 0.00 seconds    

[Print][Wed Jan 13 21:08:13 2021]: >> Loading Berry Trees...    

[Print][Wed Jan 13 21:08:13 2021]: > Done in 0.00 seconds    

[Print][Wed Jan 13 21:08:13 2021]: >> Cleaning Mastery Dungeons...    

[Print][Wed Jan 13 21:08:13 2021]: > Done in 0.00 seconds    

[Print][Wed Jan 13 21:08:13 2021]: >> Loading Bosses...    

[Print][Wed Jan 13 21:08:13 2021]: >> Scheduled Boss Spawn: Charles Spencer in 3 days, 11 hours, 23 minutes and 14 seconds    

[Print][Wed Jan 13 21:08:13 2021]: > Done in 0.00 seconds    

[Print][Wed Jan 13 21:08:13 2021]: >> Loading Highscores...    

[Print][Wed Jan 13 21:08:13 2021]: > Done in 0.00 seconds    

[Print][Wed Jan 13 21:08:13 2021]: >> Loading Ball Pillars...    

[Print][Wed Jan 13 21:08:13 2021]: > Done in 0.00 seconds    

[Print][Wed Jan 13 21:08:13 2021]: >> Loading Citizens...    

[Print][Wed Jan 13 21:08:13 2021]: > Done in 0.05 seconds    

[Print][Wed Jan 13 21:08:13 2021]: >> Loading SupriseBox...    

[Print][Wed Jan 13 21:08:13 2021]: > Done in 0.01 seconds    

[Print][Wed Jan 13 21:08:13 2021]: >> Loading Ranks...    

[Print][Wed Jan 13 21:08:13 2021]: > Done in 0.00 seconds    

[Print][Wed Jan 13 21:08:13 2021]: >> All done on Wed Jan 13 21:08:13 2021    

[Print][Wed Jan 13 21:11:52 2021]: >> Cleaning players online status...    

[Print][Wed Jan 13 21:11:52 2021]: > Done in 0.04 seconds    

[Print][Wed Jan 13 21:11:52 2021]: >> Loading PvP Arenas...    

[Print][Wed Jan 13 21:11:52 2021]: > Done in 0.00 seconds    

[Print][Wed Jan 13 21:11:52 2021]: >> Loading Caught Highscores...    

[Print][Wed Jan 13 21:11:52 2021]: > Done in 0.00 seconds    

[Print][Wed Jan 13 21:11:52 2021]: >> Loading Tournament Highscores...    

[Print][Wed Jan 13 21:11:52 2021]: > Done in 0.00 seconds    

[Print][Wed Jan 13 21:11:52 2021]: >> Loading Berry Trees...    

[Print][Wed Jan 13 21:11:52 2021]: > Done in 0.00 seconds    

[Print][Wed Jan 13 21:11:52 2021]: >> Cleaning Mastery Dungeons...    

[Print][Wed Jan 13 21:11:52 2021]: > Done in 0.00 seconds    

[Print][Wed Jan 13 21:11:52 2021]: >> Loading Bosses...    

[Print][Wed Jan 13 21:11:52 2021]: >> Scheduled Boss Spawn: King Panlong in 3 days, 9 hours, 51 minutes and 14 seconds    

[Print][Wed Jan 13 21:11:52 2021]: > Done in 0.00 seconds    

[Print][Wed Jan 13 21:11:52 2021]: >> Loading Highscores...    

[Print][Wed Jan 13 21:11:52 2021]: > Done in 0.00 seconds    

[Print][Wed Jan 13 21:11:52 2021]: >> Loading Ball Pillars...    

[Print][Wed Jan 13 21:11:52 2021]: > Done in 0.00 seconds    

[Print][Wed Jan 13 21:11:52 2021]: >> Loading Citizens...    

[Print][Wed Jan 13 21:11:52 2021]: > Done in 0.06 seconds    

[Print][Wed Jan 13 21:11:52 2021]: >> Loading SupriseBox...    

[Print][Wed Jan 13 21:11:52 2021]: > Done in 0.01 seconds    

[Print][Wed Jan 13 21:11:52 2021]: >> Loading Ranks...    

[Print][Wed Jan 13 21:11:52 2021]: > Done in 0.00 seconds    

[Print][Wed Jan 13 21:11:52 2021]: >> All done on Wed Jan 13 21:11:52 2021    

[Print][Wed Jan 13 21:14:03 2021]: >> Cleaning players online status...    

[Print][Wed Jan 13 21:14:04 2021]: > Done in 0.05 seconds    

[Print][Wed Jan 13 21:14:04 2021]: >> Loading PvP Arenas...    

[Print][Wed Jan 13 21:14:04 2021]: > Done in 0.00 seconds    

[Print][Wed Jan 13 21:14:04 2021]: >> Loading Caught Highscores...    

[Print][Wed Jan 13 21:14:04 2021]: > Done in 0.00 seconds    

[Print][Wed Jan 13 21:14:04 2021]: >> Loading Tournament Highscores...    

[Print][Wed Jan 13 21:14:04 2021]: > Done in 0.00 seconds    

[Print][Wed Jan 13 21:14:04 2021]: >> Loading Berry Trees...    

[Print][Wed Jan 13 21:14:04 2021]: > Done in 0.00 seconds    

[Print][Wed Jan 13 21:14:04 2021]: >> Cleaning Mastery Dungeons...    

[Print][Wed Jan 13 21:14:04 2021]: > Done in 0.00 seconds    

[Print][Wed Jan 13 21:14:04 2021]: >> Loading Bosses...    

[Print][Wed Jan 13 21:14:04 2021]: >> Scheduled Boss Spawn: Winged Wisdom in 3 days, 11 hours, 57 minutes and 17 seconds    

[Print][Wed Jan 13 21:14:04 2021]: > Done in 0.00 seconds    

[Print][Wed Jan 13 21:14:04 2021]: >> Loading Highscores...    

[Print][Wed Jan 13 21:14:04 2021]: > Done in 0.00 seconds    

[Print][Wed Jan 13 21:14:04 2021]: >> Loading Ball Pillars...    

[Print][Wed Jan 13 21:14:04 2021]: > Done in 0.00 seconds    

[Print][Wed Jan 13 21:14:04 2021]: >> Loading Citizens...    

[Print][Wed Jan 13 21:14:04 2021]: > Done in 0.06 seconds    

[Print][Wed Jan 13 21:14:04 2021]: >> Loading SupriseBox...    

[Print][Wed Jan 13 21:14:04 2021]: > Done in 0.01 seconds    

[Print][Wed Jan 13 21:14:04 2021]: >> Loading Ranks...    

[Print][Wed Jan 13 21:14:04 2021]: > Done in 0.00 seconds    

[Print][Wed Jan 13 21:14:04 2021]: >> All done on Wed Jan 13 21:14:04 2021    

[Print][Wed Jan 13 23:19:13 2021]: >> Cleaning players online status...    

[Print][Wed Jan 13 23:19:13 2021]: > Done in 0.00 seconds    

[Print][Wed Jan 13 23:19:13 2021]: >> Loading PvP Arenas...    

[Print][Wed Jan 13 23:19:13 2021]: > Done in 0.00 seconds    

[Print][Wed Jan 13 23:19:13 2021]: >> Loading Caught Highscores...    

[Print][Wed Jan 13 23:19:13 2021]: > Done in 0.01 seconds    

[Print][Wed Jan 13 23:19:13 2021]: >> Loading Tournament Highscores...    

[Print][Wed Jan 13 23:19:13 2021]: > Done in 0.00 seconds    

[Print][Wed Jan 13 23:19:13 2021]: >> Loading Berry Trees...    

[Print][Wed Jan 13 23:19:13 2021]: > Done in 0.00 seconds    

[Print][Wed Jan 13 23:19:13 2021]: >> Cleaning Mastery Dungeons...    

[Print][Wed Jan 13 23:19:13 2021]: > Done in 0.00 seconds    

[Print][Wed Jan 13 23:19:13 2021]: >> Loading Bosses...    

[Print][Wed Jan 13 23:19:13 2021]: >> Scheduled Boss Spawn: Blastertoise in 3 days, 10 hours, 51 minutes and 56 seconds    

[Print][Wed Jan 13 23:19:13 2021]: > Done in 0.00 seconds    

[Print][Wed Jan 13 23:19:13 2021]: >> Loading Highscores...    

[Print][Wed Jan 13 23:19:13 2021]: > Done in 0.00 seconds    

[Print][Wed Jan 13 23:19:13 2021]: >> Loading Ball Pillars...    

[Print][Wed Jan 13 23:19:13 2021]: > Done in 0.01 seconds    

[Print][Wed Jan 13 23:19:13 2021]: >> Loading Citizens...    

[Print][Wed Jan 13 23:19:13 2021]: > Done in 0.07 seconds    

[Print][Wed Jan 13 23:19:13 2021]: >> Loading SupriseBox...    

[Print][Wed Jan 13 23:19:13 2021]: > Done in 0.02 seconds    

[Print][Wed Jan 13 23:19:13 2021]: >> Loading Ranks...    

[Print][Wed Jan 13 23:19:13 2021]: > Done in 0.00 seconds    

[Print][Wed Jan 13 23:19:13 2021]: >> All done on Wed Jan 13 23:19:13 2021    

[Print][Wed Jan 13 23:40:47 2021]: >> Cleaning players online status...    

[Print][Wed Jan 13 23:40:47 2021]: > Done in 0.05 seconds    

[Print][Wed Jan 13 23:40:47 2021]: >> Loading PvP Arenas...    

[Print][Wed Jan 13 23:40:47 2021]: > Done in 0.00 seconds    

[Print][Wed Jan 13 23:40:47 2021]: >> Loading Caught Highscores...    

[Print][Wed Jan 13 23:40:47 2021]: > Done in 0.00 seconds    

[Print][Wed Jan 13 23:40:47 2021]: >> Loading Tournament Highscores...    

[Print][Wed Jan 13 23:40:47 2021]: > Done in 0.00 seconds    

[Print][Wed Jan 13 23:40:47 2021]: >> Loading Berry Trees...    

[Print][Wed Jan 13 23:40:47 2021]: > Done in 0.01 seconds    

[Print][Wed Jan 13 23:40:47 2021]: >> Cleaning Mastery Dungeons...    

[Print][Wed Jan 13 23:40:47 2021]: > Done in 0.00 seconds    

[Print][Wed Jan 13 23:40:47 2021]: >> Loading Bosses...    

[Print][Wed Jan 13 23:40:47 2021]: >> Scheduled Boss Spawn: Pink Fury in 3 days, 8 hours, 12 minutes and 32 seconds    

[Print][Wed Jan 13 23:40:47 2021]: > Done in 0.00 seconds    

[Print][Wed Jan 13 23:40:47 2021]: >> Loading Highscores...    

[Print][Wed Jan 13 23:40:47 2021]: > Done in 0.00 seconds    

[Print][Wed Jan 13 23:40:47 2021]: >> Loading Ball Pillars...    

[Print][Wed Jan 13 23:40:47 2021]: > Done in 0.00 seconds    

[Print][Wed Jan 13 23:40:47 2021]: >> Loading Citizens...    

[Print][Wed Jan 13 23:40:47 2021]: > Done in 0.05 seconds    

[Print][Wed Jan 13 23:40:47 2021]: >> Loading SupriseBox...    

[Print][Wed Jan 13 23:40:47 2021]: > Done in 0.01 seconds    

[Print][Wed Jan 13 23:40:47 2021]: >> Loading Ranks...    

[Print][Wed Jan 13 23:40:47 2021]: > Done in 0.00 seconds    

[Print][Wed Jan 13 23:40:47 2021]: >> All done on Wed Jan 13 23:40:47 2021    

