[Print][Sat Jan 23 06:21:58 2021]: >> Cleaning players online status...    

[Print][Sat Jan 23 06:21:58 2021]: > Done in 0.02 seconds    

[Print][Sat Jan 23 06:21:58 2021]: >> Loading PvP Arenas...    

[Print][Sat Jan 23 06:21:58 2021]: > Done in 0.00 seconds    

[Print][Sat Jan 23 06:21:58 2021]: >> Loading Caught Highscores...    

[Print][Sat Jan 23 06:21:58 2021]: > Done in 0.00 seconds    

[Print][Sat Jan 23 06:21:58 2021]: >> Loading Tournament Highscores...    

[Print][Sat Jan 23 06:21:58 2021]: > Done in 0.00 seconds    

[Print][Sat Jan 23 06:21:58 2021]: >> Loading Berry Trees...    

[Print][Sat Jan 23 06:21:58 2021]: > Done in 0.00 seconds    

[Print][Sat Jan 23 06:21:58 2021]: >> Cleaning Mastery Dungeons...    

[Print][Sat Jan 23 06:21:58 2021]: > Done in 0.00 seconds    

[Print][Sat Jan 23 06:21:58 2021]: >> Loading Bosses...    

[Print][Sat Jan 23 06:21:58 2021]: >> Scheduled Boss Spawn: Twisted Blades in 6 hours, 34 minutes and 22 seconds    

[Print][Sat Jan 23 06:21:58 2021]: > Done in 0.00 seconds    

[Print][Sat Jan 23 06:21:58 2021]: >> Loading Highscores...    

[Print][Sat Jan 23 06:21:58 2021]: > Done in 0.00 seconds    

[Print][Sat Jan 23 06:21:58 2021]: >> Loading Ball Pillars...    

[Print][Sat Jan 23 06:21:58 2021]: > Done in 0.00 seconds    

[Print][Sat Jan 23 06:21:58 2021]: >> Loading Citizens...    

[Print][Sat Jan 23 06:21:58 2021]: > Done in 0.06 seconds    

[Print][Sat Jan 23 06:21:58 2021]: >> Loading SupriseBox...    

[Print][Sat Jan 23 06:21:59 2021]: > Done in 0.02 seconds    

[Print][Sat Jan 23 06:21:59 2021]: >> Loading Ranks...    

[Print][Sat Jan 23 06:21:59 2021]: > Done in 0.00 seconds    

[Print][Sat Jan 23 06:21:59 2021]: >> All done on Sat Jan 23 06:21:59 2021    

[Print][Sat Jan 23 06:23:38 2021]: >> Cleaning players online status...    

[Print][Sat Jan 23 06:23:38 2021]: > Done in 0.00 seconds    

[Print][Sat Jan 23 06:23:38 2021]: >> Loading PvP Arenas...    

[Print][Sat Jan 23 06:23:38 2021]: > Done in 0.00 seconds    

[Print][Sat Jan 23 06:23:38 2021]: >> Loading Caught Highscores...    

[Print][Sat Jan 23 06:23:38 2021]: > Done in 0.00 seconds    

[Print][Sat Jan 23 06:23:38 2021]: >> Loading Tournament Highscores...    

[Print][Sat Jan 23 06:23:38 2021]: > Done in 0.00 seconds    

[Print][Sat Jan 23 06:23:38 2021]: >> Loading Berry Trees...    

[Print][Sat Jan 23 06:23:38 2021]: > Done in 0.00 seconds    

[Print][Sat Jan 23 06:23:38 2021]: >> Cleaning Mastery Dungeons...    

[Print][Sat Jan 23 06:23:38 2021]: > Done in 0.00 seconds    

[Print][Sat Jan 23 06:23:38 2021]: >> Loading Bosses...    

[Print][Sat Jan 23 06:23:38 2021]: >> Scheduled Boss Spawn: The Turbo in 8 hours, 26 minutes and 56 seconds    

[Print][Sat Jan 23 06:23:38 2021]: > Done in 0.00 seconds    

[Print][Sat Jan 23 06:23:38 2021]: >> Loading Highscores...    

[Print][Sat Jan 23 06:23:38 2021]: > Done in 0.00 seconds    

[Print][Sat Jan 23 06:23:38 2021]: >> Loading Ball Pillars...    

[Print][Sat Jan 23 06:23:38 2021]: > Done in 0.00 seconds    

[Print][Sat Jan 23 06:23:38 2021]: >> Loading Citizens...    

[Print][Sat Jan 23 06:23:38 2021]: > Done in 0.05 seconds    

[Print][Sat Jan 23 06:23:38 2021]: >> Loading SupriseBox...    

[Print][Sat Jan 23 06:23:38 2021]: > Done in 0.01 seconds    

[Print][Sat Jan 23 06:23:38 2021]: >> Loading Ranks...    

[Print][Sat Jan 23 06:23:38 2021]: > Done in 0.00 seconds    

[Print][Sat Jan 23 06:23:38 2021]: >> All done on Sat Jan 23 06:23:38 2021    

[Print][Sat Jan 23 06:28:37 2021]: >> Cleaning players online status...    

[Print][Sat Jan 23 06:28:37 2021]: > Done in 0.02 seconds    

[Print][Sat Jan 23 06:28:37 2021]: >> Loading PvP Arenas...    

[Print][Sat Jan 23 06:28:37 2021]: > Done in 0.00 seconds    

[Print][Sat Jan 23 06:28:37 2021]: >> Loading Caught Highscores...    

[Print][Sat Jan 23 06:28:37 2021]: > Done in 0.00 seconds    

[Print][Sat Jan 23 06:28:37 2021]: >> Loading Tournament Highscores...    

[Print][Sat Jan 23 06:28:37 2021]: > Done in 0.00 seconds    

[Print][Sat Jan 23 06:28:37 2021]: >> Loading Berry Trees...    

[Print][Sat Jan 23 06:28:37 2021]: > Done in 0.00 seconds    

[Print][Sat Jan 23 06:28:37 2021]: >> Cleaning Mastery Dungeons...    

[Print][Sat Jan 23 06:28:37 2021]: > Done in 0.00 seconds    

[Print][Sat Jan 23 06:28:37 2021]: >> Loading Bosses...    

[Print][Sat Jan 23 06:28:37 2021]: >> Scheduled Boss Spawn: DoomBoy in 14 hours, 24 minutes and 23 seconds    

[Print][Sat Jan 23 06:28:37 2021]: > Done in 0.00 seconds    

[Print][Sat Jan 23 06:28:37 2021]: >> Loading Highscores...    

[Print][Sat Jan 23 06:28:37 2021]: > Done in 0.00 seconds    

[Print][Sat Jan 23 06:28:37 2021]: >> Loading Ball Pillars...    

[Print][Sat Jan 23 06:28:37 2021]: > Done in 0.00 seconds    

[Print][Sat Jan 23 06:28:37 2021]: >> Loading Citizens...    

[Print][Sat Jan 23 06:28:37 2021]: > Done in 0.06 seconds    

[Print][Sat Jan 23 06:28:37 2021]: >> Loading SupriseBox...    

[Print][Sat Jan 23 06:28:37 2021]: > Done in 0.02 seconds    

[Print][Sat Jan 23 06:28:37 2021]: >> Loading Ranks...    

[Print][Sat Jan 23 06:28:37 2021]: > Done in 0.00 seconds    

[Print][Sat Jan 23 06:28:37 2021]: >> All done on Sat Jan 23 06:28:37 2021    

[Print][Sat Jan 23 12:46:12 2021]: >> Cleaning players online status...    

[Print][Sat Jan 23 12:46:12 2021]: > Done in 0.00 seconds    

[Print][Sat Jan 23 12:46:12 2021]: >> Loading PvP Arenas...    

[Print][Sat Jan 23 12:46:12 2021]: > Done in 0.00 seconds    

[Print][Sat Jan 23 12:46:12 2021]: >> Loading Caught Highscores...    

[Print][Sat Jan 23 12:46:12 2021]: > Done in 0.00 seconds    

[Print][Sat Jan 23 12:46:12 2021]: >> Loading Tournament Highscores...    

[Print][Sat Jan 23 12:46:12 2021]: > Done in 0.00 seconds    

[Print][Sat Jan 23 12:46:12 2021]: >> Loading Berry Trees...    

[Print][Sat Jan 23 12:46:12 2021]: > Done in 0.00 seconds    

[Print][Sat Jan 23 12:46:12 2021]: >> Cleaning Mastery Dungeons...    

[Print][Sat Jan 23 12:46:12 2021]: > Done in 0.00 seconds    

[Print][Sat Jan 23 12:46:12 2021]: >> Loading Bosses...    

[Print][Sat Jan 23 12:46:12 2021]: >> Scheduled Boss Spawn: Blastertoise in 10 hours, 5 minutes and 38 seconds    

[Print][Sat Jan 23 12:46:12 2021]: > Done in 0.00 seconds    

[Print][Sat Jan 23 12:46:12 2021]: >> Loading Highscores...    

[Print][Sat Jan 23 12:46:12 2021]: > Done in 0.00 seconds    

[Print][Sat Jan 23 12:46:12 2021]: >> Loading Ball Pillars...    

[Print][Sat Jan 23 12:46:12 2021]: > Done in 0.00 seconds    

[Print][Sat Jan 23 12:46:12 2021]: >> Loading Citizens...    

[Print][Sat Jan 23 12:46:12 2021]: > Done in 0.05 seconds    

[Print][Sat Jan 23 12:46:12 2021]: >> Loading SupriseBox...    

[Print][Sat Jan 23 12:46:12 2021]: > Done in 0.02 seconds    

[Print][Sat Jan 23 12:46:12 2021]: >> Loading Ranks...    

[Print][Sat Jan 23 12:46:12 2021]: > Done in 0.00 seconds    

[Print][Sat Jan 23 12:46:12 2021]: >> All done on Sat Jan 23 12:46:12 2021    

[Print][Sat Jan 23 21:07:52 2021]: >> Cleaning players online status...    

[Print][Sat Jan 23 21:07:52 2021]: > Done in 0.03 seconds    

[Print][Sat Jan 23 21:07:52 2021]: >> Loading PvP Arenas...    

[Print][Sat Jan 23 21:07:52 2021]: > Done in 0.00 seconds    

[Print][Sat Jan 23 21:07:52 2021]: >> Loading Caught Highscores...    

[Print][Sat Jan 23 21:07:52 2021]: > Done in 0.00 seconds    

[Print][Sat Jan 23 21:07:52 2021]: >> Loading Tournament Highscores...    

[Print][Sat Jan 23 21:07:52 2021]: > Done in 0.00 seconds    

[Print][Sat Jan 23 21:07:52 2021]: >> Loading Berry Trees...    

[Print][Sat Jan 23 21:07:52 2021]: > Done in 0.00 seconds    

[Print][Sat Jan 23 21:07:52 2021]: >> Cleaning Mastery Dungeons...    

[Print][Sat Jan 23 21:07:52 2021]: > Done in 0.00 seconds    

[Print][Sat Jan 23 21:07:52 2021]: >> Loading Bosses...    

[Print][Sat Jan 23 21:07:52 2021]: >> Scheduled Boss Spawn: Winged Wisdom in 13 hours, 15 minutes and 52 seconds    

[Print][Sat Jan 23 21:07:52 2021]: > Done in 0.00 seconds    

[Print][Sat Jan 23 21:07:52 2021]: >> Loading Highscores...    

[Print][Sat Jan 23 21:07:52 2021]: > Done in 0.00 seconds    

[Print][Sat Jan 23 21:07:52 2021]: >> Loading Ball Pillars...    

[Print][Sat Jan 23 21:07:52 2021]: > Done in 0.00 seconds    

[Print][Sat Jan 23 21:07:52 2021]: >> Loading Citizens...    

[Print][Sat Jan 23 21:07:52 2021]: > Done in 0.06 seconds    

[Print][Sat Jan 23 21:07:52 2021]: >> Loading SupriseBox...    

[Print][Sat Jan 23 21:07:52 2021]: > Done in 0.02 seconds    

[Print][Sat Jan 23 21:07:52 2021]: >> Loading Ranks...    

[Print][Sat Jan 23 21:07:52 2021]: > Done in 0.00 seconds    

[Print][Sat Jan 23 21:07:52 2021]: >> All done on Sat Jan 23 21:07:52 2021    

[Print][Sat Jan 23 21:18:15 2021]: >> Cleaning players online status...    

[Print][Sat Jan 23 21:18:15 2021]: > Done in 0.00 seconds    

[Print][Sat Jan 23 21:18:15 2021]: >> Loading PvP Arenas...    

[Print][Sat Jan 23 21:18:15 2021]: > Done in 0.00 seconds    

[Print][Sat Jan 23 21:18:15 2021]: >> Loading Caught Highscores...    

[Print][Sat Jan 23 21:18:15 2021]: > Done in 0.00 seconds    

[Print][Sat Jan 23 21:18:15 2021]: >> Loading Tournament Highscores...    

[Print][Sat Jan 23 21:18:15 2021]: > Done in 0.00 seconds    

[Print][Sat Jan 23 21:18:15 2021]: >> Loading Berry Trees...    

[Print][Sat Jan 23 21:18:15 2021]: > Done in 0.00 seconds    

[Print][Sat Jan 23 21:18:15 2021]: >> Cleaning Mastery Dungeons...    

[Print][Sat Jan 23 21:18:15 2021]: > Done in 0.00 seconds    

[Print][Sat Jan 23 21:18:15 2021]: >> Loading Bosses...    

[Print][Sat Jan 23 21:18:15 2021]: >> Scheduled Boss Spawn: Cesar, The Simian in 12 hours, 30 minutes and 37 seconds    

[Print][Sat Jan 23 21:18:15 2021]: > Done in 0.00 seconds    

[Print][Sat Jan 23 21:18:15 2021]: >> Loading Highscores...    

[Print][Sat Jan 23 21:18:15 2021]: > Done in 0.00 seconds    

[Print][Sat Jan 23 21:18:15 2021]: >> Loading Ball Pillars...    

[Print][Sat Jan 23 21:18:15 2021]: > Done in 0.00 seconds    

[Print][Sat Jan 23 21:18:15 2021]: >> Loading Citizens...    

[Print][Sat Jan 23 21:18:15 2021]: > Done in 0.06 seconds    

[Print][Sat Jan 23 21:18:15 2021]: >> Loading SupriseBox...    

[Print][Sat Jan 23 21:18:15 2021]: > Done in 0.01 seconds    

[Print][Sat Jan 23 21:18:15 2021]: >> Loading Ranks...    

[Print][Sat Jan 23 21:18:15 2021]: > Done in 0.00 seconds    

[Print][Sat Jan 23 21:18:15 2021]: >> All done on Sat Jan 23 21:18:15 2021    

