[Print][Thu Jan 14 00:36:44 2021]: >> Cleaning players online status...    

[Print][Thu Jan 14 00:36:44 2021]: > Done in 0.00 seconds    

[Print][Thu Jan 14 00:36:44 2021]: >> Loading PvP Arenas...    

[Print][Thu Jan 14 00:36:44 2021]: > Done in 0.00 seconds    

[Print][Thu Jan 14 00:36:44 2021]: >> Loading Caught Highscores...    

[Print][Thu Jan 14 00:36:44 2021]: > Done in 0.00 seconds    

[Print][Thu Jan 14 00:36:44 2021]: >> Loading Tournament Highscores...    

[Print][Thu Jan 14 00:36:44 2021]: > Done in 0.00 seconds    

[Print][Thu Jan 14 00:36:44 2021]: >> Loading Berry Trees...    

[Print][Thu Jan 14 00:36:44 2021]: > Done in 0.01 seconds    

[Print][Thu Jan 14 00:36:44 2021]: >> Cleaning Mastery Dungeons...    

[Print][Thu Jan 14 00:36:44 2021]: > Done in 0.00 seconds    

[Print][Thu Jan 14 00:36:44 2021]: >> Loading Bosses...    

[Print][Thu Jan 14 00:36:44 2021]: >> Scheduled Boss Spawn: Mr. Gormandize in 3 days, 8 hours, 13 minutes and 49 seconds    

[Print][Thu Jan 14 00:36:44 2021]: > Done in 0.00 seconds    

[Print][Thu Jan 14 00:36:44 2021]: >> Loading Highscores...    

[Print][Thu Jan 14 00:36:44 2021]: > Done in 0.00 seconds    

[Print][Thu Jan 14 00:36:44 2021]: >> Loading Ball Pillars...    

[Print][Thu Jan 14 00:36:44 2021]: > Done in 0.01 seconds    

[Print][Thu Jan 14 00:36:44 2021]: >> Loading Citizens...    

[Print][Thu Jan 14 00:36:44 2021]: > Done in 0.05 seconds    

[Print][Thu Jan 14 00:36:44 2021]: >> Loading SupriseBox...    

[Print][Thu Jan 14 00:36:44 2021]: > Done in 0.02 seconds    

[Print][Thu Jan 14 00:36:44 2021]: >> Loading Ranks...    

[Print][Thu Jan 14 00:36:44 2021]: > Done in 0.00 seconds    

[Print][Thu Jan 14 00:36:44 2021]: >> All done on Thu Jan 14 00:36:44 2021    

[Print][Thu Jan 14 11:34:01 2021]: >> Cleaning players online status...    

[Print][Thu Jan 14 11:34:01 2021]: > Done in 0.00 seconds    

[Print][Thu Jan 14 11:34:01 2021]: >> Loading PvP Arenas...    

[Print][Thu Jan 14 11:34:01 2021]: > Done in 0.00 seconds    

[Print][Thu Jan 14 11:34:01 2021]: >> Loading Caught Highscores...    

[Print][Thu Jan 14 11:34:01 2021]: > Done in 0.00 seconds    

[Print][Thu Jan 14 11:34:01 2021]: >> Loading Tournament Highscores...    

[Print][Thu Jan 14 11:34:01 2021]: > Done in 0.00 seconds    

[Print][Thu Jan 14 11:34:01 2021]: >> Loading Berry Trees...    

[Print][Thu Jan 14 11:34:01 2021]: > Done in 0.00 seconds    

[Print][Thu Jan 14 11:34:01 2021]: >> Cleaning Mastery Dungeons...    

[Print][Thu Jan 14 11:34:01 2021]: > Done in 0.00 seconds    

[Print][Thu Jan 14 11:34:01 2021]: >> Loading Bosses...    

[Print][Thu Jan 14 11:34:01 2021]: >> Scheduled Boss Spawn: Mad Mum in 2 days, 22 hours, 35 minutes and 37 seconds    

[Print][Thu Jan 14 11:34:01 2021]: > Done in 0.00 seconds    

[Print][Thu Jan 14 11:34:01 2021]: >> Loading Highscores...    

[Print][Thu Jan 14 11:34:01 2021]: > Done in 0.00 seconds    

[Print][Thu Jan 14 11:34:02 2021]: >> Loading Ball Pillars...    

[Print][Thu Jan 14 11:34:02 2021]: > Done in 0.02 seconds    

[Print][Thu Jan 14 11:34:02 2021]: >> Loading Citizens...    

[Print][Thu Jan 14 11:34:02 2021]: > Done in 0.07 seconds    

[Print][Thu Jan 14 11:34:02 2021]: >> Loading SupriseBox...    

[Print][Thu Jan 14 11:34:02 2021]: > Done in 0.01 seconds    

[Print][Thu Jan 14 11:34:02 2021]: >> Loading Ranks...    

[Print][Thu Jan 14 11:34:02 2021]: > Done in 0.00 seconds    

[Print][Thu Jan 14 11:34:02 2021]: >> All done on Thu Jan 14 11:34:02 2021    

[Print][Thu Jan 14 13:07:50 2021]: >> Cleaning players online status...    

[Print][Thu Jan 14 13:07:51 2021]: > Done in 0.78 seconds    

[Print][Thu Jan 14 13:07:51 2021]: >> Loading PvP Arenas...    

[Print][Thu Jan 14 13:07:51 2021]: > Done in 0.00 seconds    

[Print][Thu Jan 14 13:07:51 2021]: >> Loading Caught Highscores...    

[Print][Thu Jan 14 13:07:51 2021]: > Done in 0.03 seconds    

[Print][Thu Jan 14 13:07:51 2021]: >> Loading Tournament Highscores...    

[Print][Thu Jan 14 13:07:51 2021]: > Done in 0.00 seconds    

[Print][Thu Jan 14 13:07:51 2021]: >> Loading Berry Trees...    

[Print][Thu Jan 14 13:07:51 2021]: > Done in 0.05 seconds    

[Print][Thu Jan 14 13:07:51 2021]: >> Cleaning Mastery Dungeons...    

[Print][Thu Jan 14 13:07:51 2021]: > Done in 0.00 seconds    

[Print][Thu Jan 14 13:07:51 2021]: >> Loading Bosses...    

[Print][Thu Jan 14 13:07:51 2021]: >> Scheduled Boss Spawn: Flesh'n Fire in 2 days, 22 hours, 42 minutes and 54 seconds    

[Print][Thu Jan 14 13:07:51 2021]: > Done in 0.00 seconds    

[Print][Thu Jan 14 13:07:51 2021]: >> Loading Highscores...    

[Print][Thu Jan 14 13:07:51 2021]: > Done in 0.00 seconds    

[Print][Thu Jan 14 13:07:52 2021]: >> Loading Ball Pillars...    

[Print][Thu Jan 14 13:07:52 2021]: > Done in 0.03 seconds    

[Print][Thu Jan 14 13:07:52 2021]: >> Loading Citizens...    

[Print][Thu Jan 14 13:07:52 2021]: > Done in 0.45 seconds    

[Print][Thu Jan 14 13:07:52 2021]: >> Loading SupriseBox...    

[Print][Thu Jan 14 13:07:52 2021]: > Done in 0.02 seconds    

[Print][Thu Jan 14 13:07:52 2021]: >> Loading Ranks...    

[Print][Thu Jan 14 13:07:52 2021]: > Done in 0.00 seconds    

[Print][Thu Jan 14 13:07:52 2021]: >> All done on Thu Jan 14 13:07:52 2021    

[Print][Thu Jan 14 13:17:31 2021]: >> Cleaning players online status...    

[Print][Thu Jan 14 13:17:31 2021]: > Done in 0.15 seconds    

[Print][Thu Jan 14 13:17:31 2021]: >> Loading PvP Arenas...    

[Print][Thu Jan 14 13:17:31 2021]: > Done in 0.00 seconds    

[Print][Thu Jan 14 13:17:31 2021]: >> Loading Caught Highscores...    

[Print][Thu Jan 14 13:17:31 2021]: > Done in 0.00 seconds    

[Print][Thu Jan 14 13:17:31 2021]: >> Loading Tournament Highscores...    

[Print][Thu Jan 14 13:17:31 2021]: > Done in 0.00 seconds    

[Print][Thu Jan 14 13:17:31 2021]: >> Loading Berry Trees...    

[Print][Thu Jan 14 13:17:31 2021]: > Done in 0.00 seconds    

[Print][Thu Jan 14 13:17:31 2021]: >> Cleaning Mastery Dungeons...    

[Print][Thu Jan 14 13:17:31 2021]: > Done in 0.00 seconds    

[Print][Thu Jan 14 13:17:31 2021]: >> Loading Bosses...    

[Print][Thu Jan 14 13:17:31 2021]: >> Scheduled Boss Spawn: Flesh'n Fire in 2 days, 19 hours, 2 minutes and 26 seconds    

[Print][Thu Jan 14 13:17:31 2021]: > Done in 0.00 seconds    

[Print][Thu Jan 14 13:17:31 2021]: >> Loading Highscores...    

[Print][Thu Jan 14 13:17:31 2021]: > Done in 0.00 seconds    

[Print][Thu Jan 14 13:17:31 2021]: >> Loading Ball Pillars...    

[Print][Thu Jan 14 13:17:31 2021]: > Done in 0.00 seconds    

[Print][Thu Jan 14 13:17:31 2021]: >> Loading Citizens...    

[Print][Thu Jan 14 13:17:31 2021]: > Done in 0.06 seconds    

[Print][Thu Jan 14 13:17:31 2021]: >> Loading SupriseBox...    

[Print][Thu Jan 14 13:17:31 2021]: > Done in 0.02 seconds    

[Print][Thu Jan 14 13:17:31 2021]: >> Loading Ranks...    

[Print][Thu Jan 14 13:17:31 2021]: > Done in 0.00 seconds    

[Print][Thu Jan 14 13:17:31 2021]: >> All done on Thu Jan 14 13:17:31 2021    

[Print][Thu Jan 14 15:02:04 2021]: >> Cleaning players online status...    

[Print][Thu Jan 14 15:02:04 2021]: > Done in 0.08 seconds    

[Print][Thu Jan 14 15:02:04 2021]: >> Loading PvP Arenas...    

[Print][Thu Jan 14 15:02:04 2021]: > Done in 0.00 seconds    

[Print][Thu Jan 14 15:02:04 2021]: >> Loading Caught Highscores...    

[Print][Thu Jan 14 15:02:04 2021]: > Done in 0.03 seconds    

[Print][Thu Jan 14 15:02:04 2021]: >> Loading Tournament Highscores...    

[Print][Thu Jan 14 15:02:04 2021]: > Done in 0.00 seconds    

[Print][Thu Jan 14 15:02:04 2021]: >> Loading Berry Trees...    

[Print][Thu Jan 14 15:02:04 2021]: > Done in 0.02 seconds    

[Print][Thu Jan 14 15:02:04 2021]: >> Cleaning Mastery Dungeons...    

[Print][Thu Jan 14 15:02:04 2021]: > Done in 0.00 seconds    

[Print][Thu Jan 14 15:02:04 2021]: >> Loading Bosses...    

[Print][Thu Jan 14 15:02:04 2021]: >> Scheduled Boss Spawn: Kirby in 2 days, 23 hours, 43 minutes and 43 seconds    

[Print][Thu Jan 14 15:02:04 2021]: > Done in 0.00 seconds    

[Print][Thu Jan 14 15:02:04 2021]: >> Loading Highscores...    

[Print][Thu Jan 14 15:02:04 2021]: > Done in 0.00 seconds    

[Print][Thu Jan 14 15:02:04 2021]: >> Loading Ball Pillars...    

[Print][Thu Jan 14 15:02:04 2021]: > Done in 0.22 seconds    

[Print][Thu Jan 14 15:02:04 2021]: >> Loading Citizens...    

[Print][Thu Jan 14 15:02:05 2021]: > Done in 1.03 seconds    

[Print][Thu Jan 14 15:02:05 2021]: >> Loading SupriseBox...    

[Print][Thu Jan 14 15:02:05 2021]: > Done in 0.02 seconds    

[Print][Thu Jan 14 15:02:05 2021]: >> Loading Ranks...    

[Print][Thu Jan 14 15:02:05 2021]: > Done in 0.00 seconds    

[Print][Thu Jan 14 15:02:05 2021]: >> All done on Thu Jan 14 15:02:05 2021    

[Print][Thu Jan 14 15:04:33 2021]: >> Cleaning players online status...    

[Print][Thu Jan 14 15:04:33 2021]: > Done in 0.08 seconds    

[Print][Thu Jan 14 15:04:33 2021]: >> Loading PvP Arenas...    

[Print][Thu Jan 14 15:04:33 2021]: > Done in 0.00 seconds    

[Print][Thu Jan 14 15:04:33 2021]: >> Loading Caught Highscores...    

[Print][Thu Jan 14 15:04:33 2021]: > Done in 0.00 seconds    

[Print][Thu Jan 14 15:04:33 2021]: >> Loading Tournament Highscores...    

[Print][Thu Jan 14 15:04:33 2021]: > Done in 0.00 seconds    

[Print][Thu Jan 14 15:04:33 2021]: >> Loading Berry Trees...    

[Print][Thu Jan 14 15:04:33 2021]: > Done in 0.00 seconds    

[Print][Thu Jan 14 15:04:33 2021]: >> Cleaning Mastery Dungeons...    

[Print][Thu Jan 14 15:04:33 2021]: > Done in 0.00 seconds    

[Print][Thu Jan 14 15:04:33 2021]: >> Loading Bosses...    

[Print][Thu Jan 14 15:04:33 2021]: >> Scheduled Boss Spawn: Great Saul in 2 days, 14 hours, 1 minute and 1 second    

[Print][Thu Jan 14 15:04:33 2021]: > Done in 0.00 seconds    

[Print][Thu Jan 14 15:04:33 2021]: >> Loading Highscores...    

[Print][Thu Jan 14 15:04:33 2021]: > Done in 0.00 seconds    

[Print][Thu Jan 14 15:04:33 2021]: >> Loading Ball Pillars...    

[Print][Thu Jan 14 15:04:33 2021]: > Done in 0.00 seconds    

[Print][Thu Jan 14 15:04:33 2021]: >> Loading Citizens...    

[Print][Thu Jan 14 15:04:33 2021]: > Done in 0.05 seconds    

[Print][Thu Jan 14 15:04:33 2021]: >> Loading SupriseBox...    

[Print][Thu Jan 14 15:04:33 2021]: > Done in 0.02 seconds    

[Print][Thu Jan 14 15:04:33 2021]: >> Loading Ranks...    

[Print][Thu Jan 14 15:04:33 2021]: > Done in 0.00 seconds    

[Print][Thu Jan 14 15:04:33 2021]: >> All done on Thu Jan 14 15:04:33 2021    

[Print][Thu Jan 14 15:10:36 2021]: >> Cleaning players online status...    

[Print][Thu Jan 14 15:10:36 2021]: > Done in 0.00 seconds    

[Print][Thu Jan 14 15:10:36 2021]: >> Loading PvP Arenas...    

[Print][Thu Jan 14 15:10:36 2021]: > Done in 0.00 seconds    

[Print][Thu Jan 14 15:10:36 2021]: >> Loading Caught Highscores...    

[Print][Thu Jan 14 15:10:36 2021]: > Done in 0.00 seconds    

[Print][Thu Jan 14 15:10:36 2021]: >> Loading Tournament Highscores...    

[Print][Thu Jan 14 15:10:36 2021]: > Done in 0.00 seconds    

[Print][Thu Jan 14 15:10:36 2021]: >> Loading Berry Trees...    

[Print][Thu Jan 14 15:10:36 2021]: > Done in 0.00 seconds    

[Print][Thu Jan 14 15:10:36 2021]: >> Cleaning Mastery Dungeons...    

[Print][Thu Jan 14 15:10:36 2021]: > Done in 0.00 seconds    

[Print][Thu Jan 14 15:10:36 2021]: >> Loading Bosses...    

[Print][Thu Jan 14 15:10:36 2021]: >> Scheduled Boss Spawn: Kirby in 2 days, 20 hours, 42 minutes and 43 seconds    

[Print][Thu Jan 14 15:10:36 2021]: > Done in 0.00 seconds    

[Print][Thu Jan 14 15:10:36 2021]: >> Loading Highscores...    

[Print][Thu Jan 14 15:10:36 2021]: > Done in 0.00 seconds    

[Print][Thu Jan 14 15:10:36 2021]: >> Loading Ball Pillars...    

[Print][Thu Jan 14 15:10:36 2021]: > Done in 0.00 seconds    

[Print][Thu Jan 14 15:10:36 2021]: >> Loading Citizens...    

[Print][Thu Jan 14 15:10:36 2021]: > Done in 0.05 seconds    

[Print][Thu Jan 14 15:10:36 2021]: >> Loading SupriseBox...    

[Print][Thu Jan 14 15:10:36 2021]: > Done in 0.01 seconds    

[Print][Thu Jan 14 15:10:36 2021]: >> Loading Ranks...    

[Print][Thu Jan 14 15:10:36 2021]: > Done in 0.00 seconds    

[Print][Thu Jan 14 15:10:36 2021]: >> All done on Thu Jan 14 15:10:36 2021    

[Print][Thu Jan 14 15:22:58 2021]: >> Cleaning players online status...    

[Print][Thu Jan 14 15:22:58 2021]: > Done in 0.05 seconds    

[Print][Thu Jan 14 15:22:58 2021]: >> Loading PvP Arenas...    

[Print][Thu Jan 14 15:22:58 2021]: > Done in 0.00 seconds    

[Print][Thu Jan 14 15:22:58 2021]: >> Loading Caught Highscores...    

[Print][Thu Jan 14 15:22:58 2021]: > Done in 0.01 seconds    

[Print][Thu Jan 14 15:22:58 2021]: >> Loading Tournament Highscores...    

[Print][Thu Jan 14 15:22:58 2021]: > Done in 0.00 seconds    

[Print][Thu Jan 14 15:22:58 2021]: >> Loading Berry Trees...    

[Print][Thu Jan 14 15:22:58 2021]: > Done in 0.03 seconds    

[Print][Thu Jan 14 15:22:58 2021]: >> Cleaning Mastery Dungeons...    

[Print][Thu Jan 14 15:22:58 2021]: > Done in 0.00 seconds    

[Print][Thu Jan 14 15:22:58 2021]: >> Loading Bosses...    

[Print][Thu Jan 14 15:22:58 2021]: >> Scheduled Boss Spawn: Mad Mum in 2 days, 20 hours, 7 minutes and 18 seconds    

[Print][Thu Jan 14 15:22:58 2021]: > Done in 0.00 seconds    

[Print][Thu Jan 14 15:22:58 2021]: >> Loading Highscores...    

[Print][Thu Jan 14 15:22:58 2021]: > Done in 0.00 seconds    

[Print][Thu Jan 14 15:22:58 2021]: >> Loading Ball Pillars...    

[Print][Thu Jan 14 15:22:58 2021]: > Done in 0.01 seconds    

[Print][Thu Jan 14 15:22:58 2021]: >> Loading Citizens...    

[Print][Thu Jan 14 15:22:58 2021]: > Done in 0.05 seconds    

[Print][Thu Jan 14 15:22:58 2021]: >> Loading SupriseBox...    

[Print][Thu Jan 14 15:22:58 2021]: > Done in 0.02 seconds    

[Print][Thu Jan 14 15:22:58 2021]: >> Loading Ranks...    

[Print][Thu Jan 14 15:22:58 2021]: > Done in 0.00 seconds    

[Print][Thu Jan 14 15:22:58 2021]: >> All done on Thu Jan 14 15:22:58 2021    

[Print][Thu Jan 14 15:25:27 2021]: >> Cleaning players online status...    

[Print][Thu Jan 14 15:25:27 2021]: > Done in 0.05 seconds    

[Print][Thu Jan 14 15:25:27 2021]: >> Loading PvP Arenas...    

[Print][Thu Jan 14 15:25:27 2021]: > Done in 0.00 seconds    

[Print][Thu Jan 14 15:25:27 2021]: >> Loading Caught Highscores...    

[Print][Thu Jan 14 15:25:27 2021]: > Done in 0.00 seconds    

[Print][Thu Jan 14 15:25:27 2021]: >> Loading Tournament Highscores...    

[Print][Thu Jan 14 15:25:27 2021]: > Done in 0.00 seconds    

[Print][Thu Jan 14 15:25:27 2021]: >> Loading Berry Trees...    

[Print][Thu Jan 14 15:25:27 2021]: > Done in 0.00 seconds    

[Print][Thu Jan 14 15:25:27 2021]: >> Cleaning Mastery Dungeons...    

[Print][Thu Jan 14 15:25:27 2021]: > Done in 0.00 seconds    

[Print][Thu Jan 14 15:25:27 2021]: >> Loading Bosses...    

[Print][Thu Jan 14 15:25:27 2021]: >> Scheduled Boss Spawn: Phyllo Terribil in 2 days, 20 hours, 25 minutes and 23 seconds    

[Print][Thu Jan 14 15:25:27 2021]: > Done in 0.00 seconds    

[Print][Thu Jan 14 15:25:27 2021]: >> Loading Highscores...    

[Print][Thu Jan 14 15:25:27 2021]: > Done in 0.00 seconds    

[Print][Thu Jan 14 15:25:27 2021]: >> Loading Ball Pillars...    

[Print][Thu Jan 14 15:25:27 2021]: > Done in 0.00 seconds    

[Print][Thu Jan 14 15:25:27 2021]: >> Loading Citizens...    

[Print][Thu Jan 14 15:25:27 2021]: > Done in 0.05 seconds    

[Print][Thu Jan 14 15:25:27 2021]: >> Loading SupriseBox...    

[Print][Thu Jan 14 15:25:27 2021]: > Done in 0.01 seconds    

[Print][Thu Jan 14 15:25:27 2021]: >> Loading Ranks...    

[Print][Thu Jan 14 15:25:27 2021]: > Done in 0.00 seconds    

[Print][Thu Jan 14 15:25:27 2021]: >> All done on Thu Jan 14 15:25:27 2021    

[Print][Thu Jan 14 15:28:09 2021]: >> Cleaning players online status...    

[Print][Thu Jan 14 15:28:09 2021]: > Done in 0.00 seconds    

[Print][Thu Jan 14 15:28:09 2021]: >> Loading PvP Arenas...    

[Print][Thu Jan 14 15:28:09 2021]: > Done in 0.00 seconds    

[Print][Thu Jan 14 15:28:09 2021]: >> Loading Caught Highscores...    

[Print][Thu Jan 14 15:28:09 2021]: > Done in 0.00 seconds    

[Print][Thu Jan 14 15:28:09 2021]: >> Loading Tournament Highscores...    

[Print][Thu Jan 14 15:28:09 2021]: > Done in 0.00 seconds    

[Print][Thu Jan 14 15:28:09 2021]: >> Loading Berry Trees...    

[Print][Thu Jan 14 15:28:09 2021]: > Done in 0.02 seconds    

[Print][Thu Jan 14 15:28:09 2021]: >> Cleaning Mastery Dungeons...    

[Print][Thu Jan 14 15:28:09 2021]: > Done in 0.00 seconds    

[Print][Thu Jan 14 15:28:09 2021]: >> Loading Bosses...    

[Print][Thu Jan 14 15:28:09 2021]: >> Scheduled Boss Spawn: Kirby in 2 days, 13 hours, 53 minutes and 44 seconds    

[Print][Thu Jan 14 15:28:09 2021]: > Done in 0.00 seconds    

[Print][Thu Jan 14 15:28:09 2021]: >> Loading Highscores...    

[Print][Thu Jan 14 15:28:09 2021]: > Done in 0.00 seconds    

[Print][Thu Jan 14 15:28:09 2021]: >> Loading Ball Pillars...    

[Print][Thu Jan 14 15:28:09 2021]: > Done in 0.01 seconds    

[Print][Thu Jan 14 15:28:09 2021]: >> Loading Citizens...    

[Print][Thu Jan 14 15:28:10 2021]: > Done in 0.07 seconds    

[Print][Thu Jan 14 15:28:10 2021]: >> Loading SupriseBox...    

[Print][Thu Jan 14 15:28:10 2021]: > Done in 0.02 seconds    

[Print][Thu Jan 14 15:28:10 2021]: >> Loading Ranks...    

[Print][Thu Jan 14 15:28:10 2021]: > Done in 0.00 seconds    

[Print][Thu Jan 14 15:28:10 2021]: >> All done on Thu Jan 14 15:28:10 2021    

[Print][Thu Jan 14 17:31:03 2021]: >> Cleaning players online status...    

[Print][Thu Jan 14 17:31:03 2021]: > Done in 0.00 seconds    

[Print][Thu Jan 14 17:31:03 2021]: >> Loading PvP Arenas...    

[Print][Thu Jan 14 17:31:03 2021]: > Done in 0.00 seconds    

[Print][Thu Jan 14 17:31:03 2021]: >> Loading Caught Highscores...    

[Print][Thu Jan 14 17:31:03 2021]: > Done in 0.00 seconds    

[Print][Thu Jan 14 17:31:03 2021]: >> Loading Tournament Highscores...    

[Print][Thu Jan 14 17:31:03 2021]: > Done in 0.00 seconds    

[Print][Thu Jan 14 17:31:03 2021]: >> Loading Berry Trees...    

[Print][Thu Jan 14 17:31:03 2021]: > Done in 0.03 seconds    

[Print][Thu Jan 14 17:31:03 2021]: >> Cleaning Mastery Dungeons...    

[Print][Thu Jan 14 17:31:03 2021]: > Done in 0.00 seconds    

[Print][Thu Jan 14 17:31:03 2021]: >> Loading Bosses...    

[Print][Thu Jan 14 17:31:03 2021]: >> Scheduled Boss Spawn: Sweet Lover in 2 days, 20 hours, 39 minutes and 35 seconds    

[Print][Thu Jan 14 17:31:03 2021]: > Done in 0.00 seconds    

[Print][Thu Jan 14 17:31:03 2021]: >> Loading Highscores...    

[Print][Thu Jan 14 17:31:03 2021]: > Done in 0.00 seconds    

[Print][Thu Jan 14 17:31:03 2021]: >> Loading Ball Pillars...    

[Print][Thu Jan 14 17:31:03 2021]: > Done in 0.04 seconds    

[Print][Thu Jan 14 17:31:03 2021]: >> Loading Citizens...    

[Print][Thu Jan 14 17:31:03 2021]: > Done in 0.05 seconds    

[Print][Thu Jan 14 17:31:03 2021]: >> Loading SupriseBox...    

[Print][Thu Jan 14 17:31:03 2021]: > Done in 0.01 seconds    

[Print][Thu Jan 14 17:31:03 2021]: >> Loading Ranks...    

[Print][Thu Jan 14 17:31:03 2021]: > Done in 0.00 seconds    

[Print][Thu Jan 14 17:31:03 2021]: >> All done on Thu Jan 14 17:31:03 2021    

[Print][Thu Jan 14 18:57:58 2021]: >> Cleaning players online status...    

[Print][Thu Jan 14 18:57:58 2021]: > Done in 0.00 seconds    

[Print][Thu Jan 14 18:57:58 2021]: >> Loading PvP Arenas...    

[Print][Thu Jan 14 18:57:58 2021]: > Done in 0.00 seconds    

[Print][Thu Jan 14 18:57:58 2021]: >> Loading Caught Highscores...    

[Print][Thu Jan 14 18:57:58 2021]: > Done in 0.00 seconds    

[Print][Thu Jan 14 18:57:58 2021]: >> Loading Tournament Highscores...    

[Print][Thu Jan 14 18:57:58 2021]: > Done in 0.00 seconds    

[Print][Thu Jan 14 18:57:58 2021]: >> Loading Berry Trees...    

[Print][Thu Jan 14 18:57:58 2021]: > Done in 0.02 seconds    

[Print][Thu Jan 14 18:57:58 2021]: >> Cleaning Mastery Dungeons...    

[Print][Thu Jan 14 18:57:58 2021]: > Done in 0.00 seconds    

[Print][Thu Jan 14 18:57:58 2021]: >> Loading Bosses...    

[Print][Thu Jan 14 18:57:58 2021]: >> Scheduled Boss Spawn: Charles Spencer in 2 days, 15 hours, 35 minutes and 6 seconds    

[Print][Thu Jan 14 18:57:58 2021]: > Done in 0.00 seconds    

[Print][Thu Jan 14 18:57:58 2021]: >> Loading Highscores...    

[Print][Thu Jan 14 18:57:58 2021]: > Done in 0.00 seconds    

[Print][Thu Jan 14 18:57:58 2021]: >> Loading Ball Pillars...    

[Print][Thu Jan 14 18:57:58 2021]: > Done in 0.01 seconds    

[Print][Thu Jan 14 18:57:58 2021]: >> Loading Citizens...    

[Print][Thu Jan 14 18:57:58 2021]: > Done in 0.06 seconds    

[Print][Thu Jan 14 18:57:58 2021]: >> Loading SupriseBox...    

[Print][Thu Jan 14 18:57:58 2021]: > Done in 0.01 seconds    

[Print][Thu Jan 14 18:57:58 2021]: >> Loading Ranks...    

[Print][Thu Jan 14 18:57:58 2021]: > Done in 0.00 seconds    

[Print][Thu Jan 14 18:57:58 2021]: >> All done on Thu Jan 14 18:57:58 2021    

[Print][Thu Jan 14 21:01:47 2021]: >> Cleaning players online status...    

[Print][Thu Jan 14 21:01:47 2021]: > Done in 0.07 seconds    

[Print][Thu Jan 14 21:01:47 2021]: >> Loading PvP Arenas...    

[Print][Thu Jan 14 21:01:47 2021]: > Done in 0.00 seconds    

[Print][Thu Jan 14 21:01:47 2021]: >> Loading Caught Highscores...    

[Print][Thu Jan 14 21:01:47 2021]: > Done in 0.04 seconds    

[Print][Thu Jan 14 21:01:47 2021]: >> Loading Tournament Highscores...    

[Print][Thu Jan 14 21:01:47 2021]: > Done in 0.00 seconds    

[Print][Thu Jan 14 21:01:47 2021]: >> Loading Berry Trees...    

[Print][Thu Jan 14 21:01:47 2021]: > Done in 0.05 seconds    

[Print][Thu Jan 14 21:01:47 2021]: >> Cleaning Mastery Dungeons...    

[Print][Thu Jan 14 21:01:47 2021]: > Done in 0.00 seconds    

[Print][Thu Jan 14 21:01:47 2021]: >> Loading Bosses...    

[Print][Thu Jan 14 21:01:47 2021]: >> Scheduled Boss Spawn: Winged Wisdom in 2 days, 15 hours, 45 minutes and 11 seconds    

[Print][Thu Jan 14 21:01:47 2021]: > Done in 0.00 seconds    

[Print][Thu Jan 14 21:01:47 2021]: >> Loading Highscores...    

[Print][Thu Jan 14 21:01:47 2021]: > Done in 0.00 seconds    

[Print][Thu Jan 14 21:01:47 2021]: >> Loading Ball Pillars...    

[Print][Thu Jan 14 21:01:47 2021]: > Done in 0.04 seconds    

[Print][Thu Jan 14 21:01:47 2021]: >> Loading Citizens...    

[Print][Thu Jan 14 21:01:47 2021]: > Done in 0.06 seconds    

[Print][Thu Jan 14 21:01:47 2021]: >> Loading SupriseBox...    

[Print][Thu Jan 14 21:01:48 2021]: > Done in 0.02 seconds    

[Print][Thu Jan 14 21:01:48 2021]: >> Loading Ranks...    

[Print][Thu Jan 14 21:01:48 2021]: > Done in 0.00 seconds    

[Print][Thu Jan 14 21:01:48 2021]: >> All done on Thu Jan 14 21:01:48 2021    

[Print][Thu Jan 14 21:23:16 2021]: >> Cleaning players online status...    

[Print][Thu Jan 14 21:23:17 2021]: > Done in 0.06 seconds    

[Print][Thu Jan 14 21:23:17 2021]: >> Loading PvP Arenas...    

[Print][Thu Jan 14 21:23:17 2021]: > Done in 0.00 seconds    

[Print][Thu Jan 14 21:23:17 2021]: >> Loading Caught Highscores...    

[Print][Thu Jan 14 21:23:17 2021]: > Done in 0.00 seconds    

[Print][Thu Jan 14 21:23:17 2021]: >> Loading Tournament Highscores...    

[Print][Thu Jan 14 21:23:17 2021]: > Done in 0.00 seconds    

[Print][Thu Jan 14 21:23:17 2021]: >> Loading Berry Trees...    

[Print][Thu Jan 14 21:23:17 2021]: > Done in 0.00 seconds    

[Print][Thu Jan 14 21:23:17 2021]: >> Cleaning Mastery Dungeons...    

[Print][Thu Jan 14 21:23:17 2021]: > Done in 0.00 seconds    

[Print][Thu Jan 14 21:23:17 2021]: >> Loading Bosses...    

[Print][Thu Jan 14 21:23:17 2021]: >> Scheduled Boss Spawn: Cesar, The Simian in 2 days, 9 hours, 51 minutes and 11 seconds    

[Print][Thu Jan 14 21:23:17 2021]: > Done in 0.00 seconds    

[Print][Thu Jan 14 21:23:17 2021]: >> Loading Highscores...    

[Print][Thu Jan 14 21:23:17 2021]: > Done in 0.00 seconds    

[Print][Thu Jan 14 21:23:17 2021]: >> Loading Ball Pillars...    

[Print][Thu Jan 14 21:23:17 2021]: > Done in 0.00 seconds    

[Print][Thu Jan 14 21:23:17 2021]: >> Loading Citizens...    

[Print][Thu Jan 14 21:23:17 2021]: > Done in 0.06 seconds    

[Print][Thu Jan 14 21:23:17 2021]: >> Loading SupriseBox...    

[Print][Thu Jan 14 21:23:17 2021]: > Done in 0.01 seconds    

[Print][Thu Jan 14 21:23:17 2021]: >> Loading Ranks...    

[Print][Thu Jan 14 21:23:17 2021]: > Done in 0.00 seconds    

[Print][Thu Jan 14 21:23:17 2021]: >> All done on Thu Jan 14 21:23:17 2021    

[Print][Thu Jan 14 21:25:11 2021]: >> Cleaning players online status...    

[Print][Thu Jan 14 21:25:11 2021]: > Done in 0.00 seconds    

[Print][Thu Jan 14 21:25:11 2021]: >> Loading PvP Arenas...    

[Print][Thu Jan 14 21:25:11 2021]: > Done in 0.00 seconds    

[Print][Thu Jan 14 21:25:11 2021]: >> Loading Caught Highscores...    

[Print][Thu Jan 14 21:25:11 2021]: > Done in 0.00 seconds    

[Print][Thu Jan 14 21:25:11 2021]: >> Loading Tournament Highscores...    

[Print][Thu Jan 14 21:25:11 2021]: > Done in 0.00 seconds    

[Print][Thu Jan 14 21:25:11 2021]: >> Loading Berry Trees...    

[Print][Thu Jan 14 21:25:11 2021]: > Done in 0.02 seconds    

[Print][Thu Jan 14 21:25:11 2021]: >> Cleaning Mastery Dungeons...    

[Print][Thu Jan 14 21:25:11 2021]: > Done in 0.00 seconds    

[Print][Thu Jan 14 21:25:11 2021]: >> Loading Bosses...    

[Print][Thu Jan 14 21:25:11 2021]: >> Scheduled Boss Spawn: Charles Spencer in 2 days, 17 hours, 43 minutes and 8 seconds    

[Print][Thu Jan 14 21:25:11 2021]: > Done in 0.00 seconds    

[Print][Thu Jan 14 21:25:11 2021]: >> Loading Highscores...    

[Print][Thu Jan 14 21:25:11 2021]: > Done in 0.00 seconds    

[Print][Thu Jan 14 21:25:11 2021]: >> Loading Ball Pillars...    

[Print][Thu Jan 14 21:25:11 2021]: > Done in 0.00 seconds    

[Print][Thu Jan 14 21:25:11 2021]: >> Loading Citizens...    

[Print][Thu Jan 14 21:25:11 2021]: > Done in 0.05 seconds    

[Print][Thu Jan 14 21:25:11 2021]: >> Loading SupriseBox...    

[Print][Thu Jan 14 21:25:11 2021]: > Done in 0.01 seconds    

[Print][Thu Jan 14 21:25:11 2021]: >> Loading Ranks...    

[Print][Thu Jan 14 21:25:11 2021]: > Done in 0.00 seconds    

[Print][Thu Jan 14 21:25:11 2021]: >> All done on Thu Jan 14 21:25:11 2021    

[Print][Thu Jan 14 21:40:54 2021]: >> Cleaning players online status...    

[Print][Thu Jan 14 21:40:55 2021]: > Done in 0.05 seconds    

[Print][Thu Jan 14 21:40:55 2021]: >> Loading PvP Arenas...    

[Print][Thu Jan 14 21:40:55 2021]: > Done in 0.00 seconds    

[Print][Thu Jan 14 21:40:55 2021]: >> Loading Caught Highscores...    

[Print][Thu Jan 14 21:40:55 2021]: > Done in 0.00 seconds    

[Print][Thu Jan 14 21:40:55 2021]: >> Loading Tournament Highscores...    

[Print][Thu Jan 14 21:40:55 2021]: > Done in 0.00 seconds    

[Print][Thu Jan 14 21:40:55 2021]: >> Loading Berry Trees...    

[Print][Thu Jan 14 21:40:55 2021]: > Done in 0.00 seconds    

[Print][Thu Jan 14 21:40:55 2021]: >> Cleaning Mastery Dungeons...    

[Print][Thu Jan 14 21:40:55 2021]: > Done in 0.00 seconds    

[Print][Thu Jan 14 21:40:55 2021]: >> Loading Bosses...    

[Print][Thu Jan 14 21:40:55 2021]: >> Scheduled Boss Spawn: Kirby in 2 days, 9 hours, 10 minutes and 23 seconds    

[Print][Thu Jan 14 21:40:55 2021]: > Done in 0.00 seconds    

[Print][Thu Jan 14 21:40:55 2021]: >> Loading Highscores...    

[Print][Thu Jan 14 21:40:55 2021]: > Done in 0.00 seconds    

[Print][Thu Jan 14 21:40:55 2021]: >> Loading Ball Pillars...    

[Print][Thu Jan 14 21:40:55 2021]: > Done in 0.00 seconds    

[Print][Thu Jan 14 21:40:55 2021]: >> Loading Citizens...    

[Print][Thu Jan 14 21:40:55 2021]: > Done in 0.05 seconds    

[Print][Thu Jan 14 21:40:55 2021]: >> Loading SupriseBox...    

[Print][Thu Jan 14 21:40:55 2021]: > Done in 0.01 seconds    

[Print][Thu Jan 14 21:40:55 2021]: >> Loading Ranks...    

[Print][Thu Jan 14 21:40:55 2021]: > Done in 0.00 seconds    

[Print][Thu Jan 14 21:40:55 2021]: >> All done on Thu Jan 14 21:40:55 2021    

[Print][Thu Jan 14 21:45:53 2021]: >> Cleaning players online status...    

[Print][Thu Jan 14 21:45:54 2021]: > Done in 0.17 seconds    

[Print][Thu Jan 14 21:45:54 2021]: >> Loading PvP Arenas...    

[Print][Thu Jan 14 21:45:54 2021]: > Done in 0.00 seconds    

[Print][Thu Jan 14 21:45:54 2021]: >> Loading Caught Highscores...    

[Print][Thu Jan 14 21:45:54 2021]: > Done in 0.00 seconds    

[Print][Thu Jan 14 21:45:54 2021]: >> Loading Tournament Highscores...    

[Print][Thu Jan 14 21:45:54 2021]: > Done in 0.00 seconds    

[Print][Thu Jan 14 21:45:54 2021]: >> Loading Berry Trees...    

[Print][Thu Jan 14 21:45:54 2021]: > Done in 0.00 seconds    

[Print][Thu Jan 14 21:45:54 2021]: >> Cleaning Mastery Dungeons...    

[Print][Thu Jan 14 21:45:54 2021]: > Done in 0.00 seconds    

[Print][Thu Jan 14 21:45:54 2021]: >> Loading Bosses...    

[Print][Thu Jan 14 21:45:54 2021]: >> Scheduled Boss Spawn: Pink Fury in 2 days, 12 hours, 19 minutes and 14 seconds    

[Print][Thu Jan 14 21:45:54 2021]: > Done in 0.00 seconds    

[Print][Thu Jan 14 21:45:54 2021]: >> Loading Highscores...    

[Print][Thu Jan 14 21:45:54 2021]: > Done in 0.00 seconds    

[Print][Thu Jan 14 21:45:54 2021]: >> Loading Ball Pillars...    

[Print][Thu Jan 14 21:45:54 2021]: > Done in 0.00 seconds    

[Print][Thu Jan 14 21:45:54 2021]: >> Loading Citizens...    

[Print][Thu Jan 14 21:45:54 2021]: > Done in 0.05 seconds    

[Print][Thu Jan 14 21:45:54 2021]: >> Loading SupriseBox...    

[Print][Thu Jan 14 21:45:54 2021]: > Done in 0.01 seconds    

[Print][Thu Jan 14 21:45:54 2021]: >> Loading Ranks...    

[Print][Thu Jan 14 21:45:54 2021]: > Done in 0.00 seconds    

[Print][Thu Jan 14 21:45:54 2021]: >> All done on Thu Jan 14 21:45:54 2021    

[Print][Thu Jan 14 21:56:30 2021]: >> Cleaning players online status...    

[Print][Thu Jan 14 21:56:30 2021]: > Done in 0.06 seconds    

[Print][Thu Jan 14 21:56:30 2021]: >> Loading PvP Arenas...    

[Print][Thu Jan 14 21:56:30 2021]: > Done in 0.00 seconds    

[Print][Thu Jan 14 21:56:30 2021]: >> Loading Caught Highscores...    

[Print][Thu Jan 14 21:56:30 2021]: > Done in 0.00 seconds    

[Print][Thu Jan 14 21:56:30 2021]: >> Loading Tournament Highscores...    

[Print][Thu Jan 14 21:56:30 2021]: > Done in 0.00 seconds    

[Print][Thu Jan 14 21:56:30 2021]: >> Loading Berry Trees...    

[Print][Thu Jan 14 21:56:30 2021]: > Done in 0.00 seconds    

[Print][Thu Jan 14 21:56:30 2021]: >> Cleaning Mastery Dungeons...    

[Print][Thu Jan 14 21:56:30 2021]: > Done in 0.00 seconds    

[Print][Thu Jan 14 21:56:30 2021]: >> Loading Bosses...    

[Print][Thu Jan 14 21:56:30 2021]: >> Scheduled Boss Spawn: Great Saul in 2 days, 12 hours, 19 minutes and 11 seconds    

[Print][Thu Jan 14 21:56:30 2021]: > Done in 0.00 seconds    

[Print][Thu Jan 14 21:56:30 2021]: >> Loading Highscores...    

[Print][Thu Jan 14 21:56:30 2021]: > Done in 0.00 seconds    

[Print][Thu Jan 14 21:56:30 2021]: >> Loading Ball Pillars...    

[Print][Thu Jan 14 21:56:30 2021]: > Done in 0.00 seconds    

[Print][Thu Jan 14 21:56:30 2021]: >> Loading Citizens...    

[Print][Thu Jan 14 21:56:30 2021]: > Done in 0.05 seconds    

[Print][Thu Jan 14 21:56:30 2021]: >> Loading SupriseBox...    

[Print][Thu Jan 14 21:56:30 2021]: > Done in 0.02 seconds    

[Print][Thu Jan 14 21:56:30 2021]: >> Loading Ranks...    

[Print][Thu Jan 14 21:56:30 2021]: > Done in 0.00 seconds    

[Print][Thu Jan 14 21:56:30 2021]: >> All done on Thu Jan 14 21:56:30 2021    

[Print][Thu Jan 14 23:30:59 2021]: >> Cleaning players online status...    

[Print][Thu Jan 14 23:30:59 2021]: > Done in 0.06 seconds    

[Print][Thu Jan 14 23:30:59 2021]: >> Loading PvP Arenas...    

[Print][Thu Jan 14 23:30:59 2021]: > Done in 0.00 seconds    

[Print][Thu Jan 14 23:30:59 2021]: >> Loading Caught Highscores...    

[Print][Thu Jan 14 23:30:59 2021]: > Done in 0.00 seconds    

[Print][Thu Jan 14 23:30:59 2021]: >> Loading Tournament Highscores...    

[Print][Thu Jan 14 23:30:59 2021]: > Done in 0.00 seconds    

[Print][Thu Jan 14 23:30:59 2021]: >> Loading Berry Trees...    

[Print][Thu Jan 14 23:30:59 2021]: > Done in 0.01 seconds    

[Print][Thu Jan 14 23:30:59 2021]: >> Cleaning Mastery Dungeons...    

[Print][Thu Jan 14 23:30:59 2021]: > Done in 0.00 seconds    

[Print][Thu Jan 14 23:30:59 2021]: >> Loading Bosses...    

[Print][Thu Jan 14 23:30:59 2021]: >> Scheduled Boss Spawn: Flesh'n Fire in 2 days, 6 hours, 21 minutes and 25 seconds    

[Print][Thu Jan 14 23:30:59 2021]: > Done in 0.00 seconds    

[Print][Thu Jan 14 23:30:59 2021]: >> Loading Highscores...    

[Print][Thu Jan 14 23:30:59 2021]: > Done in 0.00 seconds    

[Print][Thu Jan 14 23:30:59 2021]: >> Loading Ball Pillars...    

[Print][Thu Jan 14 23:30:59 2021]: > Done in 0.05 seconds    

[Print][Thu Jan 14 23:30:59 2021]: >> Loading Citizens...    

[Print][Thu Jan 14 23:30:59 2021]: > Done in 0.06 seconds    

[Print][Thu Jan 14 23:30:59 2021]: >> Loading SupriseBox...    

[Print][Thu Jan 14 23:30:59 2021]: > Done in 0.02 seconds    

[Print][Thu Jan 14 23:30:59 2021]: >> Loading Ranks...    

[Print][Thu Jan 14 23:30:59 2021]: > Done in 0.00 seconds    

[Print][Thu Jan 14 23:30:59 2021]: >> All done on Thu Jan 14 23:30:59 2021    

