[Print][Fri May 29 19:43:07 2020]: >> Cleaning players online status...    

[Print][Fri May 29 19:43:07 2020]: > Done in 0.00 seconds    

[Print][Fri May 29 19:43:07 2020]: >> Loading PvP Arenas...    

[Print][Fri May 29 19:43:07 2020]: > Done in 0.00 seconds    

[Print][Fri May 29 19:43:07 2020]: >> Loading Caught Highscores...    

[Print][Fri May 29 19:43:07 2020]: > Done in 0.08 seconds    

[Print][Fri May 29 19:43:07 2020]: >> Loading Tournament Highscores...    

[Print][Fri May 29 19:43:07 2020]: > Done in 0.00 seconds    

[Print][Fri May 29 19:43:07 2020]: >> Loading Berry Trees...    

[Print][Fri May 29 19:43:07 2020]: > Done in 0.02 seconds    

[Print][Fri May 29 19:43:07 2020]: >> Cleaning Mastery Dungeons...    

[Print][Fri May 29 19:43:07 2020]: > Done in 0.00 seconds    

[Print][Fri May 29 19:43:07 2020]: >> Loading Bosses...    

[Print][Fri May 29 19:43:07 2020]: >> Scheduled Boss Spawn: Grisly Mind in 3 days, 8 hours, 17 minutes and 7 seconds    

[Print][Fri May 29 19:43:07 2020]: > Done in 0.00 seconds    

[Print][Fri May 29 19:43:07 2020]: >> Loading Highscores...    

[Print][Fri May 29 19:43:07 2020]: > Done in 0.02 seconds    

[Print][Fri May 29 19:43:07 2020]: >> Loading Ball Pillars...    

[Print][Fri May 29 19:43:07 2020]: > Done in 0.02 seconds    

[Print][Fri May 29 19:43:07 2020]: >> Loading Citizens...    

[Print][Fri May 29 19:43:07 2020]: > Done in 0.05 seconds    

[Print][Fri May 29 19:43:07 2020]: >> Loading SupriseBox...    

[Print][Fri May 29 19:43:07 2020]: > Done in 0.02 seconds    

[Print][Fri May 29 19:43:07 2020]: >> Loading Ranks...    

[Print][Fri May 29 19:43:07 2020]: > Done in 0.03 seconds    

[Print][Fri May 29 19:43:07 2020]: >> All done on Fri May 29 19:43:07 2020    

[Print][Fri May 29 19:55:40 2020]: >> Cleaning players online status...    

[Print][Fri May 29 19:55:40 2020]: > Done in 0.00 seconds    

[Print][Fri May 29 19:55:40 2020]: >> Loading PvP Arenas...    

[Print][Fri May 29 19:55:40 2020]: > Done in 0.00 seconds    

[Print][Fri May 29 19:55:40 2020]: >> Loading Caught Highscores...    

[Print][Fri May 29 19:55:40 2020]: > Done in 0.05 seconds    

[Print][Fri May 29 19:55:40 2020]: >> Loading Tournament Highscores...    

[Print][Fri May 29 19:55:40 2020]: > Done in 0.00 seconds    

[Print][Fri May 29 19:55:40 2020]: >> Loading Berry Trees...    

[Print][Fri May 29 19:55:40 2020]: > Done in 0.01 seconds    

[Print][Fri May 29 19:55:40 2020]: >> Cleaning Mastery Dungeons...    

[Print][Fri May 29 19:55:40 2020]: > Done in 0.00 seconds    

[Print][Fri May 29 19:55:40 2020]: >> Loading Bosses...    

[Print][Fri May 29 19:55:40 2020]: >> Scheduled Boss Spawn: Cesar, The Simian in 3 days, 5 hours, 2 minutes and 58 seconds    

[Print][Fri May 29 19:55:40 2020]: > Done in 0.00 seconds    

[Print][Fri May 29 19:55:40 2020]: >> Loading Highscores...    

[Print][Fri May 29 19:55:40 2020]: > Done in 0.04 seconds    

[Print][Fri May 29 19:55:40 2020]: >> Loading Ball Pillars...    

[Print][Fri May 29 19:55:40 2020]: > Done in 0.08 seconds    

[Print][Fri May 29 19:55:40 2020]: >> Loading Citizens...    

[Print][Fri May 29 19:55:40 2020]: > Done in 0.05 seconds    

[Print][Fri May 29 19:55:40 2020]: >> Loading SupriseBox...    

[Print][Fri May 29 19:55:40 2020]: > Done in 0.02 seconds    

[Print][Fri May 29 19:55:40 2020]: >> Loading Ranks...    

[Print][Fri May 29 19:55:40 2020]: > Done in 0.00 seconds    

[Print][Fri May 29 19:55:40 2020]: >> All done on Fri May 29 19:55:40 2020    

[Print][Fri May 29 20:02:48 2020]: >> Cleaning players online status...    

[Print][Fri May 29 20:02:48 2020]: > Done in 0.00 seconds    

[Print][Fri May 29 20:02:48 2020]: >> Loading PvP Arenas...    

[Print][Fri May 29 20:02:48 2020]: > Done in 0.00 seconds    

[Print][Fri May 29 20:02:48 2020]: >> Loading Caught Highscores...    

[Print][Fri May 29 20:02:48 2020]: > Done in 0.04 seconds    

[Print][Fri May 29 20:02:48 2020]: >> Loading Tournament Highscores...    

[Print][Fri May 29 20:02:48 2020]: > Done in 0.00 seconds    

[Print][Fri May 29 20:02:48 2020]: >> Loading Berry Trees...    

[Print][Fri May 29 20:02:48 2020]: > Done in 0.00 seconds    

[Print][Fri May 29 20:02:48 2020]: >> Cleaning Mastery Dungeons...    

[Print][Fri May 29 20:02:48 2020]: > Done in 0.00 seconds    

[Print][Fri May 29 20:02:48 2020]: >> Loading Bosses...    

[Print][Fri May 29 20:02:48 2020]: >> Scheduled Boss Spawn: The A. Mesmer in 3 days, 11 hours, 24 minutes and 25 seconds    

[Print][Fri May 29 20:02:48 2020]: > Done in 0.00 seconds    

[Print][Fri May 29 20:02:48 2020]: >> Loading Highscores...    

[Print][Fri May 29 20:02:48 2020]: > Done in 0.00 seconds    

[Print][Fri May 29 20:02:48 2020]: >> Loading Ball Pillars...    

[Print][Fri May 29 20:02:48 2020]: > Done in 0.00 seconds    

[Print][Fri May 29 20:02:48 2020]: >> Loading Citizens...    

[Print][Fri May 29 20:02:48 2020]: > Done in 0.04 seconds    

[Print][Fri May 29 20:02:48 2020]: >> Loading SupriseBox...    

[Print][Fri May 29 20:02:48 2020]: > Done in 0.01 seconds    

[Print][Fri May 29 20:02:48 2020]: >> Loading Ranks...    

[Print][Fri May 29 20:02:48 2020]: > Done in 0.00 seconds    

[Print][Fri May 29 20:02:48 2020]: >> All done on Fri May 29 20:02:48 2020    

[Print][Fri May 29 20:12:56 2020]: >> Cleaning players online status...    

[Print][Fri May 29 20:12:56 2020]: > Done in 0.00 seconds    

[Print][Fri May 29 20:12:56 2020]: >> Loading PvP Arenas...    

[Print][Fri May 29 20:12:56 2020]: > Done in 0.00 seconds    

[Print][Fri May 29 20:12:56 2020]: >> Loading Caught Highscores...    

[Print][Fri May 29 20:12:56 2020]: > Done in 0.06 seconds    

[Print][Fri May 29 20:12:56 2020]: >> Loading Tournament Highscores...    

[Print][Fri May 29 20:12:56 2020]: > Done in 0.00 seconds    

[Print][Fri May 29 20:12:56 2020]: >> Loading Berry Trees...    

[Print][Fri May 29 20:12:56 2020]: > Done in 0.00 seconds    

[Print][Fri May 29 20:12:56 2020]: >> Cleaning Mastery Dungeons...    

[Print][Fri May 29 20:12:56 2020]: > Done in 0.00 seconds    

[Print][Fri May 29 20:12:56 2020]: >> Loading Bosses...    

[Print][Fri May 29 20:12:56 2020]: >> Scheduled Boss Spawn: The Turbo in 3 days, 10 hours, 18 minutes and 27 seconds    

[Print][Fri May 29 20:12:56 2020]: > Done in 0.00 seconds    

[Print][Fri May 29 20:12:56 2020]: >> Loading Highscores...    

[Print][Fri May 29 20:12:56 2020]: > Done in 0.00 seconds    

[Print][Fri May 29 20:12:56 2020]: >> Loading Ball Pillars...    

[Print][Fri May 29 20:12:56 2020]: > Done in 0.00 seconds    

[Print][Fri May 29 20:12:56 2020]: >> Loading Citizens...    

[Print][Fri May 29 20:12:56 2020]: > Done in 0.05 seconds    

[Print][Fri May 29 20:12:56 2020]: >> Loading SupriseBox...    

[Print][Fri May 29 20:12:56 2020]: > Done in 0.01 seconds    

[Print][Fri May 29 20:12:56 2020]: >> Loading Ranks...    

[Print][Fri May 29 20:12:56 2020]: > Done in 0.00 seconds    

[Print][Fri May 29 20:12:56 2020]: >> All done on Fri May 29 20:12:56 2020    

[Print][Fri May 29 20:20:17 2020]: >> Cleaning players online status...    

[Print][Fri May 29 20:20:17 2020]: > Done in 0.06 seconds    

[Print][Fri May 29 20:20:17 2020]: >> Loading PvP Arenas...    

[Print][Fri May 29 20:20:17 2020]: > Done in 0.00 seconds    

[Print][Fri May 29 20:20:17 2020]: >> Loading Caught Highscores...    

[Print][Fri May 29 20:20:17 2020]: > Done in 0.12 seconds    

[Print][Fri May 29 20:20:17 2020]: >> Loading Tournament Highscores...    

[Print][Fri May 29 20:20:17 2020]: > Done in 0.00 seconds    

[Print][Fri May 29 20:20:17 2020]: >> Loading Berry Trees...    

[Print][Fri May 29 20:20:17 2020]: > Done in 0.02 seconds    

[Print][Fri May 29 20:20:17 2020]: >> Cleaning Mastery Dungeons...    

[Print][Fri May 29 20:20:17 2020]: > Done in 0.00 seconds    

[Print][Fri May 29 20:20:17 2020]: >> Loading Bosses...    

[Print][Fri May 29 20:20:17 2020]: >> Scheduled Boss Spawn: Blastertoise in 3 days, 9 hours, 57 minutes and 4 seconds    

[Print][Fri May 29 20:20:17 2020]: > Done in 0.00 seconds    

[Print][Fri May 29 20:20:17 2020]: >> Loading Highscores...    

[Print][Fri May 29 20:20:17 2020]: > Done in 0.03 seconds    

[Print][Fri May 29 20:20:17 2020]: >> Loading Ball Pillars...    

[Print][Fri May 29 20:20:17 2020]: > Done in 0.01 seconds    

[Print][Fri May 29 20:20:17 2020]: >> Loading Citizens...    

[Print][Fri May 29 20:20:17 2020]: > Done in 0.09 seconds    

[Print][Fri May 29 20:20:17 2020]: >> Loading SupriseBox...    

[Print][Fri May 29 20:20:17 2020]: > Done in 0.02 seconds    

[Print][Fri May 29 20:20:17 2020]: >> Loading Ranks...    

[Print][Fri May 29 20:20:17 2020]: > Done in 0.00 seconds    

[Print][Fri May 29 20:20:17 2020]: >> All done on Fri May 29 20:20:17 2020    

[Print][Fri May 29 20:22:20 2020]: >> Cleaning players online status...    

[Print][Fri May 29 20:22:20 2020]: > Done in 0.03 seconds    

[Print][Fri May 29 20:22:20 2020]: >> Loading PvP Arenas...    

[Print][Fri May 29 20:22:20 2020]: > Done in 0.00 seconds    

[Print][Fri May 29 20:22:20 2020]: >> Loading Caught Highscores...    

[Print][Fri May 29 20:22:20 2020]: > Done in 0.07 seconds    

[Print][Fri May 29 20:22:20 2020]: >> Loading Tournament Highscores...    

[Print][Fri May 29 20:22:20 2020]: > Done in 0.00 seconds    

[Print][Fri May 29 20:22:20 2020]: >> Loading Berry Trees...    

[Print][Fri May 29 20:22:20 2020]: > Done in 0.00 seconds    

[Print][Fri May 29 20:22:20 2020]: >> Cleaning Mastery Dungeons...    

[Print][Fri May 29 20:22:20 2020]: > Done in 0.00 seconds    

[Print][Fri May 29 20:22:20 2020]: >> Loading Bosses...    

[Print][Fri May 29 20:22:20 2020]: >> Scheduled Boss Spawn: Mr. Gormandize in 3 days, 5 hours, 31 minutes and 55 seconds    

[Print][Fri May 29 20:22:20 2020]: > Done in 0.00 seconds    

[Print][Fri May 29 20:22:20 2020]: >> Loading Highscores...    

[Print][Fri May 29 20:22:20 2020]: > Done in 0.00 seconds    

[Print][Fri May 29 20:22:20 2020]: >> Loading Ball Pillars...    

[Print][Fri May 29 20:22:20 2020]: > Done in 0.00 seconds    

[Print][Fri May 29 20:22:20 2020]: >> Loading Citizens...    

[Print][Fri May 29 20:22:20 2020]: > Done in 0.06 seconds    

[Print][Fri May 29 20:22:20 2020]: >> Loading SupriseBox...    

[Print][Fri May 29 20:22:20 2020]: > Done in 0.03 seconds    

[Print][Fri May 29 20:22:20 2020]: >> Loading Ranks...    

[Print][Fri May 29 20:22:20 2020]: > Done in 0.00 seconds    

[Print][Fri May 29 20:22:20 2020]: >> All done on Fri May 29 20:22:20 2020    

[Print][Fri May 29 20:25:04 2020]: >> Cleaning players online status...    

[Print][Fri May 29 20:25:04 2020]: > Done in 0.03 seconds    

[Print][Fri May 29 20:25:04 2020]: >> Loading PvP Arenas...    

[Print][Fri May 29 20:25:04 2020]: > Done in 0.00 seconds    

[Print][Fri May 29 20:25:04 2020]: >> Loading Caught Highscores...    

[Print][Fri May 29 20:25:04 2020]: > Done in 0.08 seconds    

[Print][Fri May 29 20:25:04 2020]: >> Loading Tournament Highscores...    

[Print][Fri May 29 20:25:04 2020]: > Done in 0.00 seconds    

[Print][Fri May 29 20:25:04 2020]: >> Loading Berry Trees...    

[Print][Fri May 29 20:25:04 2020]: > Done in 0.00 seconds    

[Print][Fri May 29 20:25:04 2020]: >> Cleaning Mastery Dungeons...    

[Print][Fri May 29 20:25:04 2020]: > Done in 0.00 seconds    

[Print][Fri May 29 20:25:04 2020]: >> Loading Bosses...    

[Print][Fri May 29 20:25:04 2020]: >> Scheduled Boss Spawn: Phyllo Terribil in 3 days, 15 hours, 51 minutes and 32 seconds    

[Print][Fri May 29 20:25:04 2020]: > Done in 0.00 seconds    

[Print][Fri May 29 20:25:04 2020]: >> Loading Highscores...    

[Print][Fri May 29 20:25:04 2020]: > Done in 0.00 seconds    

[Print][Fri May 29 20:25:04 2020]: >> Loading Ball Pillars...    

[Print][Fri May 29 20:25:04 2020]: > Done in 0.00 seconds    

[Print][Fri May 29 20:25:04 2020]: >> Loading Citizens...    

[Print][Fri May 29 20:25:04 2020]: > Done in 0.08 seconds    

[Print][Fri May 29 20:25:04 2020]: >> Loading SupriseBox...    

[Print][Fri May 29 20:25:04 2020]: > Done in 0.01 seconds    

[Print][Fri May 29 20:25:04 2020]: >> Loading Ranks...    

[Print][Fri May 29 20:25:04 2020]: > Done in 0.00 seconds    

[Print][Fri May 29 20:25:04 2020]: >> All done on Fri May 29 20:25:04 2020    

[Print][Fri May 29 20:28:32 2020]: >> Cleaning players online status...    

[Print][Fri May 29 20:28:32 2020]: > Done in 0.03 seconds    

[Print][Fri May 29 20:28:32 2020]: >> Loading PvP Arenas...    

[Print][Fri May 29 20:28:32 2020]: > Done in 0.00 seconds    

[Print][Fri May 29 20:28:32 2020]: >> Loading Caught Highscores...    

[Print][Fri May 29 20:28:32 2020]: > Done in 0.09 seconds    

[Print][Fri May 29 20:28:32 2020]: >> Loading Tournament Highscores...    

[Print][Fri May 29 20:28:32 2020]: > Done in 0.00 seconds    

[Print][Fri May 29 20:28:32 2020]: >> Loading Berry Trees...    

[Print][Fri May 29 20:28:32 2020]: > Done in 0.02 seconds    

[Print][Fri May 29 20:28:32 2020]: >> Cleaning Mastery Dungeons...    

[Print][Fri May 29 20:28:32 2020]: > Done in 0.00 seconds    

[Print][Fri May 29 20:28:32 2020]: >> Loading Bosses...    

[Print][Fri May 29 20:28:32 2020]: >> Scheduled Boss Spawn: Charles Spencer in 3 days, 11 hours, 15 minutes and 2 seconds    

[Print][Fri May 29 20:28:32 2020]: > Done in 0.00 seconds    

[Print][Fri May 29 20:28:32 2020]: >> Loading Highscores...    

[Print][Fri May 29 20:28:32 2020]: > Done in 0.02 seconds    

[Print][Fri May 29 20:28:32 2020]: >> Loading Ball Pillars...    

[Print][Fri May 29 20:28:32 2020]: > Done in 0.03 seconds    

[Print][Fri May 29 20:28:32 2020]: >> Loading Citizens...    

[Print][Fri May 29 20:28:32 2020]: > Done in 0.07 seconds    

[Print][Fri May 29 20:28:32 2020]: >> Loading SupriseBox...    

[Print][Fri May 29 20:28:32 2020]: > Done in 0.02 seconds    

[Print][Fri May 29 20:28:32 2020]: >> Loading Ranks...    

[Print][Fri May 29 20:28:32 2020]: > Done in 0.00 seconds    

[Print][Fri May 29 20:28:32 2020]: >> All done on Fri May 29 20:28:32 2020    

[Print][Fri May 29 20:32:16 2020]: >> Cleaning players online status...    

[Print][Fri May 29 20:32:16 2020]: > Done in 0.04 seconds    

[Print][Fri May 29 20:32:16 2020]: >> Loading PvP Arenas...    

[Print][Fri May 29 20:32:16 2020]: > Done in 0.00 seconds    

[Print][Fri May 29 20:32:16 2020]: >> Loading Caught Highscores...    

[Print][Fri May 29 20:32:16 2020]: > Done in 0.09 seconds    

[Print][Fri May 29 20:32:16 2020]: >> Loading Tournament Highscores...    

[Print][Fri May 29 20:32:16 2020]: > Done in 0.00 seconds    

[Print][Fri May 29 20:32:16 2020]: >> Loading Berry Trees...    

[Print][Fri May 29 20:32:16 2020]: > Done in 0.03 seconds    

[Print][Fri May 29 20:32:16 2020]: >> Cleaning Mastery Dungeons...    

[Print][Fri May 29 20:32:16 2020]: > Done in 0.00 seconds    

[Print][Fri May 29 20:32:16 2020]: >> Loading Bosses...    

[Print][Fri May 29 20:32:16 2020]: >> Scheduled Boss Spawn: Mad Mum in 3 days, 7 hours, 8 minutes and 2 seconds    

[Print][Fri May 29 20:32:16 2020]: > Done in 0.00 seconds    

[Print][Fri May 29 20:32:16 2020]: >> Loading Highscores...    

[Print][Fri May 29 20:32:16 2020]: > Done in 0.02 seconds    

[Print][Fri May 29 20:32:16 2020]: >> Loading Ball Pillars...    

[Print][Fri May 29 20:32:16 2020]: > Done in 0.01 seconds    

[Print][Fri May 29 20:32:16 2020]: >> Loading Citizens...    

[Print][Fri May 29 20:32:16 2020]: > Done in 0.08 seconds    

[Print][Fri May 29 20:32:16 2020]: >> Loading SupriseBox...    

[Print][Fri May 29 20:32:16 2020]: > Done in 0.03 seconds    

[Print][Fri May 29 20:32:16 2020]: >> Loading Ranks...    

[Print][Fri May 29 20:32:16 2020]: > Done in 0.00 seconds    

[Print][Fri May 29 20:32:16 2020]: >> All done on Fri May 29 20:32:16 2020    

[Print][Fri May 29 20:33:56 2020]: >> Cleaning players online status...    

[Print][Fri May 29 20:33:56 2020]: > Done in 0.03 seconds    

[Print][Fri May 29 20:33:56 2020]: >> Loading PvP Arenas...    

[Print][Fri May 29 20:33:56 2020]: > Done in 0.00 seconds    

[Print][Fri May 29 20:33:56 2020]: >> Loading Caught Highscores...    

[Print][Fri May 29 20:33:56 2020]: > Done in 0.07 seconds    

[Print][Fri May 29 20:33:56 2020]: >> Loading Tournament Highscores...    

[Print][Fri May 29 20:33:56 2020]: > Done in 0.00 seconds    

[Print][Fri May 29 20:33:56 2020]: >> Loading Berry Trees...    

[Print][Fri May 29 20:33:56 2020]: > Done in 0.00 seconds    

[Print][Fri May 29 20:33:56 2020]: >> Cleaning Mastery Dungeons...    

[Print][Fri May 29 20:33:56 2020]: > Done in 0.00 seconds    

[Print][Fri May 29 20:33:56 2020]: >> Loading Bosses...    

[Print][Fri May 29 20:33:56 2020]: >> Scheduled Boss Spawn: Mad Mum in 3 days, 12 hours, 57 minutes and 12 seconds    

[Print][Fri May 29 20:33:56 2020]: > Done in 0.00 seconds    

[Print][Fri May 29 20:33:56 2020]: >> Loading Highscores...    

[Print][Fri May 29 20:33:56 2020]: > Done in 0.00 seconds    

[Print][Fri May 29 20:33:56 2020]: >> Loading Ball Pillars...    

[Print][Fri May 29 20:33:56 2020]: > Done in 0.00 seconds    

[Print][Fri May 29 20:33:56 2020]: >> Loading Citizens...    

[Print][Fri May 29 20:33:56 2020]: > Done in 0.07 seconds    

[Print][Fri May 29 20:33:56 2020]: >> Loading SupriseBox...    

[Print][Fri May 29 20:33:56 2020]: > Done in 0.02 seconds    

[Print][Fri May 29 20:33:56 2020]: >> Loading Ranks...    

[Print][Fri May 29 20:33:56 2020]: > Done in 0.00 seconds    

[Print][Fri May 29 20:33:56 2020]: >> All done on Fri May 29 20:33:56 2020    

[Print][Fri May 29 20:36:31 2020]: >> Cleaning players online status...    

[Print][Fri May 29 20:36:31 2020]: > Done in 0.05 seconds    

[Print][Fri May 29 20:36:31 2020]: >> Loading PvP Arenas...    

[Print][Fri May 29 20:36:31 2020]: > Done in 0.00 seconds    

[Print][Fri May 29 20:36:31 2020]: >> Loading Caught Highscores...    

[Print][Fri May 29 20:36:31 2020]: > Done in 0.10 seconds    

[Print][Fri May 29 20:36:31 2020]: >> Loading Tournament Highscores...    

[Print][Fri May 29 20:36:31 2020]: > Done in 0.00 seconds    

[Print][Fri May 29 20:36:31 2020]: >> Loading Berry Trees...    

[Print][Fri May 29 20:36:31 2020]: > Done in 0.00 seconds    

[Print][Fri May 29 20:36:31 2020]: >> Cleaning Mastery Dungeons...    

[Print][Fri May 29 20:36:31 2020]: > Done in 0.00 seconds    

[Print][Fri May 29 20:36:31 2020]: >> Loading Bosses...    

[Print][Fri May 29 20:36:31 2020]: >> Scheduled Boss Spawn: Grisly Mind in 3 days, 12 hours, 35 minutes and 29 seconds    

[Print][Fri May 29 20:36:31 2020]: > Done in 0.00 seconds    

[Print][Fri May 29 20:36:31 2020]: >> Loading Highscores...    

[Print][Fri May 29 20:36:31 2020]: > Done in 0.00 seconds    

[Print][Fri May 29 20:36:31 2020]: >> Loading Ball Pillars...    

[Print][Fri May 29 20:36:31 2020]: > Done in 0.00 seconds    

[Print][Fri May 29 20:36:31 2020]: >> Loading Citizens...    

[Print][Fri May 29 20:36:31 2020]: > Done in 0.08 seconds    

[Print][Fri May 29 20:36:31 2020]: >> Loading SupriseBox...    

[Print][Fri May 29 20:36:31 2020]: > Done in 0.02 seconds    

[Print][Fri May 29 20:36:31 2020]: >> Loading Ranks...    

[Print][Fri May 29 20:36:31 2020]: > Done in 0.00 seconds    

[Print][Fri May 29 20:36:31 2020]: >> All done on Fri May 29 20:36:31 2020    

[Print][Fri May 29 20:48:11 2020]: >> Cleaning players online status...    

[Print][Fri May 29 20:48:11 2020]: > Done in 0.03 seconds    

[Print][Fri May 29 20:48:11 2020]: >> Loading PvP Arenas...    

[Print][Fri May 29 20:48:11 2020]: > Done in 0.00 seconds    

[Print][Fri May 29 20:48:11 2020]: >> Loading Caught Highscores...    

[Print][Fri May 29 20:48:11 2020]: > Done in 0.07 seconds    

[Print][Fri May 29 20:48:11 2020]: >> Loading Tournament Highscores...    

[Print][Fri May 29 20:48:11 2020]: > Done in 0.00 seconds    

[Print][Fri May 29 20:48:11 2020]: >> Loading Berry Trees...    

[Print][Fri May 29 20:48:11 2020]: > Done in 0.02 seconds    

[Print][Fri May 29 20:48:11 2020]: >> Cleaning Mastery Dungeons...    

[Print][Fri May 29 20:48:11 2020]: > Done in 0.00 seconds    

[Print][Fri May 29 20:48:11 2020]: >> Loading Bosses...    

[Print][Fri May 29 20:48:11 2020]: >> Scheduled Boss Spawn: Charles Spencer in 3 days, 12 hours, 28 minutes and 41 seconds    

[Print][Fri May 29 20:48:11 2020]: > Done in 0.00 seconds    

[Print][Fri May 29 20:48:11 2020]: >> Loading Highscores...    

[Print][Fri May 29 20:48:11 2020]: > Done in 0.02 seconds    

[Print][Fri May 29 20:48:11 2020]: >> Loading Ball Pillars...    

[Print][Fri May 29 20:48:12 2020]: > Done in 0.01 seconds    

[Print][Fri May 29 20:48:12 2020]: >> Loading Citizens...    

[Print][Fri May 29 20:48:12 2020]: > Done in 0.06 seconds    

[Print][Fri May 29 20:48:12 2020]: >> Loading SupriseBox...    

[Print][Fri May 29 20:48:12 2020]: > Done in 0.03 seconds    

[Print][Fri May 29 20:48:12 2020]: >> Loading Ranks...    

[Print][Fri May 29 20:48:12 2020]: > Done in 0.00 seconds    

[Print][Fri May 29 20:48:12 2020]: >> All done on Fri May 29 20:48:12 2020    

[Print][Fri May 29 20:50:06 2020]: >> Cleaning players online status...    

[Print][Fri May 29 20:50:06 2020]: > Done in 0.03 seconds    

[Print][Fri May 29 20:50:06 2020]: >> Loading PvP Arenas...    

[Print][Fri May 29 20:50:06 2020]: > Done in 0.00 seconds    

[Print][Fri May 29 20:50:06 2020]: >> Loading Caught Highscores...    

[Print][Fri May 29 20:50:06 2020]: > Done in 0.06 seconds    

[Print][Fri May 29 20:50:06 2020]: >> Loading Tournament Highscores...    

[Print][Fri May 29 20:50:06 2020]: > Done in 0.00 seconds    

[Print][Fri May 29 20:50:06 2020]: >> Loading Berry Trees...    

[Print][Fri May 29 20:50:06 2020]: > Done in 0.00 seconds    

[Print][Fri May 29 20:50:06 2020]: >> Cleaning Mastery Dungeons...    

[Print][Fri May 29 20:50:06 2020]: > Done in 0.00 seconds    

[Print][Fri May 29 20:50:06 2020]: >> Loading Bosses...    

[Print][Fri May 29 20:50:06 2020]: >> Scheduled Boss Spawn: Great Saul in 3 days, 15 hours, 46 minutes and 40 seconds    

[Print][Fri May 29 20:50:06 2020]: > Done in 0.00 seconds    

[Print][Fri May 29 20:50:06 2020]: >> Loading Highscores...    

[Print][Fri May 29 20:50:06 2020]: > Done in 0.00 seconds    

[Print][Fri May 29 20:50:06 2020]: >> Loading Ball Pillars...    

[Print][Fri May 29 20:50:06 2020]: > Done in 0.00 seconds    

[Print][Fri May 29 20:50:06 2020]: >> Loading Citizens...    

[Print][Fri May 29 20:50:06 2020]: > Done in 0.05 seconds    

[Print][Fri May 29 20:50:06 2020]: >> Loading SupriseBox...    

[Print][Fri May 29 20:50:06 2020]: > Done in 0.01 seconds    

[Print][Fri May 29 20:50:06 2020]: >> Loading Ranks...    

[Print][Fri May 29 20:50:06 2020]: > Done in 0.00 seconds    

[Print][Fri May 29 20:50:06 2020]: >> All done on Fri May 29 20:50:06 2020    

[Print][Fri May 29 23:00:22 2020]: >> Cleaning players online status...    

[Print][Fri May 29 23:00:22 2020]: > Done in 0.03 seconds    

[Print][Fri May 29 23:00:22 2020]: >> Loading PvP Arenas...    

[Print][Fri May 29 23:00:22 2020]: > Done in 0.00 seconds    

[Print][Fri May 29 23:00:22 2020]: >> Loading Caught Highscores...    

[Print][Fri May 29 23:00:22 2020]: > Done in 0.05 seconds    

[Print][Fri May 29 23:00:22 2020]: >> Loading Tournament Highscores...    

[Print][Fri May 29 23:00:22 2020]: > Done in 0.00 seconds    

[Print][Fri May 29 23:00:22 2020]: >> Loading Berry Trees...    

[Print][Fri May 29 23:00:22 2020]: > Done in 0.01 seconds    

[Print][Fri May 29 23:00:22 2020]: >> Cleaning Mastery Dungeons...    

[Print][Fri May 29 23:00:22 2020]: > Done in 0.00 seconds    

[Print][Fri May 29 23:00:22 2020]: >> Loading Bosses...    

[Print][Fri May 29 23:00:22 2020]: >> Scheduled Boss Spawn: The Turbo in 3 days, 15 hours and 6 seconds    

[Print][Fri May 29 23:00:22 2020]: > Done in 0.00 seconds    

[Print][Fri May 29 23:00:22 2020]: >> Loading Highscores...    

[Print][Fri May 29 23:00:23 2020]: > Done in 0.02 seconds    

[Print][Fri May 29 23:00:23 2020]: >> Loading Ball Pillars...    

[Print][Fri May 29 23:00:23 2020]: > Done in 0.01 seconds    

[Print][Fri May 29 23:00:23 2020]: >> Loading Citizens...    

[Print][Fri May 29 23:00:23 2020]: > Done in 0.06 seconds    

[Print][Fri May 29 23:00:23 2020]: >> Loading SupriseBox...    

[Print][Fri May 29 23:00:23 2020]: > Done in 0.01 seconds    

[Print][Fri May 29 23:00:23 2020]: >> Loading Ranks...    

[Print][Fri May 29 23:00:23 2020]: > Done in 0.00 seconds    

[Print][Fri May 29 23:00:23 2020]: >> All done on Fri May 29 23:00:23 2020    

[Print][Fri May 29 23:07:25 2020]: >> Cleaning players online status...    

[Print][Fri May 29 23:07:25 2020]: > Done in 0.05 seconds    

[Print][Fri May 29 23:07:25 2020]: >> Loading PvP Arenas...    

[Print][Fri May 29 23:07:25 2020]: > Done in 0.00 seconds    

[Print][Fri May 29 23:07:25 2020]: >> Loading Caught Highscores...    

[Print][Fri May 29 23:07:25 2020]: > Done in 0.06 seconds    

[Print][Fri May 29 23:07:25 2020]: >> Loading Tournament Highscores...    

[Print][Fri May 29 23:07:25 2020]: > Done in 0.00 seconds    

[Print][Fri May 29 23:07:25 2020]: >> Loading Berry Trees...    

[Print][Fri May 29 23:07:25 2020]: > Done in 0.02 seconds    

[Print][Fri May 29 23:07:25 2020]: >> Cleaning Mastery Dungeons...    

[Print][Fri May 29 23:07:25 2020]: > Done in 0.00 seconds    

[Print][Fri May 29 23:07:25 2020]: >> Loading Bosses...    

[Print][Fri May 29 23:07:25 2020]: >> Scheduled Boss Spawn: The A. Mesmer in 3 days, 8 hours, 9 minutes and 18 seconds    

[Print][Fri May 29 23:07:25 2020]: > Done in 0.00 seconds    

[Print][Fri May 29 23:07:25 2020]: >> Loading Highscores...    

[Print][Fri May 29 23:07:25 2020]: > Done in 0.01 seconds    

[Print][Fri May 29 23:07:25 2020]: >> Loading Ball Pillars...    

[Print][Fri May 29 23:07:25 2020]: > Done in 0.01 seconds    

[Print][Fri May 29 23:07:25 2020]: >> Loading Citizens...    

[Print][Fri May 29 23:07:25 2020]: > Done in 0.05 seconds    

[Print][Fri May 29 23:07:25 2020]: >> Loading SupriseBox...    

[Print][Fri May 29 23:07:25 2020]: > Done in 0.01 seconds    

[Print][Fri May 29 23:07:25 2020]: >> Loading Ranks...    

[Print][Fri May 29 23:07:25 2020]: > Done in 0.00 seconds    

[Print][Fri May 29 23:07:25 2020]: >> All done on Fri May 29 23:07:25 2020    

[Print][Fri May 29 23:27:03 2020]: >> Cleaning players online status...    

[Print][Fri May 29 23:27:03 2020]: > Done in 0.01 seconds    

[Print][Fri May 29 23:27:03 2020]: >> Loading PvP Arenas...    

[Print][Fri May 29 23:27:03 2020]: > Done in 0.01 seconds    

[Print][Fri May 29 23:27:03 2020]: >> Loading Caught Highscores...    

[Print][Fri May 29 23:27:04 2020]: > Done in 0.74 seconds    

[Print][Fri May 29 23:27:04 2020]: >> Loading Tournament Highscores...    

[Print][Fri May 29 23:27:04 2020]: > Done in 0.00 seconds    

[Print][Fri May 29 23:27:04 2020]: >> Loading Berry Trees...    

[Print][Fri May 29 23:27:04 2020]: > Done in 0.01 seconds    

[Print][Fri May 29 23:27:04 2020]: >> Cleaning Mastery Dungeons...    

[Print][Fri May 29 23:27:04 2020]: > Done in 0.00 seconds    

[Print][Fri May 29 23:27:04 2020]: >> Loading Bosses...    

[Print][Fri May 29 23:27:04 2020]: >> Scheduled Boss Spawn: Cesar, The Simian in 3 days, 7 hours, 7 minutes and 37 seconds    

[Print][Fri May 29 23:27:04 2020]: > Done in 0.01 seconds    

[Print][Fri May 29 23:27:04 2020]: >> Loading Highscores...    

[Print][Fri May 29 23:27:04 2020]: > Done in 0.01 seconds    

[Print][Fri May 29 23:27:05 2020]: >> Loading Ball Pillars...    

[Print][Fri May 29 23:27:05 2020]: > Done in 0.13 seconds    

[Print][Fri May 29 23:27:05 2020]: >> Loading Citizens...    

[Print][Fri May 29 23:27:06 2020]: > Done in 1.22 seconds    

[Print][Fri May 29 23:27:06 2020]: >> Loading SupriseBox...    

[Print][Fri May 29 23:27:07 2020]: > Done in 0.28 seconds    

[Print][Fri May 29 23:27:07 2020]: >> Loading Ranks...    

[Print][Fri May 29 23:27:07 2020]: > Done in 0.01 seconds    

[Print][Fri May 29 23:27:07 2020]: >> All done on Fri May 29 23:27:07 2020    

[Print][Fri May 29 23:41:45 2020]: >> Cleaning players online status...    

[Print][Fri May 29 23:41:45 2020]: > Done in 0.01 seconds    

[Print][Fri May 29 23:41:45 2020]: >> Loading PvP Arenas...    

[Print][Fri May 29 23:41:46 2020]: > Done in 0.00 seconds    

[Print][Fri May 29 23:41:46 2020]: >> Loading Caught Highscores...    

[Print][Fri May 29 23:41:46 2020]: > Done in 0.38 seconds    

[Print][Fri May 29 23:41:46 2020]: >> Loading Tournament Highscores...    

[Print][Fri May 29 23:41:46 2020]: > Done in 0.00 seconds    

[Print][Fri May 29 23:41:46 2020]: >> Loading Berry Trees...    

[Print][Fri May 29 23:41:46 2020]: > Done in 0.02 seconds    

[Print][Fri May 29 23:41:46 2020]: >> Cleaning Mastery Dungeons...    

[Print][Fri May 29 23:41:46 2020]: > Done in 0.00 seconds    

[Print][Fri May 29 23:41:46 2020]: >> Loading Bosses...    

[Print][Fri May 29 23:41:46 2020]: >> Scheduled Boss Spawn: Cesar, The Simian in 3 days, 6 hours, 55 minutes and 24 seconds    

[Print][Fri May 29 23:41:47 2020]: > Done in 0.21 seconds    

[Print][Fri May 29 23:41:47 2020]: >> Loading Highscores...    

[Print][Fri May 29 23:41:47 2020]: > Done in 0.03 seconds    

[Print][Fri May 29 23:41:47 2020]: >> Loading Ball Pillars...    

[Print][Fri May 29 23:41:47 2020]: > Done in 0.02 seconds    

[Print][Fri May 29 23:41:47 2020]: >> Loading Citizens...    

[Print][Fri May 29 23:41:49 2020]: > Done in 1.53 seconds    

[Print][Fri May 29 23:41:49 2020]: >> Loading SupriseBox...    

[Print][Fri May 29 23:41:49 2020]: > Done in 0.03 seconds    

[Print][Fri May 29 23:41:49 2020]: >> Loading Ranks...    

[Print][Fri May 29 23:41:49 2020]: > Done in 0.00 seconds    

[Print][Fri May 29 23:41:49 2020]: >> All done on Fri May 29 23:41:49 2020    

[Print][Fri May 29 23:56:15 2020]: >> Cleaning players online status...    

[Print][Fri May 29 23:56:15 2020]: > Done in 0.00 seconds    

[Print][Fri May 29 23:56:15 2020]: >> Loading PvP Arenas...    

[Print][Fri May 29 23:56:15 2020]: > Done in 0.00 seconds    

[Print][Fri May 29 23:56:15 2020]: >> Loading Caught Highscores...    

[Print][Fri May 29 23:56:15 2020]: > Done in 0.13 seconds    

[Print][Fri May 29 23:56:15 2020]: >> Loading Tournament Highscores...    

[Print][Fri May 29 23:56:15 2020]: > Done in 0.00 seconds    

[Print][Fri May 29 23:56:15 2020]: >> Loading Berry Trees...    

[Print][Fri May 29 23:56:15 2020]: > Done in 0.00 seconds    

[Print][Fri May 29 23:56:15 2020]: >> Cleaning Mastery Dungeons...    

[Print][Fri May 29 23:56:15 2020]: > Done in 0.00 seconds    

[Print][Fri May 29 23:56:15 2020]: >> Loading Bosses...    

[Print][Fri May 29 23:56:15 2020]: >> Scheduled Boss Spawn: Grisly Mind in 3 days, 13 hours, 30 minutes and 22 seconds    

[Print][Fri May 29 23:56:15 2020]: > Done in 0.02 seconds    

[Print][Fri May 29 23:56:15 2020]: >> Loading Highscores...    

[Print][Fri May 29 23:56:15 2020]: > Done in 0.00 seconds    

[Print][Fri May 29 23:56:15 2020]: >> Loading Ball Pillars...    

[Print][Fri May 29 23:56:16 2020]: > Done in 0.08 seconds    

[Print][Fri May 29 23:56:16 2020]: >> Loading Citizens...    

[Print][Fri May 29 23:56:16 2020]: > Done in 0.61 seconds    

[Print][Fri May 29 23:56:16 2020]: >> Loading SupriseBox...    

[Print][Fri May 29 23:56:16 2020]: > Done in 0.05 seconds    

[Print][Fri May 29 23:56:16 2020]: >> Loading Ranks...    

[Print][Fri May 29 23:56:16 2020]: > Done in 0.00 seconds    

[Print][Fri May 29 23:56:16 2020]: >> All done on Fri May 29 23:56:16 2020    

