[Print][Fri Jan 22 16:51:55 2021]: >> Cleaning players online status...    

[Print][Fri Jan 22 16:51:55 2021]: > Done in 0.00 seconds    

[Print][Fri Jan 22 16:51:55 2021]: >> Loading PvP Arenas...    

[Print][Fri Jan 22 16:51:55 2021]: > Done in 0.00 seconds    

[Print][Fri Jan 22 16:51:55 2021]: >> Loading Caught Highscores...    

[Print][Fri Jan 22 16:51:55 2021]: > Done in 0.00 seconds    

[Print][Fri Jan 22 16:51:55 2021]: >> Loading Tournament Highscores...    

[Print][Fri Jan 22 16:51:55 2021]: > Done in 0.00 seconds    

[Print][Fri Jan 22 16:51:55 2021]: >> Loading Berry Trees...    

[Print][Fri Jan 22 16:51:55 2021]: > Done in 0.00 seconds    

[Print][Fri Jan 22 16:51:55 2021]: >> Cleaning Mastery Dungeons...    

[Print][Fri Jan 22 16:51:55 2021]: > Done in 0.00 seconds    

[Print][Fri Jan 22 16:51:55 2021]: >> Loading Bosses...    

[Print][Fri Jan 22 16:51:55 2021]: >> Scheduled Boss Spawn: Pink Fury in 1 day, 2 hours, 25 minutes and 32 seconds    

[Print][Fri Jan 22 16:51:55 2021]: > Done in 0.00 seconds    

[Print][Fri Jan 22 16:51:55 2021]: >> Loading Highscores...    

[Print][Fri Jan 22 16:51:55 2021]: > Done in 0.00 seconds    

[Print][Fri Jan 22 16:51:55 2021]: >> Loading Ball Pillars...    

[Print][Fri Jan 22 16:51:55 2021]: > Done in 0.00 seconds    

[Print][Fri Jan 22 16:51:55 2021]: >> Loading Citizens...    

[Print][Fri Jan 22 16:51:55 2021]: > Done in 0.05 seconds    

[Print][Fri Jan 22 16:51:55 2021]: >> Loading SupriseBox...    

[Print][Fri Jan 22 16:51:55 2021]: > Done in 0.02 seconds    

[Print][Fri Jan 22 16:51:55 2021]: >> Loading Ranks...    

[Print][Fri Jan 22 16:51:55 2021]: > Done in 0.00 seconds    

[Print][Fri Jan 22 16:51:55 2021]: >> All done on Fri Jan 22 16:51:55 2021    

[Print][Fri Jan 22 16:53:54 2021]: >> Cleaning players online status...    

[Print][Fri Jan 22 16:53:54 2021]: > Done in 0.00 seconds    

[Print][Fri Jan 22 16:53:54 2021]: >> Loading PvP Arenas...    

[Print][Fri Jan 22 16:53:54 2021]: > Done in 0.00 seconds    

[Print][Fri Jan 22 16:53:54 2021]: >> Loading Caught Highscores...    

[Print][Fri Jan 22 16:53:54 2021]: > Done in 0.00 seconds    

[Print][Fri Jan 22 16:53:54 2021]: >> Loading Tournament Highscores...    

[Print][Fri Jan 22 16:53:54 2021]: > Done in 0.00 seconds    

[Print][Fri Jan 22 16:53:54 2021]: >> Loading Berry Trees...    

[Print][Fri Jan 22 16:53:54 2021]: > Done in 0.00 seconds    

[Print][Fri Jan 22 16:53:54 2021]: >> Cleaning Mastery Dungeons...    

[Print][Fri Jan 22 16:53:54 2021]: > Done in 0.00 seconds    

[Print][Fri Jan 22 16:53:54 2021]: >> Loading Bosses...    

[Print][Fri Jan 22 16:53:54 2021]: >> Scheduled Boss Spawn: Cesar, The Simian in 19 hours, 57 minutes and 47 seconds    

[Print][Fri Jan 22 16:53:54 2021]: > Done in 0.00 seconds    

[Print][Fri Jan 22 16:53:54 2021]: >> Loading Highscores...    

[Print][Fri Jan 22 16:53:54 2021]: > Done in 0.00 seconds    

[Print][Fri Jan 22 16:53:54 2021]: >> Loading Ball Pillars...    

[Print][Fri Jan 22 16:53:54 2021]: > Done in 0.00 seconds    

[Print][Fri Jan 22 16:53:54 2021]: >> Loading Citizens...    

[Print][Fri Jan 22 16:55:22 2021]: >> Cleaning players online status...    

[Print][Fri Jan 22 16:55:22 2021]: > Done in 0.00 seconds    

[Print][Fri Jan 22 16:55:22 2021]: >> Loading PvP Arenas...    

[Print][Fri Jan 22 16:55:22 2021]: > Done in 0.00 seconds    

[Print][Fri Jan 22 16:55:22 2021]: >> Loading Caught Highscores...    

[Print][Fri Jan 22 16:55:22 2021]: > Done in 0.00 seconds    

[Print][Fri Jan 22 16:55:22 2021]: >> Loading Tournament Highscores...    

[Print][Fri Jan 22 16:55:22 2021]: > Done in 0.00 seconds    

[Print][Fri Jan 22 16:55:22 2021]: >> Loading Berry Trees...    

[Print][Fri Jan 22 16:55:22 2021]: > Done in 0.00 seconds    

[Print][Fri Jan 22 16:55:22 2021]: >> Cleaning Mastery Dungeons...    

[Print][Fri Jan 22 16:55:22 2021]: > Done in 0.00 seconds    

[Print][Fri Jan 22 16:55:22 2021]: >> Loading Bosses...    

[Print][Fri Jan 22 16:55:22 2021]: >> Scheduled Boss Spawn: Sweet Lover in 22 hours, 48 minutes and 38 seconds    

[Print][Fri Jan 22 16:55:22 2021]: > Done in 0.00 seconds    

[Print][Fri Jan 22 16:55:22 2021]: >> Loading Highscores...    

[Print][Fri Jan 22 16:55:22 2021]: > Done in 0.00 seconds    

[Print][Fri Jan 22 16:55:22 2021]: >> Loading Ball Pillars...    

[Print][Fri Jan 22 16:55:22 2021]: > Done in 0.00 seconds    

[Print][Fri Jan 22 16:55:22 2021]: >> Loading Citizens...    

[Print][Fri Jan 22 16:55:22 2021]: > Done in 0.05 seconds    

[Print][Fri Jan 22 16:55:22 2021]: >> Loading SupriseBox...    

[Print][Fri Jan 22 16:55:22 2021]: > Done in 0.01 seconds    

[Print][Fri Jan 22 16:55:22 2021]: >> Loading Ranks...    

[Print][Fri Jan 22 16:55:22 2021]: > Done in 0.00 seconds    

[Print][Fri Jan 22 16:55:22 2021]: >> All done on Fri Jan 22 16:55:22 2021    

