[Print][Tue Jan 19 10:32:10 2021]: >> Cleaning players online status...    

[Print][Tue Jan 19 10:32:11 2021]: > Done in 0.20 seconds    

[Print][Tue Jan 19 10:32:11 2021]: >> Loading PvP Arenas...    

[Print][Tue Jan 19 10:32:11 2021]: > Done in 0.00 seconds    

[Print][Tue Jan 19 10:32:11 2021]: >> Loading Caught Highscores...    

[Print][Tue Jan 19 10:32:11 2021]: > Done in 0.01 seconds    

[Print][Tue Jan 19 10:32:11 2021]: >> Loading Tournament Highscores...    

[Print][Tue Jan 19 10:32:11 2021]: > Done in 0.00 seconds    

[Print][Tue Jan 19 10:32:11 2021]: >> Loading Berry Trees...    

[Print][Tue Jan 19 10:32:11 2021]: > Done in 0.02 seconds    

[Print][Tue Jan 19 10:32:11 2021]: >> Cleaning Mastery Dungeons...    

[Print][Tue Jan 19 10:32:11 2021]: > Done in 0.00 seconds    

[Print][Tue Jan 19 10:32:11 2021]: >> Loading Bosses...    

[Print][Tue Jan 19 10:32:11 2021]: >> Scheduled Boss Spawn: Charles Spencer in 3 days, 9 hours, 30 minutes and 53 seconds    

[Print][Tue Jan 19 10:32:11 2021]: > Done in 0.00 seconds    

[Print][Tue Jan 19 10:32:11 2021]: >> Loading Highscores...    

[Print][Tue Jan 19 10:32:11 2021]: > Done in 0.00 seconds    

[Print][Tue Jan 19 10:32:11 2021]: >> Loading Ball Pillars...    

[Print][Tue Jan 19 10:32:11 2021]: > Done in 0.02 seconds    

[Print][Tue Jan 19 10:32:11 2021]: >> Loading Citizens...    

[Print][Tue Jan 19 10:32:11 2021]: > Done in 0.06 seconds    

[Print][Tue Jan 19 10:32:11 2021]: >> Loading SupriseBox...    

[Print][Tue Jan 19 10:32:11 2021]: > Done in 0.01 seconds    

[Print][Tue Jan 19 10:32:11 2021]: >> Loading Ranks...    

[Print][Tue Jan 19 10:32:11 2021]: > Done in 0.00 seconds    

[Print][Tue Jan 19 10:32:11 2021]: >> All done on Tue Jan 19 10:32:11 2021    

[Print][Tue Jan 19 14:01:07 2021]: >> Cleaning players online status...    

[Print][Tue Jan 19 14:01:07 2021]: > Done in 0.00 seconds    

[Print][Tue Jan 19 14:01:07 2021]: >> Loading PvP Arenas...    

[Print][Tue Jan 19 14:01:07 2021]: > Done in 0.00 seconds    

[Print][Tue Jan 19 14:01:07 2021]: >> Loading Caught Highscores...    

[Print][Tue Jan 19 14:01:07 2021]: > Done in 0.00 seconds    

[Print][Tue Jan 19 14:01:07 2021]: >> Loading Tournament Highscores...    

[Print][Tue Jan 19 14:01:07 2021]: > Done in 0.00 seconds    

[Print][Tue Jan 19 14:01:07 2021]: >> Loading Berry Trees...    

[Print][Tue Jan 19 14:01:07 2021]: > Done in 0.00 seconds    

[Print][Tue Jan 19 14:01:07 2021]: >> Cleaning Mastery Dungeons...    

[Print][Tue Jan 19 14:01:07 2021]: > Done in 0.00 seconds    

[Print][Tue Jan 19 14:01:07 2021]: >> Loading Bosses...    

[Print][Tue Jan 19 14:01:07 2021]: >> Scheduled Boss Spawn: The Turbo in 3 days, 10 hours, 36 minutes and 49 seconds    

[Print][Tue Jan 19 14:01:07 2021]: > Done in 0.00 seconds    

[Print][Tue Jan 19 14:01:07 2021]: >> Loading Highscores...    

[Print][Tue Jan 19 14:01:07 2021]: > Done in 0.00 seconds    

[Print][Tue Jan 19 14:01:07 2021]: >> Loading Ball Pillars...    

[Print][Tue Jan 19 14:01:07 2021]: > Done in 0.00 seconds    

[Print][Tue Jan 19 14:01:07 2021]: >> Loading Citizens...    

[Print][Tue Jan 19 14:01:07 2021]: > Done in 0.05 seconds    

[Print][Tue Jan 19 14:01:07 2021]: >> Loading SupriseBox...    

[Print][Tue Jan 19 14:01:07 2021]: > Done in 0.02 seconds    

[Print][Tue Jan 19 14:01:07 2021]: >> Loading Ranks...    

[Print][Tue Jan 19 14:01:07 2021]: > Done in 0.00 seconds    

[Print][Tue Jan 19 14:01:07 2021]: >> All done on Tue Jan 19 14:01:07 2021    

[Print][Tue Jan 19 17:07:09 2021]: >> Cleaning players online status...    

[Print][Tue Jan 19 17:07:09 2021]: > Done in 0.01 seconds    

[Print][Tue Jan 19 17:07:09 2021]: >> Loading PvP Arenas...    

[Print][Tue Jan 19 17:07:09 2021]: > Done in 0.00 seconds    

[Print][Tue Jan 19 17:07:09 2021]: >> Loading Caught Highscores...    

[Print][Tue Jan 19 17:07:09 2021]: > Done in 0.00 seconds    

[Print][Tue Jan 19 17:07:09 2021]: >> Loading Tournament Highscores...    

[Print][Tue Jan 19 17:07:09 2021]: > Done in 0.00 seconds    

[Print][Tue Jan 19 17:07:09 2021]: >> Loading Berry Trees...    

[Print][Tue Jan 19 17:07:09 2021]: > Done in 0.00 seconds    

[Print][Tue Jan 19 17:07:09 2021]: >> Cleaning Mastery Dungeons...    

[Print][Tue Jan 19 17:07:09 2021]: > Done in 0.00 seconds    

[Print][Tue Jan 19 17:07:09 2021]: >> Loading Bosses...    

[Print][Tue Jan 19 17:07:09 2021]: >> Scheduled Boss Spawn: Kirby in 3 days, 13 hours, 47 minutes and 21 seconds    

[Print][Tue Jan 19 17:07:09 2021]: > Done in 0.00 seconds    

[Print][Tue Jan 19 17:07:09 2021]: >> Loading Highscores...    

[Print][Tue Jan 19 17:07:09 2021]: > Done in 0.00 seconds    

[Print][Tue Jan 19 17:07:09 2021]: >> Loading Ball Pillars...    

[Print][Tue Jan 19 17:07:09 2021]: > Done in 0.00 seconds    

[Print][Tue Jan 19 17:07:09 2021]: >> Loading Citizens...    

[Print][Tue Jan 19 17:07:09 2021]: > Done in 0.05 seconds    

[Print][Tue Jan 19 17:07:09 2021]: >> Loading SupriseBox...    

[Print][Tue Jan 19 17:07:09 2021]: > Done in 0.01 seconds    

[Print][Tue Jan 19 17:07:09 2021]: >> Loading Ranks...    

[Print][Tue Jan 19 17:07:09 2021]: > Done in 0.00 seconds    

[Print][Tue Jan 19 17:07:09 2021]: >> All done on Tue Jan 19 17:07:09 2021    

[Print][Tue Jan 19 18:48:48 2021]: >> Cleaning players online status...    

[Print][Tue Jan 19 18:48:48 2021]: > Done in 0.00 seconds    

[Print][Tue Jan 19 18:48:48 2021]: >> Loading PvP Arenas...    

[Print][Tue Jan 19 18:48:48 2021]: > Done in 0.00 seconds    

[Print][Tue Jan 19 18:48:48 2021]: >> Loading Caught Highscores...    

[Print][Tue Jan 19 18:48:48 2021]: > Done in 0.00 seconds    

[Print][Tue Jan 19 18:48:48 2021]: >> Loading Tournament Highscores...    

[Print][Tue Jan 19 18:48:48 2021]: > Done in 0.00 seconds    

[Print][Tue Jan 19 18:48:48 2021]: >> Loading Berry Trees...    

[Print][Tue Jan 19 18:48:48 2021]: > Done in 0.00 seconds    

[Print][Tue Jan 19 18:48:48 2021]: >> Cleaning Mastery Dungeons...    

[Print][Tue Jan 19 18:48:48 2021]: > Done in 0.00 seconds    

[Print][Tue Jan 19 18:48:48 2021]: >> Loading Bosses...    

[Print][Tue Jan 19 18:48:48 2021]: >> Scheduled Boss Spawn: Pink Fury in 3 days, 13 hours, 48 minutes and 6 seconds    

[Print][Tue Jan 19 18:48:48 2021]: > Done in 0.00 seconds    

[Print][Tue Jan 19 18:48:48 2021]: >> Loading Highscores...    

[Print][Tue Jan 19 18:48:48 2021]: > Done in 0.00 seconds    

[Print][Tue Jan 19 18:48:48 2021]: >> Loading Ball Pillars...    

[Print][Tue Jan 19 18:48:48 2021]: > Done in 0.00 seconds    

[Print][Tue Jan 19 18:48:48 2021]: >> Loading Citizens...    

[Print][Tue Jan 19 18:48:48 2021]: > Done in 0.05 seconds    

[Print][Tue Jan 19 18:48:48 2021]: >> Loading SupriseBox...    

[Print][Tue Jan 19 18:48:48 2021]: > Done in 0.01 seconds    

[Print][Tue Jan 19 18:48:48 2021]: >> Loading Ranks...    

[Print][Tue Jan 19 18:48:48 2021]: > Done in 0.00 seconds    

[Print][Tue Jan 19 18:48:48 2021]: >> All done on Tue Jan 19 18:48:48 2021    

[Print][Tue Jan 19 19:58:42 2021]: >> Cleaning players online status...    

[Print][Tue Jan 19 19:58:43 2021]: > Done in 0.21 seconds    

[Print][Tue Jan 19 19:58:43 2021]: >> Loading PvP Arenas...    

[Print][Tue Jan 19 19:58:43 2021]: > Done in 0.00 seconds    

[Print][Tue Jan 19 19:58:43 2021]: >> Loading Caught Highscores...    

[Print][Tue Jan 19 19:58:43 2021]: > Done in 0.00 seconds    

[Print][Tue Jan 19 19:58:43 2021]: >> Loading Tournament Highscores...    

[Print][Tue Jan 19 19:58:43 2021]: > Done in 0.00 seconds    

[Print][Tue Jan 19 19:58:43 2021]: >> Loading Berry Trees...    

[Print][Tue Jan 19 19:58:43 2021]: > Done in 0.02 seconds    

[Print][Tue Jan 19 19:58:43 2021]: >> Cleaning Mastery Dungeons...    

[Print][Tue Jan 19 19:58:43 2021]: > Done in 0.00 seconds    

[Print][Tue Jan 19 19:58:43 2021]: >> Loading Bosses...    

[Print][Tue Jan 19 19:58:43 2021]: >> Scheduled Boss Spawn: Great Saul in 3 days, 9 hours, 2 minutes and 34 seconds    

[Print][Tue Jan 19 19:58:43 2021]: > Done in 0.00 seconds    

[Print][Tue Jan 19 19:58:43 2021]: >> Loading Highscores...    

[Print][Tue Jan 19 19:58:43 2021]: > Done in 0.00 seconds    

[Print][Tue Jan 19 19:58:43 2021]: >> Loading Ball Pillars...    

[Print][Tue Jan 19 19:58:43 2021]: > Done in 0.02 seconds    

[Print][Tue Jan 19 19:58:43 2021]: >> Loading Citizens...    

[Print][Tue Jan 19 19:58:43 2021]: > Done in 0.06 seconds    

[Print][Tue Jan 19 19:58:43 2021]: >> Loading SupriseBox...    

[Print][Tue Jan 19 19:58:43 2021]: > Done in 0.01 seconds    

[Print][Tue Jan 19 19:58:43 2021]: >> Loading Ranks...    

[Print][Tue Jan 19 19:58:43 2021]: > Done in 0.00 seconds    

[Print][Tue Jan 19 19:58:43 2021]: >> All done on Tue Jan 19 19:58:43 2021    

