[Print][Sun May 31 01:04:11 2020]: >> Cleaning players online status...    

[Print][Sun May 31 01:04:11 2020]: > Done in 0.00 seconds    

[Print][Sun May 31 01:04:11 2020]: >> Loading PvP Arenas...    

[Print][Sun May 31 01:04:11 2020]: > Done in 0.00 seconds    

[Print][Sun May 31 01:04:11 2020]: >> Loading Caught Highscores...    

[Print][Sun May 31 01:04:11 2020]: > Done in 0.00 seconds    

[Print][Sun May 31 01:04:11 2020]: >> Loading Tournament Highscores...    

[Print][Sun May 31 01:04:11 2020]: > Done in 0.00 seconds    

[Print][Sun May 31 01:04:11 2020]: >> Loading Berry Trees...    

[Print][Sun May 31 01:04:11 2020]: > Done in 0.00 seconds    

[Print][Sun May 31 01:04:11 2020]: >> Cleaning Mastery Dungeons...    

[Print][Sun May 31 01:04:11 2020]: > Done in 0.00 seconds    

[Print][Sun May 31 01:04:11 2020]: >> Loading Bosses...    

[Print][Sun May 31 01:04:11 2020]: >> Scheduled Boss Spawn: Kirby in 3 days, 6 hours, 27 minutes and 19 seconds    

[Print][Sun May 31 01:04:11 2020]: > Done in 0.02 seconds    

[Print][Sun May 31 01:04:11 2020]: >> Loading Highscores...    

[Print][Sun May 31 01:04:11 2020]: > Done in 0.00 seconds    

[Print][Sun May 31 01:04:11 2020]: >> Loading Ball Pillars...    

[Print][Sun May 31 01:04:11 2020]: > Done in 0.00 seconds    

[Print][Sun May 31 01:04:11 2020]: >> Loading Citizens...    

[Print][Sun May 31 01:04:12 2020]: > Done in 0.61 seconds    

[Print][Sun May 31 01:04:12 2020]: >> Loading SupriseBox...    

[Print][Sun May 31 01:04:12 2020]: > Done in 0.02 seconds    

[Print][Sun May 31 01:04:12 2020]: >> Loading Ranks...    

[Print][Sun May 31 01:04:12 2020]: > Done in 0.02 seconds    

[Print][Sun May 31 01:04:12 2020]: >> All done on Sun May 31 01:04:12 2020    

[Print][Sun May 31 08:21:57 2020]: >> Cleaning players online status...    

[Print][Sun May 31 08:21:57 2020]: > Done in 0.00 seconds    

[Print][Sun May 31 08:21:57 2020]: >> Loading PvP Arenas...    

[Print][Sun May 31 08:21:57 2020]: > Done in 0.00 seconds    

[Print][Sun May 31 08:21:57 2020]: >> Loading Caught Highscores...    

[Print][Sun May 31 08:21:57 2020]: > Done in 0.03 seconds    

[Print][Sun May 31 08:21:57 2020]: >> Loading Tournament Highscores...    

[Print][Sun May 31 08:21:57 2020]: > Done in 0.02 seconds    

[Print][Sun May 31 08:21:57 2020]: >> Loading Berry Trees...    

[Print][Sun May 31 08:21:57 2020]: > Done in 0.00 seconds    

[Print][Sun May 31 08:21:57 2020]: >> Cleaning Mastery Dungeons...    

[Print][Sun May 31 08:21:57 2020]: > Done in 0.00 seconds    

[Print][Sun May 31 08:21:57 2020]: >> Loading Bosses...    

[Print][Sun May 31 08:21:57 2020]: >> Scheduled Boss Spawn: Flesh'n Fire in 2 days, 23 hours, 58 minutes and 49 seconds    

[Print][Sun May 31 08:21:57 2020]: > Done in 0.00 seconds    

[Print][Sun May 31 08:21:57 2020]: >> Loading Highscores...    

[Print][Sun May 31 08:21:57 2020]: > Done in 0.02 seconds    

[Print][Sun May 31 08:21:57 2020]: >> Loading Ball Pillars...    

[Print][Sun May 31 08:21:57 2020]: > Done in 0.00 seconds    

[Print][Sun May 31 08:21:57 2020]: >> Loading Citizens...    

[Print][Sun May 31 08:21:58 2020]: > Done in 0.69 seconds    

[Print][Sun May 31 08:21:58 2020]: >> Loading SupriseBox...    

[Print][Sun May 31 08:21:58 2020]: > Done in 0.02 seconds    

[Print][Sun May 31 08:21:58 2020]: >> Loading Ranks...    

[Print][Sun May 31 08:21:58 2020]: > Done in 0.00 seconds    

[Print][Sun May 31 08:21:58 2020]: >> All done on Sun May 31 08:21:58 2020    

[Print][Sun May 31 12:40:36 2020]: >> Cleaning players online status...    

[Print][Sun May 31 12:40:36 2020]: > Done in 0.03 seconds    

[Print][Sun May 31 12:40:36 2020]: >> Loading PvP Arenas...    

[Print][Sun May 31 12:40:36 2020]: > Done in 0.00 seconds    

[Print][Sun May 31 12:40:36 2020]: >> Loading Caught Highscores...    

[Print][Sun May 31 12:40:36 2020]: > Done in 0.05 seconds    

[Print][Sun May 31 12:40:36 2020]: >> Loading Tournament Highscores...    

[Print][Sun May 31 12:40:36 2020]: > Done in 0.04 seconds    

[Print][Sun May 31 12:40:36 2020]: >> Loading Berry Trees...    

[Print][Sun May 31 12:40:36 2020]: > Done in 0.00 seconds    

[Print][Sun May 31 12:40:36 2020]: >> Cleaning Mastery Dungeons...    

[Print][Sun May 31 12:40:36 2020]: > Done in 0.00 seconds    

[Print][Sun May 31 12:40:36 2020]: >> Loading Bosses...    

[Print][Sun May 31 12:40:36 2020]: >> Scheduled Boss Spawn: The A. Mesmer in 2 days, 22 hours, 58 minutes and 10 seconds    

[Print][Sun May 31 12:40:36 2020]: > Done in 0.05 seconds    

[Print][Sun May 31 12:40:36 2020]: >> Loading Highscores...    

[Print][Sun May 31 12:40:36 2020]: > Done in 0.05 seconds    

[Print][Sun May 31 12:40:36 2020]: >> Loading Ball Pillars...    

[Print][Sun May 31 12:40:36 2020]: > Done in 0.02 seconds    

[Print][Sun May 31 12:40:36 2020]: >> Loading Citizens...    

[Print][Sun May 31 12:40:38 2020]: > Done in 1.26 seconds    

[Print][Sun May 31 12:40:38 2020]: >> Loading SupriseBox...    

[Print][Sun May 31 12:40:38 2020]: > Done in 0.08 seconds    

[Print][Sun May 31 12:40:38 2020]: >> Loading Ranks...    

[Print][Sun May 31 12:40:38 2020]: > Done in 0.02 seconds    

[Print][Sun May 31 12:40:38 2020]: >> All done on Sun May 31 12:40:38 2020    

[Print][Sun May 31 12:46:46 2020]: >> Cleaning players online status...    

[Print][Sun May 31 12:46:46 2020]: > Done in 0.02 seconds    

[Print][Sun May 31 12:46:46 2020]: >> Loading PvP Arenas...    

[Print][Sun May 31 12:46:46 2020]: > Done in 0.00 seconds    

[Print][Sun May 31 12:46:46 2020]: >> Loading Caught Highscores...    

[Print][Sun May 31 12:46:46 2020]: > Done in 0.02 seconds    

[Print][Sun May 31 12:46:46 2020]: >> Loading Tournament Highscores...    

[Print][Sun May 31 12:46:46 2020]: > Done in 0.03 seconds    

[Print][Sun May 31 12:46:46 2020]: >> Loading Berry Trees...    

[Print][Sun May 31 12:46:46 2020]: > Done in 0.00 seconds    

[Print][Sun May 31 12:46:46 2020]: >> Cleaning Mastery Dungeons...    

[Print][Sun May 31 12:46:46 2020]: > Done in 0.00 seconds    

[Print][Sun May 31 12:46:46 2020]: >> Loading Bosses...    

[Print][Sun May 31 12:46:46 2020]: >> Scheduled Boss Spawn: DoomBoy in 2 days, 19 hours, 49 minutes and 10 seconds    

[Print][Sun May 31 12:46:46 2020]: > Done in 0.05 seconds    

[Print][Sun May 31 12:46:46 2020]: >> Loading Highscores...    

[Print][Sun May 31 12:46:46 2020]: > Done in 0.04 seconds    

[Print][Sun May 31 12:46:46 2020]: >> Loading Ball Pillars...    

[Print][Sun May 31 12:46:46 2020]: > Done in 0.00 seconds    

[Print][Sun May 31 12:46:46 2020]: >> Loading Citizens...    

[Print][Sun May 31 12:46:48 2020]: > Done in 1.81 seconds    

[Print][Sun May 31 12:46:48 2020]: >> Loading SupriseBox...    

[Print][Sun May 31 12:46:48 2020]: > Done in 0.05 seconds    

[Print][Sun May 31 12:46:48 2020]: >> Loading Ranks...    

[Print][Sun May 31 12:46:48 2020]: > Done in 0.01 seconds    

[Print][Sun May 31 12:46:48 2020]: >> All done on Sun May 31 12:46:48 2020    

